<?xml version="1.0" encoding="UTF-8"?>
<testsuites name="jest tests" tests="12" failures="0" errors="0" time="9.763">
  <testsuite name="EssInfoErrorMessageComponent" errors="0" failures="0" skipped="0" timestamp="2023-08-31T17:11:01" time="8.697" tests="12">
    <testcase classname="EssInfoErrorMessageComponent should create" name="EssInfoErrorMessageComponent should create" time="0.064">
    </testcase>
    <testcase classname="EssInfoErrorMessageComponent ngOnInit should set inital error messages" name="EssInfoErrorMessageComponent ngOnInit should set inital error messages" time="0.008">
    </testcase>
    <testcase classname="EssInfoErrorMessageComponent ngOnDestroy should essInfoErrorMessagesubscription.unsubscribe" name="EssInfoErrorMessageComponent ngOnDestroy should essInfoErrorMessagesubscription.unsubscribe" time="0.008">
    </testcase>
    <testcase classname="EssInfoErrorMessageComponent showMessage should set correct mesages : true info , test info 1" name="EssInfoErrorMessageComponent showMessage should set correct mesages : true info , test info 1" time="0.051">
    </testcase>
    <testcase classname="EssInfoErrorMessageComponent showMessage should set correct mesages : true error , test error 1" name="EssInfoErrorMessageComponent showMessage should set correct mesages : true error , test error 1" time="0.019">
    </testcase>
    <testcase classname="EssInfoErrorMessageComponent showMessage should set correct mesages : true success , test success 1" name="EssInfoErrorMessageComponent showMessage should set correct mesages : true success , test success 1" time="0.017">
    </testcase>
    <testcase classname="EssInfoErrorMessageComponent showMessage should set correct mesages : true warning , test warning 1" name="EssInfoErrorMessageComponent showMessage should set correct mesages : true warning , test warning 1" time="0.021">
    </testcase>
    <testcase classname="EssInfoErrorMessageComponent showMessage should set correct mesages : true info , test info 2" name="EssInfoErrorMessageComponent showMessage should set correct mesages : true info , test info 2" time="0.019">
    </testcase>
    <testcase classname="EssInfoErrorMessageComponent showMessage should set correct mesages : true error , test error 3" name="EssInfoErrorMessageComponent showMessage should set correct mesages : true error , test error 3" time="0.02">
    </testcase>
    <testcase classname="EssInfoErrorMessageComponent showMessage should set correct mesages : true success , test success 4" name="EssInfoErrorMessageComponent showMessage should set correct mesages : true success , test success 4" time="0.016">
    </testcase>
    <testcase classname="EssInfoErrorMessageComponent showMessage should set correct mesages : true warning , test warning 5" name="EssInfoErrorMessageComponent showMessage should set correct mesages : true warning , test warning 5" time="0.015">
    </testcase>
    <testcase classname="EssInfoErrorMessageComponent showMessage should set correct mesages : false info , " name="EssInfoErrorMessageComponent showMessage should set correct mesages : false info , " time="0.007">
    </testcase>
  </testsuite>
</testsuites>