<?xml version="1.0" encoding="UTF-8"?>
<testsuites name="jest tests" tests="8" failures="0" errors="0" time="10.552">
  <testsuite name="AuthGuard" errors="0" failures="0" skipped="0" timestamp="2023-08-25T16:09:14" time="9.476" tests="8">
    <testcase classname="AuthGuard should be created" name="AuthGuard should be created" time="0.022">
    </testcase>
    <testcase classname="AuthGuard canActivate should return false and call router with [&quot;search&quot;] if account exists and url is /" name="AuthGuard canActivate should return false and call router with [&quot;search&quot;] if account exists and url is /" time="0.005">
    </testcase>
    <testcase classname="AuthGuard canActivate should return true if account exists and url is /search" name="AuthGuard canActivate should return true if account exists and url is /search" time="0.002">
    </testcase>
    <testcase classname="AuthGuard canActivate should return true if account exists and url is /enc-list" name="AuthGuard canActivate should return true if account exists and url is /enc-list" time="0.002">
    </testcase>
    <testcase classname="AuthGuard canActivate should return false if account exists and enc list is null and url is /enc-list" name="AuthGuard canActivate should return false if account exists and enc list is null and url is /enc-list" time="0.002">
    </testcase>
    <testcase classname="AuthGuard canActivate should return false and call router.navigation with [&quot;&quot;] if account is null and url is /search" name="AuthGuard canActivate should return false and call router.navigation with [&quot;&quot;] if account is null and url is /search" time="0.002">
    </testcase>
    <testcase classname="AuthGuard canActivate should return true if account is null and url is /" name="AuthGuard canActivate should return true if account is null and url is /" time="0.002">
    </testcase>
    <testcase classname="AuthGuard canActivate should return false if account is null and url is &quot;&quot;" name="AuthGuard canActivate should return false if account is null and url is &quot;&quot;" time="0.003">
    </testcase>
  </testsuite>
</testsuites>