<?xml version="1.0" encoding="UTF-8"?>
<testsuites name="jest tests" tests="32" failures="0" errors="0" time="5.986">
  <testsuite name="EssUploadFileComponent" errors="0" failures="0" skipped="0" timestamp="2023-08-07T07:51:23" time="4.908" tests="32">
    <testcase classname="EssUploadFileComponent should create" name="EssUploadFileComponent should create" time="0.195">
    </testcase>
    <testcase classname="EssUploadFileComponent showMessage should set correct mesages : info , test info 1" name="EssUploadFileComponent showMessage should set correct mesages : info , test info 1" time="0.089">
    </testcase>
    <testcase classname="EssUploadFileComponent showMessage should set correct mesages : error , test error 1" name="EssUploadFileComponent showMessage should set correct mesages : error , test error 1" time="0.067">
    </testcase>
    <testcase classname="EssUploadFileComponent showMessage should set correct mesages : success , test success 1" name="EssUploadFileComponent showMessage should set correct mesages : success , test success 1" time="0.064">
    </testcase>
    <testcase classname="EssUploadFileComponent showMessage should set correct mesages : warning , test warning 1" name="EssUploadFileComponent showMessage should set correct mesages : warning , test warning 1" time="0.06">
    </testcase>
    <testcase classname="EssUploadFileComponent showMessage should set correct mesages : info , test info 2" name="EssUploadFileComponent showMessage should set correct mesages : info , test info 2" time="0.06">
    </testcase>
    <testcase classname="EssUploadFileComponent showMessage should set correct mesages : error , test error 3" name="EssUploadFileComponent showMessage should set correct mesages : error , test error 3" time="0.06">
    </testcase>
    <testcase classname="EssUploadFileComponent showMessage should set correct mesages : success , test success 4" name="EssUploadFileComponent showMessage should set correct mesages : success , test success 4" time="0.056">
    </testcase>
    <testcase classname="EssUploadFileComponent showMessage should set correct mesages : warning , test warning 5" name="EssUploadFileComponent showMessage should set correct mesages : warning , test warning 5" time="0.06">
    </testcase>
    <testcase classname="EssUploadFileComponent processEncFile should set encList" name="EssUploadFileComponent processEncFile should set encList" time="0.069">
    </testcase>
    <testcase classname="EssUploadFileComponent processEncFile should set encList" name="EssUploadFileComponent processEncFile should set encList" time="0.06">
    </testcase>
    <testcase classname="EssUploadFileComponent processEncFile should set encList" name="EssUploadFileComponent processEncFile should set encList" time="0.061">
    </testcase>
    <testcase classname="EssUploadFileComponent processEncFile should set encList" name="EssUploadFileComponent processEncFile should set encList" time="0.051">
    </testcase>
    <testcase classname="EssUploadFileComponent processEncFile should set encList" name="EssUploadFileComponent processEncFile should set encList" time="0.057">
    </testcase>
    <testcase classname="EssUploadFileComponent processEncFile should set encList" name="EssUploadFileComponent processEncFile should set encList" time="0.055">
    </testcase>
    <testcase classname="EssUploadFileComponent processEncFile should set raise &quot;Some values have not been added to list.&quot; info" name="EssUploadFileComponent processEncFile should set raise &quot;Some values have not been added to list.&quot; info" time="0.05">
    </testcase>
    <testcase classname="EssUploadFileComponent processEncFile should set raise &quot;Some values have not been added to list.&quot; info" name="EssUploadFileComponent processEncFile should set raise &quot;Some values have not been added to list.&quot; info" time="0.047">
    </testcase>
    <testcase classname="EssUploadFileComponent processEncFile should set raise &quot;Some values have not been added to list.&quot; info" name="EssUploadFileComponent processEncFile should set raise &quot;Some values have not been added to list.&quot; info" time="0.051">
    </testcase>
    <testcase classname="EssUploadFileComponent processEncFile should set raise &quot;Please upload valid ENC file.&quot; error" name="EssUploadFileComponent processEncFile should set raise &quot;Please upload valid ENC file.&quot; error" time="0.047">
    </testcase>
    <testcase classname="EssUploadFileComponent processEncFile should set raise &quot;Please upload valid ENC file.&quot; error" name="EssUploadFileComponent processEncFile should set raise &quot;Please upload valid ENC file.&quot; error" time="0.051">
    </testcase>
    <testcase classname="EssUploadFileComponent processEncFile should set raise &quot;No valid ENCs found. info" name="EssUploadFileComponent processEncFile should set raise &quot;No valid ENCs found. info" time="0.045">
    </testcase>
    <testcase classname="EssUploadFileComponent processEncFile should set raise &quot;No valid ENCs found. info" name="EssUploadFileComponent processEncFile should set raise &quot;No valid ENCs found. info" time="0.047">
    </testcase>
    <testcase classname="EssUploadFileComponent processEncFile should set raise AIO is not available. info" name="EssUploadFileComponent processEncFile should set raise AIO is not available. info" time="0.078">
    </testcase>
    <testcase classname="EssUploadFileComponent processEncFile should set raise AIO is not available. info" name="EssUploadFileComponent processEncFile should set raise AIO is not available. info" time="0.052">
    </testcase>
    <testcase classname="EssUploadFileComponent onFileInputChange{ event.srcElement} should raise error for unsupported file type" name="EssUploadFileComponent onFileInputChange{ event.srcElement} should raise error for unsupported file type" time="0.048">
    </testcase>
    <testcase classname="EssUploadFileComponent onFileInputChange{ event.srcElement} should raise error if more than one file submitted" name="EssUploadFileComponent onFileInputChange{ event.srcElement} should raise error if more than one file submitted" time="0.048">
    </testcase>
    <testcase classname="EssUploadFileComponent infomessage is true when enc list count exceeds MaxEncLimit" name="EssUploadFileComponent infomessage is true when enc list count exceeds MaxEncLimit" time="0.049">
    </testcase>
    <testcase classname="EssUploadFileComponent infomessage is true when enc list count exceeds MaxEncLimit" name="EssUploadFileComponent infomessage is true when enc list count exceeds MaxEncLimit" time="0.046">
    </testcase>
    <testcase classname="EssUploadFileComponent infomessage should show message AIO is not available when AIO Enc is found in the ENC list" name="EssUploadFileComponent infomessage should show message AIO is not available when AIO Enc is found in the ENC list" time="0.048">
    </testcase>
    <testcase classname="EssUploadFileComponent infomessage should show message AIO is not available when AIO Enc is found in the ENC list" name="EssUploadFileComponent infomessage should show message AIO is not available when AIO Enc is found in the ENC list" time="0.045">
    </testcase>
    <testcase classname="EssUploadFileComponent should show the explaination text in ess upload file component with max enc limit from config" name="EssUploadFileComponent should show the explaination text in ess upload file component with max enc limit from config" time="0.046">
    </testcase>
    <testcase classname="EssUploadFileComponent should show the explaination text  in upload file component with max enc selection limit from config" name="EssUploadFileComponent should show the explaination text  in upload file component with max enc selection limit from config" time="0.057">
    </testcase>
  </testsuite>
</testsuites>