<?xml version="1.0" encoding="UTF-8"?>
<testsuites name="jest tests" tests="442" failures="59" errors="0" time="39.589">
  <testsuite name="EssUploadFileService" errors="0" failures="0" skipped="0" timestamp="2025-01-13T09:34:15" time="24.15" tests="32">
    <testcase classname="EssUploadFileService should be created" name="EssUploadFileService should be created" time="0.106">
    </testcase>
    <testcase classname="EssUploadFileService getEncFileData should return parsed json" name="EssUploadFileService getEncFileData should return parsed json" time="0.026">
    </testcase>
    <testcase classname="EssUploadFileService isValidEncFile should return true/false based on file type and file contents" name="EssUploadFileService isValidEncFile should return true/false based on file type and file contents" time="0.008">
    </testcase>
    <testcase classname="EssUploadFileService extractEncsFromFile should return enc&quot;s if :ENC and :ECS exist in file" name="EssUploadFileService extractEncsFromFile should return enc&quot;s if :ENC and :ECS exist in file" time="0.005">
    </testcase>
    <testcase classname="EssUploadFileService extractEncsFromFile should return enc&quot;s if :ENC and :ECS do not exist in file" name="EssUploadFileService extractEncsFromFile should return enc&quot;s if :ENC and :ECS do not exist in file" time="0.007">
    </testcase>
    <testcase classname="EssUploadFileService getValidEncs should return encs" name="EssUploadFileService getValidEncs should return encs" time="0.006">
    </testcase>
    <testcase classname="EssUploadFileService getValidEncs should return encs uploaded with different case" name="EssUploadFileService getValidEncs should return encs uploaded with different case" time="0.016">
    </testcase>
    <testcase classname="EssUploadFileService validateENCFormat should return enc if passed parameter is valid else returns null" name="EssUploadFileService validateENCFormat should return enc if passed parameter is valid else returns null" time="0.047">
    </testcase>
    <testcase classname="EssUploadFileService getEncFileData should return enc file data for csv file" name="EssUploadFileService getEncFileData should return enc file data for csv file" time="0.007">
    </testcase>
    <testcase classname="EssUploadFileService isValidEncFile should return true/false based on file type and file contents for csv File" name="EssUploadFileService isValidEncFile should return true/false based on file type and file contents for csv File" time="0.005">
    </testcase>
    <testcase classname="EssUploadFileService extractEncsFromFile should extract encs from file" name="EssUploadFileService extractEncsFromFile should extract encs from file" time="0.004">
    </testcase>
    <testcase classname="EssUploadFileService extractEncsFromFile should extract encs from file and also removes blank data" name="EssUploadFileService extractEncsFromFile should extract encs from file and also removes blank data" time="0.008">
    </testcase>
    <testcase classname="EssUploadFileService setValidENCs and getValidEncs should return valid encs" name="EssUploadFileService setValidENCs and getValidEncs should return valid encs" time="0.005">
    </testcase>
    <testcase classname="EssUploadFileService setValidENCs and getValidEncs should return valid encs when duplicate record found" name="EssUploadFileService setValidENCs and getValidEncs should return valid encs when duplicate record found" time="0.004">
    </testcase>
    <testcase classname="EssUploadFileService setValidENCs and getValidEncs should return valid encs as per configuration settings" name="EssUploadFileService setValidENCs and getValidEncs should return valid encs as per configuration settings" time="0.004">
    </testcase>
    <testcase classname="EssUploadFileService service.infoMessage should set true/false" name="EssUploadFileService service.infoMessage should set true/false" time="0.005">
    </testcase>
    <testcase classname="EssUploadFileService addSelectedEnc adds enc into selectedEncs" name="EssUploadFileService addSelectedEnc adds enc into selectedEncs" time="0.003">
    </testcase>
    <testcase classname="EssUploadFileService removeSelectedEncs removes enc from selectedEncs" name="EssUploadFileService removeSelectedEncs removes enc from selectedEncs" time="0.004">
    </testcase>
    <testcase classname="EssUploadFileService clearSelectedEncs clears enc from selectedEncs" name="EssUploadFileService clearSelectedEncs clears enc from selectedEncs" time="0.005">
    </testcase>
    <testcase classname="EssUploadFileService valid encs should always be less than MaxEncLimit" name="EssUploadFileService valid encs should always be less than MaxEncLimit" time="0.006">
    </testcase>
    <testcase classname="EssUploadFileService setValidSingleEnc should set single ENC in validEnc list" name="EssUploadFileService setValidSingleEnc should set single ENC in validEnc list" time="0.004">
    </testcase>
    <testcase classname="EssUploadFileService checkMaxEncLimit should return true as per configuration settings" name="EssUploadFileService checkMaxEncLimit should return true as per configuration settings" time="0.004">
    </testcase>
    <testcase classname="EssUploadFileService checkMaxEncLimit should return false as per configuration settings" name="EssUploadFileService checkMaxEncLimit should return false as per configuration settings" time="0.005">
    </testcase>
    <testcase classname="EssUploadFileService addSingleEnc should set single ENC in validEnc list" name="EssUploadFileService addSingleEnc should set single ENC in validEnc list" time="0.007">
    </testcase>
    <testcase classname="EssUploadFileService should return true for valid encName" name="EssUploadFileService should return true for valid encName" time="0.004">
    </testcase>
    <testcase classname="EssUploadFileService should return false for invalid AIO encName" name="EssUploadFileService should return false for invalid AIO encName" time="0.003">
    </testcase>
    <testcase classname="EssUploadFileService get exchangeSetDownloadType should return the correct download type" name="EssUploadFileService get exchangeSetDownloadType should return the correct download type" time="0.011">
    </testcase>
    <testcase classname="EssUploadFileService set exchangeSetDownloadType should set the correct download type" name="EssUploadFileService set exchangeSetDownloadType should set the correct download type" time="0.006">
    </testcase>
    <testcase classname="EssUploadFileService get exchangeSetDeltaDate should return the correct date" name="EssUploadFileService get exchangeSetDeltaDate should return the correct date" time="0.018">
    </testcase>
    <testcase classname="EssUploadFileService set exchangeSetDeltaDate should set the correct date" name="EssUploadFileService set exchangeSetDeltaDate should set the correct date" time="0.003">
    </testcase>
    <testcase classname="EssUploadFileService scsInvalidProducts should return invalid product" name="EssUploadFileService scsInvalidProducts should return invalid product" time="0.004">
    </testcase>
    <testcase classname="EssUploadFileService getEstimatedTotalSize calculates total size accurately" name="EssUploadFileService getEstimatedTotalSize calculates total size accurately" time="0.006">
    </testcase>
  </testsuite>
  <testsuite name="FssSearchRowComponent" errors="0" failures="0" skipped="0" timestamp="2025-01-13T09:34:40" time="2.864" tests="8">
    <testcase classname="FssSearchRowComponent should create FssSearchRowComponent" name="FssSearchRowComponent should create FssSearchRowComponent" time="0.354">
    </testcase>
    <testcase classname="FssSearchRowComponent should return enable grouping true when consecutive search rows checked" name="FssSearchRowComponent should return enable grouping true when consecutive search rows checked" time="0.016">
    </testcase>
    <testcase classname="FssSearchRowComponent should return enable grouping false when non consecutive search rows checked" name="FssSearchRowComponent should return enable grouping false when non consecutive search rows checked" time="0.024">
    </testcase>
    <testcase classname="FssSearchRowComponent should emit when the search row delete button is clicked" name="FssSearchRowComponent should emit when the search row delete button is clicked" time="0.019">
    </testcase>
    <testcase classname="FssSearchRowComponent should emit when group delete button is clicked" name="FssSearchRowComponent should emit when group delete button is clicked" time="0.03">
    </testcase>
    <testcase classname="FssSearchRowComponent should emit when filed change in search row" name="FssSearchRowComponent should emit when filed change in search row" time="0.014">
    </testcase>
    <testcase classname="FssSearchRowComponent should emit group when onGroupClick" name="FssSearchRowComponent should emit group when onGroupClick" time="0.013">
    </testcase>
    <testcase classname="FssSearchRowComponent should disable grouping onCheckbox changed" name="FssSearchRowComponent should disable grouping onCheckbox changed" time="0.024">
    </testcase>
  </testsuite>
  <testsuite name="FssSearchFilterService" errors="0" failures="0" skipped="0" timestamp="2025-01-13T09:34:43" time="0.858" tests="6">
    <testcase classname="FssSearchFilterService should be created" name="FssSearchFilterService should be created" time="0.01">
    </testcase>
    <testcase classname="FssSearchFilterService should create valid filter expression for single search criteria" name="FssSearchFilterService should create valid filter expression for single search criteria" time="0.004">
    </testcase>
    <testcase classname="FssSearchFilterService should create valid filter expression for multiple search criteria" name="FssSearchFilterService should create valid filter expression for multiple search criteria" time="0.005">
    </testcase>
    <testcase classname="FssSearchFilterService should create valid filter expression for multiple search criteria for grouping query" name="FssSearchFilterService should create valid filter expression for multiple search criteria for grouping query" time="0.004">
    </testcase>
    <testcase classname="FssSearchFilterService should create valid filter expression for single search criteria" name="FssSearchFilterService should create valid filter expression for single search criteria" time="0.003">
    </testcase>
    <testcase classname="FssSearchFilterService should create valid filter expression for multiple search criteria" name="FssSearchFilterService should create valid filter expression for multiple search criteria" time="0.009">
    </testcase>
  </testsuite>
  <testsuite name="FssSearchResultsComponent" errors="0" failures="0" skipped="0" timestamp="2025-01-13T09:34:15" time="28.583" tests="9">
    <testcase classname="FssSearchResultsComponent should create FssSearchResultsComponent" name="FssSearchResultsComponent should create FssSearchResultsComponent" time="0.312">
    </testcase>
    <testcase classname="FssSearchResultsComponent should return search result count 1 when search result for 1 batch is provided" name="FssSearchResultsComponent should return search result count 1 when search result for 1 batch is provided" time="0.019">
    </testcase>
    <testcase classname="FssSearchResultsComponent should return batch attributes when search result data is provided" name="FssSearchResultsComponent should return batch attributes when search result data is provided" time="0.017">
    </testcase>
    <testcase classname="FssSearchResultsComponent should return system attributes when search result data is provided" name="FssSearchResultsComponent should return system attributes when search result data is provided" time="0.017">
    </testcase>
    <testcase classname="FssSearchResultsComponent should return file details column data" name="FssSearchResultsComponent should return file details column data" time="0.015">
    </testcase>
    <testcase classname="FssSearchResultsComponent should return batch file details when search result data is provided" name="FssSearchResultsComponent should return batch file details when search result data is provided" time="0.012">
    </testcase>
    <testcase classname="FssSearchResultsComponent should return file download link when search result data is provided" name="FssSearchResultsComponent should return file download link when search result data is provided" time="0.118">
    </testcase>
    <testcase classname="FssSearchResultsComponent should convert file size from bytes to respective size units" name="FssSearchResultsComponent should convert file size from bytes to respective size units" time="0.011">
    </testcase>
    <testcase classname="FssSearchResultsComponent should show Download All button when allFilesZipSize is not null" name="FssSearchResultsComponent should show Download All button when allFilesZipSize is not null" time="0.125">
    </testcase>
  </testsuite>
  <testsuite name="FssSearchComponent" errors="0" failures="0" skipped="0" timestamp="2025-01-13T09:34:16" time="29.824" tests="13">
    <testcase classname="FssSearchComponent should create FssSearchComponent" name="FssSearchComponent should create FssSearchComponent" time="0.268">
    </testcase>
    <testcase classname="FssSearchComponent should have filterGroups ordered to match the configuration after transformSearchAttributesToFilter is called" name="FssSearchComponent should have filterGroups ordered to match the configuration after transformSearchAttributesToFilter is called" time="0.082">
    </testcase>
    <testcase classname="EssDownloadExchangesetComponent should create EssDownloadExchangesetComponent" name="EssDownloadExchangesetComponent should create EssDownloadExchangesetComponent" time="1.071">
    </testcase>
    <testcase classname="EssDownloadExchangesetComponent should render text inside an h2 tag" name="EssDownloadExchangesetComponent should render text inside an h2 tag" time="0.059">
    </testcase>
    <testcase classname="EssDownloadExchangesetComponent should render text inside an p tag" name="EssDownloadExchangesetComponent should render text inside an p tag" time="0.03">
    </testcase>
    <testcase classname="EssDownloadExchangesetComponent should render text inside an p tag" name="EssDownloadExchangesetComponent should render text inside an p tag" time="0.04">
    </testcase>
    <testcase classname="EssDownloadExchangesetComponent should display download button when batch status is Committed" name="EssDownloadExchangesetComponent should display download button when batch status is Committed" time="0.02">
    </testcase>
    <testcase classname="EssDownloadExchangesetComponent should hide download button when batch status is CommitInProgress" name="EssDownloadExchangesetComponent should hide download button when batch status is CommitInProgress" time="0.02">
    </testcase>
    <testcase classname="EssDownloadExchangesetComponent should show error message when batch status is Failed" name="EssDownloadExchangesetComponent should show error message when batch status is Failed" time="0.02">
    </testcase>
    <testcase classname="EssDownloadExchangesetComponent should display loader when download button is clicked and hide loader after refreshToken API response" name="EssDownloadExchangesetComponent should display loader when download button is clicked and hide loader after refreshToken API response" time="0.027">
    </testcase>
    <testcase classname="EssDownloadExchangesetComponent should call loginPopup() when error in acquireTokenSilent in checkBatchStatus" name="EssDownloadExchangesetComponent should call loginPopup() when error in acquireTokenSilent in checkBatchStatus" time="0.024">
    </testcase>
    <testcase classname="EssDownloadExchangesetComponent should call batchStatusAPI() when no error in acquireTokenSilent in checkBatchStatus" name="EssDownloadExchangesetComponent should call batchStatusAPI() when no error in acquireTokenSilent in checkBatchStatus" time="0.023">
    </testcase>
    <testcase classname="EssDownloadExchangesetComponent when user click on start again then it should navigate to ess landing page" name="EssDownloadExchangesetComponent when user click on start again then it should navigate to ess landing page" time="0.015">
    </testcase>
  </testsuite>
  <testsuite name="FssAdvancedSearchComponent" errors="0" failures="0" skipped="0" timestamp="2025-01-13T09:34:15" time="30.199" tests="21">
    <testcase classname="FssAdvancedSearchComponent should create" name="FssAdvancedSearchComponent should create" time="0.426">
    </testcase>
    <testcase classname="FssAdvancedSearchComponent should return datatype as &quot;attribute&quot; when UserAttribute is passed" name="FssAdvancedSearchComponent should return datatype as &quot;attribute&quot; when UserAttribute is passed" time="0.409">
    </testcase>
    <testcase classname="FssAdvancedSearchComponent should return datatype as &quot;string&quot; when SystemAttribute FileName is passed" name="FssAdvancedSearchComponent should return datatype as &quot;string&quot; when SystemAttribute FileName is passed" time="0.013">
    </testcase>
    <testcase classname="FssAdvancedSearchComponent should return filtered operators based on number datatype" name="FssAdvancedSearchComponent should return filtered operators based on number datatype" time="0.013">
    </testcase>
    <testcase classname="FssAdvancedSearchComponent should return value type text based on datatype string" name="FssAdvancedSearchComponent should return value type text based on datatype string" time="0.019">
    </testcase>
    <testcase classname="FssAdvancedSearchComponent should return operator type nullOperator based on operator value ne null" name="FssAdvancedSearchComponent should return operator type nullOperator based on operator value ne null" time="0.023">
    </testcase>
    <testcase classname="FssAdvancedSearchComponent should return second row based on rowid passed" name="FssAdvancedSearchComponent should return second row based on rowid passed" time="0.02">
    </testcase>
    <testcase classname="FssAdvancedSearchComponent should return only SystemAttribute fields when type = SystemAttribute is passed through pipe" name="FssAdvancedSearchComponent should return only SystemAttribute fields when type = SystemAttribute is passed through pipe" time="0.01">
    </testcase>
    <testcase classname="FssAdvancedSearchComponent should return only UserAttribute fields when type = UserAttribute is passed through pipe" name="FssAdvancedSearchComponent should return only UserAttribute fields when type = UserAttribute is passed through pipe" time="0.016">
    </testcase>
    <testcase classname="FssAdvancedSearchComponent should return flag false when FileSize value is passed as number" name="FssAdvancedSearchComponent should return flag false when FileSize value is passed as number" time="0.014">
    </testcase>
    <testcase classname="FssAdvancedSearchComponent should return row count 2 when Add new line is called twice" name="FssAdvancedSearchComponent should return row count 2 when Add new line is called twice" time="0.014">
    </testcase>
    <testcase classname="FssAdvancedSearchComponent should return row count 2 when 3 rows exist and delete is called" name="FssAdvancedSearchComponent should return row count 2 when 3 rows exist and delete is called" time="0.033">
    </testcase>
    <testcase classname="FssAdvancedSearchComponent should hide Value input when nullOperator is selected in the row" name="FssAdvancedSearchComponent should hide Value input when nullOperator is selected in the row" time="0.01">
    </testcase>
    <testcase classname="FssAdvancedSearchComponent should return group already exists validation when duplicate group is added" name="FssAdvancedSearchComponent should return group already exists validation when duplicate group is added" time="0.009">
    </testcase>
    <testcase classname="FssAdvancedSearchComponent should return group cannot intersect validation when intersecting group is added" name="FssAdvancedSearchComponent should return group cannot intersect validation when intersecting group is added" time="0.025">
    </testcase>
    <testcase classname="FssAdvancedSearchComponent should return group count 2 when 1 groups exist and add group clicked is called" name="FssAdvancedSearchComponent should return group count 2 when 1 groups exist and add group clicked is called" time="0.015">
    </testcase>
    <testcase classname="FssAdvancedSearchComponent should return row count 2 &amp; modify grouping when 3 rows exist and delete is called" name="FssAdvancedSearchComponent should return row count 2 &amp; modify grouping when 3 rows exist and delete is called" time="0.024">
    </testcase>
    <testcase classname="FssAdvancedSearchComponent should return group count 1 when 2 groups exist and delete group is called" name="FssAdvancedSearchComponent should return group count 1 when 2 groups exist and delete group is called" time="0.014">
    </testcase>
    <testcase classname="FssAdvancedSearchComponent should return row count 2 when addSearchRow function is called twice" name="FssAdvancedSearchComponent should return row count 2 when addSearchRow function is called twice" time="0.011">
    </testcase>
    <testcase classname="FssAdvancedSearchComponent should emit when the advanced search button is clicked" name="FssAdvancedSearchComponent should emit when the advanced search button is clicked" time="0.01">
    </testcase>
    <testcase classname="FssAdvancedSearchComponent should show simplified search Link if displaySimplifiedSearchLink is true" name="FssAdvancedSearchComponent should show simplified search Link if displaySimplifiedSearchLink is true" time="0.593">
    </testcase>
  </testsuite>
  <testsuite name="EssTypesComponent" errors="0" failures="0" skipped="0" timestamp="2025-01-13T09:34:44" time="1.636" tests="11">
    <testcase classname="EssTypesComponent should create" name="EssTypesComponent should create" time="0.081">
    </testcase>
    <testcase classname="EssTypesComponent should have &quot;Delta Download&quot; selected by default" name="EssTypesComponent should have &quot;Delta Download&quot; selected by default" time="0.021">
    </testcase>
    <testcase classname="EssTypesComponent should update selected option on option change" name="EssTypesComponent should update selected option on option change" time="0.012">
    </testcase>
    <testcase classname="EssTypesComponent should navigate to &quot;exchangesets/exchange-set&quot; on proceed button click when both radio button and date are selected" name="EssTypesComponent should navigate to &quot;exchangesets/exchange-set&quot; on proceed button click when both radio button and date are selected" time="0.018">
    </testcase>
    <testcase classname="EssTypesComponent should navigate to &quot;exchangesets/exchange-set&quot; on Proceed button click when Base option is selected" name="EssTypesComponent should navigate to &quot;exchangesets/exchange-set&quot; on Proceed button click when Base option is selected" time="0.013">
    </testcase>
    <testcase classname="EssTypesComponent should navigate to next page when delta download option is selected and date is valid" name="EssTypesComponent should navigate to next page when delta download option is selected and date is valid" time="0.014">
    </testcase>
    <testcase classname="EssTypesComponent should show error message when delta option is selected but date is in the future" name="EssTypesComponent should show error message when delta option is selected but date is in the future" time="0.03">
    </testcase>
    <testcase classname="EssTypesComponent should show error message when delta option is selected but date is greater than 27 days in the past" name="EssTypesComponent should show error message when delta option is selected but date is greater than 27 days in the past" time="0.015">
    </testcase>
    <testcase classname="EssTypesComponent should set onDescriptionClick to baseRadio button on onDescriptionClick clicked" name="EssTypesComponent should set onDescriptionClick to baseRadio button on onDescriptionClick clicked" time="0.028">
    </testcase>
    <testcase classname="EssTypesComponent should set onDateChange for delta response" name="EssTypesComponent should set onDateChange for delta response" time="0.016">
    </testcase>
    <testcase classname="EssTypesComponent should set onRadioClick to baseRadio button" name="EssTypesComponent should set onRadioClick to baseRadio button" time="0.015">
    </testcase>
  </testsuite>
  <testsuite name="FssAdvancedSearchComponent" errors="0" failures="0" skipped="0" timestamp="2025-01-13T09:34:15" time="30.683" tests="46">
    <testcase classname="FssAdvancedSearchComponent should create" name="FssAdvancedSearchComponent should create" time="0.409">
    </testcase>
    <testcase classname="FssAdvancedSearchComponent should return datatype as &quot;attribute&quot; when UserAttribute is passed" name="FssAdvancedSearchComponent should return datatype as &quot;attribute&quot; when UserAttribute is passed" time="0.358">
    </testcase>
    <testcase classname="FssAdvancedSearchComponent should return datatype as &quot;string&quot; when SystemAttribute FileName is passed" name="FssAdvancedSearchComponent should return datatype as &quot;string&quot; when SystemAttribute FileName is passed" time="0.015">
    </testcase>
    <testcase classname="FssAdvancedSearchComponent should return filtered operators based on number datatype" name="FssAdvancedSearchComponent should return filtered operators based on number datatype" time="0.028">
    </testcase>
    <testcase classname="FssAdvancedSearchComponent should return value type text based on datatype string" name="FssAdvancedSearchComponent should return value type text based on datatype string" time="0.026">
    </testcase>
    <testcase classname="FssAdvancedSearchComponent should return operator type nullOperator based on operator value ne null" name="FssAdvancedSearchComponent should return operator type nullOperator based on operator value ne null" time="0.011">
    </testcase>
    <testcase classname="FssAdvancedSearchComponent should return second row based on rowid passed" name="FssAdvancedSearchComponent should return second row based on rowid passed" time="0.012">
    </testcase>
    <testcase classname="FssAdvancedSearchComponent should return only SystemAttribute fields when type = SystemAttribute is passed through pipe" name="FssAdvancedSearchComponent should return only SystemAttribute fields when type = SystemAttribute is passed through pipe" time="0.013">
    </testcase>
    <testcase classname="FssAdvancedSearchComponent should return only UserAttribute fields when type = UserAttribute is passed through pipe" name="FssAdvancedSearchComponent should return only UserAttribute fields when type = UserAttribute is passed through pipe" time="0.014">
    </testcase>
    <testcase classname="FssAdvancedSearchComponent should return flag false when FileSize value is passed as number" name="FssAdvancedSearchComponent should return flag false when FileSize value is passed as number" time="0.014">
    </testcase>
    <testcase classname="FssAdvancedSearchComponent should return row count 2 when Add new line is called twice" name="FssAdvancedSearchComponent should return row count 2 when Add new line is called twice" time="0.032">
    </testcase>
    <testcase classname="FssAdvancedSearchComponent should return row count 2 when 3 rows exist and delete is called" name="FssAdvancedSearchComponent should return row count 2 when 3 rows exist and delete is called" time="0.019">
    </testcase>
    <testcase classname="FssAdvancedSearchComponent should hide Value input when nullOperator is selected in the row" name="FssAdvancedSearchComponent should hide Value input when nullOperator is selected in the row" time="0.014">
    </testcase>
    <testcase classname="FssAdvancedSearchComponent should return group already exists validation when duplicate group is added" name="FssAdvancedSearchComponent should return group already exists validation when duplicate group is added" time="0.015">
    </testcase>
    <testcase classname="FssAdvancedSearchComponent should return group cannot intersect validation when intersecting group is added" name="FssAdvancedSearchComponent should return group cannot intersect validation when intersecting group is added" time="0.01">
    </testcase>
    <testcase classname="FssAdvancedSearchComponent should return group count 2 when 1 groups exist and add group clicked is called" name="FssAdvancedSearchComponent should return group count 2 when 1 groups exist and add group clicked is called" time="0.019">
    </testcase>
    <testcase classname="FssAdvancedSearchComponent should return row count 2 &amp; modify grouping when 3 rows exist and delete is called" name="FssAdvancedSearchComponent should return row count 2 &amp; modify grouping when 3 rows exist and delete is called" time="0.02">
    </testcase>
    <testcase classname="FssAdvancedSearchComponent should return group count 1 when 2 groups exist and delete group is called" name="FssAdvancedSearchComponent should return group count 1 when 2 groups exist and delete group is called" time="0.02">
    </testcase>
    <testcase classname="FssAdvancedSearchComponent should return row count 2 when addSearchRow function is called twice" name="FssAdvancedSearchComponent should return row count 2 when addSearchRow function is called twice" time="0.011">
    </testcase>
    <testcase classname="FssAdvancedSearchComponent should emit when the advanced search button is clicked" name="FssAdvancedSearchComponent should emit when the advanced search button is clicked" time="0.025">
    </testcase>
    <testcase classname="FssAdvancedSearchComponent should show simplified search Link if displaySimplifiedSearchLink is true" name="FssAdvancedSearchComponent should show simplified search Link if displaySimplifiedSearchLink is true" time="0.552">
    </testcase>
    <testcase classname="EssAddSingleEncsComponent should create" name="EssAddSingleEncsComponent should create" time="0.052">
    </testcase>
    <testcase classname="EssAddSingleEncsComponent validateAndAddENC should display error when ENC field is blank" name="EssAddSingleEncsComponent validateAndAddENC should display error when ENC field is blank" time="0.017">
    </testcase>
    <testcase classname="EssAddSingleEncsComponent validateAndAddENC should display error when ENC number is invalid" name="EssAddSingleEncsComponent validateAndAddENC should display error when ENC number is invalid" time="0.012">
    </testcase>
    <testcase classname="EssAddSingleEncsComponent validateAndAddENC should set validENC number" name="EssAddSingleEncsComponent validateAndAddENC should set validENC number" time="0.015">
    </testcase>
    <testcase classname="EssAddSingleEncsComponent validateAndAddENC should   raise &quot;Please enter ENC number.&quot;error" name="EssAddSingleEncsComponent validateAndAddENC should   raise &quot;Please enter ENC number.&quot;error" time="0.012">
    </testcase>
    <testcase classname="EssAddSingleEncsComponent validateAndAddENC should   raise &quot;Invalid ENC number&quot;error" name="EssAddSingleEncsComponent validateAndAddENC should   raise &quot;Invalid ENC number&quot;error" time="0.011">
    </testcase>
    <testcase classname="EssAddSingleEncsComponent validateAndAddENC should   raise &quot;Invalid AIO ENC number.&quot;error" name="EssAddSingleEncsComponent validateAndAddENC should   raise &quot;Invalid AIO ENC number.&quot;error" time="0.017">
    </testcase>
    <testcase classname="EssAddSingleEncsComponent validateAndAddENC should   raise &quot;ENC already in list.&quot;info" name="EssAddSingleEncsComponent validateAndAddENC should   raise &quot;ENC already in list.&quot;info" time="0.012">
    </testcase>
    <testcase classname="EssAddSingleEncsComponent validateAndAddENC should   raise &quot;Max ENC limit reached.&quot;info" name="EssAddSingleEncsComponent validateAndAddENC should   raise &quot;Max ENC limit reached.&quot;info" time="0.028">
    </testcase>
    <testcase classname="EssAddSingleEncsComponent validateAndAddENC should set sigle valid ENC" name="EssAddSingleEncsComponent validateAndAddENC should set sigle valid ENC" time="0.02">
    </testcase>
    <testcase classname="EssAddSingleEncsComponent should return sales catalogue Response when user is in essHome screen" name="EssAddSingleEncsComponent should return sales catalogue Response when user is in essHome screen" time="0.011">
    </testcase>
    <testcase classname="EssAddSingleEncsComponent should return sales catalogue Response when user is in encList screen" name="EssAddSingleEncsComponent should return sales catalogue Response when user is in encList screen" time="0.014">
    </testcase>
    <testcase classname="EssAddSingleEncsComponent should return Invalid ENC Response when user is added invalid enc" name="EssAddSingleEncsComponent should return Invalid ENC Response when user is added invalid enc" time="0.014">
    </testcase>
    <testcase classname="EssAddSingleEncsComponent should return sales catalogue Response on productUpdatesByDeltaResponse when user is on encList screen" name="EssAddSingleEncsComponent should return sales catalogue Response on productUpdatesByDeltaResponse when user is on encList screen" time="0.016">
    </testcase>
    <testcase classname="EssAddSingleEncsComponent should return sales catalogue Response on productUpdatesByDeltaResponse when user is on esshome screen " name="EssAddSingleEncsComponent should return sales catalogue Response on productUpdatesByDeltaResponse when user is on esshome screen " time="0.032">
    </testcase>
    <testcase classname="EssAddSingleEncsComponent validateAndAddENC should raise &quot;Invalid ENC number&quot; error" name="EssAddSingleEncsComponent validateAndAddENC should raise &quot;Invalid ENC number&quot; error" time="0.016">
    </testcase>
    <testcase classname="EssAddSingleEncsComponent productUpdatesByDeltaResponse should return Error message for productInformationSinceDateTime" name="EssAddSingleEncsComponent productUpdatesByDeltaResponse should return Error message for productInformationSinceDateTime" time="0.021">
    </testcase>
    <testcase classname="EssAddSingleEncsComponent productUpdatesByDeltaResponse should return Error message for productUpdatesByIdentifiersResponse" name="EssAddSingleEncsComponent productUpdatesByDeltaResponse should return Error message for productUpdatesByIdentifiersResponse" time="0.018">
    </testcase>
    <testcase classname="EssAddSingleEncsComponent validation should raise &quot;There has been no updates for the ENCs in the date range selected.&quot;info" name="EssAddSingleEncsComponent validation should raise &quot;There has been no updates for the ENCs in the date range selected.&quot;info" time="0.013">
    </testcase>
    <testcase classname="EssAddSingleEncsComponent validation should raise &quot;There has been no updates for the ENCs in the date range selected.&quot; when product updates is not available (304 not modified response)" name="EssAddSingleEncsComponent validation should raise &quot;There has been no updates for the ENCs in the date range selected.&quot; when product updates is not available (304 not modified response)" time="0.014">
    </testcase>
    <testcase classname="EssAddSingleEncsComponent should return error message for productUpdatesByIdentifiersResponse" name="EssAddSingleEncsComponent should return error message for productUpdatesByIdentifiersResponse" time="0.084">
    </testcase>
    <testcase classname="EssAddSingleEncsComponent should return sales catalogue response when user is in essHome screen" name="EssAddSingleEncsComponent should return sales catalogue response when user is in essHome screen" time="0.033">
    </testcase>
    <testcase classname="EssAddSingleEncsComponent should raise info message for validateAndAddENC &quot;AIO exchange sets are currently not available from this page. Please download them from the main File Share Service site.&quot;info" name="EssAddSingleEncsComponent should raise info message for validateAndAddENC &quot;AIO exchange sets are currently not available from this page. Please download them from the main File Share Service site.&quot;info" time="0.013">
    </testcase>
    <testcase classname="EssAddSingleEncsComponent should return scsProductIdentifiersResponse" name="EssAddSingleEncsComponent should return scsProductIdentifiersResponse" time="0.079">
    </testcase>
    <testcase classname="EssAddSingleEncsComponent should return getProductsFromSpecificDateByScsResponse" name="EssAddSingleEncsComponent should return getProductsFromSpecificDateByScsResponse" time="0.023">
    </testcase>
  </testsuite>
  <testsuite name="FssSearchGroupingService" errors="0" failures="0" skipped="0" timestamp="2025-01-13T09:34:46" time="1.18" tests="4">
    <testcase classname="FssSearchGroupingService FssSearchGroupingService should be created" name="FssSearchGroupingService FssSearchGroupingService should be created" time="0.017">
    </testcase>
    <testcase classname="FssSearchGroupingService should create valid grouping levels for selected groupings" name="FssSearchGroupingService should create valid grouping levels for selected groupings" time="0.007">
    </testcase>
    <testcase classname="FssSearchGroupingService should create valid ui groupings for selected groupings &amp; grouping levels" name="FssSearchGroupingService should create valid ui groupings for selected groupings &amp; grouping levels" time="0.005">
    </testcase>
    <testcase classname="FssSearchGroupingService should reset groupings on selected row deletion" name="FssSearchGroupingService should reset groupings on selected row deletion" time="0.005">
    </testcase>
  </testsuite>
  <testsuite name="FssAdvancedSearchComponent" errors="0" failures="0" skipped="0" timestamp="2025-01-13T09:34:15" time="31.747" tests="74">
    <testcase classname="FssAdvancedSearchComponent should create" name="FssAdvancedSearchComponent should create" time="0.408">
    </testcase>
    <testcase classname="FssAdvancedSearchComponent should return datatype as &quot;attribute&quot; when UserAttribute is passed" name="FssAdvancedSearchComponent should return datatype as &quot;attribute&quot; when UserAttribute is passed" time="0.386">
    </testcase>
    <testcase classname="FssAdvancedSearchComponent should return datatype as &quot;string&quot; when SystemAttribute FileName is passed" name="FssAdvancedSearchComponent should return datatype as &quot;string&quot; when SystemAttribute FileName is passed" time="0.013">
    </testcase>
    <testcase classname="FssAdvancedSearchComponent should return filtered operators based on number datatype" name="FssAdvancedSearchComponent should return filtered operators based on number datatype" time="0.025">
    </testcase>
    <testcase classname="FssAdvancedSearchComponent should return value type text based on datatype string" name="FssAdvancedSearchComponent should return value type text based on datatype string" time="0.012">
    </testcase>
    <testcase classname="FssAdvancedSearchComponent should return operator type nullOperator based on operator value ne null" name="FssAdvancedSearchComponent should return operator type nullOperator based on operator value ne null" time="0.028">
    </testcase>
    <testcase classname="FssAdvancedSearchComponent should return second row based on rowid passed" name="FssAdvancedSearchComponent should return second row based on rowid passed" time="0.024">
    </testcase>
    <testcase classname="FssAdvancedSearchComponent should return only SystemAttribute fields when type = SystemAttribute is passed through pipe" name="FssAdvancedSearchComponent should return only SystemAttribute fields when type = SystemAttribute is passed through pipe" time="0.023">
    </testcase>
    <testcase classname="FssAdvancedSearchComponent should return only UserAttribute fields when type = UserAttribute is passed through pipe" name="FssAdvancedSearchComponent should return only UserAttribute fields when type = UserAttribute is passed through pipe" time="0.014">
    </testcase>
    <testcase classname="FssAdvancedSearchComponent should return flag false when FileSize value is passed as number" name="FssAdvancedSearchComponent should return flag false when FileSize value is passed as number" time="0.015">
    </testcase>
    <testcase classname="FssAdvancedSearchComponent should return row count 2 when Add new line is called twice" name="FssAdvancedSearchComponent should return row count 2 when Add new line is called twice" time="0.023">
    </testcase>
    <testcase classname="FssAdvancedSearchComponent should return row count 2 when 3 rows exist and delete is called" name="FssAdvancedSearchComponent should return row count 2 when 3 rows exist and delete is called" time="0.022">
    </testcase>
    <testcase classname="FssAdvancedSearchComponent should hide Value input when nullOperator is selected in the row" name="FssAdvancedSearchComponent should hide Value input when nullOperator is selected in the row" time="0.009">
    </testcase>
    <testcase classname="FssAdvancedSearchComponent should return group already exists validation when duplicate group is added" name="FssAdvancedSearchComponent should return group already exists validation when duplicate group is added" time="0.015">
    </testcase>
    <testcase classname="FssAdvancedSearchComponent should return group cannot intersect validation when intersecting group is added" name="FssAdvancedSearchComponent should return group cannot intersect validation when intersecting group is added" time="0.011">
    </testcase>
    <testcase classname="FssAdvancedSearchComponent should return group count 2 when 1 groups exist and add group clicked is called" name="FssAdvancedSearchComponent should return group count 2 when 1 groups exist and add group clicked is called" time="0.019">
    </testcase>
    <testcase classname="FssAdvancedSearchComponent should return row count 2 &amp; modify grouping when 3 rows exist and delete is called" name="FssAdvancedSearchComponent should return row count 2 &amp; modify grouping when 3 rows exist and delete is called" time="0.016">
    </testcase>
    <testcase classname="FssAdvancedSearchComponent should return group count 1 when 2 groups exist and delete group is called" name="FssAdvancedSearchComponent should return group count 1 when 2 groups exist and delete group is called" time="0.031">
    </testcase>
    <testcase classname="FssAdvancedSearchComponent should return row count 2 when addSearchRow function is called twice" name="FssAdvancedSearchComponent should return row count 2 when addSearchRow function is called twice" time="0.012">
    </testcase>
    <testcase classname="FssAdvancedSearchComponent should emit when the advanced search button is clicked" name="FssAdvancedSearchComponent should emit when the advanced search button is clicked" time="0.008">
    </testcase>
    <testcase classname="FssAdvancedSearchComponent should show simplified search Link if displaySimplifiedSearchLink is true" name="FssAdvancedSearchComponent should show simplified search Link if displaySimplifiedSearchLink is true" time="0.583">
    </testcase>
    <testcase classname="EssUploadFileComponent should create" name="EssUploadFileComponent should create" time="0.045">
    </testcase>
    <testcase classname="EssUploadFileComponent showMessage should set correct mesages : info , test info 1" name="EssUploadFileComponent showMessage should set correct mesages : info , test info 1" time="0.018">
    </testcase>
    <testcase classname="EssUploadFileComponent showMessage should set correct mesages : error , test error 1" name="EssUploadFileComponent showMessage should set correct mesages : error , test error 1" time="0.014">
    </testcase>
    <testcase classname="EssUploadFileComponent showMessage should set correct mesages : success , test success 1" name="EssUploadFileComponent showMessage should set correct mesages : success , test success 1" time="0.024">
    </testcase>
    <testcase classname="EssUploadFileComponent showMessage should set correct mesages : warning , test warning 1" name="EssUploadFileComponent showMessage should set correct mesages : warning , test warning 1" time="0.032">
    </testcase>
    <testcase classname="EssUploadFileComponent showMessage should set correct mesages : info , test info 2" name="EssUploadFileComponent showMessage should set correct mesages : info , test info 2" time="0.013">
    </testcase>
    <testcase classname="EssUploadFileComponent showMessage should set correct mesages : error , test error 3" name="EssUploadFileComponent showMessage should set correct mesages : error , test error 3" time="0.017">
    </testcase>
    <testcase classname="EssUploadFileComponent showMessage should set correct mesages : success , test success 4" name="EssUploadFileComponent showMessage should set correct mesages : success , test success 4" time="0.012">
    </testcase>
    <testcase classname="EssUploadFileComponent showMessage should set correct mesages : warning , test warning 5" name="EssUploadFileComponent showMessage should set correct mesages : warning , test warning 5" time="0.016">
    </testcase>
    <testcase classname="EssUploadFileComponent processEncFile should set encList" name="EssUploadFileComponent processEncFile should set encList" time="0.023">
    </testcase>
    <testcase classname="EssUploadFileComponent processEncFile should set encList" name="EssUploadFileComponent processEncFile should set encList" time="0.023">
    </testcase>
    <testcase classname="EssUploadFileComponent processEncFile should set encList" name="EssUploadFileComponent processEncFile should set encList" time="0.024">
    </testcase>
    <testcase classname="EssUploadFileComponent processEncFile should set encList" name="EssUploadFileComponent processEncFile should set encList" time="0.018">
    </testcase>
    <testcase classname="EssUploadFileComponent processEncFile should set encList" name="EssUploadFileComponent processEncFile should set encList" time="0.014">
    </testcase>
    <testcase classname="EssUploadFileComponent processEncFile should set encList" name="EssUploadFileComponent processEncFile should set encList" time="0.011">
    </testcase>
    <testcase classname="EssUploadFileComponent processEncFile should set raise &quot;Please upload valid ENC file&quot; error" name="EssUploadFileComponent processEncFile should set raise &quot;Please upload valid ENC file&quot; error" time="0.029">
    </testcase>
    <testcase classname="EssUploadFileComponent processEncFile should set raise &quot;Please upload valid ENC file&quot; error" name="EssUploadFileComponent processEncFile should set raise &quot;Please upload valid ENC file&quot; error" time="0.011">
    </testcase>
    <testcase classname="EssUploadFileComponent processEncFile should set raise &quot;No valid ENCs found. error" name="EssUploadFileComponent processEncFile should set raise &quot;No valid ENCs found. error" time="0.011">
    </testcase>
    <testcase classname="EssUploadFileComponent processEncFile should set raise &quot;No valid ENCs found. error" name="EssUploadFileComponent processEncFile should set raise &quot;No valid ENCs found. error" time="0.012">
    </testcase>
    <testcase classname="EssUploadFileComponent processEncFile should set raise AIO is not available. error" name="EssUploadFileComponent processEncFile should set raise AIO is not available. error" time="0.116">
    </testcase>
    <testcase classname="EssUploadFileComponent processEncFile should set raise AIO is not available. error" name="EssUploadFileComponent processEncFile should set raise AIO is not available. error" time="0.032">
    </testcase>
    <testcase classname="EssUploadFileComponent onFileInputChange{ event.srcElement} should raise error for unsupported file type" name="EssUploadFileComponent onFileInputChange{ event.srcElement} should raise error for unsupported file type" time="0.023">
    </testcase>
    <testcase classname="EssUploadFileComponent onFileInputChange{ event.srcElement} should raise error if more than one file submitted" name="EssUploadFileComponent onFileInputChange{ event.srcElement} should raise error if more than one file submitted" time="0.021">
    </testcase>
    <testcase classname="EssUploadFileComponent should show the explaination text in ess upload file component with max enc limit from config" name="EssUploadFileComponent should show the explaination text in ess upload file component with max enc limit from config" time="0.023">
    </testcase>
    <testcase classname="EssUploadFileComponent should show the explaination text  in upload file component with max enc selection limit from config" name="EssUploadFileComponent should show the explaination text  in upload file component with max enc selection limit from config" time="0.027">
    </testcase>
    <testcase classname="EssUploadFileComponent should return sales catalogue Response on productUpdatesByIdentifiersResponse" name="EssUploadFileComponent should return sales catalogue Response on productUpdatesByIdentifiersResponse" time="0.023">
    </testcase>
    <testcase classname="EssUploadFileComponent should return Error message for productUpdatesByIdentifiersResponse" name="EssUploadFileComponent should return Error message for productUpdatesByIdentifiersResponse" time="0.078">
    </testcase>
    <testcase classname="EssUploadFileComponent System should raise error message for all invalid encs" name="EssUploadFileComponent System should raise error message for all invalid encs" time="0.019">
    </testcase>
    <testcase classname="EssUploadFileComponent System should raise error message for all invalid encs with aio" name="EssUploadFileComponent System should raise error message for all invalid encs with aio" time="0.027">
    </testcase>
    <testcase classname="EssUploadFileComponent should return sales catalogue Response for Delta" name="EssUploadFileComponent should return sales catalogue Response for Delta" time="0.028">
    </testcase>
    <testcase classname="EssUploadFileComponent should return sales catalogue Response for Delta" name="EssUploadFileComponent should return sales catalogue Response for Delta" time="0.018">
    </testcase>
    <testcase classname="EssUploadFileComponent productUpdatesByDeltaResponse should return Error message for productUpdatesByIdentifiersResponse" name="EssUploadFileComponent productUpdatesByDeltaResponse should return Error message for productUpdatesByIdentifiersResponse" time="0.016">
    </testcase>
    <testcase classname="EssUploadFileComponent productUpdatesByDeltaResponse should return Error message for productUpdatesByIdentifiersResponse" name="EssUploadFileComponent productUpdatesByDeltaResponse should return Error message for productUpdatesByIdentifiersResponse" time="0.017">
    </testcase>
    <testcase classname="EssUploadFileComponent productUpdatesByDeltaResponse should return Error message for productInformationSinceDateTime" name="EssUploadFileComponent productUpdatesByDeltaResponse should return Error message for productInformationSinceDateTime" time="0.041">
    </testcase>
    <testcase classname="EssUploadFileComponent productUpdatesByDeltaResponse should return Error message for productInformationSinceDateTime" name="EssUploadFileComponent productUpdatesByDeltaResponse should return Error message for productInformationSinceDateTime" time="0.02">
    </testcase>
    <testcase classname="EssUploadFileComponent validatation should raise &quot;No valid ENCs found&quot; info" name="EssUploadFileComponent validatation should raise &quot;No valid ENCs found&quot; info" time="0.058">
    </testcase>
    <testcase classname="EssUploadFileComponent validatation should raise &quot;No valid ENCs found&quot; info" name="EssUploadFileComponent validatation should raise &quot;No valid ENCs found&quot; info" time="0.032">
    </testcase>
    <testcase classname="EssUploadFileComponent validation should raise &quot;There has been no updates for the ENCs in the date range selected&quot;info" name="EssUploadFileComponent validation should raise &quot;There has been no updates for the ENCs in the date range selected&quot;info" time="0.018">
    </testcase>
    <testcase classname="EssUploadFileComponent validation should raise &quot;There has been no updates for the ENCs in the date range selected&quot;info" name="EssUploadFileComponent validation should raise &quot;There has been no updates for the ENCs in the date range selected&quot;info" time="0.02">
    </testcase>
    <testcase classname="EssUploadFileComponent validation should raise for AIO cell when product updates are not available" name="EssUploadFileComponent validation should raise for AIO cell when product updates are not available" time="0.013">
    </testcase>
    <testcase classname="EssUploadFileComponent validation should raise for AIO cell and invalid cell when product updates are not available" name="EssUploadFileComponent validation should raise for AIO cell and invalid cell when product updates are not available" time="0.02">
    </testcase>
    <testcase classname="EssUploadFileComponent validation should raise &quot;There has been no updates for the ENCs in the date range selected&quot;info when product updates not available" name="EssUploadFileComponent validation should raise &quot;There has been no updates for the ENCs in the date range selected&quot;info when product updates not available" time="0.013">
    </testcase>
    <testcase classname="EssUploadFileComponent validation should raise &quot;There has been no updates for the ENCs in the date range selected&quot;info when product updates not available" name="EssUploadFileComponent validation should raise &quot;There has been no updates for the ENCs in the date range selected&quot;info when product updates not available" time="0.013">
    </testcase>
    <testcase classname="EssUploadFileComponent validation should raise invalid cell when product updates are not available" name="EssUploadFileComponent validation should raise invalid cell when product updates are not available" time="0.026">
    </testcase>
    <testcase classname="EssUploadFileComponent validation should raise invalid cell when product updates are not available" name="EssUploadFileComponent validation should raise invalid cell when product updates are not available" time="0.017">
    </testcase>
    <testcase classname="EssUploadFileComponent validation should raise for AIO cell when product updates are not available (304 not modified response)" name="EssUploadFileComponent validation should raise for AIO cell when product updates are not available (304 not modified response)" time="0.015">
    </testcase>
    <testcase classname="EssUploadFileComponent validation should raise aio and invalid cell when product updates are not available (304 not modified response)" name="EssUploadFileComponent validation should raise aio and invalid cell when product updates are not available (304 not modified response)" time="0.016">
    </testcase>
    <testcase classname="EssUploadFileComponent validation should raise &quot;There has been no updates for the ENCs in the date range selected&quot;info when product updates not available (304 not modified response)" name="EssUploadFileComponent validation should raise &quot;There has been no updates for the ENCs in the date range selected&quot;info when product updates not available (304 not modified response)" time="0.02">
    </testcase>
    <testcase classname="EssUploadFileComponent validation should raise &quot;There has been no updates for the ENCs in the date range selected&quot;info when product updates not available (304 not modified response)" name="EssUploadFileComponent validation should raise &quot;There has been no updates for the ENCs in the date range selected&quot;info when product updates not available (304 not modified response)" time="0.014">
    </testcase>
    <testcase classname="EssUploadFileComponent validation should raise invalid cell when product updates are not available (304 not modified response)" name="EssUploadFileComponent validation should raise invalid cell when product updates are not available (304 not modified response)" time="0.014">
    </testcase>
    <testcase classname="EssUploadFileComponent validation should raise invalid cell when product updates are not available (304 not modified response)" name="EssUploadFileComponent validation should raise invalid cell when product updates are not available (304 not modified response)" time="0.018">
    </testcase>
    <testcase classname="EssUploadFileComponent validatation should raise &quot;No valid ENCs found&quot; and AIO message info" name="EssUploadFileComponent validatation should raise &quot;No valid ENCs found&quot; and AIO message info" time="0.012">
    </testcase>
    <testcase classname="EssUploadFileComponent loadFileReader should raise error for unsupported file type" name="EssUploadFileComponent loadFileReader should raise error for unsupported file type" time="0.011">
    </testcase>
  </testsuite>
  <testsuite name="FssAdvancedSearchComponent" errors="0" failures="0" skipped="0" timestamp="2025-01-13T09:34:44" time="3.849" tests="33">
    <testcase classname="FssAdvancedSearchComponent should create" name="FssAdvancedSearchComponent should create" time="0.353">
    </testcase>
    <testcase classname="FssAdvancedSearchComponent should return datatype as &quot;attribute&quot; when UserAttribute is passed" name="FssAdvancedSearchComponent should return datatype as &quot;attribute&quot; when UserAttribute is passed" time="0.388">
    </testcase>
    <testcase classname="FssAdvancedSearchComponent should return datatype as &quot;string&quot; when SystemAttribute FileName is passed" name="FssAdvancedSearchComponent should return datatype as &quot;string&quot; when SystemAttribute FileName is passed" time="0.011">
    </testcase>
    <testcase classname="FssAdvancedSearchComponent should return filtered operators based on number datatype" name="FssAdvancedSearchComponent should return filtered operators based on number datatype" time="0.01">
    </testcase>
    <testcase classname="FssAdvancedSearchComponent should return value type text based on datatype string" name="FssAdvancedSearchComponent should return value type text based on datatype string" time="0.012">
    </testcase>
    <testcase classname="FssAdvancedSearchComponent should return operator type nullOperator based on operator value ne null" name="FssAdvancedSearchComponent should return operator type nullOperator based on operator value ne null" time="0.029">
    </testcase>
    <testcase classname="FssAdvancedSearchComponent should return second row based on rowid passed" name="FssAdvancedSearchComponent should return second row based on rowid passed" time="0.01">
    </testcase>
    <testcase classname="FssAdvancedSearchComponent should return only SystemAttribute fields when type = SystemAttribute is passed through pipe" name="FssAdvancedSearchComponent should return only SystemAttribute fields when type = SystemAttribute is passed through pipe" time="0.013">
    </testcase>
    <testcase classname="FssAdvancedSearchComponent should return only UserAttribute fields when type = UserAttribute is passed through pipe" name="FssAdvancedSearchComponent should return only UserAttribute fields when type = UserAttribute is passed through pipe" time="0.019">
    </testcase>
    <testcase classname="FssAdvancedSearchComponent should return flag false when FileSize value is passed as number" name="FssAdvancedSearchComponent should return flag false when FileSize value is passed as number" time="0.014">
    </testcase>
    <testcase classname="FssAdvancedSearchComponent should return row count 2 when Add new line is called twice" name="FssAdvancedSearchComponent should return row count 2 when Add new line is called twice" time="0.014">
    </testcase>
    <testcase classname="FssAdvancedSearchComponent should return row count 2 when 3 rows exist and delete is called" name="FssAdvancedSearchComponent should return row count 2 when 3 rows exist and delete is called" time="0.016">
    </testcase>
    <testcase classname="FssAdvancedSearchComponent should hide Value input when nullOperator is selected in the row" name="FssAdvancedSearchComponent should hide Value input when nullOperator is selected in the row" time="0.009">
    </testcase>
    <testcase classname="FssAdvancedSearchComponent should return group already exists validation when duplicate group is added" name="FssAdvancedSearchComponent should return group already exists validation when duplicate group is added" time="0.019">
    </testcase>
    <testcase classname="FssAdvancedSearchComponent should return group cannot intersect validation when intersecting group is added" name="FssAdvancedSearchComponent should return group cannot intersect validation when intersecting group is added" time="0.013">
    </testcase>
    <testcase classname="FssAdvancedSearchComponent should return group count 2 when 1 groups exist and add group clicked is called" name="FssAdvancedSearchComponent should return group count 2 when 1 groups exist and add group clicked is called" time="0.021">
    </testcase>
    <testcase classname="FssAdvancedSearchComponent should return row count 2 &amp; modify grouping when 3 rows exist and delete is called" name="FssAdvancedSearchComponent should return row count 2 &amp; modify grouping when 3 rows exist and delete is called" time="0.029">
    </testcase>
    <testcase classname="FssAdvancedSearchComponent should return group count 1 when 2 groups exist and delete group is called" name="FssAdvancedSearchComponent should return group count 1 when 2 groups exist and delete group is called" time="0.032">
    </testcase>
    <testcase classname="FssAdvancedSearchComponent should return row count 2 when addSearchRow function is called twice" name="FssAdvancedSearchComponent should return row count 2 when addSearchRow function is called twice" time="0.02">
    </testcase>
    <testcase classname="FssAdvancedSearchComponent should emit when the advanced search button is clicked" name="FssAdvancedSearchComponent should emit when the advanced search button is clicked" time="0.013">
    </testcase>
    <testcase classname="FssAdvancedSearchComponent should show simplified search Link if displaySimplifiedSearchLink is true" name="FssAdvancedSearchComponent should show simplified search Link if displaySimplifiedSearchLink is true" time="0.752">
    </testcase>
    <testcase classname="FssSearchHelperService should be created" name="FssSearchHelperService should be created" time="0.004">
    </testcase>
    <testcase classname="FssSearchHelperService should return field value &quot;FileName&quot; when field text is changed to &quot;@FileName&quot;" name="FssSearchHelperService should return field value &quot;FileName&quot; when field text is changed to &quot;@FileName&quot;" time="0.004">
    </testcase>
    <testcase classname="FssSearchHelperService should return false as endswith operator does not exists for BatchExpiryDate" name="FssSearchHelperService should return false as endswith operator does not exists for BatchExpiryDate" time="0.005">
    </testcase>
    <testcase classname="FssSearchHelperService should return true as endswith operator exists for BatchExpiryDate" name="FssSearchHelperService should return true as endswith operator exists for BatchExpiryDate" time="0.009">
    </testcase>
    <testcase classname="FssSearchHelperService should return datatype as &quot;attribute&quot; when UserAttribute is passed" name="FssSearchHelperService should return datatype as &quot;attribute&quot; when UserAttribute is passed" time="0.014">
    </testcase>
    <testcase classname="FssSearchHelperService should return datatype as &quot;string&quot; when SystemAttribute FileName is passed" name="FssSearchHelperService should return datatype as &quot;string&quot; when SystemAttribute FileName is passed" time="0.004">
    </testcase>
    <testcase classname="FssSearchHelperService should return second row based on rowid passed" name="FssSearchHelperService should return second row based on rowid passed" time="0.004">
    </testcase>
    <testcase classname="FssSearchHelperService should return filtered operators based on number datatype" name="FssSearchHelperService should return filtered operators based on number datatype" time="0.004">
    </testcase>
    <testcase classname="FssSearchHelperService should return value type text based on datatype string" name="FssSearchHelperService should return value type text based on datatype string" time="0.02">
    </testcase>
    <testcase classname="FssSearchHelperService should return operator type nullOperator based on operator value ne null" name="FssSearchHelperService should return operator type nullOperator based on operator value ne null" time="0.004">
    </testcase>
    <testcase classname="FssSearchHelperService should hide Value input when nullOperator is selected in the row" name="FssSearchHelperService should hide Value input when nullOperator is selected in the row" time="0.003">
    </testcase>
    <testcase classname="FssSearchHelperService should show Value input when other than nullOperator is selected in the row" name="FssSearchHelperService should show Value input when other than nullOperator is selected in the row" time="0.004">
    </testcase>
  </testsuite>
  <testsuite name="FssSearchComponent" errors="0" failures="0" skipped="0" timestamp="2025-01-13T09:34:47" time="1.162" tests="2">
    <testcase classname="FssSearchComponent should create FssSearchComponent" name="FssSearchComponent should create FssSearchComponent" time="0.124">
    </testcase>
    <testcase classname="FssSearchComponent should have filterGroups ordered to match the configuration after transformSearchAttributesToFilter is called" name="FssSearchComponent should have filterGroups ordered to match the configuration after transformSearchAttributesToFilter is called" time="0.044">
    </testcase>
  </testsuite>
  <testsuite name="FssSimplifiedSearchComponent" errors="0" failures="0" skipped="0" timestamp="2025-01-13T09:34:47" time="1.562" tests="9">
    <testcase classname="FssSimplifiedSearchComponent should create FssSimplifiedSearchComponent" name="FssSimplifiedSearchComponent should create FssSimplifiedSearchComponent" time="0.074">
    </testcase>
    <testcase classname="FssSimplifiedSearchComponent should emit when the simplified search button is clicked" name="FssSimplifiedSearchComponent should emit when the simplified search button is clicked" time="0.012">
    </testcase>
    <testcase classname="FssSimplifiedSearchComponent should show Advanced search Link" name="FssSimplifiedSearchComponent should show Advanced search Link" time="0.038">
    </testcase>
    <testcase classname="FssSimplifiedSearchComponent should return filterExpression when the simplified search button is clicked with extra blank space" name="FssSimplifiedSearchComponent should return filterExpression when the simplified search button is clicked with extra blank space" time="0.011">
    </testcase>
    <testcase classname="FssSimplifiedSearchComponent should return filterExpression when the simplified search button is clicked with no extra blank space" name="FssSimplifiedSearchComponent should return filterExpression when the simplified search button is clicked with no extra blank space" time="0.03">
    </testcase>
    <testcase classname="FssSimplifiedSearchComponent should strip all single quotes from simplified search text" name="FssSimplifiedSearchComponent should strip all single quotes from simplified search text" time="0.011">
    </testcase>
    <testcase classname="FssSimplifiedSearchComponent should show the content of exchange sets on search page" name="FssSimplifiedSearchComponent should show the content of exchange sets on search page" time="0.022">
    </testcase>
    <testcase classname="FssSimplifiedSearchComponent should show the subtitle of exchange sets on search page" name="FssSimplifiedSearchComponent should show the subtitle of exchange sets on search page" time="0.016">
    </testcase>
    <testcase classname="FssSimplifiedSearchComponent should show Make an exchange set Link" name="FssSimplifiedSearchComponent should show Make an exchange set Link" time="0.054">
    </testcase>
  </testsuite>
  <testsuite name="FssSearchValidatorService" errors="0" failures="0" skipped="0" timestamp="2025-01-13T09:34:48" time="1.036" tests="5">
    <testcase classname="FssSearchValidatorService should be created" name="FssSearchValidatorService should be created" time="0.007">
    </testcase>
    <testcase classname="FssSearchValidatorService should highlight the value field when FileSize value is not entered" name="FssSearchValidatorService should highlight the value field when FileSize value is not entered" time="0.011">
    </testcase>
    <testcase classname="FssSearchValidatorService should return datatype as &quot;date&quot; when SystemAttribute BatchExpiryDate is passed" name="FssSearchValidatorService should return datatype as &quot;date&quot; when SystemAttribute BatchExpiryDate is passed" time="0.004">
    </testcase>
    <testcase classname="FssSearchValidatorService should highlight the value field when BatchExpiryDate value is not entered when non null operator is selected" name="FssSearchValidatorService should highlight the value field when BatchExpiryDate value is not entered when non null operator is selected" time="0.019">
    </testcase>
    <testcase classname="FssSearchValidatorService should return operator type nullOperator based on operator value ne null" name="FssSearchValidatorService should return operator type nullOperator based on operator value ne null" time="0.005">
    </testcase>
  </testsuite>
  <testsuite name="FssHeaderComponent" errors="0" failures="9" skipped="0" timestamp="2025-01-13T09:34:46" time="3.252" tests="9">
    <testcase classname="FssHeaderComponent should exist msalService" name="FssHeaderComponent should exist msalService" time="0.078">
      <failure>TypeError: window.crypto.getRandomValues is not a function
    at getRandomValues (C:\Source\Repos\file-share-service-ui\node_modules\@azure\msal-browser\src\crypto\BrowserCrypto.ts:93:19)
    at getRandomUint32 (C:\Source\Repos\file-share-service-ui\node_modules\@azure\msal-browser\src\crypto\BrowserCrypto.ts:104:22)
    at EventHandler.createNewGuid [as addEventCallback] (C:\Source\Repos\file-share-service-ui\node_modules\@azure\msal-browser\src\event\EventHandler.ts:45:32)
    at StandardController.addEventCallback (C:\Source\Repos\file-share-service-ui\node_modules\@azure\msal-browser\src\controllers\StandardController.ts:1724:34)
    at PublicClientApplication.addEventCallback (C:\Source\Repos\file-share-service-ui\node_modules\@azure\msal-browser\src\app\PublicClientApplication.ts:149:32)
    at new addEventCallback (C:\Source\Repos\file-share-service-ui\node_modules\@azure\msal-angular\fesm2020\azure-msal-angular.mjs:180:23)
    at Object.MsalBroadcastService_Factory [as factory] (ng:///MsalBroadcastService/ɵfac.js:5:10)
    at factory (C:\Source\Repos\file-share-service-ui\node_modules\@angular\core\fesm2022\core.mjs:2415:35)
    at callback (C:\Source\Repos\file-share-service-ui\node_modules\@angular\core\fesm2022\core.mjs:1017:5)
    at R3Injector.runInInjectorProfilerContext [as hydrate] (C:\Source\Repos\file-share-service-ui\node_modules\@angular\core\fesm2022\core.mjs:2414:11)
    at R3Injector.hydrate [as get] (C:\Source\Repos\file-share-service-ui\node_modules\@angular\core\fesm2022\core.mjs:2307:23)
    at _TestBedImpl.get [as inject] (C:\Source\Repos\file-share-service-ui\node_modules\@angular\core\fesm2022\testing.mjs:1573:48)
    at Function.inject (C:\Source\Repos\file-share-service-ui\node_modules\@angular\core\fesm2022\testing.mjs:1444:34)
    at C:\Source\Repos\file-share-service-ui\Tests\UnitTests\fss-header.component.spec.ts:53:35
    at processTicksAndRejections (node:internal/process/task_queues:95:5)</failure>
    </testcase>
    <testcase classname="FssHeaderComponent should exist signInButtonService" name="FssHeaderComponent should exist signInButtonService" time="0.008">
      <failure>TypeError: window.crypto.getRandomValues is not a function
    at getRandomValues (C:\Source\Repos\file-share-service-ui\node_modules\@azure\msal-browser\src\crypto\BrowserCrypto.ts:93:19)
    at getRandomUint32 (C:\Source\Repos\file-share-service-ui\node_modules\@azure\msal-browser\src\crypto\BrowserCrypto.ts:104:22)
    at EventHandler.createNewGuid [as addEventCallback] (C:\Source\Repos\file-share-service-ui\node_modules\@azure\msal-browser\src\event\EventHandler.ts:45:32)
    at StandardController.addEventCallback (C:\Source\Repos\file-share-service-ui\node_modules\@azure\msal-browser\src\controllers\StandardController.ts:1724:34)
    at PublicClientApplication.addEventCallback (C:\Source\Repos\file-share-service-ui\node_modules\@azure\msal-browser\src\app\PublicClientApplication.ts:149:32)
    at new addEventCallback (C:\Source\Repos\file-share-service-ui\node_modules\@azure\msal-angular\fesm2020\azure-msal-angular.mjs:180:23)
    at Object.MsalBroadcastService_Factory [as factory] (ng:///MsalBroadcastService/ɵfac.js:5:10)
    at factory (C:\Source\Repos\file-share-service-ui\node_modules\@angular\core\fesm2022\core.mjs:2415:35)
    at callback (C:\Source\Repos\file-share-service-ui\node_modules\@angular\core\fesm2022\core.mjs:1017:5)
    at R3Injector.runInInjectorProfilerContext [as hydrate] (C:\Source\Repos\file-share-service-ui\node_modules\@angular\core\fesm2022\core.mjs:2414:11)
    at R3Injector.hydrate [as get] (C:\Source\Repos\file-share-service-ui\node_modules\@angular\core\fesm2022\core.mjs:2307:23)
    at _TestBedImpl.get [as inject] (C:\Source\Repos\file-share-service-ui\node_modules\@angular\core\fesm2022\testing.mjs:1573:48)
    at Function.inject (C:\Source\Repos\file-share-service-ui\node_modules\@angular\core\fesm2022\testing.mjs:1444:34)
    at C:\Source\Repos\file-share-service-ui\Tests\UnitTests\fss-header.component.spec.ts:53:35
    at processTicksAndRejections (node:internal/process/task_queues:95:5)</failure>
    </testcase>
    <testcase classname="FssHeaderComponent should have header component" name="FssHeaderComponent should have header component" time="0.006">
      <failure>TypeError: window.crypto.getRandomValues is not a function
    at getRandomValues (C:\Source\Repos\file-share-service-ui\node_modules\@azure\msal-browser\src\crypto\BrowserCrypto.ts:93:19)
    at getRandomUint32 (C:\Source\Repos\file-share-service-ui\node_modules\@azure\msal-browser\src\crypto\BrowserCrypto.ts:104:22)
    at EventHandler.createNewGuid [as addEventCallback] (C:\Source\Repos\file-share-service-ui\node_modules\@azure\msal-browser\src\event\EventHandler.ts:45:32)
    at StandardController.addEventCallback (C:\Source\Repos\file-share-service-ui\node_modules\@azure\msal-browser\src\controllers\StandardController.ts:1724:34)
    at PublicClientApplication.addEventCallback (C:\Source\Repos\file-share-service-ui\node_modules\@azure\msal-browser\src\app\PublicClientApplication.ts:149:32)
    at new addEventCallback (C:\Source\Repos\file-share-service-ui\node_modules\@azure\msal-angular\fesm2020\azure-msal-angular.mjs:180:23)
    at Object.MsalBroadcastService_Factory [as factory] (ng:///MsalBroadcastService/ɵfac.js:5:10)
    at factory (C:\Source\Repos\file-share-service-ui\node_modules\@angular\core\fesm2022\core.mjs:2415:35)
    at callback (C:\Source\Repos\file-share-service-ui\node_modules\@angular\core\fesm2022\core.mjs:1017:5)
    at R3Injector.runInInjectorProfilerContext [as hydrate] (C:\Source\Repos\file-share-service-ui\node_modules\@angular\core\fesm2022\core.mjs:2414:11)
    at R3Injector.hydrate [as get] (C:\Source\Repos\file-share-service-ui\node_modules\@angular\core\fesm2022\core.mjs:2307:23)
    at _TestBedImpl.get [as inject] (C:\Source\Repos\file-share-service-ui\node_modules\@angular\core\fesm2022\testing.mjs:1573:48)
    at Function.inject (C:\Source\Repos\file-share-service-ui\node_modules\@angular\core\fesm2022\testing.mjs:1444:34)
    at C:\Source\Repos\file-share-service-ui\Tests\UnitTests\fss-header.component.spec.ts:53:35
    at processTicksAndRejections (node:internal/process/task_queues:95:5)</failure>
    </testcase>
    <testcase classname="FssHeaderComponent should exist" name="FssHeaderComponent should exist" time="0.009">
      <failure>TypeError: window.crypto.getRandomValues is not a function
    at getRandomValues (C:\Source\Repos\file-share-service-ui\node_modules\@azure\msal-browser\src\crypto\BrowserCrypto.ts:93:19)
    at getRandomUint32 (C:\Source\Repos\file-share-service-ui\node_modules\@azure\msal-browser\src\crypto\BrowserCrypto.ts:104:22)
    at EventHandler.createNewGuid [as addEventCallback] (C:\Source\Repos\file-share-service-ui\node_modules\@azure\msal-browser\src\event\EventHandler.ts:45:32)
    at StandardController.addEventCallback (C:\Source\Repos\file-share-service-ui\node_modules\@azure\msal-browser\src\controllers\StandardController.ts:1724:34)
    at PublicClientApplication.addEventCallback (C:\Source\Repos\file-share-service-ui\node_modules\@azure\msal-browser\src\app\PublicClientApplication.ts:149:32)
    at new addEventCallback (C:\Source\Repos\file-share-service-ui\node_modules\@azure\msal-angular\fesm2020\azure-msal-angular.mjs:180:23)
    at Object.MsalBroadcastService_Factory [as factory] (ng:///MsalBroadcastService/ɵfac.js:5:10)
    at factory (C:\Source\Repos\file-share-service-ui\node_modules\@angular\core\fesm2022\core.mjs:2415:35)
    at callback (C:\Source\Repos\file-share-service-ui\node_modules\@angular\core\fesm2022\core.mjs:1017:5)
    at R3Injector.runInInjectorProfilerContext [as hydrate] (C:\Source\Repos\file-share-service-ui\node_modules\@angular\core\fesm2022\core.mjs:2414:11)
    at R3Injector.hydrate [as get] (C:\Source\Repos\file-share-service-ui\node_modules\@angular\core\fesm2022\core.mjs:2307:23)
    at _TestBedImpl.get [as inject] (C:\Source\Repos\file-share-service-ui\node_modules\@angular\core\fesm2022\testing.mjs:1573:48)
    at Function.inject (C:\Source\Repos\file-share-service-ui\node_modules\@angular\core\fesm2022\testing.mjs:1444:34)
    at C:\Source\Repos\file-share-service-ui\Tests\UnitTests\fss-header.component.spec.ts:53:35
    at processTicksAndRejections (node:internal/process/task_queues:95:5)</failure>
    </testcase>
    <testcase classname="FssHeaderComponent should exist the title in header" name="FssHeaderComponent should exist the title in header" time="0.006">
      <failure>TypeError: window.crypto.getRandomValues is not a function
    at getRandomValues (C:\Source\Repos\file-share-service-ui\node_modules\@azure\msal-browser\src\crypto\BrowserCrypto.ts:93:19)
    at getRandomUint32 (C:\Source\Repos\file-share-service-ui\node_modules\@azure\msal-browser\src\crypto\BrowserCrypto.ts:104:22)
    at EventHandler.createNewGuid [as addEventCallback] (C:\Source\Repos\file-share-service-ui\node_modules\@azure\msal-browser\src\event\EventHandler.ts:45:32)
    at StandardController.addEventCallback (C:\Source\Repos\file-share-service-ui\node_modules\@azure\msal-browser\src\controllers\StandardController.ts:1724:34)
    at PublicClientApplication.addEventCallback (C:\Source\Repos\file-share-service-ui\node_modules\@azure\msal-browser\src\app\PublicClientApplication.ts:149:32)
    at new addEventCallback (C:\Source\Repos\file-share-service-ui\node_modules\@azure\msal-angular\fesm2020\azure-msal-angular.mjs:180:23)
    at Object.MsalBroadcastService_Factory [as factory] (ng:///MsalBroadcastService/ɵfac.js:5:10)
    at factory (C:\Source\Repos\file-share-service-ui\node_modules\@angular\core\fesm2022\core.mjs:2415:35)
    at callback (C:\Source\Repos\file-share-service-ui\node_modules\@angular\core\fesm2022\core.mjs:1017:5)
    at R3Injector.runInInjectorProfilerContext [as hydrate] (C:\Source\Repos\file-share-service-ui\node_modules\@angular\core\fesm2022\core.mjs:2414:11)
    at R3Injector.hydrate [as get] (C:\Source\Repos\file-share-service-ui\node_modules\@angular\core\fesm2022\core.mjs:2307:23)
    at _TestBedImpl.get [as inject] (C:\Source\Repos\file-share-service-ui\node_modules\@angular\core\fesm2022\testing.mjs:1573:48)
    at Function.inject (C:\Source\Repos\file-share-service-ui\node_modules\@angular\core\fesm2022\testing.mjs:1444:34)
    at C:\Source\Repos\file-share-service-ui\Tests\UnitTests\fss-header.component.spec.ts:53:35
    at processTicksAndRejections (node:internal/process/task_queues:95:5)</failure>
    </testcase>
    <testcase classname="FssHeaderComponent should exist Exchange set menu item in header" name="FssHeaderComponent should exist Exchange set menu item in header" time="0.01">
      <failure>TypeError: window.crypto.getRandomValues is not a function
    at getRandomValues (C:\Source\Repos\file-share-service-ui\node_modules\@azure\msal-browser\src\crypto\BrowserCrypto.ts:93:19)
    at getRandomUint32 (C:\Source\Repos\file-share-service-ui\node_modules\@azure\msal-browser\src\crypto\BrowserCrypto.ts:104:22)
    at EventHandler.createNewGuid [as addEventCallback] (C:\Source\Repos\file-share-service-ui\node_modules\@azure\msal-browser\src\event\EventHandler.ts:45:32)
    at StandardController.addEventCallback (C:\Source\Repos\file-share-service-ui\node_modules\@azure\msal-browser\src\controllers\StandardController.ts:1724:34)
    at PublicClientApplication.addEventCallback (C:\Source\Repos\file-share-service-ui\node_modules\@azure\msal-browser\src\app\PublicClientApplication.ts:149:32)
    at new addEventCallback (C:\Source\Repos\file-share-service-ui\node_modules\@azure\msal-angular\fesm2020\azure-msal-angular.mjs:180:23)
    at Object.MsalBroadcastService_Factory [as factory] (ng:///MsalBroadcastService/ɵfac.js:5:10)
    at factory (C:\Source\Repos\file-share-service-ui\node_modules\@angular\core\fesm2022\core.mjs:2415:35)
    at callback (C:\Source\Repos\file-share-service-ui\node_modules\@angular\core\fesm2022\core.mjs:1017:5)
    at R3Injector.runInInjectorProfilerContext [as hydrate] (C:\Source\Repos\file-share-service-ui\node_modules\@angular\core\fesm2022\core.mjs:2414:11)
    at R3Injector.hydrate [as get] (C:\Source\Repos\file-share-service-ui\node_modules\@angular\core\fesm2022\core.mjs:2307:23)
    at _TestBedImpl.get [as inject] (C:\Source\Repos\file-share-service-ui\node_modules\@angular\core\fesm2022\testing.mjs:1573:48)
    at Function.inject (C:\Source\Repos\file-share-service-ui\node_modules\@angular\core\fesm2022\testing.mjs:1444:34)
    at C:\Source\Repos\file-share-service-ui\Tests\UnitTests\fss-header.component.spec.ts:53:35
    at processTicksAndRejections (node:internal/process/task_queues:95:5)</failure>
    </testcase>
    <testcase classname="FssHeaderComponent should not exist Exchange set search, menu item in header if not logged in" name="FssHeaderComponent should not exist Exchange set search, menu item in header if not logged in" time="0.006">
      <failure>TypeError: window.crypto.getRandomValues is not a function
    at getRandomValues (C:\Source\Repos\file-share-service-ui\node_modules\@azure\msal-browser\src\crypto\BrowserCrypto.ts:93:19)
    at getRandomUint32 (C:\Source\Repos\file-share-service-ui\node_modules\@azure\msal-browser\src\crypto\BrowserCrypto.ts:104:22)
    at EventHandler.createNewGuid [as addEventCallback] (C:\Source\Repos\file-share-service-ui\node_modules\@azure\msal-browser\src\event\EventHandler.ts:45:32)
    at StandardController.addEventCallback (C:\Source\Repos\file-share-service-ui\node_modules\@azure\msal-browser\src\controllers\StandardController.ts:1724:34)
    at PublicClientApplication.addEventCallback (C:\Source\Repos\file-share-service-ui\node_modules\@azure\msal-browser\src\app\PublicClientApplication.ts:149:32)
    at new addEventCallback (C:\Source\Repos\file-share-service-ui\node_modules\@azure\msal-angular\fesm2020\azure-msal-angular.mjs:180:23)
    at Object.MsalBroadcastService_Factory [as factory] (ng:///MsalBroadcastService/ɵfac.js:5:10)
    at factory (C:\Source\Repos\file-share-service-ui\node_modules\@angular\core\fesm2022\core.mjs:2415:35)
    at callback (C:\Source\Repos\file-share-service-ui\node_modules\@angular\core\fesm2022\core.mjs:1017:5)
    at R3Injector.runInInjectorProfilerContext [as hydrate] (C:\Source\Repos\file-share-service-ui\node_modules\@angular\core\fesm2022\core.mjs:2414:11)
    at R3Injector.hydrate [as get] (C:\Source\Repos\file-share-service-ui\node_modules\@angular\core\fesm2022\core.mjs:2307:23)
    at _TestBedImpl.get [as inject] (C:\Source\Repos\file-share-service-ui\node_modules\@angular\core\fesm2022\testing.mjs:1573:48)
    at Function.inject (C:\Source\Repos\file-share-service-ui\node_modules\@angular\core\fesm2022\testing.mjs:1444:34)
    at C:\Source\Repos\file-share-service-ui\Tests\UnitTests\fss-header.component.spec.ts:53:35
    at processTicksAndRejections (node:internal/process/task_queues:95:5)</failure>
    </testcase>
    <testcase classname="FssHeaderComponent should exist Search menu item in header" name="FssHeaderComponent should exist Search menu item in header" time="0.009">
      <failure>TypeError: window.crypto.getRandomValues is not a function
    at getRandomValues (C:\Source\Repos\file-share-service-ui\node_modules\@azure\msal-browser\src\crypto\BrowserCrypto.ts:93:19)
    at getRandomUint32 (C:\Source\Repos\file-share-service-ui\node_modules\@azure\msal-browser\src\crypto\BrowserCrypto.ts:104:22)
    at EventHandler.createNewGuid [as addEventCallback] (C:\Source\Repos\file-share-service-ui\node_modules\@azure\msal-browser\src\event\EventHandler.ts:45:32)
    at StandardController.addEventCallback (C:\Source\Repos\file-share-service-ui\node_modules\@azure\msal-browser\src\controllers\StandardController.ts:1724:34)
    at PublicClientApplication.addEventCallback (C:\Source\Repos\file-share-service-ui\node_modules\@azure\msal-browser\src\app\PublicClientApplication.ts:149:32)
    at new addEventCallback (C:\Source\Repos\file-share-service-ui\node_modules\@azure\msal-angular\fesm2020\azure-msal-angular.mjs:180:23)
    at Object.MsalBroadcastService_Factory [as factory] (ng:///MsalBroadcastService/ɵfac.js:5:10)
    at factory (C:\Source\Repos\file-share-service-ui\node_modules\@angular\core\fesm2022\core.mjs:2415:35)
    at callback (C:\Source\Repos\file-share-service-ui\node_modules\@angular\core\fesm2022\core.mjs:1017:5)
    at R3Injector.runInInjectorProfilerContext [as hydrate] (C:\Source\Repos\file-share-service-ui\node_modules\@angular\core\fesm2022\core.mjs:2414:11)
    at R3Injector.hydrate [as get] (C:\Source\Repos\file-share-service-ui\node_modules\@angular\core\fesm2022\core.mjs:2307:23)
    at _TestBedImpl.get [as inject] (C:\Source\Repos\file-share-service-ui\node_modules\@angular\core\fesm2022\testing.mjs:1573:48)
    at Function.inject (C:\Source\Repos\file-share-service-ui\node_modules\@angular\core\fesm2022\testing.mjs:1444:34)
    at C:\Source\Repos\file-share-service-ui\Tests\UnitTests\fss-header.component.spec.ts:53:35
    at processTicksAndRejections (node:internal/process/task_queues:95:5)</failure>
    </testcase>
    <testcase classname="FssHeaderComponent should set isPrivilegedUser to true for admin domains" name="FssHeaderComponent should set isPrivilegedUser to true for admin domains" time="0.014">
      <failure>TypeError: window.crypto.getRandomValues is not a function
    at getRandomValues (C:\Source\Repos\file-share-service-ui\node_modules\@azure\msal-browser\src\crypto\BrowserCrypto.ts:93:19)
    at getRandomUint32 (C:\Source\Repos\file-share-service-ui\node_modules\@azure\msal-browser\src\crypto\BrowserCrypto.ts:104:22)
    at EventHandler.createNewGuid [as addEventCallback] (C:\Source\Repos\file-share-service-ui\node_modules\@azure\msal-browser\src\event\EventHandler.ts:45:32)
    at StandardController.addEventCallback (C:\Source\Repos\file-share-service-ui\node_modules\@azure\msal-browser\src\controllers\StandardController.ts:1724:34)
    at PublicClientApplication.addEventCallback (C:\Source\Repos\file-share-service-ui\node_modules\@azure\msal-browser\src\app\PublicClientApplication.ts:149:32)
    at new addEventCallback (C:\Source\Repos\file-share-service-ui\node_modules\@azure\msal-angular\fesm2020\azure-msal-angular.mjs:180:23)
    at Object.MsalBroadcastService_Factory [as factory] (ng:///MsalBroadcastService/ɵfac.js:5:10)
    at factory (C:\Source\Repos\file-share-service-ui\node_modules\@angular\core\fesm2022\core.mjs:2415:35)
    at callback (C:\Source\Repos\file-share-service-ui\node_modules\@angular\core\fesm2022\core.mjs:1017:5)
    at R3Injector.runInInjectorProfilerContext [as hydrate] (C:\Source\Repos\file-share-service-ui\node_modules\@angular\core\fesm2022\core.mjs:2414:11)
    at R3Injector.hydrate [as get] (C:\Source\Repos\file-share-service-ui\node_modules\@angular\core\fesm2022\core.mjs:2307:23)
    at _TestBedImpl.get [as inject] (C:\Source\Repos\file-share-service-ui\node_modules\@angular\core\fesm2022\testing.mjs:1573:48)
    at Function.inject (C:\Source\Repos\file-share-service-ui\node_modules\@angular\core\fesm2022\testing.mjs:1444:34)
    at C:\Source\Repos\file-share-service-ui\Tests\UnitTests\fss-header.component.spec.ts:53:35
    at processTicksAndRejections (node:internal/process/task_queues:95:5)</failure>
    </testcase>
  </testsuite>
  <testsuite name="AuthGuard" errors="0" failures="0" skipped="0" timestamp="2025-01-13T09:34:48" time="1.208" tests="8">
    <testcase classname="AuthGuard should be created" name="AuthGuard should be created" time="0.009">
    </testcase>
    <testcase classname="AuthGuard canActivate should return false and call router with [&quot;search&quot;] if account exists and url is /" name="AuthGuard canActivate should return false and call router with [&quot;search&quot;] if account exists and url is /" time="0.006">
    </testcase>
    <testcase classname="AuthGuard canActivate should return true if account exists and url is /search" name="AuthGuard canActivate should return true if account exists and url is /search" time="0.004">
    </testcase>
    <testcase classname="AuthGuard canActivate should return true if account exists and url is /enc-list" name="AuthGuard canActivate should return true if account exists and url is /enc-list" time="0.003">
    </testcase>
    <testcase classname="AuthGuard canActivate should return false if account exists and enc list is null and url is /enc-list" name="AuthGuard canActivate should return false if account exists and enc list is null and url is /enc-list" time="0.005">
    </testcase>
    <testcase classname="AuthGuard canActivate should return false and call router.navigation with [&quot;&quot;] if account is null and url is /search" name="AuthGuard canActivate should return false and call router.navigation with [&quot;&quot;] if account is null and url is /search" time="0.004">
    </testcase>
    <testcase classname="AuthGuard canActivate should return true if account is null and url is /" name="AuthGuard canActivate should return true if account is null and url is /" time="0.008">
    </testcase>
    <testcase classname="AuthGuard canActivate should return false if account is null and url is &quot;&quot;" name="AuthGuard canActivate should return false if account is null and url is &quot;&quot;" time="0.009">
    </testcase>
  </testsuite>
  <testsuite name="FssAdvancedSearchComponent" errors="0" failures="50" skipped="0" timestamp="2025-01-13T09:34:15" time="33.445" tests="71">
    <testcase classname="FssAdvancedSearchComponent should create" name="FssAdvancedSearchComponent should create" time="0.404">
    </testcase>
    <testcase classname="FssAdvancedSearchComponent should return datatype as &quot;attribute&quot; when UserAttribute is passed" name="FssAdvancedSearchComponent should return datatype as &quot;attribute&quot; when UserAttribute is passed" time="0.392">
    </testcase>
    <testcase classname="FssAdvancedSearchComponent should return datatype as &quot;string&quot; when SystemAttribute FileName is passed" name="FssAdvancedSearchComponent should return datatype as &quot;string&quot; when SystemAttribute FileName is passed" time="0.018">
    </testcase>
    <testcase classname="FssAdvancedSearchComponent should return filtered operators based on number datatype" name="FssAdvancedSearchComponent should return filtered operators based on number datatype" time="0.014">
    </testcase>
    <testcase classname="FssAdvancedSearchComponent should return value type text based on datatype string" name="FssAdvancedSearchComponent should return value type text based on datatype string" time="0.024">
    </testcase>
    <testcase classname="FssAdvancedSearchComponent should return operator type nullOperator based on operator value ne null" name="FssAdvancedSearchComponent should return operator type nullOperator based on operator value ne null" time="0.018">
    </testcase>
    <testcase classname="FssAdvancedSearchComponent should return second row based on rowid passed" name="FssAdvancedSearchComponent should return second row based on rowid passed" time="0.011">
    </testcase>
    <testcase classname="FssAdvancedSearchComponent should return only SystemAttribute fields when type = SystemAttribute is passed through pipe" name="FssAdvancedSearchComponent should return only SystemAttribute fields when type = SystemAttribute is passed through pipe" time="0.009">
    </testcase>
    <testcase classname="FssAdvancedSearchComponent should return only UserAttribute fields when type = UserAttribute is passed through pipe" name="FssAdvancedSearchComponent should return only UserAttribute fields when type = UserAttribute is passed through pipe" time="0.017">
    </testcase>
    <testcase classname="FssAdvancedSearchComponent should return flag false when FileSize value is passed as number" name="FssAdvancedSearchComponent should return flag false when FileSize value is passed as number" time="0.032">
    </testcase>
    <testcase classname="FssAdvancedSearchComponent should return row count 2 when Add new line is called twice" name="FssAdvancedSearchComponent should return row count 2 when Add new line is called twice" time="0.025">
    </testcase>
    <testcase classname="FssAdvancedSearchComponent should return row count 2 when 3 rows exist and delete is called" name="FssAdvancedSearchComponent should return row count 2 when 3 rows exist and delete is called" time="0.026">
    </testcase>
    <testcase classname="FssAdvancedSearchComponent should hide Value input when nullOperator is selected in the row" name="FssAdvancedSearchComponent should hide Value input when nullOperator is selected in the row" time="0.011">
    </testcase>
    <testcase classname="FssAdvancedSearchComponent should return group already exists validation when duplicate group is added" name="FssAdvancedSearchComponent should return group already exists validation when duplicate group is added" time="0.009">
    </testcase>
    <testcase classname="FssAdvancedSearchComponent should return group cannot intersect validation when intersecting group is added" name="FssAdvancedSearchComponent should return group cannot intersect validation when intersecting group is added" time="0.011">
    </testcase>
    <testcase classname="FssAdvancedSearchComponent should return group count 2 when 1 groups exist and add group clicked is called" name="FssAdvancedSearchComponent should return group count 2 when 1 groups exist and add group clicked is called" time="0.015">
    </testcase>
    <testcase classname="FssAdvancedSearchComponent should return row count 2 &amp; modify grouping when 3 rows exist and delete is called" name="FssAdvancedSearchComponent should return row count 2 &amp; modify grouping when 3 rows exist and delete is called" time="0.03">
    </testcase>
    <testcase classname="FssAdvancedSearchComponent should return group count 1 when 2 groups exist and delete group is called" name="FssAdvancedSearchComponent should return group count 1 when 2 groups exist and delete group is called" time="0.013">
    </testcase>
    <testcase classname="FssAdvancedSearchComponent should return row count 2 when addSearchRow function is called twice" name="FssAdvancedSearchComponent should return row count 2 when addSearchRow function is called twice" time="0.026">
    </testcase>
    <testcase classname="FssAdvancedSearchComponent should emit when the advanced search button is clicked" name="FssAdvancedSearchComponent should emit when the advanced search button is clicked" time="0.012">
    </testcase>
    <testcase classname="FssAdvancedSearchComponent should show simplified search Link if displaySimplifiedSearchLink is true" name="FssAdvancedSearchComponent should show simplified search Link if displaySimplifiedSearchLink is true" time="0.621">
    </testcase>
    <testcase classname="EssListEncsComponent should create" name="EssListEncsComponent should create" time="0.21">
      <failure>NullInjectorError: R3InjectorError(DynamicTestModule)[InjectionToken CDK_TABLE -&gt; InjectionToken CDK_TABLE]: 
  NullInjectorError: No provider for InjectionToken CDK_TABLE!
    at NullInjector.get (C:\Source\Repos\file-share-service-ui\node_modules\@angular\core\fesm2022\core.mjs:1427:21)
    at R3Injector.get (C:\Source\Repos\file-share-service-ui\node_modules\@angular\core\fesm2022\core.mjs:2312:27)
    at R3Injector.get (C:\Source\Repos\file-share-service-ui\node_modules\@angular\core\fesm2022\core.mjs:2312:27)
    at ChainedInjector.get (C:\Source\Repos\file-share-service-ui\node_modules\@angular\core\fesm2022\core.mjs:9866:32)
    at get (C:\Source\Repos\file-share-service-ui\node_modules\@angular\core\fesm2022\core.mjs:3831:31)
    at lookupTokenUsingModuleInjector (C:\Source\Repos\file-share-service-ui\node_modules\@angular\core\fesm2022\core.mjs:3856:10)
    at getOrCreateInjectable (C:\Source\Repos\file-share-service-ui\node_modules\@angular\core\fesm2022\core.mjs:6788:17)
    at ɵɵinject (C:\Source\Repos\file-share-service-ui\node_modules\@angular\core\fesm2022\core.mjs:1146:58)
    at ɵɵinject (C:\Source\Repos\file-share-service-ui\node_modules\@angular\core\fesm2022\core.mjs:1155:10)
    at new _HeaderRowOutlet (C:\Source\Repos\file-share-service-ui\node_modules\@angular\cdk\fesm2022\table.mjs:996:41)
    at NodeInjectorFactory._HeaderRowOutlet_Factory [as factory] (ng:///_HeaderRowOutlet/ɵfac.js:5:10)
    at factory (C:\Source\Repos\file-share-service-ui\node_modules\@angular\core\fesm2022\core.mjs:4008:38)
    at getNodeInjectable (C:\Source\Repos\file-share-service-ui\node_modules\@angular\core\fesm2022\core.mjs:7376:23)
    at instantiateAllDirectives (C:\Source\Repos\file-share-service-ui\node_modules\@angular\core\fesm2022\core.mjs:6967:3)
    at createDirectivesInstances (C:\Source\Repos\file-share-service-ui\node_modules\@angular\core\fesm2022\core.mjs:14052:5)
    at ɵɵelementContainerStart (C:\Source\Repos\file-share-service-ui\node_modules\@angular\core\fesm2022\core.mjs:14084:3)
    at TableComponent_Conditional_3_Template (ng:///TableComponent.js:12:5)
    at templateFn (C:\Source\Repos\file-share-service-ui\node_modules\@angular\core\fesm2022\core.mjs:6938:5)
    at executeTemplate (C:\Source\Repos\file-share-service-ui\node_modules\@angular\core\fesm2022\core.mjs:7728:7)
    at renderView (C:\Source\Repos\file-share-service-ui\node_modules\@angular\core\fesm2022\core.mjs:7777:5)
    at createAndRenderEmbeddedLView (C:\Source\Repos\file-share-service-ui\node_modules\@angular\core\fesm2022\core.mjs:13739:31)
    at TableComponent_Template (ng:///TableComponent.js:41:5)
    at templateFn (C:\Source\Repos\file-share-service-ui\node_modules\@angular\core\fesm2022\core.mjs:6938:5)
    at executeTemplate (C:\Source\Repos\file-share-service-ui\node_modules\@angular\core\fesm2022\core.mjs:7959:7)
    at refreshView (C:\Source\Repos\file-share-service-ui\node_modules\@angular\core\fesm2022\core.mjs:8122:5)
    at detectChangesInView$1 (C:\Source\Repos\file-share-service-ui\node_modules\@angular\core\fesm2022\core.mjs:8106:3)
    at detectChangesInViewIfAttached (C:\Source\Repos\file-share-service-ui\node_modules\@angular\core\fesm2022\core.mjs:8100:3)
    at detectChangesInComponent (C:\Source\Repos\file-share-service-ui\node_modules\@angular\core\fesm2022\core.mjs:8142:5)
    at detectChangesInChildComponents (C:\Source\Repos\file-share-service-ui\node_modules\@angular\core\fesm2022\core.mjs:8015:7)
    at refreshView (C:\Source\Repos\file-share-service-ui\node_modules\@angular\core\fesm2022\core.mjs:8122:5)
    at detectChangesInView$1 (C:\Source\Repos\file-share-service-ui\node_modules\@angular\core\fesm2022\core.mjs:8106:3)
    at detectChangesInViewIfAttached (C:\Source\Repos\file-share-service-ui\node_modules\@angular\core\fesm2022\core.mjs:8079:7)
    at detectChangesInEmbeddedViews (C:\Source\Repos\file-share-service-ui\node_modules\@angular\core\fesm2022\core.mjs:7981:5)
    at refreshView (C:\Source\Repos\file-share-service-ui\node_modules\@angular\core\fesm2022\core.mjs:8122:5)
    at detectChangesInView$1 (C:\Source\Repos\file-share-service-ui\node_modules\@angular\core\fesm2022\core.mjs:8106:3)
    at detectChangesInViewIfAttached (C:\Source\Repos\file-share-service-ui\node_modules\@angular\core\fesm2022\core.mjs:8100:3)
    at detectChangesInComponent (C:\Source\Repos\file-share-service-ui\node_modules\@angular\core\fesm2022\core.mjs:8142:5)
    at detectChangesInChildComponents (C:\Source\Repos\file-share-service-ui\node_modules\@angular\core\fesm2022\core.mjs:8015:7)
    at refreshView (C:\Source\Repos\file-share-service-ui\node_modules\@angular\core\fesm2022\core.mjs:8122:5)
    at detectChangesInView$1 (C:\Source\Repos\file-share-service-ui\node_modules\@angular\core\fesm2022\core.mjs:7918:3)
    at detectChangesInViewWhileDirty (C:\Source\Repos\file-share-service-ui\node_modules\@angular\core\fesm2022\core.mjs:7904:5)
    at ViewRef$1.detectChangesInternal [as detectChanges] (C:\Source\Repos\file-share-service-ui\node_modules\@angular\core\fesm2022\core.mjs:8382:5)
    at detectChanges (C:\Source\Repos\file-share-service-ui\node_modules\@angular\core\fesm2022\testing.mjs:340:30)
    at _ZoneDelegate.invoke (C:\Source\Repos\file-share-service-ui\node_modules\zone.js\bundles\zone.umd.js:395:160)
    at ProxyZoneSpec.onInvoke (C:\Source\Repos\file-share-service-ui\node_modules\zone.js\bundles\zone-testing.umd.js:2157:35)
    at _ZoneDelegate.invoke (C:\Source\Repos\file-share-service-ui\node_modules\zone.js\bundles\zone.umd.js:395:48)
    at Object.invoke [as onInvoke] (C:\Source\Repos\file-share-service-ui\node_modules\@angular\core\fesm2022\core.mjs:9306:25)
    at _ZoneDelegate.invoke (C:\Source\Repos\file-share-service-ui\node_modules\zone.js\bundles\zone.umd.js:395:48)
    at ZoneImpl.run (C:\Source\Repos\file-share-service-ui\node_modules\zone.js\bundles\zone.umd.js:145:37)
    at NgZone.run (C:\Source\Repos\file-share-service-ui\node_modules\@angular\core\fesm2022\core.mjs:9197:24)
    at PseudoApplicationComponentFixture.run [as detectChanges] (C:\Source\Repos\file-share-service-ui\node_modules\@angular\core\fesm2022\testing.mjs:339:18)
    at C:\Source\Repos\file-share-service-ui\Tests\UnitTests\ess-list-encs.component.spec.ts:377:13
    at _ZoneDelegate.invoke (C:\Source\Repos\file-share-service-ui\node_modules\zone.js\bundles\zone.umd.js:395:160)
    at ProxyZoneSpec.onInvoke (C:\Source\Repos\file-share-service-ui\node_modules\zone.js\bundles\zone-testing.umd.js:2157:35)
    at _ZoneDelegate.invoke (C:\Source\Repos\file-share-service-ui\node_modules\zone.js\bundles\zone.umd.js:395:48)
    at ZoneImpl.run (C:\Source\Repos\file-share-service-ui\node_modules\zone.js\bundles\zone.umd.js:145:37)
    at Object.wrappedFunc (C:\Source\Repos\file-share-service-ui\node_modules\zone.js\bundles\zone-testing.umd.js:430:28)
    at Promise.then.completed (C:\Source\Repos\file-share-service-ui\node_modules\jest-circus\build\utils.js:298:28)
    at new Promise (&lt;anonymous&gt;)
    at callAsyncCircusFn (C:\Source\Repos\file-share-service-ui\node_modules\jest-circus\build\utils.js:231:10)
    at _callCircusHook (C:\Source\Repos\file-share-service-ui\node_modules\jest-circus\build\run.js:281:40)
    at processTicksAndRejections (node:internal/process/task_queues:95:5)
    at _runTest (C:\Source\Repos\file-share-service-ui\node_modules\jest-circus\build\run.js:246:5)
    at _runTestsForDescribeBlock (C:\Source\Repos\file-share-service-ui\node_modules\jest-circus\build\run.js:126:9)
    at _runTestsForDescribeBlock (C:\Source\Repos\file-share-service-ui\node_modules\jest-circus\build\run.js:121:9)
    at run (C:\Source\Repos\file-share-service-ui\node_modules\jest-circus\build\run.js:71:3)
    at runAndTransformResultsToJestFormat (C:\Source\Repos\file-share-service-ui\node_modules\jest-circus\build\legacy-code-todo-rewrite\jestAdapterInit.js:122:21)</failure>
    </testcase>
    <testcase classname="EssListEncsComponent should set info message if displayErrorMessage is set to true on ngOnInit" name="EssListEncsComponent should set info message if displayErrorMessage is set to true on ngOnInit" time="0.044">
      <failure>NullInjectorError: R3InjectorError(DynamicTestModule)[InjectionToken CDK_TABLE -&gt; InjectionToken CDK_TABLE]: 
  NullInjectorError: No provider for InjectionToken CDK_TABLE!
    at NullInjector.get (C:\Source\Repos\file-share-service-ui\node_modules\@angular\core\fesm2022\core.mjs:1427:21)
    at R3Injector.get (C:\Source\Repos\file-share-service-ui\node_modules\@angular\core\fesm2022\core.mjs:2312:27)
    at R3Injector.get (C:\Source\Repos\file-share-service-ui\node_modules\@angular\core\fesm2022\core.mjs:2312:27)
    at ChainedInjector.get (C:\Source\Repos\file-share-service-ui\node_modules\@angular\core\fesm2022\core.mjs:9866:32)
    at get (C:\Source\Repos\file-share-service-ui\node_modules\@angular\core\fesm2022\core.mjs:3831:31)
    at lookupTokenUsingModuleInjector (C:\Source\Repos\file-share-service-ui\node_modules\@angular\core\fesm2022\core.mjs:3856:10)
    at getOrCreateInjectable (C:\Source\Repos\file-share-service-ui\node_modules\@angular\core\fesm2022\core.mjs:6788:17)
    at ɵɵinject (C:\Source\Repos\file-share-service-ui\node_modules\@angular\core\fesm2022\core.mjs:1146:58)
    at ɵɵinject (C:\Source\Repos\file-share-service-ui\node_modules\@angular\core\fesm2022\core.mjs:1155:10)
    at new _HeaderRowOutlet (C:\Source\Repos\file-share-service-ui\node_modules\@angular\cdk\fesm2022\table.mjs:996:41)
    at NodeInjectorFactory._HeaderRowOutlet_Factory [as factory] (ng:///_HeaderRowOutlet/ɵfac.js:5:10)
    at factory (C:\Source\Repos\file-share-service-ui\node_modules\@angular\core\fesm2022\core.mjs:4008:38)
    at getNodeInjectable (C:\Source\Repos\file-share-service-ui\node_modules\@angular\core\fesm2022\core.mjs:7376:23)
    at instantiateAllDirectives (C:\Source\Repos\file-share-service-ui\node_modules\@angular\core\fesm2022\core.mjs:6967:3)
    at createDirectivesInstances (C:\Source\Repos\file-share-service-ui\node_modules\@angular\core\fesm2022\core.mjs:14052:5)
    at ɵɵelementContainerStart (C:\Source\Repos\file-share-service-ui\node_modules\@angular\core\fesm2022\core.mjs:14084:3)
    at TableComponent_Conditional_3_Template (ng:///TableComponent.js:12:5)
    at templateFn (C:\Source\Repos\file-share-service-ui\node_modules\@angular\core\fesm2022\core.mjs:6938:5)
    at executeTemplate (C:\Source\Repos\file-share-service-ui\node_modules\@angular\core\fesm2022\core.mjs:7728:7)
    at renderView (C:\Source\Repos\file-share-service-ui\node_modules\@angular\core\fesm2022\core.mjs:7777:5)
    at createAndRenderEmbeddedLView (C:\Source\Repos\file-share-service-ui\node_modules\@angular\core\fesm2022\core.mjs:13739:31)
    at TableComponent_Template (ng:///TableComponent.js:41:5)
    at templateFn (C:\Source\Repos\file-share-service-ui\node_modules\@angular\core\fesm2022\core.mjs:6938:5)
    at executeTemplate (C:\Source\Repos\file-share-service-ui\node_modules\@angular\core\fesm2022\core.mjs:7959:7)
    at refreshView (C:\Source\Repos\file-share-service-ui\node_modules\@angular\core\fesm2022\core.mjs:8122:5)
    at detectChangesInView$1 (C:\Source\Repos\file-share-service-ui\node_modules\@angular\core\fesm2022\core.mjs:8106:3)
    at detectChangesInViewIfAttached (C:\Source\Repos\file-share-service-ui\node_modules\@angular\core\fesm2022\core.mjs:8100:3)
    at detectChangesInComponent (C:\Source\Repos\file-share-service-ui\node_modules\@angular\core\fesm2022\core.mjs:8142:5)
    at detectChangesInChildComponents (C:\Source\Repos\file-share-service-ui\node_modules\@angular\core\fesm2022\core.mjs:8015:7)
    at refreshView (C:\Source\Repos\file-share-service-ui\node_modules\@angular\core\fesm2022\core.mjs:8122:5)
    at detectChangesInView$1 (C:\Source\Repos\file-share-service-ui\node_modules\@angular\core\fesm2022\core.mjs:8106:3)
    at detectChangesInViewIfAttached (C:\Source\Repos\file-share-service-ui\node_modules\@angular\core\fesm2022\core.mjs:8079:7)
    at detectChangesInEmbeddedViews (C:\Source\Repos\file-share-service-ui\node_modules\@angular\core\fesm2022\core.mjs:7981:5)
    at refreshView (C:\Source\Repos\file-share-service-ui\node_modules\@angular\core\fesm2022\core.mjs:8122:5)
    at detectChangesInView$1 (C:\Source\Repos\file-share-service-ui\node_modules\@angular\core\fesm2022\core.mjs:8106:3)
    at detectChangesInViewIfAttached (C:\Source\Repos\file-share-service-ui\node_modules\@angular\core\fesm2022\core.mjs:8100:3)
    at detectChangesInComponent (C:\Source\Repos\file-share-service-ui\node_modules\@angular\core\fesm2022\core.mjs:8142:5)
    at detectChangesInChildComponents (C:\Source\Repos\file-share-service-ui\node_modules\@angular\core\fesm2022\core.mjs:8015:7)
    at refreshView (C:\Source\Repos\file-share-service-ui\node_modules\@angular\core\fesm2022\core.mjs:8122:5)
    at detectChangesInView$1 (C:\Source\Repos\file-share-service-ui\node_modules\@angular\core\fesm2022\core.mjs:7918:3)
    at detectChangesInViewWhileDirty (C:\Source\Repos\file-share-service-ui\node_modules\@angular\core\fesm2022\core.mjs:7904:5)
    at ViewRef$1.detectChangesInternal [as detectChanges] (C:\Source\Repos\file-share-service-ui\node_modules\@angular\core\fesm2022\core.mjs:8382:5)
    at detectChanges (C:\Source\Repos\file-share-service-ui\node_modules\@angular\core\fesm2022\testing.mjs:340:30)
    at _ZoneDelegate.invoke (C:\Source\Repos\file-share-service-ui\node_modules\zone.js\bundles\zone.umd.js:395:160)
    at ProxyZoneSpec.onInvoke (C:\Source\Repos\file-share-service-ui\node_modules\zone.js\bundles\zone-testing.umd.js:2157:35)
    at _ZoneDelegate.invoke (C:\Source\Repos\file-share-service-ui\node_modules\zone.js\bundles\zone.umd.js:395:48)
    at Object.invoke [as onInvoke] (C:\Source\Repos\file-share-service-ui\node_modules\@angular\core\fesm2022\core.mjs:9306:25)
    at _ZoneDelegate.invoke (C:\Source\Repos\file-share-service-ui\node_modules\zone.js\bundles\zone.umd.js:395:48)
    at ZoneImpl.run (C:\Source\Repos\file-share-service-ui\node_modules\zone.js\bundles\zone.umd.js:145:37)
    at NgZone.run (C:\Source\Repos\file-share-service-ui\node_modules\@angular\core\fesm2022\core.mjs:9197:24)
    at PseudoApplicationComponentFixture.run [as detectChanges] (C:\Source\Repos\file-share-service-ui\node_modules\@angular\core\fesm2022\testing.mjs:339:18)
    at C:\Source\Repos\file-share-service-ui\Tests\UnitTests\ess-list-encs.component.spec.ts:377:13
    at _ZoneDelegate.invoke (C:\Source\Repos\file-share-service-ui\node_modules\zone.js\bundles\zone.umd.js:395:160)
    at ProxyZoneSpec.onInvoke (C:\Source\Repos\file-share-service-ui\node_modules\zone.js\bundles\zone-testing.umd.js:2157:35)
    at _ZoneDelegate.invoke (C:\Source\Repos\file-share-service-ui\node_modules\zone.js\bundles\zone.umd.js:395:48)
    at ZoneImpl.run (C:\Source\Repos\file-share-service-ui\node_modules\zone.js\bundles\zone.umd.js:145:37)
    at Object.wrappedFunc (C:\Source\Repos\file-share-service-ui\node_modules\zone.js\bundles\zone-testing.umd.js:430:28)
    at Promise.then.completed (C:\Source\Repos\file-share-service-ui\node_modules\jest-circus\build\utils.js:298:28)
    at new Promise (&lt;anonymous&gt;)
    at callAsyncCircusFn (C:\Source\Repos\file-share-service-ui\node_modules\jest-circus\build\utils.js:231:10)
    at _callCircusHook (C:\Source\Repos\file-share-service-ui\node_modules\jest-circus\build\run.js:281:40)
    at processTicksAndRejections (node:internal/process/task_queues:95:5)
    at _runTest (C:\Source\Repos\file-share-service-ui\node_modules\jest-circus\build\run.js:246:5)
    at _runTestsForDescribeBlock (C:\Source\Repos\file-share-service-ui\node_modules\jest-circus\build\run.js:126:9)
    at _runTestsForDescribeBlock (C:\Source\Repos\file-share-service-ui\node_modules\jest-circus\build\run.js:121:9)
    at run (C:\Source\Repos\file-share-service-ui\node_modules\jest-circus\build\run.js:71:3)
    at runAndTransformResultsToJestFormat (C:\Source\Repos\file-share-service-ui\node_modules\jest-circus\build\legacy-code-todo-rewrite\jestAdapterInit.js:122:21)</failure>
    </testcase>
    <testcase classname="EssListEncsComponent handleChange should call service.addSelectedEnc if enc is not present" name="EssListEncsComponent handleChange should call service.addSelectedEnc if enc is not present" time="0.039">
      <failure>NullInjectorError: R3InjectorError(DynamicTestModule)[InjectionToken CDK_TABLE -&gt; InjectionToken CDK_TABLE]: 
  NullInjectorError: No provider for InjectionToken CDK_TABLE!
    at NullInjector.get (C:\Source\Repos\file-share-service-ui\node_modules\@angular\core\fesm2022\core.mjs:1427:21)
    at R3Injector.get (C:\Source\Repos\file-share-service-ui\node_modules\@angular\core\fesm2022\core.mjs:2312:27)
    at R3Injector.get (C:\Source\Repos\file-share-service-ui\node_modules\@angular\core\fesm2022\core.mjs:2312:27)
    at ChainedInjector.get (C:\Source\Repos\file-share-service-ui\node_modules\@angular\core\fesm2022\core.mjs:9866:32)
    at get (C:\Source\Repos\file-share-service-ui\node_modules\@angular\core\fesm2022\core.mjs:3831:31)
    at lookupTokenUsingModuleInjector (C:\Source\Repos\file-share-service-ui\node_modules\@angular\core\fesm2022\core.mjs:3856:10)
    at getOrCreateInjectable (C:\Source\Repos\file-share-service-ui\node_modules\@angular\core\fesm2022\core.mjs:6788:17)
    at ɵɵinject (C:\Source\Repos\file-share-service-ui\node_modules\@angular\core\fesm2022\core.mjs:1146:58)
    at ɵɵinject (C:\Source\Repos\file-share-service-ui\node_modules\@angular\core\fesm2022\core.mjs:1155:10)
    at new _HeaderRowOutlet (C:\Source\Repos\file-share-service-ui\node_modules\@angular\cdk\fesm2022\table.mjs:996:41)
    at NodeInjectorFactory._HeaderRowOutlet_Factory [as factory] (ng:///_HeaderRowOutlet/ɵfac.js:5:10)
    at factory (C:\Source\Repos\file-share-service-ui\node_modules\@angular\core\fesm2022\core.mjs:4008:38)
    at getNodeInjectable (C:\Source\Repos\file-share-service-ui\node_modules\@angular\core\fesm2022\core.mjs:7376:23)
    at instantiateAllDirectives (C:\Source\Repos\file-share-service-ui\node_modules\@angular\core\fesm2022\core.mjs:6967:3)
    at createDirectivesInstances (C:\Source\Repos\file-share-service-ui\node_modules\@angular\core\fesm2022\core.mjs:14052:5)
    at ɵɵelementContainerStart (C:\Source\Repos\file-share-service-ui\node_modules\@angular\core\fesm2022\core.mjs:14084:3)
    at TableComponent_Conditional_3_Template (ng:///TableComponent.js:12:5)
    at templateFn (C:\Source\Repos\file-share-service-ui\node_modules\@angular\core\fesm2022\core.mjs:6938:5)
    at executeTemplate (C:\Source\Repos\file-share-service-ui\node_modules\@angular\core\fesm2022\core.mjs:7728:7)
    at renderView (C:\Source\Repos\file-share-service-ui\node_modules\@angular\core\fesm2022\core.mjs:7777:5)
    at createAndRenderEmbeddedLView (C:\Source\Repos\file-share-service-ui\node_modules\@angular\core\fesm2022\core.mjs:13739:31)
    at TableComponent_Template (ng:///TableComponent.js:41:5)
    at templateFn (C:\Source\Repos\file-share-service-ui\node_modules\@angular\core\fesm2022\core.mjs:6938:5)
    at executeTemplate (C:\Source\Repos\file-share-service-ui\node_modules\@angular\core\fesm2022\core.mjs:7959:7)
    at refreshView (C:\Source\Repos\file-share-service-ui\node_modules\@angular\core\fesm2022\core.mjs:8122:5)
    at detectChangesInView$1 (C:\Source\Repos\file-share-service-ui\node_modules\@angular\core\fesm2022\core.mjs:8106:3)
    at detectChangesInViewIfAttached (C:\Source\Repos\file-share-service-ui\node_modules\@angular\core\fesm2022\core.mjs:8100:3)
    at detectChangesInComponent (C:\Source\Repos\file-share-service-ui\node_modules\@angular\core\fesm2022\core.mjs:8142:5)
    at detectChangesInChildComponents (C:\Source\Repos\file-share-service-ui\node_modules\@angular\core\fesm2022\core.mjs:8015:7)
    at refreshView (C:\Source\Repos\file-share-service-ui\node_modules\@angular\core\fesm2022\core.mjs:8122:5)
    at detectChangesInView$1 (C:\Source\Repos\file-share-service-ui\node_modules\@angular\core\fesm2022\core.mjs:8106:3)
    at detectChangesInViewIfAttached (C:\Source\Repos\file-share-service-ui\node_modules\@angular\core\fesm2022\core.mjs:8079:7)
    at detectChangesInEmbeddedViews (C:\Source\Repos\file-share-service-ui\node_modules\@angular\core\fesm2022\core.mjs:7981:5)
    at refreshView (C:\Source\Repos\file-share-service-ui\node_modules\@angular\core\fesm2022\core.mjs:8122:5)
    at detectChangesInView$1 (C:\Source\Repos\file-share-service-ui\node_modules\@angular\core\fesm2022\core.mjs:8106:3)
    at detectChangesInViewIfAttached (C:\Source\Repos\file-share-service-ui\node_modules\@angular\core\fesm2022\core.mjs:8100:3)
    at detectChangesInComponent (C:\Source\Repos\file-share-service-ui\node_modules\@angular\core\fesm2022\core.mjs:8142:5)
    at detectChangesInChildComponents (C:\Source\Repos\file-share-service-ui\node_modules\@angular\core\fesm2022\core.mjs:8015:7)
    at refreshView (C:\Source\Repos\file-share-service-ui\node_modules\@angular\core\fesm2022\core.mjs:8122:5)
    at detectChangesInView$1 (C:\Source\Repos\file-share-service-ui\node_modules\@angular\core\fesm2022\core.mjs:7918:3)
    at detectChangesInViewWhileDirty (C:\Source\Repos\file-share-service-ui\node_modules\@angular\core\fesm2022\core.mjs:7904:5)
    at ViewRef$1.detectChangesInternal [as detectChanges] (C:\Source\Repos\file-share-service-ui\node_modules\@angular\core\fesm2022\core.mjs:8382:5)
    at detectChanges (C:\Source\Repos\file-share-service-ui\node_modules\@angular\core\fesm2022\testing.mjs:340:30)
    at _ZoneDelegate.invoke (C:\Source\Repos\file-share-service-ui\node_modules\zone.js\bundles\zone.umd.js:395:160)
    at ProxyZoneSpec.onInvoke (C:\Source\Repos\file-share-service-ui\node_modules\zone.js\bundles\zone-testing.umd.js:2157:35)
    at _ZoneDelegate.invoke (C:\Source\Repos\file-share-service-ui\node_modules\zone.js\bundles\zone.umd.js:395:48)
    at Object.invoke [as onInvoke] (C:\Source\Repos\file-share-service-ui\node_modules\@angular\core\fesm2022\core.mjs:9306:25)
    at _ZoneDelegate.invoke (C:\Source\Repos\file-share-service-ui\node_modules\zone.js\bundles\zone.umd.js:395:48)
    at ZoneImpl.run (C:\Source\Repos\file-share-service-ui\node_modules\zone.js\bundles\zone.umd.js:145:37)
    at NgZone.run (C:\Source\Repos\file-share-service-ui\node_modules\@angular\core\fesm2022\core.mjs:9197:24)
    at PseudoApplicationComponentFixture.run [as detectChanges] (C:\Source\Repos\file-share-service-ui\node_modules\@angular\core\fesm2022\testing.mjs:339:18)
    at C:\Source\Repos\file-share-service-ui\Tests\UnitTests\ess-list-encs.component.spec.ts:377:13
    at _ZoneDelegate.invoke (C:\Source\Repos\file-share-service-ui\node_modules\zone.js\bundles\zone.umd.js:395:160)
    at ProxyZoneSpec.onInvoke (C:\Source\Repos\file-share-service-ui\node_modules\zone.js\bundles\zone-testing.umd.js:2157:35)
    at _ZoneDelegate.invoke (C:\Source\Repos\file-share-service-ui\node_modules\zone.js\bundles\zone.umd.js:395:48)
    at ZoneImpl.run (C:\Source\Repos\file-share-service-ui\node_modules\zone.js\bundles\zone.umd.js:145:37)
    at Object.wrappedFunc (C:\Source\Repos\file-share-service-ui\node_modules\zone.js\bundles\zone-testing.umd.js:430:28)
    at Promise.then.completed (C:\Source\Repos\file-share-service-ui\node_modules\jest-circus\build\utils.js:298:28)
    at new Promise (&lt;anonymous&gt;)
    at callAsyncCircusFn (C:\Source\Repos\file-share-service-ui\node_modules\jest-circus\build\utils.js:231:10)
    at _callCircusHook (C:\Source\Repos\file-share-service-ui\node_modules\jest-circus\build\run.js:281:40)
    at processTicksAndRejections (node:internal/process/task_queues:95:5)
    at _runTest (C:\Source\Repos\file-share-service-ui\node_modules\jest-circus\build\run.js:246:5)
    at _runTestsForDescribeBlock (C:\Source\Repos\file-share-service-ui\node_modules\jest-circus\build\run.js:126:9)
    at _runTestsForDescribeBlock (C:\Source\Repos\file-share-service-ui\node_modules\jest-circus\build\run.js:121:9)
    at run (C:\Source\Repos\file-share-service-ui\node_modules\jest-circus\build\run.js:71:3)
    at runAndTransformResultsToJestFormat (C:\Source\Repos\file-share-service-ui\node_modules\jest-circus\build\legacy-code-todo-rewrite\jestAdapterInit.js:122:21)</failure>
    </testcase>
    <testcase classname="EssListEncsComponent handleChange should not call service.addSelectedEnc if selected enc&quot;s are greater than MaxEncSelectionLimit" name="EssListEncsComponent handleChange should not call service.addSelectedEnc if selected enc&quot;s are greater than MaxEncSelectionLimit" time="0.036">
      <failure>NullInjectorError: R3InjectorError(DynamicTestModule)[InjectionToken CDK_TABLE -&gt; InjectionToken CDK_TABLE]: 
  NullInjectorError: No provider for InjectionToken CDK_TABLE!
    at NullInjector.get (C:\Source\Repos\file-share-service-ui\node_modules\@angular\core\fesm2022\core.mjs:1427:21)
    at R3Injector.get (C:\Source\Repos\file-share-service-ui\node_modules\@angular\core\fesm2022\core.mjs:2312:27)
    at R3Injector.get (C:\Source\Repos\file-share-service-ui\node_modules\@angular\core\fesm2022\core.mjs:2312:27)
    at ChainedInjector.get (C:\Source\Repos\file-share-service-ui\node_modules\@angular\core\fesm2022\core.mjs:9866:32)
    at get (C:\Source\Repos\file-share-service-ui\node_modules\@angular\core\fesm2022\core.mjs:3831:31)
    at lookupTokenUsingModuleInjector (C:\Source\Repos\file-share-service-ui\node_modules\@angular\core\fesm2022\core.mjs:3856:10)
    at getOrCreateInjectable (C:\Source\Repos\file-share-service-ui\node_modules\@angular\core\fesm2022\core.mjs:6788:17)
    at ɵɵinject (C:\Source\Repos\file-share-service-ui\node_modules\@angular\core\fesm2022\core.mjs:1146:58)
    at ɵɵinject (C:\Source\Repos\file-share-service-ui\node_modules\@angular\core\fesm2022\core.mjs:1155:10)
    at new _HeaderRowOutlet (C:\Source\Repos\file-share-service-ui\node_modules\@angular\cdk\fesm2022\table.mjs:996:41)
    at NodeInjectorFactory._HeaderRowOutlet_Factory [as factory] (ng:///_HeaderRowOutlet/ɵfac.js:5:10)
    at factory (C:\Source\Repos\file-share-service-ui\node_modules\@angular\core\fesm2022\core.mjs:4008:38)
    at getNodeInjectable (C:\Source\Repos\file-share-service-ui\node_modules\@angular\core\fesm2022\core.mjs:7376:23)
    at instantiateAllDirectives (C:\Source\Repos\file-share-service-ui\node_modules\@angular\core\fesm2022\core.mjs:6967:3)
    at createDirectivesInstances (C:\Source\Repos\file-share-service-ui\node_modules\@angular\core\fesm2022\core.mjs:14052:5)
    at ɵɵelementContainerStart (C:\Source\Repos\file-share-service-ui\node_modules\@angular\core\fesm2022\core.mjs:14084:3)
    at TableComponent_Conditional_3_Template (ng:///TableComponent.js:12:5)
    at templateFn (C:\Source\Repos\file-share-service-ui\node_modules\@angular\core\fesm2022\core.mjs:6938:5)
    at executeTemplate (C:\Source\Repos\file-share-service-ui\node_modules\@angular\core\fesm2022\core.mjs:7728:7)
    at renderView (C:\Source\Repos\file-share-service-ui\node_modules\@angular\core\fesm2022\core.mjs:7777:5)
    at createAndRenderEmbeddedLView (C:\Source\Repos\file-share-service-ui\node_modules\@angular\core\fesm2022\core.mjs:13739:31)
    at TableComponent_Template (ng:///TableComponent.js:41:5)
    at templateFn (C:\Source\Repos\file-share-service-ui\node_modules\@angular\core\fesm2022\core.mjs:6938:5)
    at executeTemplate (C:\Source\Repos\file-share-service-ui\node_modules\@angular\core\fesm2022\core.mjs:7959:7)
    at refreshView (C:\Source\Repos\file-share-service-ui\node_modules\@angular\core\fesm2022\core.mjs:8122:5)
    at detectChangesInView$1 (C:\Source\Repos\file-share-service-ui\node_modules\@angular\core\fesm2022\core.mjs:8106:3)
    at detectChangesInViewIfAttached (C:\Source\Repos\file-share-service-ui\node_modules\@angular\core\fesm2022\core.mjs:8100:3)
    at detectChangesInComponent (C:\Source\Repos\file-share-service-ui\node_modules\@angular\core\fesm2022\core.mjs:8142:5)
    at detectChangesInChildComponents (C:\Source\Repos\file-share-service-ui\node_modules\@angular\core\fesm2022\core.mjs:8015:7)
    at refreshView (C:\Source\Repos\file-share-service-ui\node_modules\@angular\core\fesm2022\core.mjs:8122:5)
    at detectChangesInView$1 (C:\Source\Repos\file-share-service-ui\node_modules\@angular\core\fesm2022\core.mjs:8106:3)
    at detectChangesInViewIfAttached (C:\Source\Repos\file-share-service-ui\node_modules\@angular\core\fesm2022\core.mjs:8079:7)
    at detectChangesInEmbeddedViews (C:\Source\Repos\file-share-service-ui\node_modules\@angular\core\fesm2022\core.mjs:7981:5)
    at refreshView (C:\Source\Repos\file-share-service-ui\node_modules\@angular\core\fesm2022\core.mjs:8122:5)
    at detectChangesInView$1 (C:\Source\Repos\file-share-service-ui\node_modules\@angular\core\fesm2022\core.mjs:8106:3)
    at detectChangesInViewIfAttached (C:\Source\Repos\file-share-service-ui\node_modules\@angular\core\fesm2022\core.mjs:8100:3)
    at detectChangesInComponent (C:\Source\Repos\file-share-service-ui\node_modules\@angular\core\fesm2022\core.mjs:8142:5)
    at detectChangesInChildComponents (C:\Source\Repos\file-share-service-ui\node_modules\@angular\core\fesm2022\core.mjs:8015:7)
    at refreshView (C:\Source\Repos\file-share-service-ui\node_modules\@angular\core\fesm2022\core.mjs:8122:5)
    at detectChangesInView$1 (C:\Source\Repos\file-share-service-ui\node_modules\@angular\core\fesm2022\core.mjs:7918:3)
    at detectChangesInViewWhileDirty (C:\Source\Repos\file-share-service-ui\node_modules\@angular\core\fesm2022\core.mjs:7904:5)
    at ViewRef$1.detectChangesInternal [as detectChanges] (C:\Source\Repos\file-share-service-ui\node_modules\@angular\core\fesm2022\core.mjs:8382:5)
    at detectChanges (C:\Source\Repos\file-share-service-ui\node_modules\@angular\core\fesm2022\testing.mjs:340:30)
    at _ZoneDelegate.invoke (C:\Source\Repos\file-share-service-ui\node_modules\zone.js\bundles\zone.umd.js:395:160)
    at ProxyZoneSpec.onInvoke (C:\Source\Repos\file-share-service-ui\node_modules\zone.js\bundles\zone-testing.umd.js:2157:35)
    at _ZoneDelegate.invoke (C:\Source\Repos\file-share-service-ui\node_modules\zone.js\bundles\zone.umd.js:395:48)
    at Object.invoke [as onInvoke] (C:\Source\Repos\file-share-service-ui\node_modules\@angular\core\fesm2022\core.mjs:9306:25)
    at _ZoneDelegate.invoke (C:\Source\Repos\file-share-service-ui\node_modules\zone.js\bundles\zone.umd.js:395:48)
    at ZoneImpl.run (C:\Source\Repos\file-share-service-ui\node_modules\zone.js\bundles\zone.umd.js:145:37)
    at NgZone.run (C:\Source\Repos\file-share-service-ui\node_modules\@angular\core\fesm2022\core.mjs:9197:24)
    at PseudoApplicationComponentFixture.run [as detectChanges] (C:\Source\Repos\file-share-service-ui\node_modules\@angular\core\fesm2022\testing.mjs:339:18)
    at C:\Source\Repos\file-share-service-ui\Tests\UnitTests\ess-list-encs.component.spec.ts:377:13
    at _ZoneDelegate.invoke (C:\Source\Repos\file-share-service-ui\node_modules\zone.js\bundles\zone.umd.js:395:160)
    at ProxyZoneSpec.onInvoke (C:\Source\Repos\file-share-service-ui\node_modules\zone.js\bundles\zone-testing.umd.js:2157:35)
    at _ZoneDelegate.invoke (C:\Source\Repos\file-share-service-ui\node_modules\zone.js\bundles\zone.umd.js:395:48)
    at ZoneImpl.run (C:\Source\Repos\file-share-service-ui\node_modules\zone.js\bundles\zone.umd.js:145:37)
    at Object.wrappedFunc (C:\Source\Repos\file-share-service-ui\node_modules\zone.js\bundles\zone-testing.umd.js:430:28)
    at Promise.then.completed (C:\Source\Repos\file-share-service-ui\node_modules\jest-circus\build\utils.js:298:28)
    at new Promise (&lt;anonymous&gt;)
    at callAsyncCircusFn (C:\Source\Repos\file-share-service-ui\node_modules\jest-circus\build\utils.js:231:10)
    at _callCircusHook (C:\Source\Repos\file-share-service-ui\node_modules\jest-circus\build\run.js:281:40)
    at processTicksAndRejections (node:internal/process/task_queues:95:5)
    at _runTest (C:\Source\Repos\file-share-service-ui\node_modules\jest-circus\build\run.js:246:5)
    at _runTestsForDescribeBlock (C:\Source\Repos\file-share-service-ui\node_modules\jest-circus\build\run.js:126:9)
    at _runTestsForDescribeBlock (C:\Source\Repos\file-share-service-ui\node_modules\jest-circus\build\run.js:121:9)
    at run (C:\Source\Repos\file-share-service-ui\node_modules\jest-circus\build\run.js:71:3)
    at runAndTransformResultsToJestFormat (C:\Source\Repos\file-share-service-ui\node_modules\jest-circus\build\legacy-code-todo-rewrite\jestAdapterInit.js:122:21)</failure>
    </testcase>
    <testcase classname="EssListEncsComponent syncEncsBetweenTables should set encList and selectedEncList" name="EssListEncsComponent syncEncsBetweenTables should set encList and selectedEncList" time="0.054">
      <failure>NullInjectorError: R3InjectorError(DynamicTestModule)[InjectionToken CDK_TABLE -&gt; InjectionToken CDK_TABLE]: 
  NullInjectorError: No provider for InjectionToken CDK_TABLE!
    at NullInjector.get (C:\Source\Repos\file-share-service-ui\node_modules\@angular\core\fesm2022\core.mjs:1427:21)
    at R3Injector.get (C:\Source\Repos\file-share-service-ui\node_modules\@angular\core\fesm2022\core.mjs:2312:27)
    at R3Injector.get (C:\Source\Repos\file-share-service-ui\node_modules\@angular\core\fesm2022\core.mjs:2312:27)
    at ChainedInjector.get (C:\Source\Repos\file-share-service-ui\node_modules\@angular\core\fesm2022\core.mjs:9866:32)
    at get (C:\Source\Repos\file-share-service-ui\node_modules\@angular\core\fesm2022\core.mjs:3831:31)
    at lookupTokenUsingModuleInjector (C:\Source\Repos\file-share-service-ui\node_modules\@angular\core\fesm2022\core.mjs:3856:10)
    at getOrCreateInjectable (C:\Source\Repos\file-share-service-ui\node_modules\@angular\core\fesm2022\core.mjs:6788:17)
    at ɵɵinject (C:\Source\Repos\file-share-service-ui\node_modules\@angular\core\fesm2022\core.mjs:1146:58)
    at ɵɵinject (C:\Source\Repos\file-share-service-ui\node_modules\@angular\core\fesm2022\core.mjs:1155:10)
    at new _HeaderRowOutlet (C:\Source\Repos\file-share-service-ui\node_modules\@angular\cdk\fesm2022\table.mjs:996:41)
    at NodeInjectorFactory._HeaderRowOutlet_Factory [as factory] (ng:///_HeaderRowOutlet/ɵfac.js:5:10)
    at factory (C:\Source\Repos\file-share-service-ui\node_modules\@angular\core\fesm2022\core.mjs:4008:38)
    at getNodeInjectable (C:\Source\Repos\file-share-service-ui\node_modules\@angular\core\fesm2022\core.mjs:7376:23)
    at instantiateAllDirectives (C:\Source\Repos\file-share-service-ui\node_modules\@angular\core\fesm2022\core.mjs:6967:3)
    at createDirectivesInstances (C:\Source\Repos\file-share-service-ui\node_modules\@angular\core\fesm2022\core.mjs:14052:5)
    at ɵɵelementContainerStart (C:\Source\Repos\file-share-service-ui\node_modules\@angular\core\fesm2022\core.mjs:14084:3)
    at TableComponent_Conditional_3_Template (ng:///TableComponent.js:12:5)
    at templateFn (C:\Source\Repos\file-share-service-ui\node_modules\@angular\core\fesm2022\core.mjs:6938:5)
    at executeTemplate (C:\Source\Repos\file-share-service-ui\node_modules\@angular\core\fesm2022\core.mjs:7728:7)
    at renderView (C:\Source\Repos\file-share-service-ui\node_modules\@angular\core\fesm2022\core.mjs:7777:5)
    at createAndRenderEmbeddedLView (C:\Source\Repos\file-share-service-ui\node_modules\@angular\core\fesm2022\core.mjs:13739:31)
    at TableComponent_Template (ng:///TableComponent.js:41:5)
    at templateFn (C:\Source\Repos\file-share-service-ui\node_modules\@angular\core\fesm2022\core.mjs:6938:5)
    at executeTemplate (C:\Source\Repos\file-share-service-ui\node_modules\@angular\core\fesm2022\core.mjs:7959:7)
    at refreshView (C:\Source\Repos\file-share-service-ui\node_modules\@angular\core\fesm2022\core.mjs:8122:5)
    at detectChangesInView$1 (C:\Source\Repos\file-share-service-ui\node_modules\@angular\core\fesm2022\core.mjs:8106:3)
    at detectChangesInViewIfAttached (C:\Source\Repos\file-share-service-ui\node_modules\@angular\core\fesm2022\core.mjs:8100:3)
    at detectChangesInComponent (C:\Source\Repos\file-share-service-ui\node_modules\@angular\core\fesm2022\core.mjs:8142:5)
    at detectChangesInChildComponents (C:\Source\Repos\file-share-service-ui\node_modules\@angular\core\fesm2022\core.mjs:8015:7)
    at refreshView (C:\Source\Repos\file-share-service-ui\node_modules\@angular\core\fesm2022\core.mjs:8122:5)
    at detectChangesInView$1 (C:\Source\Repos\file-share-service-ui\node_modules\@angular\core\fesm2022\core.mjs:8106:3)
    at detectChangesInViewIfAttached (C:\Source\Repos\file-share-service-ui\node_modules\@angular\core\fesm2022\core.mjs:8079:7)
    at detectChangesInEmbeddedViews (C:\Source\Repos\file-share-service-ui\node_modules\@angular\core\fesm2022\core.mjs:7981:5)
    at refreshView (C:\Source\Repos\file-share-service-ui\node_modules\@angular\core\fesm2022\core.mjs:8122:5)
    at detectChangesInView$1 (C:\Source\Repos\file-share-service-ui\node_modules\@angular\core\fesm2022\core.mjs:8106:3)
    at detectChangesInViewIfAttached (C:\Source\Repos\file-share-service-ui\node_modules\@angular\core\fesm2022\core.mjs:8100:3)
    at detectChangesInComponent (C:\Source\Repos\file-share-service-ui\node_modules\@angular\core\fesm2022\core.mjs:8142:5)
    at detectChangesInChildComponents (C:\Source\Repos\file-share-service-ui\node_modules\@angular\core\fesm2022\core.mjs:8015:7)
    at refreshView (C:\Source\Repos\file-share-service-ui\node_modules\@angular\core\fesm2022\core.mjs:8122:5)
    at detectChangesInView$1 (C:\Source\Repos\file-share-service-ui\node_modules\@angular\core\fesm2022\core.mjs:7918:3)
    at detectChangesInViewWhileDirty (C:\Source\Repos\file-share-service-ui\node_modules\@angular\core\fesm2022\core.mjs:7904:5)
    at ViewRef$1.detectChangesInternal [as detectChanges] (C:\Source\Repos\file-share-service-ui\node_modules\@angular\core\fesm2022\core.mjs:8382:5)
    at detectChanges (C:\Source\Repos\file-share-service-ui\node_modules\@angular\core\fesm2022\testing.mjs:340:30)
    at _ZoneDelegate.invoke (C:\Source\Repos\file-share-service-ui\node_modules\zone.js\bundles\zone.umd.js:395:160)
    at ProxyZoneSpec.onInvoke (C:\Source\Repos\file-share-service-ui\node_modules\zone.js\bundles\zone-testing.umd.js:2157:35)
    at _ZoneDelegate.invoke (C:\Source\Repos\file-share-service-ui\node_modules\zone.js\bundles\zone.umd.js:395:48)
    at Object.invoke [as onInvoke] (C:\Source\Repos\file-share-service-ui\node_modules\@angular\core\fesm2022\core.mjs:9306:25)
    at _ZoneDelegate.invoke (C:\Source\Repos\file-share-service-ui\node_modules\zone.js\bundles\zone.umd.js:395:48)
    at ZoneImpl.run (C:\Source\Repos\file-share-service-ui\node_modules\zone.js\bundles\zone.umd.js:145:37)
    at NgZone.run (C:\Source\Repos\file-share-service-ui\node_modules\@angular\core\fesm2022\core.mjs:9197:24)
    at PseudoApplicationComponentFixture.run [as detectChanges] (C:\Source\Repos\file-share-service-ui\node_modules\@angular\core\fesm2022\testing.mjs:339:18)
    at C:\Source\Repos\file-share-service-ui\Tests\UnitTests\ess-list-encs.component.spec.ts:377:13
    at _ZoneDelegate.invoke (C:\Source\Repos\file-share-service-ui\node_modules\zone.js\bundles\zone.umd.js:395:160)
    at ProxyZoneSpec.onInvoke (C:\Source\Repos\file-share-service-ui\node_modules\zone.js\bundles\zone-testing.umd.js:2157:35)
    at _ZoneDelegate.invoke (C:\Source\Repos\file-share-service-ui\node_modules\zone.js\bundles\zone.umd.js:395:48)
    at ZoneImpl.run (C:\Source\Repos\file-share-service-ui\node_modules\zone.js\bundles\zone.umd.js:145:37)
    at Object.wrappedFunc (C:\Source\Repos\file-share-service-ui\node_modules\zone.js\bundles\zone-testing.umd.js:430:28)
    at Promise.then.completed (C:\Source\Repos\file-share-service-ui\node_modules\jest-circus\build\utils.js:298:28)
    at new Promise (&lt;anonymous&gt;)
    at callAsyncCircusFn (C:\Source\Repos\file-share-service-ui\node_modules\jest-circus\build\utils.js:231:10)
    at _callCircusHook (C:\Source\Repos\file-share-service-ui\node_modules\jest-circus\build\run.js:281:40)
    at processTicksAndRejections (node:internal/process/task_queues:95:5)
    at _runTest (C:\Source\Repos\file-share-service-ui\node_modules\jest-circus\build\run.js:246:5)
    at _runTestsForDescribeBlock (C:\Source\Repos\file-share-service-ui\node_modules\jest-circus\build\run.js:126:9)
    at _runTestsForDescribeBlock (C:\Source\Repos\file-share-service-ui\node_modules\jest-circus\build\run.js:121:9)
    at run (C:\Source\Repos\file-share-service-ui\node_modules\jest-circus\build\run.js:71:3)
    at runAndTransformResultsToJestFormat (C:\Source\Repos\file-share-service-ui\node_modules\jest-circus\build\legacy-code-todo-rewrite\jestAdapterInit.js:122:21)</failure>
    </testcase>
    <testcase classname="EssListEncsComponent should show the error message when user select encs more than selection limit" name="EssListEncsComponent should show the error message when user select encs more than selection limit" time="0.061">
      <failure>NullInjectorError: R3InjectorError(DynamicTestModule)[InjectionToken CDK_TABLE -&gt; InjectionToken CDK_TABLE]: 
  NullInjectorError: No provider for InjectionToken CDK_TABLE!
    at NullInjector.get (C:\Source\Repos\file-share-service-ui\node_modules\@angular\core\fesm2022\core.mjs:1427:21)
    at R3Injector.get (C:\Source\Repos\file-share-service-ui\node_modules\@angular\core\fesm2022\core.mjs:2312:27)
    at R3Injector.get (C:\Source\Repos\file-share-service-ui\node_modules\@angular\core\fesm2022\core.mjs:2312:27)
    at ChainedInjector.get (C:\Source\Repos\file-share-service-ui\node_modules\@angular\core\fesm2022\core.mjs:9866:32)
    at get (C:\Source\Repos\file-share-service-ui\node_modules\@angular\core\fesm2022\core.mjs:3831:31)
    at lookupTokenUsingModuleInjector (C:\Source\Repos\file-share-service-ui\node_modules\@angular\core\fesm2022\core.mjs:3856:10)
    at getOrCreateInjectable (C:\Source\Repos\file-share-service-ui\node_modules\@angular\core\fesm2022\core.mjs:6788:17)
    at ɵɵinject (C:\Source\Repos\file-share-service-ui\node_modules\@angular\core\fesm2022\core.mjs:1146:58)
    at ɵɵinject (C:\Source\Repos\file-share-service-ui\node_modules\@angular\core\fesm2022\core.mjs:1155:10)
    at new _HeaderRowOutlet (C:\Source\Repos\file-share-service-ui\node_modules\@angular\cdk\fesm2022\table.mjs:996:41)
    at NodeInjectorFactory._HeaderRowOutlet_Factory [as factory] (ng:///_HeaderRowOutlet/ɵfac.js:5:10)
    at factory (C:\Source\Repos\file-share-service-ui\node_modules\@angular\core\fesm2022\core.mjs:4008:38)
    at getNodeInjectable (C:\Source\Repos\file-share-service-ui\node_modules\@angular\core\fesm2022\core.mjs:7376:23)
    at instantiateAllDirectives (C:\Source\Repos\file-share-service-ui\node_modules\@angular\core\fesm2022\core.mjs:6967:3)
    at createDirectivesInstances (C:\Source\Repos\file-share-service-ui\node_modules\@angular\core\fesm2022\core.mjs:14052:5)
    at ɵɵelementContainerStart (C:\Source\Repos\file-share-service-ui\node_modules\@angular\core\fesm2022\core.mjs:14084:3)
    at TableComponent_Conditional_3_Template (ng:///TableComponent.js:12:5)
    at templateFn (C:\Source\Repos\file-share-service-ui\node_modules\@angular\core\fesm2022\core.mjs:6938:5)
    at executeTemplate (C:\Source\Repos\file-share-service-ui\node_modules\@angular\core\fesm2022\core.mjs:7728:7)
    at renderView (C:\Source\Repos\file-share-service-ui\node_modules\@angular\core\fesm2022\core.mjs:7777:5)
    at createAndRenderEmbeddedLView (C:\Source\Repos\file-share-service-ui\node_modules\@angular\core\fesm2022\core.mjs:13739:31)
    at TableComponent_Template (ng:///TableComponent.js:41:5)
    at templateFn (C:\Source\Repos\file-share-service-ui\node_modules\@angular\core\fesm2022\core.mjs:6938:5)
    at executeTemplate (C:\Source\Repos\file-share-service-ui\node_modules\@angular\core\fesm2022\core.mjs:7959:7)
    at refreshView (C:\Source\Repos\file-share-service-ui\node_modules\@angular\core\fesm2022\core.mjs:8122:5)
    at detectChangesInView$1 (C:\Source\Repos\file-share-service-ui\node_modules\@angular\core\fesm2022\core.mjs:8106:3)
    at detectChangesInViewIfAttached (C:\Source\Repos\file-share-service-ui\node_modules\@angular\core\fesm2022\core.mjs:8100:3)
    at detectChangesInComponent (C:\Source\Repos\file-share-service-ui\node_modules\@angular\core\fesm2022\core.mjs:8142:5)
    at detectChangesInChildComponents (C:\Source\Repos\file-share-service-ui\node_modules\@angular\core\fesm2022\core.mjs:8015:7)
    at refreshView (C:\Source\Repos\file-share-service-ui\node_modules\@angular\core\fesm2022\core.mjs:8122:5)
    at detectChangesInView$1 (C:\Source\Repos\file-share-service-ui\node_modules\@angular\core\fesm2022\core.mjs:8106:3)
    at detectChangesInViewIfAttached (C:\Source\Repos\file-share-service-ui\node_modules\@angular\core\fesm2022\core.mjs:8079:7)
    at detectChangesInEmbeddedViews (C:\Source\Repos\file-share-service-ui\node_modules\@angular\core\fesm2022\core.mjs:7981:5)
    at refreshView (C:\Source\Repos\file-share-service-ui\node_modules\@angular\core\fesm2022\core.mjs:8122:5)
    at detectChangesInView$1 (C:\Source\Repos\file-share-service-ui\node_modules\@angular\core\fesm2022\core.mjs:8106:3)
    at detectChangesInViewIfAttached (C:\Source\Repos\file-share-service-ui\node_modules\@angular\core\fesm2022\core.mjs:8100:3)
    at detectChangesInComponent (C:\Source\Repos\file-share-service-ui\node_modules\@angular\core\fesm2022\core.mjs:8142:5)
    at detectChangesInChildComponents (C:\Source\Repos\file-share-service-ui\node_modules\@angular\core\fesm2022\core.mjs:8015:7)
    at refreshView (C:\Source\Repos\file-share-service-ui\node_modules\@angular\core\fesm2022\core.mjs:8122:5)
    at detectChangesInView$1 (C:\Source\Repos\file-share-service-ui\node_modules\@angular\core\fesm2022\core.mjs:7918:3)
    at detectChangesInViewWhileDirty (C:\Source\Repos\file-share-service-ui\node_modules\@angular\core\fesm2022\core.mjs:7904:5)
    at ViewRef$1.detectChangesInternal [as detectChanges] (C:\Source\Repos\file-share-service-ui\node_modules\@angular\core\fesm2022\core.mjs:8382:5)
    at detectChanges (C:\Source\Repos\file-share-service-ui\node_modules\@angular\core\fesm2022\testing.mjs:340:30)
    at _ZoneDelegate.invoke (C:\Source\Repos\file-share-service-ui\node_modules\zone.js\bundles\zone.umd.js:395:160)
    at ProxyZoneSpec.onInvoke (C:\Source\Repos\file-share-service-ui\node_modules\zone.js\bundles\zone-testing.umd.js:2157:35)
    at _ZoneDelegate.invoke (C:\Source\Repos\file-share-service-ui\node_modules\zone.js\bundles\zone.umd.js:395:48)
    at Object.invoke [as onInvoke] (C:\Source\Repos\file-share-service-ui\node_modules\@angular\core\fesm2022\core.mjs:9306:25)
    at _ZoneDelegate.invoke (C:\Source\Repos\file-share-service-ui\node_modules\zone.js\bundles\zone.umd.js:395:48)
    at ZoneImpl.run (C:\Source\Repos\file-share-service-ui\node_modules\zone.js\bundles\zone.umd.js:145:37)
    at NgZone.run (C:\Source\Repos\file-share-service-ui\node_modules\@angular\core\fesm2022\core.mjs:9197:24)
    at PseudoApplicationComponentFixture.run [as detectChanges] (C:\Source\Repos\file-share-service-ui\node_modules\@angular\core\fesm2022\testing.mjs:339:18)
    at C:\Source\Repos\file-share-service-ui\Tests\UnitTests\ess-list-encs.component.spec.ts:377:13
    at _ZoneDelegate.invoke (C:\Source\Repos\file-share-service-ui\node_modules\zone.js\bundles\zone.umd.js:395:160)
    at ProxyZoneSpec.onInvoke (C:\Source\Repos\file-share-service-ui\node_modules\zone.js\bundles\zone-testing.umd.js:2157:35)
    at _ZoneDelegate.invoke (C:\Source\Repos\file-share-service-ui\node_modules\zone.js\bundles\zone.umd.js:395:48)
    at ZoneImpl.run (C:\Source\Repos\file-share-service-ui\node_modules\zone.js\bundles\zone.umd.js:145:37)
    at Object.wrappedFunc (C:\Source\Repos\file-share-service-ui\node_modules\zone.js\bundles\zone-testing.umd.js:430:28)
    at Promise.then.completed (C:\Source\Repos\file-share-service-ui\node_modules\jest-circus\build\utils.js:298:28)
    at new Promise (&lt;anonymous&gt;)
    at callAsyncCircusFn (C:\Source\Repos\file-share-service-ui\node_modules\jest-circus\build\utils.js:231:10)
    at _callCircusHook (C:\Source\Repos\file-share-service-ui\node_modules\jest-circus\build\run.js:281:40)
    at processTicksAndRejections (node:internal/process/task_queues:95:5)
    at _runTest (C:\Source\Repos\file-share-service-ui\node_modules\jest-circus\build\run.js:246:5)
    at _runTestsForDescribeBlock (C:\Source\Repos\file-share-service-ui\node_modules\jest-circus\build\run.js:126:9)
    at _runTestsForDescribeBlock (C:\Source\Repos\file-share-service-ui\node_modules\jest-circus\build\run.js:121:9)
    at run (C:\Source\Repos\file-share-service-ui\node_modules\jest-circus\build\run.js:71:3)
    at runAndTransformResultsToJestFormat (C:\Source\Repos\file-share-service-ui\node_modules\jest-circus\build\legacy-code-todo-rewrite\jestAdapterInit.js:122:21)</failure>
    </testcase>
    <testcase classname="EssListEncsComponent should create EssListEncsComponent" name="EssListEncsComponent should create EssListEncsComponent" time="0.035">
      <failure>NullInjectorError: R3InjectorError(DynamicTestModule)[InjectionToken CDK_TABLE -&gt; InjectionToken CDK_TABLE]: 
  NullInjectorError: No provider for InjectionToken CDK_TABLE!
    at NullInjector.get (C:\Source\Repos\file-share-service-ui\node_modules\@angular\core\fesm2022\core.mjs:1427:21)
    at R3Injector.get (C:\Source\Repos\file-share-service-ui\node_modules\@angular\core\fesm2022\core.mjs:2312:27)
    at R3Injector.get (C:\Source\Repos\file-share-service-ui\node_modules\@angular\core\fesm2022\core.mjs:2312:27)
    at ChainedInjector.get (C:\Source\Repos\file-share-service-ui\node_modules\@angular\core\fesm2022\core.mjs:9866:32)
    at get (C:\Source\Repos\file-share-service-ui\node_modules\@angular\core\fesm2022\core.mjs:3831:31)
    at lookupTokenUsingModuleInjector (C:\Source\Repos\file-share-service-ui\node_modules\@angular\core\fesm2022\core.mjs:3856:10)
    at getOrCreateInjectable (C:\Source\Repos\file-share-service-ui\node_modules\@angular\core\fesm2022\core.mjs:6788:17)
    at ɵɵinject (C:\Source\Repos\file-share-service-ui\node_modules\@angular\core\fesm2022\core.mjs:1146:58)
    at ɵɵinject (C:\Source\Repos\file-share-service-ui\node_modules\@angular\core\fesm2022\core.mjs:1155:10)
    at new _HeaderRowOutlet (C:\Source\Repos\file-share-service-ui\node_modules\@angular\cdk\fesm2022\table.mjs:996:41)
    at NodeInjectorFactory._HeaderRowOutlet_Factory [as factory] (ng:///_HeaderRowOutlet/ɵfac.js:5:10)
    at factory (C:\Source\Repos\file-share-service-ui\node_modules\@angular\core\fesm2022\core.mjs:4008:38)
    at getNodeInjectable (C:\Source\Repos\file-share-service-ui\node_modules\@angular\core\fesm2022\core.mjs:7376:23)
    at instantiateAllDirectives (C:\Source\Repos\file-share-service-ui\node_modules\@angular\core\fesm2022\core.mjs:6967:3)
    at createDirectivesInstances (C:\Source\Repos\file-share-service-ui\node_modules\@angular\core\fesm2022\core.mjs:14052:5)
    at ɵɵelementContainerStart (C:\Source\Repos\file-share-service-ui\node_modules\@angular\core\fesm2022\core.mjs:14084:3)
    at TableComponent_Conditional_3_Template (ng:///TableComponent.js:12:5)
    at templateFn (C:\Source\Repos\file-share-service-ui\node_modules\@angular\core\fesm2022\core.mjs:6938:5)
    at executeTemplate (C:\Source\Repos\file-share-service-ui\node_modules\@angular\core\fesm2022\core.mjs:7728:7)
    at renderView (C:\Source\Repos\file-share-service-ui\node_modules\@angular\core\fesm2022\core.mjs:7777:5)
    at createAndRenderEmbeddedLView (C:\Source\Repos\file-share-service-ui\node_modules\@angular\core\fesm2022\core.mjs:13739:31)
    at TableComponent_Template (ng:///TableComponent.js:41:5)
    at templateFn (C:\Source\Repos\file-share-service-ui\node_modules\@angular\core\fesm2022\core.mjs:6938:5)
    at executeTemplate (C:\Source\Repos\file-share-service-ui\node_modules\@angular\core\fesm2022\core.mjs:7959:7)
    at refreshView (C:\Source\Repos\file-share-service-ui\node_modules\@angular\core\fesm2022\core.mjs:8122:5)
    at detectChangesInView$1 (C:\Source\Repos\file-share-service-ui\node_modules\@angular\core\fesm2022\core.mjs:8106:3)
    at detectChangesInViewIfAttached (C:\Source\Repos\file-share-service-ui\node_modules\@angular\core\fesm2022\core.mjs:8100:3)
    at detectChangesInComponent (C:\Source\Repos\file-share-service-ui\node_modules\@angular\core\fesm2022\core.mjs:8142:5)
    at detectChangesInChildComponents (C:\Source\Repos\file-share-service-ui\node_modules\@angular\core\fesm2022\core.mjs:8015:7)
    at refreshView (C:\Source\Repos\file-share-service-ui\node_modules\@angular\core\fesm2022\core.mjs:8122:5)
    at detectChangesInView$1 (C:\Source\Repos\file-share-service-ui\node_modules\@angular\core\fesm2022\core.mjs:8106:3)
    at detectChangesInViewIfAttached (C:\Source\Repos\file-share-service-ui\node_modules\@angular\core\fesm2022\core.mjs:8079:7)
    at detectChangesInEmbeddedViews (C:\Source\Repos\file-share-service-ui\node_modules\@angular\core\fesm2022\core.mjs:7981:5)
    at refreshView (C:\Source\Repos\file-share-service-ui\node_modules\@angular\core\fesm2022\core.mjs:8122:5)
    at detectChangesInView$1 (C:\Source\Repos\file-share-service-ui\node_modules\@angular\core\fesm2022\core.mjs:8106:3)
    at detectChangesInViewIfAttached (C:\Source\Repos\file-share-service-ui\node_modules\@angular\core\fesm2022\core.mjs:8100:3)
    at detectChangesInComponent (C:\Source\Repos\file-share-service-ui\node_modules\@angular\core\fesm2022\core.mjs:8142:5)
    at detectChangesInChildComponents (C:\Source\Repos\file-share-service-ui\node_modules\@angular\core\fesm2022\core.mjs:8015:7)
    at refreshView (C:\Source\Repos\file-share-service-ui\node_modules\@angular\core\fesm2022\core.mjs:8122:5)
    at detectChangesInView$1 (C:\Source\Repos\file-share-service-ui\node_modules\@angular\core\fesm2022\core.mjs:7918:3)
    at detectChangesInViewWhileDirty (C:\Source\Repos\file-share-service-ui\node_modules\@angular\core\fesm2022\core.mjs:7904:5)
    at ViewRef$1.detectChangesInternal [as detectChanges] (C:\Source\Repos\file-share-service-ui\node_modules\@angular\core\fesm2022\core.mjs:8382:5)
    at detectChanges (C:\Source\Repos\file-share-service-ui\node_modules\@angular\core\fesm2022\testing.mjs:340:30)
    at _ZoneDelegate.invoke (C:\Source\Repos\file-share-service-ui\node_modules\zone.js\bundles\zone.umd.js:395:160)
    at ProxyZoneSpec.onInvoke (C:\Source\Repos\file-share-service-ui\node_modules\zone.js\bundles\zone-testing.umd.js:2157:35)
    at _ZoneDelegate.invoke (C:\Source\Repos\file-share-service-ui\node_modules\zone.js\bundles\zone.umd.js:395:48)
    at Object.invoke [as onInvoke] (C:\Source\Repos\file-share-service-ui\node_modules\@angular\core\fesm2022\core.mjs:9306:25)
    at _ZoneDelegate.invoke (C:\Source\Repos\file-share-service-ui\node_modules\zone.js\bundles\zone.umd.js:395:48)
    at ZoneImpl.run (C:\Source\Repos\file-share-service-ui\node_modules\zone.js\bundles\zone.umd.js:145:37)
    at NgZone.run (C:\Source\Repos\file-share-service-ui\node_modules\@angular\core\fesm2022\core.mjs:9197:24)
    at PseudoApplicationComponentFixture.run [as detectChanges] (C:\Source\Repos\file-share-service-ui\node_modules\@angular\core\fesm2022\testing.mjs:339:18)
    at C:\Source\Repos\file-share-service-ui\Tests\UnitTests\ess-list-encs.component.spec.ts:377:13
    at _ZoneDelegate.invoke (C:\Source\Repos\file-share-service-ui\node_modules\zone.js\bundles\zone.umd.js:395:160)
    at ProxyZoneSpec.onInvoke (C:\Source\Repos\file-share-service-ui\node_modules\zone.js\bundles\zone-testing.umd.js:2157:35)
    at _ZoneDelegate.invoke (C:\Source\Repos\file-share-service-ui\node_modules\zone.js\bundles\zone.umd.js:395:48)
    at ZoneImpl.run (C:\Source\Repos\file-share-service-ui\node_modules\zone.js\bundles\zone.umd.js:145:37)
    at Object.wrappedFunc (C:\Source\Repos\file-share-service-ui\node_modules\zone.js\bundles\zone-testing.umd.js:430:28)
    at Promise.then.completed (C:\Source\Repos\file-share-service-ui\node_modules\jest-circus\build\utils.js:298:28)
    at new Promise (&lt;anonymous&gt;)
    at callAsyncCircusFn (C:\Source\Repos\file-share-service-ui\node_modules\jest-circus\build\utils.js:231:10)
    at _callCircusHook (C:\Source\Repos\file-share-service-ui\node_modules\jest-circus\build\run.js:281:40)
    at processTicksAndRejections (node:internal/process/task_queues:95:5)
    at _runTest (C:\Source\Repos\file-share-service-ui\node_modules\jest-circus\build\run.js:246:5)
    at _runTestsForDescribeBlock (C:\Source\Repos\file-share-service-ui\node_modules\jest-circus\build\run.js:126:9)
    at _runTestsForDescribeBlock (C:\Source\Repos\file-share-service-ui\node_modules\jest-circus\build\run.js:121:9)
    at run (C:\Source\Repos\file-share-service-ui\node_modules\jest-circus\build\run.js:71:3)
    at runAndTransformResultsToJestFormat (C:\Source\Repos\file-share-service-ui\node_modules\jest-circus\build\legacy-code-todo-rewrite\jestAdapterInit.js:122:21)</failure>
    </testcase>
    <testcase classname="EssListEncsComponent should render text inside an h2 tag" name="EssListEncsComponent should render text inside an h2 tag" time="0.03">
      <failure>NullInjectorError: R3InjectorError(DynamicTestModule)[InjectionToken CDK_TABLE -&gt; InjectionToken CDK_TABLE]: 
  NullInjectorError: No provider for InjectionToken CDK_TABLE!
    at NullInjector.get (C:\Source\Repos\file-share-service-ui\node_modules\@angular\core\fesm2022\core.mjs:1427:21)
    at R3Injector.get (C:\Source\Repos\file-share-service-ui\node_modules\@angular\core\fesm2022\core.mjs:2312:27)
    at R3Injector.get (C:\Source\Repos\file-share-service-ui\node_modules\@angular\core\fesm2022\core.mjs:2312:27)
    at ChainedInjector.get (C:\Source\Repos\file-share-service-ui\node_modules\@angular\core\fesm2022\core.mjs:9866:32)
    at get (C:\Source\Repos\file-share-service-ui\node_modules\@angular\core\fesm2022\core.mjs:3831:31)
    at lookupTokenUsingModuleInjector (C:\Source\Repos\file-share-service-ui\node_modules\@angular\core\fesm2022\core.mjs:3856:10)
    at getOrCreateInjectable (C:\Source\Repos\file-share-service-ui\node_modules\@angular\core\fesm2022\core.mjs:6788:17)
    at ɵɵinject (C:\Source\Repos\file-share-service-ui\node_modules\@angular\core\fesm2022\core.mjs:1146:58)
    at ɵɵinject (C:\Source\Repos\file-share-service-ui\node_modules\@angular\core\fesm2022\core.mjs:1155:10)
    at new _HeaderRowOutlet (C:\Source\Repos\file-share-service-ui\node_modules\@angular\cdk\fesm2022\table.mjs:996:41)
    at NodeInjectorFactory._HeaderRowOutlet_Factory [as factory] (ng:///_HeaderRowOutlet/ɵfac.js:5:10)
    at factory (C:\Source\Repos\file-share-service-ui\node_modules\@angular\core\fesm2022\core.mjs:4008:38)
    at getNodeInjectable (C:\Source\Repos\file-share-service-ui\node_modules\@angular\core\fesm2022\core.mjs:7376:23)
    at instantiateAllDirectives (C:\Source\Repos\file-share-service-ui\node_modules\@angular\core\fesm2022\core.mjs:6967:3)
    at createDirectivesInstances (C:\Source\Repos\file-share-service-ui\node_modules\@angular\core\fesm2022\core.mjs:14052:5)
    at ɵɵelementContainerStart (C:\Source\Repos\file-share-service-ui\node_modules\@angular\core\fesm2022\core.mjs:14084:3)
    at TableComponent_Conditional_3_Template (ng:///TableComponent.js:12:5)
    at templateFn (C:\Source\Repos\file-share-service-ui\node_modules\@angular\core\fesm2022\core.mjs:6938:5)
    at executeTemplate (C:\Source\Repos\file-share-service-ui\node_modules\@angular\core\fesm2022\core.mjs:7728:7)
    at renderView (C:\Source\Repos\file-share-service-ui\node_modules\@angular\core\fesm2022\core.mjs:7777:5)
    at createAndRenderEmbeddedLView (C:\Source\Repos\file-share-service-ui\node_modules\@angular\core\fesm2022\core.mjs:13739:31)
    at TableComponent_Template (ng:///TableComponent.js:41:5)
    at templateFn (C:\Source\Repos\file-share-service-ui\node_modules\@angular\core\fesm2022\core.mjs:6938:5)
    at executeTemplate (C:\Source\Repos\file-share-service-ui\node_modules\@angular\core\fesm2022\core.mjs:7959:7)
    at refreshView (C:\Source\Repos\file-share-service-ui\node_modules\@angular\core\fesm2022\core.mjs:8122:5)
    at detectChangesInView$1 (C:\Source\Repos\file-share-service-ui\node_modules\@angular\core\fesm2022\core.mjs:8106:3)
    at detectChangesInViewIfAttached (C:\Source\Repos\file-share-service-ui\node_modules\@angular\core\fesm2022\core.mjs:8100:3)
    at detectChangesInComponent (C:\Source\Repos\file-share-service-ui\node_modules\@angular\core\fesm2022\core.mjs:8142:5)
    at detectChangesInChildComponents (C:\Source\Repos\file-share-service-ui\node_modules\@angular\core\fesm2022\core.mjs:8015:7)
    at refreshView (C:\Source\Repos\file-share-service-ui\node_modules\@angular\core\fesm2022\core.mjs:8122:5)
    at detectChangesInView$1 (C:\Source\Repos\file-share-service-ui\node_modules\@angular\core\fesm2022\core.mjs:8106:3)
    at detectChangesInViewIfAttached (C:\Source\Repos\file-share-service-ui\node_modules\@angular\core\fesm2022\core.mjs:8079:7)
    at detectChangesInEmbeddedViews (C:\Source\Repos\file-share-service-ui\node_modules\@angular\core\fesm2022\core.mjs:7981:5)
    at refreshView (C:\Source\Repos\file-share-service-ui\node_modules\@angular\core\fesm2022\core.mjs:8122:5)
    at detectChangesInView$1 (C:\Source\Repos\file-share-service-ui\node_modules\@angular\core\fesm2022\core.mjs:8106:3)
    at detectChangesInViewIfAttached (C:\Source\Repos\file-share-service-ui\node_modules\@angular\core\fesm2022\core.mjs:8100:3)
    at detectChangesInComponent (C:\Source\Repos\file-share-service-ui\node_modules\@angular\core\fesm2022\core.mjs:8142:5)
    at detectChangesInChildComponents (C:\Source\Repos\file-share-service-ui\node_modules\@angular\core\fesm2022\core.mjs:8015:7)
    at refreshView (C:\Source\Repos\file-share-service-ui\node_modules\@angular\core\fesm2022\core.mjs:8122:5)
    at detectChangesInView$1 (C:\Source\Repos\file-share-service-ui\node_modules\@angular\core\fesm2022\core.mjs:7918:3)
    at detectChangesInViewWhileDirty (C:\Source\Repos\file-share-service-ui\node_modules\@angular\core\fesm2022\core.mjs:7904:5)
    at ViewRef$1.detectChangesInternal [as detectChanges] (C:\Source\Repos\file-share-service-ui\node_modules\@angular\core\fesm2022\core.mjs:8382:5)
    at detectChanges (C:\Source\Repos\file-share-service-ui\node_modules\@angular\core\fesm2022\testing.mjs:340:30)
    at _ZoneDelegate.invoke (C:\Source\Repos\file-share-service-ui\node_modules\zone.js\bundles\zone.umd.js:395:160)
    at ProxyZoneSpec.onInvoke (C:\Source\Repos\file-share-service-ui\node_modules\zone.js\bundles\zone-testing.umd.js:2157:35)
    at _ZoneDelegate.invoke (C:\Source\Repos\file-share-service-ui\node_modules\zone.js\bundles\zone.umd.js:395:48)
    at Object.invoke [as onInvoke] (C:\Source\Repos\file-share-service-ui\node_modules\@angular\core\fesm2022\core.mjs:9306:25)
    at _ZoneDelegate.invoke (C:\Source\Repos\file-share-service-ui\node_modules\zone.js\bundles\zone.umd.js:395:48)
    at ZoneImpl.run (C:\Source\Repos\file-share-service-ui\node_modules\zone.js\bundles\zone.umd.js:145:37)
    at NgZone.run (C:\Source\Repos\file-share-service-ui\node_modules\@angular\core\fesm2022\core.mjs:9197:24)
    at PseudoApplicationComponentFixture.run [as detectChanges] (C:\Source\Repos\file-share-service-ui\node_modules\@angular\core\fesm2022\testing.mjs:339:18)
    at C:\Source\Repos\file-share-service-ui\Tests\UnitTests\ess-list-encs.component.spec.ts:377:13
    at _ZoneDelegate.invoke (C:\Source\Repos\file-share-service-ui\node_modules\zone.js\bundles\zone.umd.js:395:160)
    at ProxyZoneSpec.onInvoke (C:\Source\Repos\file-share-service-ui\node_modules\zone.js\bundles\zone-testing.umd.js:2157:35)
    at _ZoneDelegate.invoke (C:\Source\Repos\file-share-service-ui\node_modules\zone.js\bundles\zone.umd.js:395:48)
    at ZoneImpl.run (C:\Source\Repos\file-share-service-ui\node_modules\zone.js\bundles\zone.umd.js:145:37)
    at Object.wrappedFunc (C:\Source\Repos\file-share-service-ui\node_modules\zone.js\bundles\zone-testing.umd.js:430:28)
    at Promise.then.completed (C:\Source\Repos\file-share-service-ui\node_modules\jest-circus\build\utils.js:298:28)
    at new Promise (&lt;anonymous&gt;)
    at callAsyncCircusFn (C:\Source\Repos\file-share-service-ui\node_modules\jest-circus\build\utils.js:231:10)
    at _callCircusHook (C:\Source\Repos\file-share-service-ui\node_modules\jest-circus\build\run.js:281:40)
    at processTicksAndRejections (node:internal/process/task_queues:95:5)
    at _runTest (C:\Source\Repos\file-share-service-ui\node_modules\jest-circus\build\run.js:246:5)
    at _runTestsForDescribeBlock (C:\Source\Repos\file-share-service-ui\node_modules\jest-circus\build\run.js:126:9)
    at _runTestsForDescribeBlock (C:\Source\Repos\file-share-service-ui\node_modules\jest-circus\build\run.js:121:9)
    at run (C:\Source\Repos\file-share-service-ui\node_modules\jest-circus\build\run.js:71:3)
    at runAndTransformResultsToJestFormat (C:\Source\Repos\file-share-service-ui\node_modules\jest-circus\build\legacy-code-todo-rewrite\jestAdapterInit.js:122:21)</failure>
    </testcase>
    <testcase classname="EssListEncsComponent should render text inside an p tag" name="EssListEncsComponent should render text inside an p tag" time="0.055">
      <failure>NullInjectorError: R3InjectorError(DynamicTestModule)[InjectionToken CDK_TABLE -&gt; InjectionToken CDK_TABLE]: 
  NullInjectorError: No provider for InjectionToken CDK_TABLE!
    at NullInjector.get (C:\Source\Repos\file-share-service-ui\node_modules\@angular\core\fesm2022\core.mjs:1427:21)
    at R3Injector.get (C:\Source\Repos\file-share-service-ui\node_modules\@angular\core\fesm2022\core.mjs:2312:27)
    at R3Injector.get (C:\Source\Repos\file-share-service-ui\node_modules\@angular\core\fesm2022\core.mjs:2312:27)
    at ChainedInjector.get (C:\Source\Repos\file-share-service-ui\node_modules\@angular\core\fesm2022\core.mjs:9866:32)
    at get (C:\Source\Repos\file-share-service-ui\node_modules\@angular\core\fesm2022\core.mjs:3831:31)
    at lookupTokenUsingModuleInjector (C:\Source\Repos\file-share-service-ui\node_modules\@angular\core\fesm2022\core.mjs:3856:10)
    at getOrCreateInjectable (C:\Source\Repos\file-share-service-ui\node_modules\@angular\core\fesm2022\core.mjs:6788:17)
    at ɵɵinject (C:\Source\Repos\file-share-service-ui\node_modules\@angular\core\fesm2022\core.mjs:1146:58)
    at ɵɵinject (C:\Source\Repos\file-share-service-ui\node_modules\@angular\core\fesm2022\core.mjs:1155:10)
    at new _HeaderRowOutlet (C:\Source\Repos\file-share-service-ui\node_modules\@angular\cdk\fesm2022\table.mjs:996:41)
    at NodeInjectorFactory._HeaderRowOutlet_Factory [as factory] (ng:///_HeaderRowOutlet/ɵfac.js:5:10)
    at factory (C:\Source\Repos\file-share-service-ui\node_modules\@angular\core\fesm2022\core.mjs:4008:38)
    at getNodeInjectable (C:\Source\Repos\file-share-service-ui\node_modules\@angular\core\fesm2022\core.mjs:7376:23)
    at instantiateAllDirectives (C:\Source\Repos\file-share-service-ui\node_modules\@angular\core\fesm2022\core.mjs:6967:3)
    at createDirectivesInstances (C:\Source\Repos\file-share-service-ui\node_modules\@angular\core\fesm2022\core.mjs:14052:5)
    at ɵɵelementContainerStart (C:\Source\Repos\file-share-service-ui\node_modules\@angular\core\fesm2022\core.mjs:14084:3)
    at TableComponent_Conditional_3_Template (ng:///TableComponent.js:12:5)
    at templateFn (C:\Source\Repos\file-share-service-ui\node_modules\@angular\core\fesm2022\core.mjs:6938:5)
    at executeTemplate (C:\Source\Repos\file-share-service-ui\node_modules\@angular\core\fesm2022\core.mjs:7728:7)
    at renderView (C:\Source\Repos\file-share-service-ui\node_modules\@angular\core\fesm2022\core.mjs:7777:5)
    at createAndRenderEmbeddedLView (C:\Source\Repos\file-share-service-ui\node_modules\@angular\core\fesm2022\core.mjs:13739:31)
    at TableComponent_Template (ng:///TableComponent.js:41:5)
    at templateFn (C:\Source\Repos\file-share-service-ui\node_modules\@angular\core\fesm2022\core.mjs:6938:5)
    at executeTemplate (C:\Source\Repos\file-share-service-ui\node_modules\@angular\core\fesm2022\core.mjs:7959:7)
    at refreshView (C:\Source\Repos\file-share-service-ui\node_modules\@angular\core\fesm2022\core.mjs:8122:5)
    at detectChangesInView$1 (C:\Source\Repos\file-share-service-ui\node_modules\@angular\core\fesm2022\core.mjs:8106:3)
    at detectChangesInViewIfAttached (C:\Source\Repos\file-share-service-ui\node_modules\@angular\core\fesm2022\core.mjs:8100:3)
    at detectChangesInComponent (C:\Source\Repos\file-share-service-ui\node_modules\@angular\core\fesm2022\core.mjs:8142:5)
    at detectChangesInChildComponents (C:\Source\Repos\file-share-service-ui\node_modules\@angular\core\fesm2022\core.mjs:8015:7)
    at refreshView (C:\Source\Repos\file-share-service-ui\node_modules\@angular\core\fesm2022\core.mjs:8122:5)
    at detectChangesInView$1 (C:\Source\Repos\file-share-service-ui\node_modules\@angular\core\fesm2022\core.mjs:8106:3)
    at detectChangesInViewIfAttached (C:\Source\Repos\file-share-service-ui\node_modules\@angular\core\fesm2022\core.mjs:8079:7)
    at detectChangesInEmbeddedViews (C:\Source\Repos\file-share-service-ui\node_modules\@angular\core\fesm2022\core.mjs:7981:5)
    at refreshView (C:\Source\Repos\file-share-service-ui\node_modules\@angular\core\fesm2022\core.mjs:8122:5)
    at detectChangesInView$1 (C:\Source\Repos\file-share-service-ui\node_modules\@angular\core\fesm2022\core.mjs:8106:3)
    at detectChangesInViewIfAttached (C:\Source\Repos\file-share-service-ui\node_modules\@angular\core\fesm2022\core.mjs:8100:3)
    at detectChangesInComponent (C:\Source\Repos\file-share-service-ui\node_modules\@angular\core\fesm2022\core.mjs:8142:5)
    at detectChangesInChildComponents (C:\Source\Repos\file-share-service-ui\node_modules\@angular\core\fesm2022\core.mjs:8015:7)
    at refreshView (C:\Source\Repos\file-share-service-ui\node_modules\@angular\core\fesm2022\core.mjs:8122:5)
    at detectChangesInView$1 (C:\Source\Repos\file-share-service-ui\node_modules\@angular\core\fesm2022\core.mjs:7918:3)
    at detectChangesInViewWhileDirty (C:\Source\Repos\file-share-service-ui\node_modules\@angular\core\fesm2022\core.mjs:7904:5)
    at ViewRef$1.detectChangesInternal [as detectChanges] (C:\Source\Repos\file-share-service-ui\node_modules\@angular\core\fesm2022\core.mjs:8382:5)
    at detectChanges (C:\Source\Repos\file-share-service-ui\node_modules\@angular\core\fesm2022\testing.mjs:340:30)
    at _ZoneDelegate.invoke (C:\Source\Repos\file-share-service-ui\node_modules\zone.js\bundles\zone.umd.js:395:160)
    at ProxyZoneSpec.onInvoke (C:\Source\Repos\file-share-service-ui\node_modules\zone.js\bundles\zone-testing.umd.js:2157:35)
    at _ZoneDelegate.invoke (C:\Source\Repos\file-share-service-ui\node_modules\zone.js\bundles\zone.umd.js:395:48)
    at Object.invoke [as onInvoke] (C:\Source\Repos\file-share-service-ui\node_modules\@angular\core\fesm2022\core.mjs:9306:25)
    at _ZoneDelegate.invoke (C:\Source\Repos\file-share-service-ui\node_modules\zone.js\bundles\zone.umd.js:395:48)
    at ZoneImpl.run (C:\Source\Repos\file-share-service-ui\node_modules\zone.js\bundles\zone.umd.js:145:37)
    at NgZone.run (C:\Source\Repos\file-share-service-ui\node_modules\@angular\core\fesm2022\core.mjs:9197:24)
    at PseudoApplicationComponentFixture.run [as detectChanges] (C:\Source\Repos\file-share-service-ui\node_modules\@angular\core\fesm2022\testing.mjs:339:18)
    at C:\Source\Repos\file-share-service-ui\Tests\UnitTests\ess-list-encs.component.spec.ts:377:13
    at _ZoneDelegate.invoke (C:\Source\Repos\file-share-service-ui\node_modules\zone.js\bundles\zone.umd.js:395:160)
    at ProxyZoneSpec.onInvoke (C:\Source\Repos\file-share-service-ui\node_modules\zone.js\bundles\zone-testing.umd.js:2157:35)
    at _ZoneDelegate.invoke (C:\Source\Repos\file-share-service-ui\node_modules\zone.js\bundles\zone.umd.js:395:48)
    at ZoneImpl.run (C:\Source\Repos\file-share-service-ui\node_modules\zone.js\bundles\zone.umd.js:145:37)
    at Object.wrappedFunc (C:\Source\Repos\file-share-service-ui\node_modules\zone.js\bundles\zone-testing.umd.js:430:28)
    at Promise.then.completed (C:\Source\Repos\file-share-service-ui\node_modules\jest-circus\build\utils.js:298:28)
    at new Promise (&lt;anonymous&gt;)
    at callAsyncCircusFn (C:\Source\Repos\file-share-service-ui\node_modules\jest-circus\build\utils.js:231:10)
    at _callCircusHook (C:\Source\Repos\file-share-service-ui\node_modules\jest-circus\build\run.js:281:40)
    at processTicksAndRejections (node:internal/process/task_queues:95:5)
    at _runTest (C:\Source\Repos\file-share-service-ui\node_modules\jest-circus\build\run.js:246:5)
    at _runTestsForDescribeBlock (C:\Source\Repos\file-share-service-ui\node_modules\jest-circus\build\run.js:126:9)
    at _runTestsForDescribeBlock (C:\Source\Repos\file-share-service-ui\node_modules\jest-circus\build\run.js:121:9)
    at run (C:\Source\Repos\file-share-service-ui\node_modules\jest-circus\build\run.js:71:3)
    at runAndTransformResultsToJestFormat (C:\Source\Repos\file-share-service-ui\node_modules\jest-circus\build\legacy-code-todo-rewrite\jestAdapterInit.js:122:21)</failure>
    </testcase>
    <testcase classname="EssListEncsComponent getValidEncs should return enc" name="EssListEncsComponent getValidEncs should return enc" time="0.041">
      <failure>NullInjectorError: R3InjectorError(DynamicTestModule)[InjectionToken CDK_TABLE -&gt; InjectionToken CDK_TABLE]: 
  NullInjectorError: No provider for InjectionToken CDK_TABLE!
    at NullInjector.get (C:\Source\Repos\file-share-service-ui\node_modules\@angular\core\fesm2022\core.mjs:1427:21)
    at R3Injector.get (C:\Source\Repos\file-share-service-ui\node_modules\@angular\core\fesm2022\core.mjs:2312:27)
    at R3Injector.get (C:\Source\Repos\file-share-service-ui\node_modules\@angular\core\fesm2022\core.mjs:2312:27)
    at ChainedInjector.get (C:\Source\Repos\file-share-service-ui\node_modules\@angular\core\fesm2022\core.mjs:9866:32)
    at get (C:\Source\Repos\file-share-service-ui\node_modules\@angular\core\fesm2022\core.mjs:3831:31)
    at lookupTokenUsingModuleInjector (C:\Source\Repos\file-share-service-ui\node_modules\@angular\core\fesm2022\core.mjs:3856:10)
    at getOrCreateInjectable (C:\Source\Repos\file-share-service-ui\node_modules\@angular\core\fesm2022\core.mjs:6788:17)
    at ɵɵinject (C:\Source\Repos\file-share-service-ui\node_modules\@angular\core\fesm2022\core.mjs:1146:58)
    at ɵɵinject (C:\Source\Repos\file-share-service-ui\node_modules\@angular\core\fesm2022\core.mjs:1155:10)
    at new _HeaderRowOutlet (C:\Source\Repos\file-share-service-ui\node_modules\@angular\cdk\fesm2022\table.mjs:996:41)
    at NodeInjectorFactory._HeaderRowOutlet_Factory [as factory] (ng:///_HeaderRowOutlet/ɵfac.js:5:10)
    at factory (C:\Source\Repos\file-share-service-ui\node_modules\@angular\core\fesm2022\core.mjs:4008:38)
    at getNodeInjectable (C:\Source\Repos\file-share-service-ui\node_modules\@angular\core\fesm2022\core.mjs:7376:23)
    at instantiateAllDirectives (C:\Source\Repos\file-share-service-ui\node_modules\@angular\core\fesm2022\core.mjs:6967:3)
    at createDirectivesInstances (C:\Source\Repos\file-share-service-ui\node_modules\@angular\core\fesm2022\core.mjs:14052:5)
    at ɵɵelementContainerStart (C:\Source\Repos\file-share-service-ui\node_modules\@angular\core\fesm2022\core.mjs:14084:3)
    at TableComponent_Conditional_3_Template (ng:///TableComponent.js:12:5)
    at templateFn (C:\Source\Repos\file-share-service-ui\node_modules\@angular\core\fesm2022\core.mjs:6938:5)
    at executeTemplate (C:\Source\Repos\file-share-service-ui\node_modules\@angular\core\fesm2022\core.mjs:7728:7)
    at renderView (C:\Source\Repos\file-share-service-ui\node_modules\@angular\core\fesm2022\core.mjs:7777:5)
    at createAndRenderEmbeddedLView (C:\Source\Repos\file-share-service-ui\node_modules\@angular\core\fesm2022\core.mjs:13739:31)
    at TableComponent_Template (ng:///TableComponent.js:41:5)
    at templateFn (C:\Source\Repos\file-share-service-ui\node_modules\@angular\core\fesm2022\core.mjs:6938:5)
    at executeTemplate (C:\Source\Repos\file-share-service-ui\node_modules\@angular\core\fesm2022\core.mjs:7959:7)
    at refreshView (C:\Source\Repos\file-share-service-ui\node_modules\@angular\core\fesm2022\core.mjs:8122:5)
    at detectChangesInView$1 (C:\Source\Repos\file-share-service-ui\node_modules\@angular\core\fesm2022\core.mjs:8106:3)
    at detectChangesInViewIfAttached (C:\Source\Repos\file-share-service-ui\node_modules\@angular\core\fesm2022\core.mjs:8100:3)
    at detectChangesInComponent (C:\Source\Repos\file-share-service-ui\node_modules\@angular\core\fesm2022\core.mjs:8142:5)
    at detectChangesInChildComponents (C:\Source\Repos\file-share-service-ui\node_modules\@angular\core\fesm2022\core.mjs:8015:7)
    at refreshView (C:\Source\Repos\file-share-service-ui\node_modules\@angular\core\fesm2022\core.mjs:8122:5)
    at detectChangesInView$1 (C:\Source\Repos\file-share-service-ui\node_modules\@angular\core\fesm2022\core.mjs:8106:3)
    at detectChangesInViewIfAttached (C:\Source\Repos\file-share-service-ui\node_modules\@angular\core\fesm2022\core.mjs:8079:7)
    at detectChangesInEmbeddedViews (C:\Source\Repos\file-share-service-ui\node_modules\@angular\core\fesm2022\core.mjs:7981:5)
    at refreshView (C:\Source\Repos\file-share-service-ui\node_modules\@angular\core\fesm2022\core.mjs:8122:5)
    at detectChangesInView$1 (C:\Source\Repos\file-share-service-ui\node_modules\@angular\core\fesm2022\core.mjs:8106:3)
    at detectChangesInViewIfAttached (C:\Source\Repos\file-share-service-ui\node_modules\@angular\core\fesm2022\core.mjs:8100:3)
    at detectChangesInComponent (C:\Source\Repos\file-share-service-ui\node_modules\@angular\core\fesm2022\core.mjs:8142:5)
    at detectChangesInChildComponents (C:\Source\Repos\file-share-service-ui\node_modules\@angular\core\fesm2022\core.mjs:8015:7)
    at refreshView (C:\Source\Repos\file-share-service-ui\node_modules\@angular\core\fesm2022\core.mjs:8122:5)
    at detectChangesInView$1 (C:\Source\Repos\file-share-service-ui\node_modules\@angular\core\fesm2022\core.mjs:7918:3)
    at detectChangesInViewWhileDirty (C:\Source\Repos\file-share-service-ui\node_modules\@angular\core\fesm2022\core.mjs:7904:5)
    at ViewRef$1.detectChangesInternal [as detectChanges] (C:\Source\Repos\file-share-service-ui\node_modules\@angular\core\fesm2022\core.mjs:8382:5)
    at detectChanges (C:\Source\Repos\file-share-service-ui\node_modules\@angular\core\fesm2022\testing.mjs:340:30)
    at _ZoneDelegate.invoke (C:\Source\Repos\file-share-service-ui\node_modules\zone.js\bundles\zone.umd.js:395:160)
    at ProxyZoneSpec.onInvoke (C:\Source\Repos\file-share-service-ui\node_modules\zone.js\bundles\zone-testing.umd.js:2157:35)
    at _ZoneDelegate.invoke (C:\Source\Repos\file-share-service-ui\node_modules\zone.js\bundles\zone.umd.js:395:48)
    at Object.invoke [as onInvoke] (C:\Source\Repos\file-share-service-ui\node_modules\@angular\core\fesm2022\core.mjs:9306:25)
    at _ZoneDelegate.invoke (C:\Source\Repos\file-share-service-ui\node_modules\zone.js\bundles\zone.umd.js:395:48)
    at ZoneImpl.run (C:\Source\Repos\file-share-service-ui\node_modules\zone.js\bundles\zone.umd.js:145:37)
    at NgZone.run (C:\Source\Repos\file-share-service-ui\node_modules\@angular\core\fesm2022\core.mjs:9197:24)
    at PseudoApplicationComponentFixture.run [as detectChanges] (C:\Source\Repos\file-share-service-ui\node_modules\@angular\core\fesm2022\testing.mjs:339:18)
    at C:\Source\Repos\file-share-service-ui\Tests\UnitTests\ess-list-encs.component.spec.ts:377:13
    at _ZoneDelegate.invoke (C:\Source\Repos\file-share-service-ui\node_modules\zone.js\bundles\zone.umd.js:395:160)
    at ProxyZoneSpec.onInvoke (C:\Source\Repos\file-share-service-ui\node_modules\zone.js\bundles\zone-testing.umd.js:2157:35)
    at _ZoneDelegate.invoke (C:\Source\Repos\file-share-service-ui\node_modules\zone.js\bundles\zone.umd.js:395:48)
    at ZoneImpl.run (C:\Source\Repos\file-share-service-ui\node_modules\zone.js\bundles\zone.umd.js:145:37)
    at Object.wrappedFunc (C:\Source\Repos\file-share-service-ui\node_modules\zone.js\bundles\zone-testing.umd.js:430:28)
    at Promise.then.completed (C:\Source\Repos\file-share-service-ui\node_modules\jest-circus\build\utils.js:298:28)
    at new Promise (&lt;anonymous&gt;)
    at callAsyncCircusFn (C:\Source\Repos\file-share-service-ui\node_modules\jest-circus\build\utils.js:231:10)
    at _callCircusHook (C:\Source\Repos\file-share-service-ui\node_modules\jest-circus\build\run.js:281:40)
    at processTicksAndRejections (node:internal/process/task_queues:95:5)
    at _runTest (C:\Source\Repos\file-share-service-ui\node_modules\jest-circus\build\run.js:246:5)
    at _runTestsForDescribeBlock (C:\Source\Repos\file-share-service-ui\node_modules\jest-circus\build\run.js:126:9)
    at _runTestsForDescribeBlock (C:\Source\Repos\file-share-service-ui\node_modules\jest-circus\build\run.js:121:9)
    at run (C:\Source\Repos\file-share-service-ui\node_modules\jest-circus\build\run.js:71:3)
    at runAndTransformResultsToJestFormat (C:\Source\Repos\file-share-service-ui\node_modules\jest-circus\build\legacy-code-todo-rewrite\jestAdapterInit.js:122:21)</failure>
    </testcase>
    <testcase classname="EssListEncsComponent should display Select All text when enc list is less than or equal to configurable enc limit" name="EssListEncsComponent should display Select All text when enc list is less than or equal to configurable enc limit" time="0.062">
      <failure>NullInjectorError: R3InjectorError(DynamicTestModule)[InjectionToken CDK_TABLE -&gt; InjectionToken CDK_TABLE]: 
  NullInjectorError: No provider for InjectionToken CDK_TABLE!
    at NullInjector.get (C:\Source\Repos\file-share-service-ui\node_modules\@angular\core\fesm2022\core.mjs:1427:21)
    at R3Injector.get (C:\Source\Repos\file-share-service-ui\node_modules\@angular\core\fesm2022\core.mjs:2312:27)
    at R3Injector.get (C:\Source\Repos\file-share-service-ui\node_modules\@angular\core\fesm2022\core.mjs:2312:27)
    at ChainedInjector.get (C:\Source\Repos\file-share-service-ui\node_modules\@angular\core\fesm2022\core.mjs:9866:32)
    at get (C:\Source\Repos\file-share-service-ui\node_modules\@angular\core\fesm2022\core.mjs:3831:31)
    at lookupTokenUsingModuleInjector (C:\Source\Repos\file-share-service-ui\node_modules\@angular\core\fesm2022\core.mjs:3856:10)
    at getOrCreateInjectable (C:\Source\Repos\file-share-service-ui\node_modules\@angular\core\fesm2022\core.mjs:6788:17)
    at ɵɵinject (C:\Source\Repos\file-share-service-ui\node_modules\@angular\core\fesm2022\core.mjs:1146:58)
    at ɵɵinject (C:\Source\Repos\file-share-service-ui\node_modules\@angular\core\fesm2022\core.mjs:1155:10)
    at new _HeaderRowOutlet (C:\Source\Repos\file-share-service-ui\node_modules\@angular\cdk\fesm2022\table.mjs:996:41)
    at NodeInjectorFactory._HeaderRowOutlet_Factory [as factory] (ng:///_HeaderRowOutlet/ɵfac.js:5:10)
    at factory (C:\Source\Repos\file-share-service-ui\node_modules\@angular\core\fesm2022\core.mjs:4008:38)
    at getNodeInjectable (C:\Source\Repos\file-share-service-ui\node_modules\@angular\core\fesm2022\core.mjs:7376:23)
    at instantiateAllDirectives (C:\Source\Repos\file-share-service-ui\node_modules\@angular\core\fesm2022\core.mjs:6967:3)
    at createDirectivesInstances (C:\Source\Repos\file-share-service-ui\node_modules\@angular\core\fesm2022\core.mjs:14052:5)
    at ɵɵelementContainerStart (C:\Source\Repos\file-share-service-ui\node_modules\@angular\core\fesm2022\core.mjs:14084:3)
    at TableComponent_Conditional_3_Template (ng:///TableComponent.js:12:5)
    at templateFn (C:\Source\Repos\file-share-service-ui\node_modules\@angular\core\fesm2022\core.mjs:6938:5)
    at executeTemplate (C:\Source\Repos\file-share-service-ui\node_modules\@angular\core\fesm2022\core.mjs:7728:7)
    at renderView (C:\Source\Repos\file-share-service-ui\node_modules\@angular\core\fesm2022\core.mjs:7777:5)
    at createAndRenderEmbeddedLView (C:\Source\Repos\file-share-service-ui\node_modules\@angular\core\fesm2022\core.mjs:13739:31)
    at TableComponent_Template (ng:///TableComponent.js:41:5)
    at templateFn (C:\Source\Repos\file-share-service-ui\node_modules\@angular\core\fesm2022\core.mjs:6938:5)
    at executeTemplate (C:\Source\Repos\file-share-service-ui\node_modules\@angular\core\fesm2022\core.mjs:7959:7)
    at refreshView (C:\Source\Repos\file-share-service-ui\node_modules\@angular\core\fesm2022\core.mjs:8122:5)
    at detectChangesInView$1 (C:\Source\Repos\file-share-service-ui\node_modules\@angular\core\fesm2022\core.mjs:8106:3)
    at detectChangesInViewIfAttached (C:\Source\Repos\file-share-service-ui\node_modules\@angular\core\fesm2022\core.mjs:8100:3)
    at detectChangesInComponent (C:\Source\Repos\file-share-service-ui\node_modules\@angular\core\fesm2022\core.mjs:8142:5)
    at detectChangesInChildComponents (C:\Source\Repos\file-share-service-ui\node_modules\@angular\core\fesm2022\core.mjs:8015:7)
    at refreshView (C:\Source\Repos\file-share-service-ui\node_modules\@angular\core\fesm2022\core.mjs:8122:5)
    at detectChangesInView$1 (C:\Source\Repos\file-share-service-ui\node_modules\@angular\core\fesm2022\core.mjs:8106:3)
    at detectChangesInViewIfAttached (C:\Source\Repos\file-share-service-ui\node_modules\@angular\core\fesm2022\core.mjs:8079:7)
    at detectChangesInEmbeddedViews (C:\Source\Repos\file-share-service-ui\node_modules\@angular\core\fesm2022\core.mjs:7981:5)
    at refreshView (C:\Source\Repos\file-share-service-ui\node_modules\@angular\core\fesm2022\core.mjs:8122:5)
    at detectChangesInView$1 (C:\Source\Repos\file-share-service-ui\node_modules\@angular\core\fesm2022\core.mjs:8106:3)
    at detectChangesInViewIfAttached (C:\Source\Repos\file-share-service-ui\node_modules\@angular\core\fesm2022\core.mjs:8100:3)
    at detectChangesInComponent (C:\Source\Repos\file-share-service-ui\node_modules\@angular\core\fesm2022\core.mjs:8142:5)
    at detectChangesInChildComponents (C:\Source\Repos\file-share-service-ui\node_modules\@angular\core\fesm2022\core.mjs:8015:7)
    at refreshView (C:\Source\Repos\file-share-service-ui\node_modules\@angular\core\fesm2022\core.mjs:8122:5)
    at detectChangesInView$1 (C:\Source\Repos\file-share-service-ui\node_modules\@angular\core\fesm2022\core.mjs:7918:3)
    at detectChangesInViewWhileDirty (C:\Source\Repos\file-share-service-ui\node_modules\@angular\core\fesm2022\core.mjs:7904:5)
    at ViewRef$1.detectChangesInternal [as detectChanges] (C:\Source\Repos\file-share-service-ui\node_modules\@angular\core\fesm2022\core.mjs:8382:5)
    at detectChanges (C:\Source\Repos\file-share-service-ui\node_modules\@angular\core\fesm2022\testing.mjs:340:30)
    at _ZoneDelegate.invoke (C:\Source\Repos\file-share-service-ui\node_modules\zone.js\bundles\zone.umd.js:395:160)
    at ProxyZoneSpec.onInvoke (C:\Source\Repos\file-share-service-ui\node_modules\zone.js\bundles\zone-testing.umd.js:2157:35)
    at _ZoneDelegate.invoke (C:\Source\Repos\file-share-service-ui\node_modules\zone.js\bundles\zone.umd.js:395:48)
    at Object.invoke [as onInvoke] (C:\Source\Repos\file-share-service-ui\node_modules\@angular\core\fesm2022\core.mjs:9306:25)
    at _ZoneDelegate.invoke (C:\Source\Repos\file-share-service-ui\node_modules\zone.js\bundles\zone.umd.js:395:48)
    at ZoneImpl.run (C:\Source\Repos\file-share-service-ui\node_modules\zone.js\bundles\zone.umd.js:145:37)
    at NgZone.run (C:\Source\Repos\file-share-service-ui\node_modules\@angular\core\fesm2022\core.mjs:9197:24)
    at PseudoApplicationComponentFixture.run [as detectChanges] (C:\Source\Repos\file-share-service-ui\node_modules\@angular\core\fesm2022\testing.mjs:339:18)
    at C:\Source\Repos\file-share-service-ui\Tests\UnitTests\ess-list-encs.component.spec.ts:377:13
    at _ZoneDelegate.invoke (C:\Source\Repos\file-share-service-ui\node_modules\zone.js\bundles\zone.umd.js:395:160)
    at ProxyZoneSpec.onInvoke (C:\Source\Repos\file-share-service-ui\node_modules\zone.js\bundles\zone-testing.umd.js:2157:35)
    at _ZoneDelegate.invoke (C:\Source\Repos\file-share-service-ui\node_modules\zone.js\bundles\zone.umd.js:395:48)
    at ZoneImpl.run (C:\Source\Repos\file-share-service-ui\node_modules\zone.js\bundles\zone.umd.js:145:37)
    at Object.wrappedFunc (C:\Source\Repos\file-share-service-ui\node_modules\zone.js\bundles\zone-testing.umd.js:430:28)
    at Promise.then.completed (C:\Source\Repos\file-share-service-ui\node_modules\jest-circus\build\utils.js:298:28)
    at new Promise (&lt;anonymous&gt;)
    at callAsyncCircusFn (C:\Source\Repos\file-share-service-ui\node_modules\jest-circus\build\utils.js:231:10)
    at _callCircusHook (C:\Source\Repos\file-share-service-ui\node_modules\jest-circus\build\run.js:281:40)
    at processTicksAndRejections (node:internal/process/task_queues:95:5)
    at _runTest (C:\Source\Repos\file-share-service-ui\node_modules\jest-circus\build\run.js:246:5)
    at _runTestsForDescribeBlock (C:\Source\Repos\file-share-service-ui\node_modules\jest-circus\build\run.js:126:9)
    at _runTestsForDescribeBlock (C:\Source\Repos\file-share-service-ui\node_modules\jest-circus\build\run.js:121:9)
    at run (C:\Source\Repos\file-share-service-ui\node_modules\jest-circus\build\run.js:71:3)
    at runAndTransformResultsToJestFormat (C:\Source\Repos\file-share-service-ui\node_modules\jest-circus\build\legacy-code-todo-rewrite\jestAdapterInit.js:122:21)</failure>
    </testcase>
    <testcase classname="EssListEncsComponent showListEncTOtal class applied to a selector" name="EssListEncsComponent showListEncTOtal class applied to a selector" time="0.039">
      <failure>NullInjectorError: R3InjectorError(DynamicTestModule)[InjectionToken CDK_TABLE -&gt; InjectionToken CDK_TABLE]: 
  NullInjectorError: No provider for InjectionToken CDK_TABLE!
    at NullInjector.get (C:\Source\Repos\file-share-service-ui\node_modules\@angular\core\fesm2022\core.mjs:1427:21)
    at R3Injector.get (C:\Source\Repos\file-share-service-ui\node_modules\@angular\core\fesm2022\core.mjs:2312:27)
    at R3Injector.get (C:\Source\Repos\file-share-service-ui\node_modules\@angular\core\fesm2022\core.mjs:2312:27)
    at ChainedInjector.get (C:\Source\Repos\file-share-service-ui\node_modules\@angular\core\fesm2022\core.mjs:9866:32)
    at get (C:\Source\Repos\file-share-service-ui\node_modules\@angular\core\fesm2022\core.mjs:3831:31)
    at lookupTokenUsingModuleInjector (C:\Source\Repos\file-share-service-ui\node_modules\@angular\core\fesm2022\core.mjs:3856:10)
    at getOrCreateInjectable (C:\Source\Repos\file-share-service-ui\node_modules\@angular\core\fesm2022\core.mjs:6788:17)
    at ɵɵinject (C:\Source\Repos\file-share-service-ui\node_modules\@angular\core\fesm2022\core.mjs:1146:58)
    at ɵɵinject (C:\Source\Repos\file-share-service-ui\node_modules\@angular\core\fesm2022\core.mjs:1155:10)
    at new _HeaderRowOutlet (C:\Source\Repos\file-share-service-ui\node_modules\@angular\cdk\fesm2022\table.mjs:996:41)
    at NodeInjectorFactory._HeaderRowOutlet_Factory [as factory] (ng:///_HeaderRowOutlet/ɵfac.js:5:10)
    at factory (C:\Source\Repos\file-share-service-ui\node_modules\@angular\core\fesm2022\core.mjs:4008:38)
    at getNodeInjectable (C:\Source\Repos\file-share-service-ui\node_modules\@angular\core\fesm2022\core.mjs:7376:23)
    at instantiateAllDirectives (C:\Source\Repos\file-share-service-ui\node_modules\@angular\core\fesm2022\core.mjs:6967:3)
    at createDirectivesInstances (C:\Source\Repos\file-share-service-ui\node_modules\@angular\core\fesm2022\core.mjs:14052:5)
    at ɵɵelementContainerStart (C:\Source\Repos\file-share-service-ui\node_modules\@angular\core\fesm2022\core.mjs:14084:3)
    at TableComponent_Conditional_3_Template (ng:///TableComponent.js:12:5)
    at templateFn (C:\Source\Repos\file-share-service-ui\node_modules\@angular\core\fesm2022\core.mjs:6938:5)
    at executeTemplate (C:\Source\Repos\file-share-service-ui\node_modules\@angular\core\fesm2022\core.mjs:7728:7)
    at renderView (C:\Source\Repos\file-share-service-ui\node_modules\@angular\core\fesm2022\core.mjs:7777:5)
    at createAndRenderEmbeddedLView (C:\Source\Repos\file-share-service-ui\node_modules\@angular\core\fesm2022\core.mjs:13739:31)
    at TableComponent_Template (ng:///TableComponent.js:41:5)
    at templateFn (C:\Source\Repos\file-share-service-ui\node_modules\@angular\core\fesm2022\core.mjs:6938:5)
    at executeTemplate (C:\Source\Repos\file-share-service-ui\node_modules\@angular\core\fesm2022\core.mjs:7959:7)
    at refreshView (C:\Source\Repos\file-share-service-ui\node_modules\@angular\core\fesm2022\core.mjs:8122:5)
    at detectChangesInView$1 (C:\Source\Repos\file-share-service-ui\node_modules\@angular\core\fesm2022\core.mjs:8106:3)
    at detectChangesInViewIfAttached (C:\Source\Repos\file-share-service-ui\node_modules\@angular\core\fesm2022\core.mjs:8100:3)
    at detectChangesInComponent (C:\Source\Repos\file-share-service-ui\node_modules\@angular\core\fesm2022\core.mjs:8142:5)
    at detectChangesInChildComponents (C:\Source\Repos\file-share-service-ui\node_modules\@angular\core\fesm2022\core.mjs:8015:7)
    at refreshView (C:\Source\Repos\file-share-service-ui\node_modules\@angular\core\fesm2022\core.mjs:8122:5)
    at detectChangesInView$1 (C:\Source\Repos\file-share-service-ui\node_modules\@angular\core\fesm2022\core.mjs:8106:3)
    at detectChangesInViewIfAttached (C:\Source\Repos\file-share-service-ui\node_modules\@angular\core\fesm2022\core.mjs:8079:7)
    at detectChangesInEmbeddedViews (C:\Source\Repos\file-share-service-ui\node_modules\@angular\core\fesm2022\core.mjs:7981:5)
    at refreshView (C:\Source\Repos\file-share-service-ui\node_modules\@angular\core\fesm2022\core.mjs:8122:5)
    at detectChangesInView$1 (C:\Source\Repos\file-share-service-ui\node_modules\@angular\core\fesm2022\core.mjs:8106:3)
    at detectChangesInViewIfAttached (C:\Source\Repos\file-share-service-ui\node_modules\@angular\core\fesm2022\core.mjs:8100:3)
    at detectChangesInComponent (C:\Source\Repos\file-share-service-ui\node_modules\@angular\core\fesm2022\core.mjs:8142:5)
    at detectChangesInChildComponents (C:\Source\Repos\file-share-service-ui\node_modules\@angular\core\fesm2022\core.mjs:8015:7)
    at refreshView (C:\Source\Repos\file-share-service-ui\node_modules\@angular\core\fesm2022\core.mjs:8122:5)
    at detectChangesInView$1 (C:\Source\Repos\file-share-service-ui\node_modules\@angular\core\fesm2022\core.mjs:7918:3)
    at detectChangesInViewWhileDirty (C:\Source\Repos\file-share-service-ui\node_modules\@angular\core\fesm2022\core.mjs:7904:5)
    at ViewRef$1.detectChangesInternal [as detectChanges] (C:\Source\Repos\file-share-service-ui\node_modules\@angular\core\fesm2022\core.mjs:8382:5)
    at detectChanges (C:\Source\Repos\file-share-service-ui\node_modules\@angular\core\fesm2022\testing.mjs:340:30)
    at _ZoneDelegate.invoke (C:\Source\Repos\file-share-service-ui\node_modules\zone.js\bundles\zone.umd.js:395:160)
    at ProxyZoneSpec.onInvoke (C:\Source\Repos\file-share-service-ui\node_modules\zone.js\bundles\zone-testing.umd.js:2157:35)
    at _ZoneDelegate.invoke (C:\Source\Repos\file-share-service-ui\node_modules\zone.js\bundles\zone.umd.js:395:48)
    at Object.invoke [as onInvoke] (C:\Source\Repos\file-share-service-ui\node_modules\@angular\core\fesm2022\core.mjs:9306:25)
    at _ZoneDelegate.invoke (C:\Source\Repos\file-share-service-ui\node_modules\zone.js\bundles\zone.umd.js:395:48)
    at ZoneImpl.run (C:\Source\Repos\file-share-service-ui\node_modules\zone.js\bundles\zone.umd.js:145:37)
    at NgZone.run (C:\Source\Repos\file-share-service-ui\node_modules\@angular\core\fesm2022\core.mjs:9197:24)
    at PseudoApplicationComponentFixture.run [as detectChanges] (C:\Source\Repos\file-share-service-ui\node_modules\@angular\core\fesm2022\testing.mjs:339:18)
    at C:\Source\Repos\file-share-service-ui\Tests\UnitTests\ess-list-encs.component.spec.ts:377:13
    at _ZoneDelegate.invoke (C:\Source\Repos\file-share-service-ui\node_modules\zone.js\bundles\zone.umd.js:395:160)
    at ProxyZoneSpec.onInvoke (C:\Source\Repos\file-share-service-ui\node_modules\zone.js\bundles\zone-testing.umd.js:2157:35)
    at _ZoneDelegate.invoke (C:\Source\Repos\file-share-service-ui\node_modules\zone.js\bundles\zone.umd.js:395:48)
    at ZoneImpl.run (C:\Source\Repos\file-share-service-ui\node_modules\zone.js\bundles\zone.umd.js:145:37)
    at Object.wrappedFunc (C:\Source\Repos\file-share-service-ui\node_modules\zone.js\bundles\zone-testing.umd.js:430:28)
    at Promise.then.completed (C:\Source\Repos\file-share-service-ui\node_modules\jest-circus\build\utils.js:298:28)
    at new Promise (&lt;anonymous&gt;)
    at callAsyncCircusFn (C:\Source\Repos\file-share-service-ui\node_modules\jest-circus\build\utils.js:231:10)
    at _callCircusHook (C:\Source\Repos\file-share-service-ui\node_modules\jest-circus\build\run.js:281:40)
    at processTicksAndRejections (node:internal/process/task_queues:95:5)
    at _runTest (C:\Source\Repos\file-share-service-ui\node_modules\jest-circus\build\run.js:246:5)
    at _runTestsForDescribeBlock (C:\Source\Repos\file-share-service-ui\node_modules\jest-circus\build\run.js:126:9)
    at _runTestsForDescribeBlock (C:\Source\Repos\file-share-service-ui\node_modules\jest-circus\build\run.js:121:9)
    at run (C:\Source\Repos\file-share-service-ui\node_modules\jest-circus\build\run.js:71:3)
    at runAndTransformResultsToJestFormat (C:\Source\Repos\file-share-service-ui\node_modules\jest-circus\build\legacy-code-todo-rewrite\jestAdapterInit.js:122:21)</failure>
    </testcase>
    <testcase classname="EssListEncsComponent bottomText class applied to a tag" name="EssListEncsComponent bottomText class applied to a tag" time="0.033">
      <failure>NullInjectorError: R3InjectorError(DynamicTestModule)[InjectionToken CDK_TABLE -&gt; InjectionToken CDK_TABLE]: 
  NullInjectorError: No provider for InjectionToken CDK_TABLE!
    at NullInjector.get (C:\Source\Repos\file-share-service-ui\node_modules\@angular\core\fesm2022\core.mjs:1427:21)
    at R3Injector.get (C:\Source\Repos\file-share-service-ui\node_modules\@angular\core\fesm2022\core.mjs:2312:27)
    at R3Injector.get (C:\Source\Repos\file-share-service-ui\node_modules\@angular\core\fesm2022\core.mjs:2312:27)
    at ChainedInjector.get (C:\Source\Repos\file-share-service-ui\node_modules\@angular\core\fesm2022\core.mjs:9866:32)
    at get (C:\Source\Repos\file-share-service-ui\node_modules\@angular\core\fesm2022\core.mjs:3831:31)
    at lookupTokenUsingModuleInjector (C:\Source\Repos\file-share-service-ui\node_modules\@angular\core\fesm2022\core.mjs:3856:10)
    at getOrCreateInjectable (C:\Source\Repos\file-share-service-ui\node_modules\@angular\core\fesm2022\core.mjs:6788:17)
    at ɵɵinject (C:\Source\Repos\file-share-service-ui\node_modules\@angular\core\fesm2022\core.mjs:1146:58)
    at ɵɵinject (C:\Source\Repos\file-share-service-ui\node_modules\@angular\core\fesm2022\core.mjs:1155:10)
    at new _HeaderRowOutlet (C:\Source\Repos\file-share-service-ui\node_modules\@angular\cdk\fesm2022\table.mjs:996:41)
    at NodeInjectorFactory._HeaderRowOutlet_Factory [as factory] (ng:///_HeaderRowOutlet/ɵfac.js:5:10)
    at factory (C:\Source\Repos\file-share-service-ui\node_modules\@angular\core\fesm2022\core.mjs:4008:38)
    at getNodeInjectable (C:\Source\Repos\file-share-service-ui\node_modules\@angular\core\fesm2022\core.mjs:7376:23)
    at instantiateAllDirectives (C:\Source\Repos\file-share-service-ui\node_modules\@angular\core\fesm2022\core.mjs:6967:3)
    at createDirectivesInstances (C:\Source\Repos\file-share-service-ui\node_modules\@angular\core\fesm2022\core.mjs:14052:5)
    at ɵɵelementContainerStart (C:\Source\Repos\file-share-service-ui\node_modules\@angular\core\fesm2022\core.mjs:14084:3)
    at TableComponent_Conditional_3_Template (ng:///TableComponent.js:12:5)
    at templateFn (C:\Source\Repos\file-share-service-ui\node_modules\@angular\core\fesm2022\core.mjs:6938:5)
    at executeTemplate (C:\Source\Repos\file-share-service-ui\node_modules\@angular\core\fesm2022\core.mjs:7728:7)
    at renderView (C:\Source\Repos\file-share-service-ui\node_modules\@angular\core\fesm2022\core.mjs:7777:5)
    at createAndRenderEmbeddedLView (C:\Source\Repos\file-share-service-ui\node_modules\@angular\core\fesm2022\core.mjs:13739:31)
    at TableComponent_Template (ng:///TableComponent.js:41:5)
    at templateFn (C:\Source\Repos\file-share-service-ui\node_modules\@angular\core\fesm2022\core.mjs:6938:5)
    at executeTemplate (C:\Source\Repos\file-share-service-ui\node_modules\@angular\core\fesm2022\core.mjs:7959:7)
    at refreshView (C:\Source\Repos\file-share-service-ui\node_modules\@angular\core\fesm2022\core.mjs:8122:5)
    at detectChangesInView$1 (C:\Source\Repos\file-share-service-ui\node_modules\@angular\core\fesm2022\core.mjs:8106:3)
    at detectChangesInViewIfAttached (C:\Source\Repos\file-share-service-ui\node_modules\@angular\core\fesm2022\core.mjs:8100:3)
    at detectChangesInComponent (C:\Source\Repos\file-share-service-ui\node_modules\@angular\core\fesm2022\core.mjs:8142:5)
    at detectChangesInChildComponents (C:\Source\Repos\file-share-service-ui\node_modules\@angular\core\fesm2022\core.mjs:8015:7)
    at refreshView (C:\Source\Repos\file-share-service-ui\node_modules\@angular\core\fesm2022\core.mjs:8122:5)
    at detectChangesInView$1 (C:\Source\Repos\file-share-service-ui\node_modules\@angular\core\fesm2022\core.mjs:8106:3)
    at detectChangesInViewIfAttached (C:\Source\Repos\file-share-service-ui\node_modules\@angular\core\fesm2022\core.mjs:8079:7)
    at detectChangesInEmbeddedViews (C:\Source\Repos\file-share-service-ui\node_modules\@angular\core\fesm2022\core.mjs:7981:5)
    at refreshView (C:\Source\Repos\file-share-service-ui\node_modules\@angular\core\fesm2022\core.mjs:8122:5)
    at detectChangesInView$1 (C:\Source\Repos\file-share-service-ui\node_modules\@angular\core\fesm2022\core.mjs:8106:3)
    at detectChangesInViewIfAttached (C:\Source\Repos\file-share-service-ui\node_modules\@angular\core\fesm2022\core.mjs:8100:3)
    at detectChangesInComponent (C:\Source\Repos\file-share-service-ui\node_modules\@angular\core\fesm2022\core.mjs:8142:5)
    at detectChangesInChildComponents (C:\Source\Repos\file-share-service-ui\node_modules\@angular\core\fesm2022\core.mjs:8015:7)
    at refreshView (C:\Source\Repos\file-share-service-ui\node_modules\@angular\core\fesm2022\core.mjs:8122:5)
    at detectChangesInView$1 (C:\Source\Repos\file-share-service-ui\node_modules\@angular\core\fesm2022\core.mjs:7918:3)
    at detectChangesInViewWhileDirty (C:\Source\Repos\file-share-service-ui\node_modules\@angular\core\fesm2022\core.mjs:7904:5)
    at ViewRef$1.detectChangesInternal [as detectChanges] (C:\Source\Repos\file-share-service-ui\node_modules\@angular\core\fesm2022\core.mjs:8382:5)
    at detectChanges (C:\Source\Repos\file-share-service-ui\node_modules\@angular\core\fesm2022\testing.mjs:340:30)
    at _ZoneDelegate.invoke (C:\Source\Repos\file-share-service-ui\node_modules\zone.js\bundles\zone.umd.js:395:160)
    at ProxyZoneSpec.onInvoke (C:\Source\Repos\file-share-service-ui\node_modules\zone.js\bundles\zone-testing.umd.js:2157:35)
    at _ZoneDelegate.invoke (C:\Source\Repos\file-share-service-ui\node_modules\zone.js\bundles\zone.umd.js:395:48)
    at Object.invoke [as onInvoke] (C:\Source\Repos\file-share-service-ui\node_modules\@angular\core\fesm2022\core.mjs:9306:25)
    at _ZoneDelegate.invoke (C:\Source\Repos\file-share-service-ui\node_modules\zone.js\bundles\zone.umd.js:395:48)
    at ZoneImpl.run (C:\Source\Repos\file-share-service-ui\node_modules\zone.js\bundles\zone.umd.js:145:37)
    at NgZone.run (C:\Source\Repos\file-share-service-ui\node_modules\@angular\core\fesm2022\core.mjs:9197:24)
    at PseudoApplicationComponentFixture.run [as detectChanges] (C:\Source\Repos\file-share-service-ui\node_modules\@angular\core\fesm2022\testing.mjs:339:18)
    at C:\Source\Repos\file-share-service-ui\Tests\UnitTests\ess-list-encs.component.spec.ts:377:13
    at _ZoneDelegate.invoke (C:\Source\Repos\file-share-service-ui\node_modules\zone.js\bundles\zone.umd.js:395:160)
    at ProxyZoneSpec.onInvoke (C:\Source\Repos\file-share-service-ui\node_modules\zone.js\bundles\zone-testing.umd.js:2157:35)
    at _ZoneDelegate.invoke (C:\Source\Repos\file-share-service-ui\node_modules\zone.js\bundles\zone.umd.js:395:48)
    at ZoneImpl.run (C:\Source\Repos\file-share-service-ui\node_modules\zone.js\bundles\zone.umd.js:145:37)
    at Object.wrappedFunc (C:\Source\Repos\file-share-service-ui\node_modules\zone.js\bundles\zone-testing.umd.js:430:28)
    at Promise.then.completed (C:\Source\Repos\file-share-service-ui\node_modules\jest-circus\build\utils.js:298:28)
    at new Promise (&lt;anonymous&gt;)
    at callAsyncCircusFn (C:\Source\Repos\file-share-service-ui\node_modules\jest-circus\build\utils.js:231:10)
    at _callCircusHook (C:\Source\Repos\file-share-service-ui\node_modules\jest-circus\build\run.js:281:40)
    at processTicksAndRejections (node:internal/process/task_queues:95:5)
    at _runTest (C:\Source\Repos\file-share-service-ui\node_modules\jest-circus\build\run.js:246:5)
    at _runTestsForDescribeBlock (C:\Source\Repos\file-share-service-ui\node_modules\jest-circus\build\run.js:126:9)
    at _runTestsForDescribeBlock (C:\Source\Repos\file-share-service-ui\node_modules\jest-circus\build\run.js:121:9)
    at run (C:\Source\Repos\file-share-service-ui\node_modules\jest-circus\build\run.js:71:3)
    at runAndTransformResultsToJestFormat (C:\Source\Repos\file-share-service-ui\node_modules\jest-circus\build\legacy-code-todo-rewrite\jestAdapterInit.js:122:21)</failure>
    </testcase>
    <testcase classname="EssListEncsComponent getEstimatedTotalSize called from syncEncsBetweenTables and should return string" name="EssListEncsComponent getEstimatedTotalSize called from syncEncsBetweenTables and should return string" time="0.044">
      <failure>NullInjectorError: R3InjectorError(DynamicTestModule)[InjectionToken CDK_TABLE -&gt; InjectionToken CDK_TABLE]: 
  NullInjectorError: No provider for InjectionToken CDK_TABLE!
    at NullInjector.get (C:\Source\Repos\file-share-service-ui\node_modules\@angular\core\fesm2022\core.mjs:1427:21)
    at R3Injector.get (C:\Source\Repos\file-share-service-ui\node_modules\@angular\core\fesm2022\core.mjs:2312:27)
    at R3Injector.get (C:\Source\Repos\file-share-service-ui\node_modules\@angular\core\fesm2022\core.mjs:2312:27)
    at ChainedInjector.get (C:\Source\Repos\file-share-service-ui\node_modules\@angular\core\fesm2022\core.mjs:9866:32)
    at get (C:\Source\Repos\file-share-service-ui\node_modules\@angular\core\fesm2022\core.mjs:3831:31)
    at lookupTokenUsingModuleInjector (C:\Source\Repos\file-share-service-ui\node_modules\@angular\core\fesm2022\core.mjs:3856:10)
    at getOrCreateInjectable (C:\Source\Repos\file-share-service-ui\node_modules\@angular\core\fesm2022\core.mjs:6788:17)
    at ɵɵinject (C:\Source\Repos\file-share-service-ui\node_modules\@angular\core\fesm2022\core.mjs:1146:58)
    at ɵɵinject (C:\Source\Repos\file-share-service-ui\node_modules\@angular\core\fesm2022\core.mjs:1155:10)
    at new _HeaderRowOutlet (C:\Source\Repos\file-share-service-ui\node_modules\@angular\cdk\fesm2022\table.mjs:996:41)
    at NodeInjectorFactory._HeaderRowOutlet_Factory [as factory] (ng:///_HeaderRowOutlet/ɵfac.js:5:10)
    at factory (C:\Source\Repos\file-share-service-ui\node_modules\@angular\core\fesm2022\core.mjs:4008:38)
    at getNodeInjectable (C:\Source\Repos\file-share-service-ui\node_modules\@angular\core\fesm2022\core.mjs:7376:23)
    at instantiateAllDirectives (C:\Source\Repos\file-share-service-ui\node_modules\@angular\core\fesm2022\core.mjs:6967:3)
    at createDirectivesInstances (C:\Source\Repos\file-share-service-ui\node_modules\@angular\core\fesm2022\core.mjs:14052:5)
    at ɵɵelementContainerStart (C:\Source\Repos\file-share-service-ui\node_modules\@angular\core\fesm2022\core.mjs:14084:3)
    at TableComponent_Conditional_3_Template (ng:///TableComponent.js:12:5)
    at templateFn (C:\Source\Repos\file-share-service-ui\node_modules\@angular\core\fesm2022\core.mjs:6938:5)
    at executeTemplate (C:\Source\Repos\file-share-service-ui\node_modules\@angular\core\fesm2022\core.mjs:7728:7)
    at renderView (C:\Source\Repos\file-share-service-ui\node_modules\@angular\core\fesm2022\core.mjs:7777:5)
    at createAndRenderEmbeddedLView (C:\Source\Repos\file-share-service-ui\node_modules\@angular\core\fesm2022\core.mjs:13739:31)
    at TableComponent_Template (ng:///TableComponent.js:41:5)
    at templateFn (C:\Source\Repos\file-share-service-ui\node_modules\@angular\core\fesm2022\core.mjs:6938:5)
    at executeTemplate (C:\Source\Repos\file-share-service-ui\node_modules\@angular\core\fesm2022\core.mjs:7959:7)
    at refreshView (C:\Source\Repos\file-share-service-ui\node_modules\@angular\core\fesm2022\core.mjs:8122:5)
    at detectChangesInView$1 (C:\Source\Repos\file-share-service-ui\node_modules\@angular\core\fesm2022\core.mjs:8106:3)
    at detectChangesInViewIfAttached (C:\Source\Repos\file-share-service-ui\node_modules\@angular\core\fesm2022\core.mjs:8100:3)
    at detectChangesInComponent (C:\Source\Repos\file-share-service-ui\node_modules\@angular\core\fesm2022\core.mjs:8142:5)
    at detectChangesInChildComponents (C:\Source\Repos\file-share-service-ui\node_modules\@angular\core\fesm2022\core.mjs:8015:7)
    at refreshView (C:\Source\Repos\file-share-service-ui\node_modules\@angular\core\fesm2022\core.mjs:8122:5)
    at detectChangesInView$1 (C:\Source\Repos\file-share-service-ui\node_modules\@angular\core\fesm2022\core.mjs:8106:3)
    at detectChangesInViewIfAttached (C:\Source\Repos\file-share-service-ui\node_modules\@angular\core\fesm2022\core.mjs:8079:7)
    at detectChangesInEmbeddedViews (C:\Source\Repos\file-share-service-ui\node_modules\@angular\core\fesm2022\core.mjs:7981:5)
    at refreshView (C:\Source\Repos\file-share-service-ui\node_modules\@angular\core\fesm2022\core.mjs:8122:5)
    at detectChangesInView$1 (C:\Source\Repos\file-share-service-ui\node_modules\@angular\core\fesm2022\core.mjs:8106:3)
    at detectChangesInViewIfAttached (C:\Source\Repos\file-share-service-ui\node_modules\@angular\core\fesm2022\core.mjs:8100:3)
    at detectChangesInComponent (C:\Source\Repos\file-share-service-ui\node_modules\@angular\core\fesm2022\core.mjs:8142:5)
    at detectChangesInChildComponents (C:\Source\Repos\file-share-service-ui\node_modules\@angular\core\fesm2022\core.mjs:8015:7)
    at refreshView (C:\Source\Repos\file-share-service-ui\node_modules\@angular\core\fesm2022\core.mjs:8122:5)
    at detectChangesInView$1 (C:\Source\Repos\file-share-service-ui\node_modules\@angular\core\fesm2022\core.mjs:7918:3)
    at detectChangesInViewWhileDirty (C:\Source\Repos\file-share-service-ui\node_modules\@angular\core\fesm2022\core.mjs:7904:5)
    at ViewRef$1.detectChangesInternal [as detectChanges] (C:\Source\Repos\file-share-service-ui\node_modules\@angular\core\fesm2022\core.mjs:8382:5)
    at detectChanges (C:\Source\Repos\file-share-service-ui\node_modules\@angular\core\fesm2022\testing.mjs:340:30)
    at _ZoneDelegate.invoke (C:\Source\Repos\file-share-service-ui\node_modules\zone.js\bundles\zone.umd.js:395:160)
    at ProxyZoneSpec.onInvoke (C:\Source\Repos\file-share-service-ui\node_modules\zone.js\bundles\zone-testing.umd.js:2157:35)
    at _ZoneDelegate.invoke (C:\Source\Repos\file-share-service-ui\node_modules\zone.js\bundles\zone.umd.js:395:48)
    at Object.invoke [as onInvoke] (C:\Source\Repos\file-share-service-ui\node_modules\@angular\core\fesm2022\core.mjs:9306:25)
    at _ZoneDelegate.invoke (C:\Source\Repos\file-share-service-ui\node_modules\zone.js\bundles\zone.umd.js:395:48)
    at ZoneImpl.run (C:\Source\Repos\file-share-service-ui\node_modules\zone.js\bundles\zone.umd.js:145:37)
    at NgZone.run (C:\Source\Repos\file-share-service-ui\node_modules\@angular\core\fesm2022\core.mjs:9197:24)
    at PseudoApplicationComponentFixture.run [as detectChanges] (C:\Source\Repos\file-share-service-ui\node_modules\@angular\core\fesm2022\testing.mjs:339:18)
    at C:\Source\Repos\file-share-service-ui\Tests\UnitTests\ess-list-encs.component.spec.ts:377:13
    at _ZoneDelegate.invoke (C:\Source\Repos\file-share-service-ui\node_modules\zone.js\bundles\zone.umd.js:395:160)
    at ProxyZoneSpec.onInvoke (C:\Source\Repos\file-share-service-ui\node_modules\zone.js\bundles\zone-testing.umd.js:2157:35)
    at _ZoneDelegate.invoke (C:\Source\Repos\file-share-service-ui\node_modules\zone.js\bundles\zone.umd.js:395:48)
    at ZoneImpl.run (C:\Source\Repos\file-share-service-ui\node_modules\zone.js\bundles\zone.umd.js:145:37)
    at Object.wrappedFunc (C:\Source\Repos\file-share-service-ui\node_modules\zone.js\bundles\zone-testing.umd.js:430:28)
    at Promise.then.completed (C:\Source\Repos\file-share-service-ui\node_modules\jest-circus\build\utils.js:298:28)
    at new Promise (&lt;anonymous&gt;)
    at callAsyncCircusFn (C:\Source\Repos\file-share-service-ui\node_modules\jest-circus\build\utils.js:231:10)
    at _callCircusHook (C:\Source\Repos\file-share-service-ui\node_modules\jest-circus\build\run.js:281:40)
    at processTicksAndRejections (node:internal/process/task_queues:95:5)
    at _runTest (C:\Source\Repos\file-share-service-ui\node_modules\jest-circus\build\run.js:246:5)
    at _runTestsForDescribeBlock (C:\Source\Repos\file-share-service-ui\node_modules\jest-circus\build\run.js:126:9)
    at _runTestsForDescribeBlock (C:\Source\Repos\file-share-service-ui\node_modules\jest-circus\build\run.js:121:9)
    at run (C:\Source\Repos\file-share-service-ui\node_modules\jest-circus\build\run.js:71:3)
    at runAndTransformResultsToJestFormat (C:\Source\Repos\file-share-service-ui\node_modules\jest-circus\build\legacy-code-todo-rewrite\jestAdapterInit.js:122:21)</failure>
    </testcase>
    <testcase classname="EssListEncsComponent getEstimatedTotalSize called from syncEncsBetweenTables and should return string" name="EssListEncsComponent getEstimatedTotalSize called from syncEncsBetweenTables and should return string" time="0.032">
      <failure>NullInjectorError: R3InjectorError(DynamicTestModule)[InjectionToken CDK_TABLE -&gt; InjectionToken CDK_TABLE]: 
  NullInjectorError: No provider for InjectionToken CDK_TABLE!
    at NullInjector.get (C:\Source\Repos\file-share-service-ui\node_modules\@angular\core\fesm2022\core.mjs:1427:21)
    at R3Injector.get (C:\Source\Repos\file-share-service-ui\node_modules\@angular\core\fesm2022\core.mjs:2312:27)
    at R3Injector.get (C:\Source\Repos\file-share-service-ui\node_modules\@angular\core\fesm2022\core.mjs:2312:27)
    at ChainedInjector.get (C:\Source\Repos\file-share-service-ui\node_modules\@angular\core\fesm2022\core.mjs:9866:32)
    at get (C:\Source\Repos\file-share-service-ui\node_modules\@angular\core\fesm2022\core.mjs:3831:31)
    at lookupTokenUsingModuleInjector (C:\Source\Repos\file-share-service-ui\node_modules\@angular\core\fesm2022\core.mjs:3856:10)
    at getOrCreateInjectable (C:\Source\Repos\file-share-service-ui\node_modules\@angular\core\fesm2022\core.mjs:6788:17)
    at ɵɵinject (C:\Source\Repos\file-share-service-ui\node_modules\@angular\core\fesm2022\core.mjs:1146:58)
    at ɵɵinject (C:\Source\Repos\file-share-service-ui\node_modules\@angular\core\fesm2022\core.mjs:1155:10)
    at new _HeaderRowOutlet (C:\Source\Repos\file-share-service-ui\node_modules\@angular\cdk\fesm2022\table.mjs:996:41)
    at NodeInjectorFactory._HeaderRowOutlet_Factory [as factory] (ng:///_HeaderRowOutlet/ɵfac.js:5:10)
    at factory (C:\Source\Repos\file-share-service-ui\node_modules\@angular\core\fesm2022\core.mjs:4008:38)
    at getNodeInjectable (C:\Source\Repos\file-share-service-ui\node_modules\@angular\core\fesm2022\core.mjs:7376:23)
    at instantiateAllDirectives (C:\Source\Repos\file-share-service-ui\node_modules\@angular\core\fesm2022\core.mjs:6967:3)
    at createDirectivesInstances (C:\Source\Repos\file-share-service-ui\node_modules\@angular\core\fesm2022\core.mjs:14052:5)
    at ɵɵelementContainerStart (C:\Source\Repos\file-share-service-ui\node_modules\@angular\core\fesm2022\core.mjs:14084:3)
    at TableComponent_Conditional_3_Template (ng:///TableComponent.js:12:5)
    at templateFn (C:\Source\Repos\file-share-service-ui\node_modules\@angular\core\fesm2022\core.mjs:6938:5)
    at executeTemplate (C:\Source\Repos\file-share-service-ui\node_modules\@angular\core\fesm2022\core.mjs:7728:7)
    at renderView (C:\Source\Repos\file-share-service-ui\node_modules\@angular\core\fesm2022\core.mjs:7777:5)
    at createAndRenderEmbeddedLView (C:\Source\Repos\file-share-service-ui\node_modules\@angular\core\fesm2022\core.mjs:13739:31)
    at TableComponent_Template (ng:///TableComponent.js:41:5)
    at templateFn (C:\Source\Repos\file-share-service-ui\node_modules\@angular\core\fesm2022\core.mjs:6938:5)
    at executeTemplate (C:\Source\Repos\file-share-service-ui\node_modules\@angular\core\fesm2022\core.mjs:7959:7)
    at refreshView (C:\Source\Repos\file-share-service-ui\node_modules\@angular\core\fesm2022\core.mjs:8122:5)
    at detectChangesInView$1 (C:\Source\Repos\file-share-service-ui\node_modules\@angular\core\fesm2022\core.mjs:8106:3)
    at detectChangesInViewIfAttached (C:\Source\Repos\file-share-service-ui\node_modules\@angular\core\fesm2022\core.mjs:8100:3)
    at detectChangesInComponent (C:\Source\Repos\file-share-service-ui\node_modules\@angular\core\fesm2022\core.mjs:8142:5)
    at detectChangesInChildComponents (C:\Source\Repos\file-share-service-ui\node_modules\@angular\core\fesm2022\core.mjs:8015:7)
    at refreshView (C:\Source\Repos\file-share-service-ui\node_modules\@angular\core\fesm2022\core.mjs:8122:5)
    at detectChangesInView$1 (C:\Source\Repos\file-share-service-ui\node_modules\@angular\core\fesm2022\core.mjs:8106:3)
    at detectChangesInViewIfAttached (C:\Source\Repos\file-share-service-ui\node_modules\@angular\core\fesm2022\core.mjs:8079:7)
    at detectChangesInEmbeddedViews (C:\Source\Repos\file-share-service-ui\node_modules\@angular\core\fesm2022\core.mjs:7981:5)
    at refreshView (C:\Source\Repos\file-share-service-ui\node_modules\@angular\core\fesm2022\core.mjs:8122:5)
    at detectChangesInView$1 (C:\Source\Repos\file-share-service-ui\node_modules\@angular\core\fesm2022\core.mjs:8106:3)
    at detectChangesInViewIfAttached (C:\Source\Repos\file-share-service-ui\node_modules\@angular\core\fesm2022\core.mjs:8100:3)
    at detectChangesInComponent (C:\Source\Repos\file-share-service-ui\node_modules\@angular\core\fesm2022\core.mjs:8142:5)
    at detectChangesInChildComponents (C:\Source\Repos\file-share-service-ui\node_modules\@angular\core\fesm2022\core.mjs:8015:7)
    at refreshView (C:\Source\Repos\file-share-service-ui\node_modules\@angular\core\fesm2022\core.mjs:8122:5)
    at detectChangesInView$1 (C:\Source\Repos\file-share-service-ui\node_modules\@angular\core\fesm2022\core.mjs:7918:3)
    at detectChangesInViewWhileDirty (C:\Source\Repos\file-share-service-ui\node_modules\@angular\core\fesm2022\core.mjs:7904:5)
    at ViewRef$1.detectChangesInternal [as detectChanges] (C:\Source\Repos\file-share-service-ui\node_modules\@angular\core\fesm2022\core.mjs:8382:5)
    at detectChanges (C:\Source\Repos\file-share-service-ui\node_modules\@angular\core\fesm2022\testing.mjs:340:30)
    at _ZoneDelegate.invoke (C:\Source\Repos\file-share-service-ui\node_modules\zone.js\bundles\zone.umd.js:395:160)
    at ProxyZoneSpec.onInvoke (C:\Source\Repos\file-share-service-ui\node_modules\zone.js\bundles\zone-testing.umd.js:2157:35)
    at _ZoneDelegate.invoke (C:\Source\Repos\file-share-service-ui\node_modules\zone.js\bundles\zone.umd.js:395:48)
    at Object.invoke [as onInvoke] (C:\Source\Repos\file-share-service-ui\node_modules\@angular\core\fesm2022\core.mjs:9306:25)
    at _ZoneDelegate.invoke (C:\Source\Repos\file-share-service-ui\node_modules\zone.js\bundles\zone.umd.js:395:48)
    at ZoneImpl.run (C:\Source\Repos\file-share-service-ui\node_modules\zone.js\bundles\zone.umd.js:145:37)
    at NgZone.run (C:\Source\Repos\file-share-service-ui\node_modules\@angular\core\fesm2022\core.mjs:9197:24)
    at PseudoApplicationComponentFixture.run [as detectChanges] (C:\Source\Repos\file-share-service-ui\node_modules\@angular\core\fesm2022\testing.mjs:339:18)
    at C:\Source\Repos\file-share-service-ui\Tests\UnitTests\ess-list-encs.component.spec.ts:377:13
    at _ZoneDelegate.invoke (C:\Source\Repos\file-share-service-ui\node_modules\zone.js\bundles\zone.umd.js:395:160)
    at ProxyZoneSpec.onInvoke (C:\Source\Repos\file-share-service-ui\node_modules\zone.js\bundles\zone-testing.umd.js:2157:35)
    at _ZoneDelegate.invoke (C:\Source\Repos\file-share-service-ui\node_modules\zone.js\bundles\zone.umd.js:395:48)
    at ZoneImpl.run (C:\Source\Repos\file-share-service-ui\node_modules\zone.js\bundles\zone.umd.js:145:37)
    at Object.wrappedFunc (C:\Source\Repos\file-share-service-ui\node_modules\zone.js\bundles\zone-testing.umd.js:430:28)
    at Promise.then.completed (C:\Source\Repos\file-share-service-ui\node_modules\jest-circus\build\utils.js:298:28)
    at new Promise (&lt;anonymous&gt;)
    at callAsyncCircusFn (C:\Source\Repos\file-share-service-ui\node_modules\jest-circus\build\utils.js:231:10)
    at _callCircusHook (C:\Source\Repos\file-share-service-ui\node_modules\jest-circus\build\run.js:281:40)
    at processTicksAndRejections (node:internal/process/task_queues:95:5)
    at _runTest (C:\Source\Repos\file-share-service-ui\node_modules\jest-circus\build\run.js:246:5)
    at _runTestsForDescribeBlock (C:\Source\Repos\file-share-service-ui\node_modules\jest-circus\build\run.js:126:9)
    at _runTestsForDescribeBlock (C:\Source\Repos\file-share-service-ui\node_modules\jest-circus\build\run.js:121:9)
    at run (C:\Source\Repos\file-share-service-ui\node_modules\jest-circus\build\run.js:71:3)
    at runAndTransformResultsToJestFormat (C:\Source\Repos\file-share-service-ui\node_modules\jest-circus\build\legacy-code-todo-rewrite\jestAdapterInit.js:122:21)</failure>
    </testcase>
    <testcase classname="EssListEncsComponent should return exchangeSet details data" name="EssListEncsComponent should return exchangeSet details data" time="0.028">
      <failure>NullInjectorError: R3InjectorError(DynamicTestModule)[InjectionToken CDK_TABLE -&gt; InjectionToken CDK_TABLE]: 
  NullInjectorError: No provider for InjectionToken CDK_TABLE!
    at NullInjector.get (C:\Source\Repos\file-share-service-ui\node_modules\@angular\core\fesm2022\core.mjs:1427:21)
    at R3Injector.get (C:\Source\Repos\file-share-service-ui\node_modules\@angular\core\fesm2022\core.mjs:2312:27)
    at R3Injector.get (C:\Source\Repos\file-share-service-ui\node_modules\@angular\core\fesm2022\core.mjs:2312:27)
    at ChainedInjector.get (C:\Source\Repos\file-share-service-ui\node_modules\@angular\core\fesm2022\core.mjs:9866:32)
    at get (C:\Source\Repos\file-share-service-ui\node_modules\@angular\core\fesm2022\core.mjs:3831:31)
    at lookupTokenUsingModuleInjector (C:\Source\Repos\file-share-service-ui\node_modules\@angular\core\fesm2022\core.mjs:3856:10)
    at getOrCreateInjectable (C:\Source\Repos\file-share-service-ui\node_modules\@angular\core\fesm2022\core.mjs:6788:17)
    at ɵɵinject (C:\Source\Repos\file-share-service-ui\node_modules\@angular\core\fesm2022\core.mjs:1146:58)
    at ɵɵinject (C:\Source\Repos\file-share-service-ui\node_modules\@angular\core\fesm2022\core.mjs:1155:10)
    at new _HeaderRowOutlet (C:\Source\Repos\file-share-service-ui\node_modules\@angular\cdk\fesm2022\table.mjs:996:41)
    at NodeInjectorFactory._HeaderRowOutlet_Factory [as factory] (ng:///_HeaderRowOutlet/ɵfac.js:5:10)
    at factory (C:\Source\Repos\file-share-service-ui\node_modules\@angular\core\fesm2022\core.mjs:4008:38)
    at getNodeInjectable (C:\Source\Repos\file-share-service-ui\node_modules\@angular\core\fesm2022\core.mjs:7376:23)
    at instantiateAllDirectives (C:\Source\Repos\file-share-service-ui\node_modules\@angular\core\fesm2022\core.mjs:6967:3)
    at createDirectivesInstances (C:\Source\Repos\file-share-service-ui\node_modules\@angular\core\fesm2022\core.mjs:14052:5)
    at ɵɵelementContainerStart (C:\Source\Repos\file-share-service-ui\node_modules\@angular\core\fesm2022\core.mjs:14084:3)
    at TableComponent_Conditional_3_Template (ng:///TableComponent.js:12:5)
    at templateFn (C:\Source\Repos\file-share-service-ui\node_modules\@angular\core\fesm2022\core.mjs:6938:5)
    at executeTemplate (C:\Source\Repos\file-share-service-ui\node_modules\@angular\core\fesm2022\core.mjs:7728:7)
    at renderView (C:\Source\Repos\file-share-service-ui\node_modules\@angular\core\fesm2022\core.mjs:7777:5)
    at createAndRenderEmbeddedLView (C:\Source\Repos\file-share-service-ui\node_modules\@angular\core\fesm2022\core.mjs:13739:31)
    at TableComponent_Template (ng:///TableComponent.js:41:5)
    at templateFn (C:\Source\Repos\file-share-service-ui\node_modules\@angular\core\fesm2022\core.mjs:6938:5)
    at executeTemplate (C:\Source\Repos\file-share-service-ui\node_modules\@angular\core\fesm2022\core.mjs:7959:7)
    at refreshView (C:\Source\Repos\file-share-service-ui\node_modules\@angular\core\fesm2022\core.mjs:8122:5)
    at detectChangesInView$1 (C:\Source\Repos\file-share-service-ui\node_modules\@angular\core\fesm2022\core.mjs:8106:3)
    at detectChangesInViewIfAttached (C:\Source\Repos\file-share-service-ui\node_modules\@angular\core\fesm2022\core.mjs:8100:3)
    at detectChangesInComponent (C:\Source\Repos\file-share-service-ui\node_modules\@angular\core\fesm2022\core.mjs:8142:5)
    at detectChangesInChildComponents (C:\Source\Repos\file-share-service-ui\node_modules\@angular\core\fesm2022\core.mjs:8015:7)
    at refreshView (C:\Source\Repos\file-share-service-ui\node_modules\@angular\core\fesm2022\core.mjs:8122:5)
    at detectChangesInView$1 (C:\Source\Repos\file-share-service-ui\node_modules\@angular\core\fesm2022\core.mjs:8106:3)
    at detectChangesInViewIfAttached (C:\Source\Repos\file-share-service-ui\node_modules\@angular\core\fesm2022\core.mjs:8079:7)
    at detectChangesInEmbeddedViews (C:\Source\Repos\file-share-service-ui\node_modules\@angular\core\fesm2022\core.mjs:7981:5)
    at refreshView (C:\Source\Repos\file-share-service-ui\node_modules\@angular\core\fesm2022\core.mjs:8122:5)
    at detectChangesInView$1 (C:\Source\Repos\file-share-service-ui\node_modules\@angular\core\fesm2022\core.mjs:8106:3)
    at detectChangesInViewIfAttached (C:\Source\Repos\file-share-service-ui\node_modules\@angular\core\fesm2022\core.mjs:8100:3)
    at detectChangesInComponent (C:\Source\Repos\file-share-service-ui\node_modules\@angular\core\fesm2022\core.mjs:8142:5)
    at detectChangesInChildComponents (C:\Source\Repos\file-share-service-ui\node_modules\@angular\core\fesm2022\core.mjs:8015:7)
    at refreshView (C:\Source\Repos\file-share-service-ui\node_modules\@angular\core\fesm2022\core.mjs:8122:5)
    at detectChangesInView$1 (C:\Source\Repos\file-share-service-ui\node_modules\@angular\core\fesm2022\core.mjs:7918:3)
    at detectChangesInViewWhileDirty (C:\Source\Repos\file-share-service-ui\node_modules\@angular\core\fesm2022\core.mjs:7904:5)
    at ViewRef$1.detectChangesInternal [as detectChanges] (C:\Source\Repos\file-share-service-ui\node_modules\@angular\core\fesm2022\core.mjs:8382:5)
    at detectChanges (C:\Source\Repos\file-share-service-ui\node_modules\@angular\core\fesm2022\testing.mjs:340:30)
    at _ZoneDelegate.invoke (C:\Source\Repos\file-share-service-ui\node_modules\zone.js\bundles\zone.umd.js:395:160)
    at ProxyZoneSpec.onInvoke (C:\Source\Repos\file-share-service-ui\node_modules\zone.js\bundles\zone-testing.umd.js:2157:35)
    at _ZoneDelegate.invoke (C:\Source\Repos\file-share-service-ui\node_modules\zone.js\bundles\zone.umd.js:395:48)
    at Object.invoke [as onInvoke] (C:\Source\Repos\file-share-service-ui\node_modules\@angular\core\fesm2022\core.mjs:9306:25)
    at _ZoneDelegate.invoke (C:\Source\Repos\file-share-service-ui\node_modules\zone.js\bundles\zone.umd.js:395:48)
    at ZoneImpl.run (C:\Source\Repos\file-share-service-ui\node_modules\zone.js\bundles\zone.umd.js:145:37)
    at NgZone.run (C:\Source\Repos\file-share-service-ui\node_modules\@angular\core\fesm2022\core.mjs:9197:24)
    at PseudoApplicationComponentFixture.run [as detectChanges] (C:\Source\Repos\file-share-service-ui\node_modules\@angular\core\fesm2022\testing.mjs:339:18)
    at C:\Source\Repos\file-share-service-ui\Tests\UnitTests\ess-list-encs.component.spec.ts:377:13
    at _ZoneDelegate.invoke (C:\Source\Repos\file-share-service-ui\node_modules\zone.js\bundles\zone.umd.js:395:160)
    at ProxyZoneSpec.onInvoke (C:\Source\Repos\file-share-service-ui\node_modules\zone.js\bundles\zone-testing.umd.js:2157:35)
    at _ZoneDelegate.invoke (C:\Source\Repos\file-share-service-ui\node_modules\zone.js\bundles\zone.umd.js:395:48)
    at ZoneImpl.run (C:\Source\Repos\file-share-service-ui\node_modules\zone.js\bundles\zone.umd.js:145:37)
    at Object.wrappedFunc (C:\Source\Repos\file-share-service-ui\node_modules\zone.js\bundles\zone-testing.umd.js:430:28)
    at Promise.then.completed (C:\Source\Repos\file-share-service-ui\node_modules\jest-circus\build\utils.js:298:28)
    at new Promise (&lt;anonymous&gt;)
    at callAsyncCircusFn (C:\Source\Repos\file-share-service-ui\node_modules\jest-circus\build\utils.js:231:10)
    at _callCircusHook (C:\Source\Repos\file-share-service-ui\node_modules\jest-circus\build\run.js:281:40)
    at processTicksAndRejections (node:internal/process/task_queues:95:5)
    at _runTest (C:\Source\Repos\file-share-service-ui\node_modules\jest-circus\build\run.js:246:5)
    at _runTestsForDescribeBlock (C:\Source\Repos\file-share-service-ui\node_modules\jest-circus\build\run.js:126:9)
    at _runTestsForDescribeBlock (C:\Source\Repos\file-share-service-ui\node_modules\jest-circus\build\run.js:121:9)
    at run (C:\Source\Repos\file-share-service-ui\node_modules\jest-circus\build\run.js:71:3)
    at runAndTransformResultsToJestFormat (C:\Source\Repos\file-share-service-ui\node_modules\jest-circus\build\legacy-code-todo-rewrite\jestAdapterInit.js:122:21)</failure>
    </testcase>
    <testcase classname="EssListEncsComponent should display Deselect All button when select all button is clicked" name="EssListEncsComponent should display Deselect All button when select all button is clicked" time="0.029">
      <failure>NullInjectorError: R3InjectorError(DynamicTestModule)[InjectionToken CDK_TABLE -&gt; InjectionToken CDK_TABLE]: 
  NullInjectorError: No provider for InjectionToken CDK_TABLE!
    at NullInjector.get (C:\Source\Repos\file-share-service-ui\node_modules\@angular\core\fesm2022\core.mjs:1427:21)
    at R3Injector.get (C:\Source\Repos\file-share-service-ui\node_modules\@angular\core\fesm2022\core.mjs:2312:27)
    at R3Injector.get (C:\Source\Repos\file-share-service-ui\node_modules\@angular\core\fesm2022\core.mjs:2312:27)
    at ChainedInjector.get (C:\Source\Repos\file-share-service-ui\node_modules\@angular\core\fesm2022\core.mjs:9866:32)
    at get (C:\Source\Repos\file-share-service-ui\node_modules\@angular\core\fesm2022\core.mjs:3831:31)
    at lookupTokenUsingModuleInjector (C:\Source\Repos\file-share-service-ui\node_modules\@angular\core\fesm2022\core.mjs:3856:10)
    at getOrCreateInjectable (C:\Source\Repos\file-share-service-ui\node_modules\@angular\core\fesm2022\core.mjs:6788:17)
    at ɵɵinject (C:\Source\Repos\file-share-service-ui\node_modules\@angular\core\fesm2022\core.mjs:1146:58)
    at ɵɵinject (C:\Source\Repos\file-share-service-ui\node_modules\@angular\core\fesm2022\core.mjs:1155:10)
    at new _HeaderRowOutlet (C:\Source\Repos\file-share-service-ui\node_modules\@angular\cdk\fesm2022\table.mjs:996:41)
    at NodeInjectorFactory._HeaderRowOutlet_Factory [as factory] (ng:///_HeaderRowOutlet/ɵfac.js:5:10)
    at factory (C:\Source\Repos\file-share-service-ui\node_modules\@angular\core\fesm2022\core.mjs:4008:38)
    at getNodeInjectable (C:\Source\Repos\file-share-service-ui\node_modules\@angular\core\fesm2022\core.mjs:7376:23)
    at instantiateAllDirectives (C:\Source\Repos\file-share-service-ui\node_modules\@angular\core\fesm2022\core.mjs:6967:3)
    at createDirectivesInstances (C:\Source\Repos\file-share-service-ui\node_modules\@angular\core\fesm2022\core.mjs:14052:5)
    at ɵɵelementContainerStart (C:\Source\Repos\file-share-service-ui\node_modules\@angular\core\fesm2022\core.mjs:14084:3)
    at TableComponent_Conditional_3_Template (ng:///TableComponent.js:12:5)
    at templateFn (C:\Source\Repos\file-share-service-ui\node_modules\@angular\core\fesm2022\core.mjs:6938:5)
    at executeTemplate (C:\Source\Repos\file-share-service-ui\node_modules\@angular\core\fesm2022\core.mjs:7728:7)
    at renderView (C:\Source\Repos\file-share-service-ui\node_modules\@angular\core\fesm2022\core.mjs:7777:5)
    at createAndRenderEmbeddedLView (C:\Source\Repos\file-share-service-ui\node_modules\@angular\core\fesm2022\core.mjs:13739:31)
    at TableComponent_Template (ng:///TableComponent.js:41:5)
    at templateFn (C:\Source\Repos\file-share-service-ui\node_modules\@angular\core\fesm2022\core.mjs:6938:5)
    at executeTemplate (C:\Source\Repos\file-share-service-ui\node_modules\@angular\core\fesm2022\core.mjs:7959:7)
    at refreshView (C:\Source\Repos\file-share-service-ui\node_modules\@angular\core\fesm2022\core.mjs:8122:5)
    at detectChangesInView$1 (C:\Source\Repos\file-share-service-ui\node_modules\@angular\core\fesm2022\core.mjs:8106:3)
    at detectChangesInViewIfAttached (C:\Source\Repos\file-share-service-ui\node_modules\@angular\core\fesm2022\core.mjs:8100:3)
    at detectChangesInComponent (C:\Source\Repos\file-share-service-ui\node_modules\@angular\core\fesm2022\core.mjs:8142:5)
    at detectChangesInChildComponents (C:\Source\Repos\file-share-service-ui\node_modules\@angular\core\fesm2022\core.mjs:8015:7)
    at refreshView (C:\Source\Repos\file-share-service-ui\node_modules\@angular\core\fesm2022\core.mjs:8122:5)
    at detectChangesInView$1 (C:\Source\Repos\file-share-service-ui\node_modules\@angular\core\fesm2022\core.mjs:8106:3)
    at detectChangesInViewIfAttached (C:\Source\Repos\file-share-service-ui\node_modules\@angular\core\fesm2022\core.mjs:8079:7)
    at detectChangesInEmbeddedViews (C:\Source\Repos\file-share-service-ui\node_modules\@angular\core\fesm2022\core.mjs:7981:5)
    at refreshView (C:\Source\Repos\file-share-service-ui\node_modules\@angular\core\fesm2022\core.mjs:8122:5)
    at detectChangesInView$1 (C:\Source\Repos\file-share-service-ui\node_modules\@angular\core\fesm2022\core.mjs:8106:3)
    at detectChangesInViewIfAttached (C:\Source\Repos\file-share-service-ui\node_modules\@angular\core\fesm2022\core.mjs:8100:3)
    at detectChangesInComponent (C:\Source\Repos\file-share-service-ui\node_modules\@angular\core\fesm2022\core.mjs:8142:5)
    at detectChangesInChildComponents (C:\Source\Repos\file-share-service-ui\node_modules\@angular\core\fesm2022\core.mjs:8015:7)
    at refreshView (C:\Source\Repos\file-share-service-ui\node_modules\@angular\core\fesm2022\core.mjs:8122:5)
    at detectChangesInView$1 (C:\Source\Repos\file-share-service-ui\node_modules\@angular\core\fesm2022\core.mjs:7918:3)
    at detectChangesInViewWhileDirty (C:\Source\Repos\file-share-service-ui\node_modules\@angular\core\fesm2022\core.mjs:7904:5)
    at ViewRef$1.detectChangesInternal [as detectChanges] (C:\Source\Repos\file-share-service-ui\node_modules\@angular\core\fesm2022\core.mjs:8382:5)
    at detectChanges (C:\Source\Repos\file-share-service-ui\node_modules\@angular\core\fesm2022\testing.mjs:340:30)
    at _ZoneDelegate.invoke (C:\Source\Repos\file-share-service-ui\node_modules\zone.js\bundles\zone.umd.js:395:160)
    at ProxyZoneSpec.onInvoke (C:\Source\Repos\file-share-service-ui\node_modules\zone.js\bundles\zone-testing.umd.js:2157:35)
    at _ZoneDelegate.invoke (C:\Source\Repos\file-share-service-ui\node_modules\zone.js\bundles\zone.umd.js:395:48)
    at Object.invoke [as onInvoke] (C:\Source\Repos\file-share-service-ui\node_modules\@angular\core\fesm2022\core.mjs:9306:25)
    at _ZoneDelegate.invoke (C:\Source\Repos\file-share-service-ui\node_modules\zone.js\bundles\zone.umd.js:395:48)
    at ZoneImpl.run (C:\Source\Repos\file-share-service-ui\node_modules\zone.js\bundles\zone.umd.js:145:37)
    at NgZone.run (C:\Source\Repos\file-share-service-ui\node_modules\@angular\core\fesm2022\core.mjs:9197:24)
    at PseudoApplicationComponentFixture.run [as detectChanges] (C:\Source\Repos\file-share-service-ui\node_modules\@angular\core\fesm2022\testing.mjs:339:18)
    at C:\Source\Repos\file-share-service-ui\Tests\UnitTests\ess-list-encs.component.spec.ts:377:13
    at _ZoneDelegate.invoke (C:\Source\Repos\file-share-service-ui\node_modules\zone.js\bundles\zone.umd.js:395:160)
    at ProxyZoneSpec.onInvoke (C:\Source\Repos\file-share-service-ui\node_modules\zone.js\bundles\zone-testing.umd.js:2157:35)
    at _ZoneDelegate.invoke (C:\Source\Repos\file-share-service-ui\node_modules\zone.js\bundles\zone.umd.js:395:48)
    at ZoneImpl.run (C:\Source\Repos\file-share-service-ui\node_modules\zone.js\bundles\zone.umd.js:145:37)
    at Object.wrappedFunc (C:\Source\Repos\file-share-service-ui\node_modules\zone.js\bundles\zone-testing.umd.js:430:28)
    at Promise.then.completed (C:\Source\Repos\file-share-service-ui\node_modules\jest-circus\build\utils.js:298:28)
    at new Promise (&lt;anonymous&gt;)
    at callAsyncCircusFn (C:\Source\Repos\file-share-service-ui\node_modules\jest-circus\build\utils.js:231:10)
    at _callCircusHook (C:\Source\Repos\file-share-service-ui\node_modules\jest-circus\build\run.js:281:40)
    at processTicksAndRejections (node:internal/process/task_queues:95:5)
    at _runTest (C:\Source\Repos\file-share-service-ui\node_modules\jest-circus\build\run.js:246:5)
    at _runTestsForDescribeBlock (C:\Source\Repos\file-share-service-ui\node_modules\jest-circus\build\run.js:126:9)
    at _runTestsForDescribeBlock (C:\Source\Repos\file-share-service-ui\node_modules\jest-circus\build\run.js:121:9)
    at run (C:\Source\Repos\file-share-service-ui\node_modules\jest-circus\build\run.js:71:3)
    at runAndTransformResultsToJestFormat (C:\Source\Repos\file-share-service-ui\node_modules\jest-circus\build\legacy-code-todo-rewrite\jestAdapterInit.js:122:21)</failure>
    </testcase>
    <testcase classname="EssListEncsComponent should display Select All button when Deselect all button is clicked" name="EssListEncsComponent should display Select All button when Deselect all button is clicked" time="0.029">
      <failure>NullInjectorError: R3InjectorError(DynamicTestModule)[InjectionToken CDK_TABLE -&gt; InjectionToken CDK_TABLE]: 
  NullInjectorError: No provider for InjectionToken CDK_TABLE!
    at NullInjector.get (C:\Source\Repos\file-share-service-ui\node_modules\@angular\core\fesm2022\core.mjs:1427:21)
    at R3Injector.get (C:\Source\Repos\file-share-service-ui\node_modules\@angular\core\fesm2022\core.mjs:2312:27)
    at R3Injector.get (C:\Source\Repos\file-share-service-ui\node_modules\@angular\core\fesm2022\core.mjs:2312:27)
    at ChainedInjector.get (C:\Source\Repos\file-share-service-ui\node_modules\@angular\core\fesm2022\core.mjs:9866:32)
    at get (C:\Source\Repos\file-share-service-ui\node_modules\@angular\core\fesm2022\core.mjs:3831:31)
    at lookupTokenUsingModuleInjector (C:\Source\Repos\file-share-service-ui\node_modules\@angular\core\fesm2022\core.mjs:3856:10)
    at getOrCreateInjectable (C:\Source\Repos\file-share-service-ui\node_modules\@angular\core\fesm2022\core.mjs:6788:17)
    at ɵɵinject (C:\Source\Repos\file-share-service-ui\node_modules\@angular\core\fesm2022\core.mjs:1146:58)
    at ɵɵinject (C:\Source\Repos\file-share-service-ui\node_modules\@angular\core\fesm2022\core.mjs:1155:10)
    at new _HeaderRowOutlet (C:\Source\Repos\file-share-service-ui\node_modules\@angular\cdk\fesm2022\table.mjs:996:41)
    at NodeInjectorFactory._HeaderRowOutlet_Factory [as factory] (ng:///_HeaderRowOutlet/ɵfac.js:5:10)
    at factory (C:\Source\Repos\file-share-service-ui\node_modules\@angular\core\fesm2022\core.mjs:4008:38)
    at getNodeInjectable (C:\Source\Repos\file-share-service-ui\node_modules\@angular\core\fesm2022\core.mjs:7376:23)
    at instantiateAllDirectives (C:\Source\Repos\file-share-service-ui\node_modules\@angular\core\fesm2022\core.mjs:6967:3)
    at createDirectivesInstances (C:\Source\Repos\file-share-service-ui\node_modules\@angular\core\fesm2022\core.mjs:14052:5)
    at ɵɵelementContainerStart (C:\Source\Repos\file-share-service-ui\node_modules\@angular\core\fesm2022\core.mjs:14084:3)
    at TableComponent_Conditional_3_Template (ng:///TableComponent.js:12:5)
    at templateFn (C:\Source\Repos\file-share-service-ui\node_modules\@angular\core\fesm2022\core.mjs:6938:5)
    at executeTemplate (C:\Source\Repos\file-share-service-ui\node_modules\@angular\core\fesm2022\core.mjs:7728:7)
    at renderView (C:\Source\Repos\file-share-service-ui\node_modules\@angular\core\fesm2022\core.mjs:7777:5)
    at createAndRenderEmbeddedLView (C:\Source\Repos\file-share-service-ui\node_modules\@angular\core\fesm2022\core.mjs:13739:31)
    at TableComponent_Template (ng:///TableComponent.js:41:5)
    at templateFn (C:\Source\Repos\file-share-service-ui\node_modules\@angular\core\fesm2022\core.mjs:6938:5)
    at executeTemplate (C:\Source\Repos\file-share-service-ui\node_modules\@angular\core\fesm2022\core.mjs:7959:7)
    at refreshView (C:\Source\Repos\file-share-service-ui\node_modules\@angular\core\fesm2022\core.mjs:8122:5)
    at detectChangesInView$1 (C:\Source\Repos\file-share-service-ui\node_modules\@angular\core\fesm2022\core.mjs:8106:3)
    at detectChangesInViewIfAttached (C:\Source\Repos\file-share-service-ui\node_modules\@angular\core\fesm2022\core.mjs:8100:3)
    at detectChangesInComponent (C:\Source\Repos\file-share-service-ui\node_modules\@angular\core\fesm2022\core.mjs:8142:5)
    at detectChangesInChildComponents (C:\Source\Repos\file-share-service-ui\node_modules\@angular\core\fesm2022\core.mjs:8015:7)
    at refreshView (C:\Source\Repos\file-share-service-ui\node_modules\@angular\core\fesm2022\core.mjs:8122:5)
    at detectChangesInView$1 (C:\Source\Repos\file-share-service-ui\node_modules\@angular\core\fesm2022\core.mjs:8106:3)
    at detectChangesInViewIfAttached (C:\Source\Repos\file-share-service-ui\node_modules\@angular\core\fesm2022\core.mjs:8079:7)
    at detectChangesInEmbeddedViews (C:\Source\Repos\file-share-service-ui\node_modules\@angular\core\fesm2022\core.mjs:7981:5)
    at refreshView (C:\Source\Repos\file-share-service-ui\node_modules\@angular\core\fesm2022\core.mjs:8122:5)
    at detectChangesInView$1 (C:\Source\Repos\file-share-service-ui\node_modules\@angular\core\fesm2022\core.mjs:8106:3)
    at detectChangesInViewIfAttached (C:\Source\Repos\file-share-service-ui\node_modules\@angular\core\fesm2022\core.mjs:8100:3)
    at detectChangesInComponent (C:\Source\Repos\file-share-service-ui\node_modules\@angular\core\fesm2022\core.mjs:8142:5)
    at detectChangesInChildComponents (C:\Source\Repos\file-share-service-ui\node_modules\@angular\core\fesm2022\core.mjs:8015:7)
    at refreshView (C:\Source\Repos\file-share-service-ui\node_modules\@angular\core\fesm2022\core.mjs:8122:5)
    at detectChangesInView$1 (C:\Source\Repos\file-share-service-ui\node_modules\@angular\core\fesm2022\core.mjs:7918:3)
    at detectChangesInViewWhileDirty (C:\Source\Repos\file-share-service-ui\node_modules\@angular\core\fesm2022\core.mjs:7904:5)
    at ViewRef$1.detectChangesInternal [as detectChanges] (C:\Source\Repos\file-share-service-ui\node_modules\@angular\core\fesm2022\core.mjs:8382:5)
    at detectChanges (C:\Source\Repos\file-share-service-ui\node_modules\@angular\core\fesm2022\testing.mjs:340:30)
    at _ZoneDelegate.invoke (C:\Source\Repos\file-share-service-ui\node_modules\zone.js\bundles\zone.umd.js:395:160)
    at ProxyZoneSpec.onInvoke (C:\Source\Repos\file-share-service-ui\node_modules\zone.js\bundles\zone-testing.umd.js:2157:35)
    at _ZoneDelegate.invoke (C:\Source\Repos\file-share-service-ui\node_modules\zone.js\bundles\zone.umd.js:395:48)
    at Object.invoke [as onInvoke] (C:\Source\Repos\file-share-service-ui\node_modules\@angular\core\fesm2022\core.mjs:9306:25)
    at _ZoneDelegate.invoke (C:\Source\Repos\file-share-service-ui\node_modules\zone.js\bundles\zone.umd.js:395:48)
    at ZoneImpl.run (C:\Source\Repos\file-share-service-ui\node_modules\zone.js\bundles\zone.umd.js:145:37)
    at NgZone.run (C:\Source\Repos\file-share-service-ui\node_modules\@angular\core\fesm2022\core.mjs:9197:24)
    at PseudoApplicationComponentFixture.run [as detectChanges] (C:\Source\Repos\file-share-service-ui\node_modules\@angular\core\fesm2022\testing.mjs:339:18)
    at C:\Source\Repos\file-share-service-ui\Tests\UnitTests\ess-list-encs.component.spec.ts:377:13
    at _ZoneDelegate.invoke (C:\Source\Repos\file-share-service-ui\node_modules\zone.js\bundles\zone.umd.js:395:160)
    at ProxyZoneSpec.onInvoke (C:\Source\Repos\file-share-service-ui\node_modules\zone.js\bundles\zone-testing.umd.js:2157:35)
    at _ZoneDelegate.invoke (C:\Source\Repos\file-share-service-ui\node_modules\zone.js\bundles\zone.umd.js:395:48)
    at ZoneImpl.run (C:\Source\Repos\file-share-service-ui\node_modules\zone.js\bundles\zone.umd.js:145:37)
    at Object.wrappedFunc (C:\Source\Repos\file-share-service-ui\node_modules\zone.js\bundles\zone-testing.umd.js:430:28)
    at Promise.then.completed (C:\Source\Repos\file-share-service-ui\node_modules\jest-circus\build\utils.js:298:28)
    at new Promise (&lt;anonymous&gt;)
    at callAsyncCircusFn (C:\Source\Repos\file-share-service-ui\node_modules\jest-circus\build\utils.js:231:10)
    at _callCircusHook (C:\Source\Repos\file-share-service-ui\node_modules\jest-circus\build\run.js:281:40)
    at processTicksAndRejections (node:internal/process/task_queues:95:5)
    at _runTest (C:\Source\Repos\file-share-service-ui\node_modules\jest-circus\build\run.js:246:5)
    at _runTestsForDescribeBlock (C:\Source\Repos\file-share-service-ui\node_modules\jest-circus\build\run.js:126:9)
    at _runTestsForDescribeBlock (C:\Source\Repos\file-share-service-ui\node_modules\jest-circus\build\run.js:121:9)
    at run (C:\Source\Repos\file-share-service-ui\node_modules\jest-circus\build\run.js:71:3)
    at runAndTransformResultsToJestFormat (C:\Source\Repos\file-share-service-ui\node_modules\jest-circus\build\legacy-code-todo-rewrite\jestAdapterInit.js:122:21)</failure>
    </testcase>
    <testcase classname="EssListEncsComponent should hide select all button if enc list greater than max enc limit" name="EssListEncsComponent should hide select all button if enc list greater than max enc limit" time="0.04">
      <failure>NullInjectorError: R3InjectorError(DynamicTestModule)[InjectionToken CDK_TABLE -&gt; InjectionToken CDK_TABLE]: 
  NullInjectorError: No provider for InjectionToken CDK_TABLE!
    at NullInjector.get (C:\Source\Repos\file-share-service-ui\node_modules\@angular\core\fesm2022\core.mjs:1427:21)
    at R3Injector.get (C:\Source\Repos\file-share-service-ui\node_modules\@angular\core\fesm2022\core.mjs:2312:27)
    at R3Injector.get (C:\Source\Repos\file-share-service-ui\node_modules\@angular\core\fesm2022\core.mjs:2312:27)
    at ChainedInjector.get (C:\Source\Repos\file-share-service-ui\node_modules\@angular\core\fesm2022\core.mjs:9866:32)
    at get (C:\Source\Repos\file-share-service-ui\node_modules\@angular\core\fesm2022\core.mjs:3831:31)
    at lookupTokenUsingModuleInjector (C:\Source\Repos\file-share-service-ui\node_modules\@angular\core\fesm2022\core.mjs:3856:10)
    at getOrCreateInjectable (C:\Source\Repos\file-share-service-ui\node_modules\@angular\core\fesm2022\core.mjs:6788:17)
    at ɵɵinject (C:\Source\Repos\file-share-service-ui\node_modules\@angular\core\fesm2022\core.mjs:1146:58)
    at ɵɵinject (C:\Source\Repos\file-share-service-ui\node_modules\@angular\core\fesm2022\core.mjs:1155:10)
    at new _HeaderRowOutlet (C:\Source\Repos\file-share-service-ui\node_modules\@angular\cdk\fesm2022\table.mjs:996:41)
    at NodeInjectorFactory._HeaderRowOutlet_Factory [as factory] (ng:///_HeaderRowOutlet/ɵfac.js:5:10)
    at factory (C:\Source\Repos\file-share-service-ui\node_modules\@angular\core\fesm2022\core.mjs:4008:38)
    at getNodeInjectable (C:\Source\Repos\file-share-service-ui\node_modules\@angular\core\fesm2022\core.mjs:7376:23)
    at instantiateAllDirectives (C:\Source\Repos\file-share-service-ui\node_modules\@angular\core\fesm2022\core.mjs:6967:3)
    at createDirectivesInstances (C:\Source\Repos\file-share-service-ui\node_modules\@angular\core\fesm2022\core.mjs:14052:5)
    at ɵɵelementContainerStart (C:\Source\Repos\file-share-service-ui\node_modules\@angular\core\fesm2022\core.mjs:14084:3)
    at TableComponent_Conditional_3_Template (ng:///TableComponent.js:12:5)
    at templateFn (C:\Source\Repos\file-share-service-ui\node_modules\@angular\core\fesm2022\core.mjs:6938:5)
    at executeTemplate (C:\Source\Repos\file-share-service-ui\node_modules\@angular\core\fesm2022\core.mjs:7728:7)
    at renderView (C:\Source\Repos\file-share-service-ui\node_modules\@angular\core\fesm2022\core.mjs:7777:5)
    at createAndRenderEmbeddedLView (C:\Source\Repos\file-share-service-ui\node_modules\@angular\core\fesm2022\core.mjs:13739:31)
    at TableComponent_Template (ng:///TableComponent.js:41:5)
    at templateFn (C:\Source\Repos\file-share-service-ui\node_modules\@angular\core\fesm2022\core.mjs:6938:5)
    at executeTemplate (C:\Source\Repos\file-share-service-ui\node_modules\@angular\core\fesm2022\core.mjs:7959:7)
    at refreshView (C:\Source\Repos\file-share-service-ui\node_modules\@angular\core\fesm2022\core.mjs:8122:5)
    at detectChangesInView$1 (C:\Source\Repos\file-share-service-ui\node_modules\@angular\core\fesm2022\core.mjs:8106:3)
    at detectChangesInViewIfAttached (C:\Source\Repos\file-share-service-ui\node_modules\@angular\core\fesm2022\core.mjs:8100:3)
    at detectChangesInComponent (C:\Source\Repos\file-share-service-ui\node_modules\@angular\core\fesm2022\core.mjs:8142:5)
    at detectChangesInChildComponents (C:\Source\Repos\file-share-service-ui\node_modules\@angular\core\fesm2022\core.mjs:8015:7)
    at refreshView (C:\Source\Repos\file-share-service-ui\node_modules\@angular\core\fesm2022\core.mjs:8122:5)
    at detectChangesInView$1 (C:\Source\Repos\file-share-service-ui\node_modules\@angular\core\fesm2022\core.mjs:8106:3)
    at detectChangesInViewIfAttached (C:\Source\Repos\file-share-service-ui\node_modules\@angular\core\fesm2022\core.mjs:8079:7)
    at detectChangesInEmbeddedViews (C:\Source\Repos\file-share-service-ui\node_modules\@angular\core\fesm2022\core.mjs:7981:5)
    at refreshView (C:\Source\Repos\file-share-service-ui\node_modules\@angular\core\fesm2022\core.mjs:8122:5)
    at detectChangesInView$1 (C:\Source\Repos\file-share-service-ui\node_modules\@angular\core\fesm2022\core.mjs:8106:3)
    at detectChangesInViewIfAttached (C:\Source\Repos\file-share-service-ui\node_modules\@angular\core\fesm2022\core.mjs:8100:3)
    at detectChangesInComponent (C:\Source\Repos\file-share-service-ui\node_modules\@angular\core\fesm2022\core.mjs:8142:5)
    at detectChangesInChildComponents (C:\Source\Repos\file-share-service-ui\node_modules\@angular\core\fesm2022\core.mjs:8015:7)
    at refreshView (C:\Source\Repos\file-share-service-ui\node_modules\@angular\core\fesm2022\core.mjs:8122:5)
    at detectChangesInView$1 (C:\Source\Repos\file-share-service-ui\node_modules\@angular\core\fesm2022\core.mjs:7918:3)
    at detectChangesInViewWhileDirty (C:\Source\Repos\file-share-service-ui\node_modules\@angular\core\fesm2022\core.mjs:7904:5)
    at ViewRef$1.detectChangesInternal [as detectChanges] (C:\Source\Repos\file-share-service-ui\node_modules\@angular\core\fesm2022\core.mjs:8382:5)
    at detectChanges (C:\Source\Repos\file-share-service-ui\node_modules\@angular\core\fesm2022\testing.mjs:340:30)
    at _ZoneDelegate.invoke (C:\Source\Repos\file-share-service-ui\node_modules\zone.js\bundles\zone.umd.js:395:160)
    at ProxyZoneSpec.onInvoke (C:\Source\Repos\file-share-service-ui\node_modules\zone.js\bundles\zone-testing.umd.js:2157:35)
    at _ZoneDelegate.invoke (C:\Source\Repos\file-share-service-ui\node_modules\zone.js\bundles\zone.umd.js:395:48)
    at Object.invoke [as onInvoke] (C:\Source\Repos\file-share-service-ui\node_modules\@angular\core\fesm2022\core.mjs:9306:25)
    at _ZoneDelegate.invoke (C:\Source\Repos\file-share-service-ui\node_modules\zone.js\bundles\zone.umd.js:395:48)
    at ZoneImpl.run (C:\Source\Repos\file-share-service-ui\node_modules\zone.js\bundles\zone.umd.js:145:37)
    at NgZone.run (C:\Source\Repos\file-share-service-ui\node_modules\@angular\core\fesm2022\core.mjs:9197:24)
    at PseudoApplicationComponentFixture.run [as detectChanges] (C:\Source\Repos\file-share-service-ui\node_modules\@angular\core\fesm2022\testing.mjs:339:18)
    at C:\Source\Repos\file-share-service-ui\Tests\UnitTests\ess-list-encs.component.spec.ts:377:13
    at _ZoneDelegate.invoke (C:\Source\Repos\file-share-service-ui\node_modules\zone.js\bundles\zone.umd.js:395:160)
    at ProxyZoneSpec.onInvoke (C:\Source\Repos\file-share-service-ui\node_modules\zone.js\bundles\zone-testing.umd.js:2157:35)
    at _ZoneDelegate.invoke (C:\Source\Repos\file-share-service-ui\node_modules\zone.js\bundles\zone.umd.js:395:48)
    at ZoneImpl.run (C:\Source\Repos\file-share-service-ui\node_modules\zone.js\bundles\zone.umd.js:145:37)
    at Object.wrappedFunc (C:\Source\Repos\file-share-service-ui\node_modules\zone.js\bundles\zone-testing.umd.js:430:28)
    at Promise.then.completed (C:\Source\Repos\file-share-service-ui\node_modules\jest-circus\build\utils.js:298:28)
    at new Promise (&lt;anonymous&gt;)
    at callAsyncCircusFn (C:\Source\Repos\file-share-service-ui\node_modules\jest-circus\build\utils.js:231:10)
    at _callCircusHook (C:\Source\Repos\file-share-service-ui\node_modules\jest-circus\build\run.js:281:40)
    at processTicksAndRejections (node:internal/process/task_queues:95:5)
    at _runTest (C:\Source\Repos\file-share-service-ui\node_modules\jest-circus\build\run.js:246:5)
    at _runTestsForDescribeBlock (C:\Source\Repos\file-share-service-ui\node_modules\jest-circus\build\run.js:126:9)
    at _runTestsForDescribeBlock (C:\Source\Repos\file-share-service-ui\node_modules\jest-circus\build\run.js:121:9)
    at run (C:\Source\Repos\file-share-service-ui\node_modules\jest-circus\build\run.js:71:3)
    at runAndTransformResultsToJestFormat (C:\Source\Repos\file-share-service-ui\node_modules\jest-circus\build\legacy-code-todo-rewrite\jestAdapterInit.js:122:21)</failure>
    </testcase>
    <testcase classname="EssListEncsComponent should show select all button if enc list less than or equal to max enc limit" name="EssListEncsComponent should show select all button if enc list less than or equal to max enc limit" time="0.035">
      <failure>NullInjectorError: R3InjectorError(DynamicTestModule)[InjectionToken CDK_TABLE -&gt; InjectionToken CDK_TABLE]: 
  NullInjectorError: No provider for InjectionToken CDK_TABLE!
    at NullInjector.get (C:\Source\Repos\file-share-service-ui\node_modules\@angular\core\fesm2022\core.mjs:1427:21)
    at R3Injector.get (C:\Source\Repos\file-share-service-ui\node_modules\@angular\core\fesm2022\core.mjs:2312:27)
    at R3Injector.get (C:\Source\Repos\file-share-service-ui\node_modules\@angular\core\fesm2022\core.mjs:2312:27)
    at ChainedInjector.get (C:\Source\Repos\file-share-service-ui\node_modules\@angular\core\fesm2022\core.mjs:9866:32)
    at get (C:\Source\Repos\file-share-service-ui\node_modules\@angular\core\fesm2022\core.mjs:3831:31)
    at lookupTokenUsingModuleInjector (C:\Source\Repos\file-share-service-ui\node_modules\@angular\core\fesm2022\core.mjs:3856:10)
    at getOrCreateInjectable (C:\Source\Repos\file-share-service-ui\node_modules\@angular\core\fesm2022\core.mjs:6788:17)
    at ɵɵinject (C:\Source\Repos\file-share-service-ui\node_modules\@angular\core\fesm2022\core.mjs:1146:58)
    at ɵɵinject (C:\Source\Repos\file-share-service-ui\node_modules\@angular\core\fesm2022\core.mjs:1155:10)
    at new _HeaderRowOutlet (C:\Source\Repos\file-share-service-ui\node_modules\@angular\cdk\fesm2022\table.mjs:996:41)
    at NodeInjectorFactory._HeaderRowOutlet_Factory [as factory] (ng:///_HeaderRowOutlet/ɵfac.js:5:10)
    at factory (C:\Source\Repos\file-share-service-ui\node_modules\@angular\core\fesm2022\core.mjs:4008:38)
    at getNodeInjectable (C:\Source\Repos\file-share-service-ui\node_modules\@angular\core\fesm2022\core.mjs:7376:23)
    at instantiateAllDirectives (C:\Source\Repos\file-share-service-ui\node_modules\@angular\core\fesm2022\core.mjs:6967:3)
    at createDirectivesInstances (C:\Source\Repos\file-share-service-ui\node_modules\@angular\core\fesm2022\core.mjs:14052:5)
    at ɵɵelementContainerStart (C:\Source\Repos\file-share-service-ui\node_modules\@angular\core\fesm2022\core.mjs:14084:3)
    at TableComponent_Conditional_3_Template (ng:///TableComponent.js:12:5)
    at templateFn (C:\Source\Repos\file-share-service-ui\node_modules\@angular\core\fesm2022\core.mjs:6938:5)
    at executeTemplate (C:\Source\Repos\file-share-service-ui\node_modules\@angular\core\fesm2022\core.mjs:7728:7)
    at renderView (C:\Source\Repos\file-share-service-ui\node_modules\@angular\core\fesm2022\core.mjs:7777:5)
    at createAndRenderEmbeddedLView (C:\Source\Repos\file-share-service-ui\node_modules\@angular\core\fesm2022\core.mjs:13739:31)
    at TableComponent_Template (ng:///TableComponent.js:41:5)
    at templateFn (C:\Source\Repos\file-share-service-ui\node_modules\@angular\core\fesm2022\core.mjs:6938:5)
    at executeTemplate (C:\Source\Repos\file-share-service-ui\node_modules\@angular\core\fesm2022\core.mjs:7959:7)
    at refreshView (C:\Source\Repos\file-share-service-ui\node_modules\@angular\core\fesm2022\core.mjs:8122:5)
    at detectChangesInView$1 (C:\Source\Repos\file-share-service-ui\node_modules\@angular\core\fesm2022\core.mjs:8106:3)
    at detectChangesInViewIfAttached (C:\Source\Repos\file-share-service-ui\node_modules\@angular\core\fesm2022\core.mjs:8100:3)
    at detectChangesInComponent (C:\Source\Repos\file-share-service-ui\node_modules\@angular\core\fesm2022\core.mjs:8142:5)
    at detectChangesInChildComponents (C:\Source\Repos\file-share-service-ui\node_modules\@angular\core\fesm2022\core.mjs:8015:7)
    at refreshView (C:\Source\Repos\file-share-service-ui\node_modules\@angular\core\fesm2022\core.mjs:8122:5)
    at detectChangesInView$1 (C:\Source\Repos\file-share-service-ui\node_modules\@angular\core\fesm2022\core.mjs:8106:3)
    at detectChangesInViewIfAttached (C:\Source\Repos\file-share-service-ui\node_modules\@angular\core\fesm2022\core.mjs:8079:7)
    at detectChangesInEmbeddedViews (C:\Source\Repos\file-share-service-ui\node_modules\@angular\core\fesm2022\core.mjs:7981:5)
    at refreshView (C:\Source\Repos\file-share-service-ui\node_modules\@angular\core\fesm2022\core.mjs:8122:5)
    at detectChangesInView$1 (C:\Source\Repos\file-share-service-ui\node_modules\@angular\core\fesm2022\core.mjs:8106:3)
    at detectChangesInViewIfAttached (C:\Source\Repos\file-share-service-ui\node_modules\@angular\core\fesm2022\core.mjs:8100:3)
    at detectChangesInComponent (C:\Source\Repos\file-share-service-ui\node_modules\@angular\core\fesm2022\core.mjs:8142:5)
    at detectChangesInChildComponents (C:\Source\Repos\file-share-service-ui\node_modules\@angular\core\fesm2022\core.mjs:8015:7)
    at refreshView (C:\Source\Repos\file-share-service-ui\node_modules\@angular\core\fesm2022\core.mjs:8122:5)
    at detectChangesInView$1 (C:\Source\Repos\file-share-service-ui\node_modules\@angular\core\fesm2022\core.mjs:7918:3)
    at detectChangesInViewWhileDirty (C:\Source\Repos\file-share-service-ui\node_modules\@angular\core\fesm2022\core.mjs:7904:5)
    at ViewRef$1.detectChangesInternal [as detectChanges] (C:\Source\Repos\file-share-service-ui\node_modules\@angular\core\fesm2022\core.mjs:8382:5)
    at detectChanges (C:\Source\Repos\file-share-service-ui\node_modules\@angular\core\fesm2022\testing.mjs:340:30)
    at _ZoneDelegate.invoke (C:\Source\Repos\file-share-service-ui\node_modules\zone.js\bundles\zone.umd.js:395:160)
    at ProxyZoneSpec.onInvoke (C:\Source\Repos\file-share-service-ui\node_modules\zone.js\bundles\zone-testing.umd.js:2157:35)
    at _ZoneDelegate.invoke (C:\Source\Repos\file-share-service-ui\node_modules\zone.js\bundles\zone.umd.js:395:48)
    at Object.invoke [as onInvoke] (C:\Source\Repos\file-share-service-ui\node_modules\@angular\core\fesm2022\core.mjs:9306:25)
    at _ZoneDelegate.invoke (C:\Source\Repos\file-share-service-ui\node_modules\zone.js\bundles\zone.umd.js:395:48)
    at ZoneImpl.run (C:\Source\Repos\file-share-service-ui\node_modules\zone.js\bundles\zone.umd.js:145:37)
    at NgZone.run (C:\Source\Repos\file-share-service-ui\node_modules\@angular\core\fesm2022\core.mjs:9197:24)
    at PseudoApplicationComponentFixture.run [as detectChanges] (C:\Source\Repos\file-share-service-ui\node_modules\@angular\core\fesm2022\testing.mjs:339:18)
    at C:\Source\Repos\file-share-service-ui\Tests\UnitTests\ess-list-encs.component.spec.ts:377:13
    at _ZoneDelegate.invoke (C:\Source\Repos\file-share-service-ui\node_modules\zone.js\bundles\zone.umd.js:395:160)
    at ProxyZoneSpec.onInvoke (C:\Source\Repos\file-share-service-ui\node_modules\zone.js\bundles\zone-testing.umd.js:2157:35)
    at _ZoneDelegate.invoke (C:\Source\Repos\file-share-service-ui\node_modules\zone.js\bundles\zone.umd.js:395:48)
    at ZoneImpl.run (C:\Source\Repos\file-share-service-ui\node_modules\zone.js\bundles\zone.umd.js:145:37)
    at Object.wrappedFunc (C:\Source\Repos\file-share-service-ui\node_modules\zone.js\bundles\zone-testing.umd.js:430:28)
    at Promise.then.completed (C:\Source\Repos\file-share-service-ui\node_modules\jest-circus\build\utils.js:298:28)
    at new Promise (&lt;anonymous&gt;)
    at callAsyncCircusFn (C:\Source\Repos\file-share-service-ui\node_modules\jest-circus\build\utils.js:231:10)
    at _callCircusHook (C:\Source\Repos\file-share-service-ui\node_modules\jest-circus\build\run.js:281:40)
    at processTicksAndRejections (node:internal/process/task_queues:95:5)
    at _runTest (C:\Source\Repos\file-share-service-ui\node_modules\jest-circus\build\run.js:246:5)
    at _runTestsForDescribeBlock (C:\Source\Repos\file-share-service-ui\node_modules\jest-circus\build\run.js:126:9)
    at _runTestsForDescribeBlock (C:\Source\Repos\file-share-service-ui\node_modules\jest-circus\build\run.js:121:9)
    at run (C:\Source\Repos\file-share-service-ui\node_modules\jest-circus\build\run.js:71:3)
    at runAndTransformResultsToJestFormat (C:\Source\Repos\file-share-service-ui\node_modules\jest-circus\build\legacy-code-todo-rewrite\jestAdapterInit.js:122:21)</failure>
    </testcase>
    <testcase classname="EssListEncsComponent handleChange should set correct error message and call scrollTo is called when maxEncSelectionLimit limit is exceeded" name="EssListEncsComponent handleChange should set correct error message and call scrollTo is called when maxEncSelectionLimit limit is exceeded" time="0.03">
      <failure>NullInjectorError: R3InjectorError(DynamicTestModule)[InjectionToken CDK_TABLE -&gt; InjectionToken CDK_TABLE]: 
  NullInjectorError: No provider for InjectionToken CDK_TABLE!
    at NullInjector.get (C:\Source\Repos\file-share-service-ui\node_modules\@angular\core\fesm2022\core.mjs:1427:21)
    at R3Injector.get (C:\Source\Repos\file-share-service-ui\node_modules\@angular\core\fesm2022\core.mjs:2312:27)
    at R3Injector.get (C:\Source\Repos\file-share-service-ui\node_modules\@angular\core\fesm2022\core.mjs:2312:27)
    at ChainedInjector.get (C:\Source\Repos\file-share-service-ui\node_modules\@angular\core\fesm2022\core.mjs:9866:32)
    at get (C:\Source\Repos\file-share-service-ui\node_modules\@angular\core\fesm2022\core.mjs:3831:31)
    at lookupTokenUsingModuleInjector (C:\Source\Repos\file-share-service-ui\node_modules\@angular\core\fesm2022\core.mjs:3856:10)
    at getOrCreateInjectable (C:\Source\Repos\file-share-service-ui\node_modules\@angular\core\fesm2022\core.mjs:6788:17)
    at ɵɵinject (C:\Source\Repos\file-share-service-ui\node_modules\@angular\core\fesm2022\core.mjs:1146:58)
    at ɵɵinject (C:\Source\Repos\file-share-service-ui\node_modules\@angular\core\fesm2022\core.mjs:1155:10)
    at new _HeaderRowOutlet (C:\Source\Repos\file-share-service-ui\node_modules\@angular\cdk\fesm2022\table.mjs:996:41)
    at NodeInjectorFactory._HeaderRowOutlet_Factory [as factory] (ng:///_HeaderRowOutlet/ɵfac.js:5:10)
    at factory (C:\Source\Repos\file-share-service-ui\node_modules\@angular\core\fesm2022\core.mjs:4008:38)
    at getNodeInjectable (C:\Source\Repos\file-share-service-ui\node_modules\@angular\core\fesm2022\core.mjs:7376:23)
    at instantiateAllDirectives (C:\Source\Repos\file-share-service-ui\node_modules\@angular\core\fesm2022\core.mjs:6967:3)
    at createDirectivesInstances (C:\Source\Repos\file-share-service-ui\node_modules\@angular\core\fesm2022\core.mjs:14052:5)
    at ɵɵelementContainerStart (C:\Source\Repos\file-share-service-ui\node_modules\@angular\core\fesm2022\core.mjs:14084:3)
    at TableComponent_Conditional_3_Template (ng:///TableComponent.js:12:5)
    at templateFn (C:\Source\Repos\file-share-service-ui\node_modules\@angular\core\fesm2022\core.mjs:6938:5)
    at executeTemplate (C:\Source\Repos\file-share-service-ui\node_modules\@angular\core\fesm2022\core.mjs:7728:7)
    at renderView (C:\Source\Repos\file-share-service-ui\node_modules\@angular\core\fesm2022\core.mjs:7777:5)
    at createAndRenderEmbeddedLView (C:\Source\Repos\file-share-service-ui\node_modules\@angular\core\fesm2022\core.mjs:13739:31)
    at TableComponent_Template (ng:///TableComponent.js:41:5)
    at templateFn (C:\Source\Repos\file-share-service-ui\node_modules\@angular\core\fesm2022\core.mjs:6938:5)
    at executeTemplate (C:\Source\Repos\file-share-service-ui\node_modules\@angular\core\fesm2022\core.mjs:7959:7)
    at refreshView (C:\Source\Repos\file-share-service-ui\node_modules\@angular\core\fesm2022\core.mjs:8122:5)
    at detectChangesInView$1 (C:\Source\Repos\file-share-service-ui\node_modules\@angular\core\fesm2022\core.mjs:8106:3)
    at detectChangesInViewIfAttached (C:\Source\Repos\file-share-service-ui\node_modules\@angular\core\fesm2022\core.mjs:8100:3)
    at detectChangesInComponent (C:\Source\Repos\file-share-service-ui\node_modules\@angular\core\fesm2022\core.mjs:8142:5)
    at detectChangesInChildComponents (C:\Source\Repos\file-share-service-ui\node_modules\@angular\core\fesm2022\core.mjs:8015:7)
    at refreshView (C:\Source\Repos\file-share-service-ui\node_modules\@angular\core\fesm2022\core.mjs:8122:5)
    at detectChangesInView$1 (C:\Source\Repos\file-share-service-ui\node_modules\@angular\core\fesm2022\core.mjs:8106:3)
    at detectChangesInViewIfAttached (C:\Source\Repos\file-share-service-ui\node_modules\@angular\core\fesm2022\core.mjs:8079:7)
    at detectChangesInEmbeddedViews (C:\Source\Repos\file-share-service-ui\node_modules\@angular\core\fesm2022\core.mjs:7981:5)
    at refreshView (C:\Source\Repos\file-share-service-ui\node_modules\@angular\core\fesm2022\core.mjs:8122:5)
    at detectChangesInView$1 (C:\Source\Repos\file-share-service-ui\node_modules\@angular\core\fesm2022\core.mjs:8106:3)
    at detectChangesInViewIfAttached (C:\Source\Repos\file-share-service-ui\node_modules\@angular\core\fesm2022\core.mjs:8100:3)
    at detectChangesInComponent (C:\Source\Repos\file-share-service-ui\node_modules\@angular\core\fesm2022\core.mjs:8142:5)
    at detectChangesInChildComponents (C:\Source\Repos\file-share-service-ui\node_modules\@angular\core\fesm2022\core.mjs:8015:7)
    at refreshView (C:\Source\Repos\file-share-service-ui\node_modules\@angular\core\fesm2022\core.mjs:8122:5)
    at detectChangesInView$1 (C:\Source\Repos\file-share-service-ui\node_modules\@angular\core\fesm2022\core.mjs:7918:3)
    at detectChangesInViewWhileDirty (C:\Source\Repos\file-share-service-ui\node_modules\@angular\core\fesm2022\core.mjs:7904:5)
    at ViewRef$1.detectChangesInternal [as detectChanges] (C:\Source\Repos\file-share-service-ui\node_modules\@angular\core\fesm2022\core.mjs:8382:5)
    at detectChanges (C:\Source\Repos\file-share-service-ui\node_modules\@angular\core\fesm2022\testing.mjs:340:30)
    at _ZoneDelegate.invoke (C:\Source\Repos\file-share-service-ui\node_modules\zone.js\bundles\zone.umd.js:395:160)
    at ProxyZoneSpec.onInvoke (C:\Source\Repos\file-share-service-ui\node_modules\zone.js\bundles\zone-testing.umd.js:2157:35)
    at _ZoneDelegate.invoke (C:\Source\Repos\file-share-service-ui\node_modules\zone.js\bundles\zone.umd.js:395:48)
    at Object.invoke [as onInvoke] (C:\Source\Repos\file-share-service-ui\node_modules\@angular\core\fesm2022\core.mjs:9306:25)
    at _ZoneDelegate.invoke (C:\Source\Repos\file-share-service-ui\node_modules\zone.js\bundles\zone.umd.js:395:48)
    at ZoneImpl.run (C:\Source\Repos\file-share-service-ui\node_modules\zone.js\bundles\zone.umd.js:145:37)
    at NgZone.run (C:\Source\Repos\file-share-service-ui\node_modules\@angular\core\fesm2022\core.mjs:9197:24)
    at PseudoApplicationComponentFixture.run [as detectChanges] (C:\Source\Repos\file-share-service-ui\node_modules\@angular\core\fesm2022\testing.mjs:339:18)
    at C:\Source\Repos\file-share-service-ui\Tests\UnitTests\ess-list-encs.component.spec.ts:377:13
    at _ZoneDelegate.invoke (C:\Source\Repos\file-share-service-ui\node_modules\zone.js\bundles\zone.umd.js:395:160)
    at ProxyZoneSpec.onInvoke (C:\Source\Repos\file-share-service-ui\node_modules\zone.js\bundles\zone-testing.umd.js:2157:35)
    at _ZoneDelegate.invoke (C:\Source\Repos\file-share-service-ui\node_modules\zone.js\bundles\zone.umd.js:395:48)
    at ZoneImpl.run (C:\Source\Repos\file-share-service-ui\node_modules\zone.js\bundles\zone.umd.js:145:37)
    at Object.wrappedFunc (C:\Source\Repos\file-share-service-ui\node_modules\zone.js\bundles\zone-testing.umd.js:430:28)
    at Promise.then.completed (C:\Source\Repos\file-share-service-ui\node_modules\jest-circus\build\utils.js:298:28)
    at new Promise (&lt;anonymous&gt;)
    at callAsyncCircusFn (C:\Source\Repos\file-share-service-ui\node_modules\jest-circus\build\utils.js:231:10)
    at _callCircusHook (C:\Source\Repos\file-share-service-ui\node_modules\jest-circus\build\run.js:281:40)
    at processTicksAndRejections (node:internal/process/task_queues:95:5)
    at _runTest (C:\Source\Repos\file-share-service-ui\node_modules\jest-circus\build\run.js:246:5)
    at _runTestsForDescribeBlock (C:\Source\Repos\file-share-service-ui\node_modules\jest-circus\build\run.js:126:9)
    at _runTestsForDescribeBlock (C:\Source\Repos\file-share-service-ui\node_modules\jest-circus\build\run.js:121:9)
    at run (C:\Source\Repos\file-share-service-ui\node_modules\jest-circus\build\run.js:71:3)
    at runAndTransformResultsToJestFormat (C:\Source\Repos\file-share-service-ui\node_modules\jest-circus\build\legacy-code-todo-rewrite\jestAdapterInit.js:122:21)</failure>
    </testcase>
    <testcase classname="EssListEncsComponent selectDeselectAll should call &quot;service.addAllSelectedEncs&quot; if selectDeselectText=Select all enc length is greater than maxEncSelectionLimit" name="EssListEncsComponent selectDeselectAll should call &quot;service.addAllSelectedEncs&quot; if selectDeselectText=Select all enc length is greater than maxEncSelectionLimit" time="0.041">
      <failure>NullInjectorError: R3InjectorError(DynamicTestModule)[InjectionToken CDK_TABLE -&gt; InjectionToken CDK_TABLE]: 
  NullInjectorError: No provider for InjectionToken CDK_TABLE!
    at NullInjector.get (C:\Source\Repos\file-share-service-ui\node_modules\@angular\core\fesm2022\core.mjs:1427:21)
    at R3Injector.get (C:\Source\Repos\file-share-service-ui\node_modules\@angular\core\fesm2022\core.mjs:2312:27)
    at R3Injector.get (C:\Source\Repos\file-share-service-ui\node_modules\@angular\core\fesm2022\core.mjs:2312:27)
    at ChainedInjector.get (C:\Source\Repos\file-share-service-ui\node_modules\@angular\core\fesm2022\core.mjs:9866:32)
    at get (C:\Source\Repos\file-share-service-ui\node_modules\@angular\core\fesm2022\core.mjs:3831:31)
    at lookupTokenUsingModuleInjector (C:\Source\Repos\file-share-service-ui\node_modules\@angular\core\fesm2022\core.mjs:3856:10)
    at getOrCreateInjectable (C:\Source\Repos\file-share-service-ui\node_modules\@angular\core\fesm2022\core.mjs:6788:17)
    at ɵɵinject (C:\Source\Repos\file-share-service-ui\node_modules\@angular\core\fesm2022\core.mjs:1146:58)
    at ɵɵinject (C:\Source\Repos\file-share-service-ui\node_modules\@angular\core\fesm2022\core.mjs:1155:10)
    at new _HeaderRowOutlet (C:\Source\Repos\file-share-service-ui\node_modules\@angular\cdk\fesm2022\table.mjs:996:41)
    at NodeInjectorFactory._HeaderRowOutlet_Factory [as factory] (ng:///_HeaderRowOutlet/ɵfac.js:5:10)
    at factory (C:\Source\Repos\file-share-service-ui\node_modules\@angular\core\fesm2022\core.mjs:4008:38)
    at getNodeInjectable (C:\Source\Repos\file-share-service-ui\node_modules\@angular\core\fesm2022\core.mjs:7376:23)
    at instantiateAllDirectives (C:\Source\Repos\file-share-service-ui\node_modules\@angular\core\fesm2022\core.mjs:6967:3)
    at createDirectivesInstances (C:\Source\Repos\file-share-service-ui\node_modules\@angular\core\fesm2022\core.mjs:14052:5)
    at ɵɵelementContainerStart (C:\Source\Repos\file-share-service-ui\node_modules\@angular\core\fesm2022\core.mjs:14084:3)
    at TableComponent_Conditional_3_Template (ng:///TableComponent.js:12:5)
    at templateFn (C:\Source\Repos\file-share-service-ui\node_modules\@angular\core\fesm2022\core.mjs:6938:5)
    at executeTemplate (C:\Source\Repos\file-share-service-ui\node_modules\@angular\core\fesm2022\core.mjs:7728:7)
    at renderView (C:\Source\Repos\file-share-service-ui\node_modules\@angular\core\fesm2022\core.mjs:7777:5)
    at createAndRenderEmbeddedLView (C:\Source\Repos\file-share-service-ui\node_modules\@angular\core\fesm2022\core.mjs:13739:31)
    at TableComponent_Template (ng:///TableComponent.js:41:5)
    at templateFn (C:\Source\Repos\file-share-service-ui\node_modules\@angular\core\fesm2022\core.mjs:6938:5)
    at executeTemplate (C:\Source\Repos\file-share-service-ui\node_modules\@angular\core\fesm2022\core.mjs:7959:7)
    at refreshView (C:\Source\Repos\file-share-service-ui\node_modules\@angular\core\fesm2022\core.mjs:8122:5)
    at detectChangesInView$1 (C:\Source\Repos\file-share-service-ui\node_modules\@angular\core\fesm2022\core.mjs:8106:3)
    at detectChangesInViewIfAttached (C:\Source\Repos\file-share-service-ui\node_modules\@angular\core\fesm2022\core.mjs:8100:3)
    at detectChangesInComponent (C:\Source\Repos\file-share-service-ui\node_modules\@angular\core\fesm2022\core.mjs:8142:5)
    at detectChangesInChildComponents (C:\Source\Repos\file-share-service-ui\node_modules\@angular\core\fesm2022\core.mjs:8015:7)
    at refreshView (C:\Source\Repos\file-share-service-ui\node_modules\@angular\core\fesm2022\core.mjs:8122:5)
    at detectChangesInView$1 (C:\Source\Repos\file-share-service-ui\node_modules\@angular\core\fesm2022\core.mjs:8106:3)
    at detectChangesInViewIfAttached (C:\Source\Repos\file-share-service-ui\node_modules\@angular\core\fesm2022\core.mjs:8079:7)
    at detectChangesInEmbeddedViews (C:\Source\Repos\file-share-service-ui\node_modules\@angular\core\fesm2022\core.mjs:7981:5)
    at refreshView (C:\Source\Repos\file-share-service-ui\node_modules\@angular\core\fesm2022\core.mjs:8122:5)
    at detectChangesInView$1 (C:\Source\Repos\file-share-service-ui\node_modules\@angular\core\fesm2022\core.mjs:8106:3)
    at detectChangesInViewIfAttached (C:\Source\Repos\file-share-service-ui\node_modules\@angular\core\fesm2022\core.mjs:8100:3)
    at detectChangesInComponent (C:\Source\Repos\file-share-service-ui\node_modules\@angular\core\fesm2022\core.mjs:8142:5)
    at detectChangesInChildComponents (C:\Source\Repos\file-share-service-ui\node_modules\@angular\core\fesm2022\core.mjs:8015:7)
    at refreshView (C:\Source\Repos\file-share-service-ui\node_modules\@angular\core\fesm2022\core.mjs:8122:5)
    at detectChangesInView$1 (C:\Source\Repos\file-share-service-ui\node_modules\@angular\core\fesm2022\core.mjs:7918:3)
    at detectChangesInViewWhileDirty (C:\Source\Repos\file-share-service-ui\node_modules\@angular\core\fesm2022\core.mjs:7904:5)
    at ViewRef$1.detectChangesInternal [as detectChanges] (C:\Source\Repos\file-share-service-ui\node_modules\@angular\core\fesm2022\core.mjs:8382:5)
    at detectChanges (C:\Source\Repos\file-share-service-ui\node_modules\@angular\core\fesm2022\testing.mjs:340:30)
    at _ZoneDelegate.invoke (C:\Source\Repos\file-share-service-ui\node_modules\zone.js\bundles\zone.umd.js:395:160)
    at ProxyZoneSpec.onInvoke (C:\Source\Repos\file-share-service-ui\node_modules\zone.js\bundles\zone-testing.umd.js:2157:35)
    at _ZoneDelegate.invoke (C:\Source\Repos\file-share-service-ui\node_modules\zone.js\bundles\zone.umd.js:395:48)
    at Object.invoke [as onInvoke] (C:\Source\Repos\file-share-service-ui\node_modules\@angular\core\fesm2022\core.mjs:9306:25)
    at _ZoneDelegate.invoke (C:\Source\Repos\file-share-service-ui\node_modules\zone.js\bundles\zone.umd.js:395:48)
    at ZoneImpl.run (C:\Source\Repos\file-share-service-ui\node_modules\zone.js\bundles\zone.umd.js:145:37)
    at NgZone.run (C:\Source\Repos\file-share-service-ui\node_modules\@angular\core\fesm2022\core.mjs:9197:24)
    at PseudoApplicationComponentFixture.run [as detectChanges] (C:\Source\Repos\file-share-service-ui\node_modules\@angular\core\fesm2022\testing.mjs:339:18)
    at C:\Source\Repos\file-share-service-ui\Tests\UnitTests\ess-list-encs.component.spec.ts:377:13
    at _ZoneDelegate.invoke (C:\Source\Repos\file-share-service-ui\node_modules\zone.js\bundles\zone.umd.js:395:160)
    at ProxyZoneSpec.onInvoke (C:\Source\Repos\file-share-service-ui\node_modules\zone.js\bundles\zone-testing.umd.js:2157:35)
    at _ZoneDelegate.invoke (C:\Source\Repos\file-share-service-ui\node_modules\zone.js\bundles\zone.umd.js:395:48)
    at ZoneImpl.run (C:\Source\Repos\file-share-service-ui\node_modules\zone.js\bundles\zone.umd.js:145:37)
    at Object.wrappedFunc (C:\Source\Repos\file-share-service-ui\node_modules\zone.js\bundles\zone-testing.umd.js:430:28)
    at Promise.then.completed (C:\Source\Repos\file-share-service-ui\node_modules\jest-circus\build\utils.js:298:28)
    at new Promise (&lt;anonymous&gt;)
    at callAsyncCircusFn (C:\Source\Repos\file-share-service-ui\node_modules\jest-circus\build\utils.js:231:10)
    at _callCircusHook (C:\Source\Repos\file-share-service-ui\node_modules\jest-circus\build\run.js:281:40)
    at processTicksAndRejections (node:internal/process/task_queues:95:5)
    at _runTest (C:\Source\Repos\file-share-service-ui\node_modules\jest-circus\build\run.js:246:5)
    at _runTestsForDescribeBlock (C:\Source\Repos\file-share-service-ui\node_modules\jest-circus\build\run.js:126:9)
    at _runTestsForDescribeBlock (C:\Source\Repos\file-share-service-ui\node_modules\jest-circus\build\run.js:121:9)
    at run (C:\Source\Repos\file-share-service-ui\node_modules\jest-circus\build\run.js:71:3)
    at runAndTransformResultsToJestFormat (C:\Source\Repos\file-share-service-ui\node_modules\jest-circus\build\legacy-code-todo-rewrite\jestAdapterInit.js:122:21)</failure>
    </testcase>
    <testcase classname="EssListEncsComponent selectDeselectAll should call &quot;service.clearSelectedEncs&quot; if selectDeselectText=Deselect all" name="EssListEncsComponent selectDeselectAll should call &quot;service.clearSelectedEncs&quot; if selectDeselectText=Deselect all" time="0.042">
      <failure>NullInjectorError: R3InjectorError(DynamicTestModule)[InjectionToken CDK_TABLE -&gt; InjectionToken CDK_TABLE]: 
  NullInjectorError: No provider for InjectionToken CDK_TABLE!
    at NullInjector.get (C:\Source\Repos\file-share-service-ui\node_modules\@angular\core\fesm2022\core.mjs:1427:21)
    at R3Injector.get (C:\Source\Repos\file-share-service-ui\node_modules\@angular\core\fesm2022\core.mjs:2312:27)
    at R3Injector.get (C:\Source\Repos\file-share-service-ui\node_modules\@angular\core\fesm2022\core.mjs:2312:27)
    at ChainedInjector.get (C:\Source\Repos\file-share-service-ui\node_modules\@angular\core\fesm2022\core.mjs:9866:32)
    at get (C:\Source\Repos\file-share-service-ui\node_modules\@angular\core\fesm2022\core.mjs:3831:31)
    at lookupTokenUsingModuleInjector (C:\Source\Repos\file-share-service-ui\node_modules\@angular\core\fesm2022\core.mjs:3856:10)
    at getOrCreateInjectable (C:\Source\Repos\file-share-service-ui\node_modules\@angular\core\fesm2022\core.mjs:6788:17)
    at ɵɵinject (C:\Source\Repos\file-share-service-ui\node_modules\@angular\core\fesm2022\core.mjs:1146:58)
    at ɵɵinject (C:\Source\Repos\file-share-service-ui\node_modules\@angular\core\fesm2022\core.mjs:1155:10)
    at new _HeaderRowOutlet (C:\Source\Repos\file-share-service-ui\node_modules\@angular\cdk\fesm2022\table.mjs:996:41)
    at NodeInjectorFactory._HeaderRowOutlet_Factory [as factory] (ng:///_HeaderRowOutlet/ɵfac.js:5:10)
    at factory (C:\Source\Repos\file-share-service-ui\node_modules\@angular\core\fesm2022\core.mjs:4008:38)
    at getNodeInjectable (C:\Source\Repos\file-share-service-ui\node_modules\@angular\core\fesm2022\core.mjs:7376:23)
    at instantiateAllDirectives (C:\Source\Repos\file-share-service-ui\node_modules\@angular\core\fesm2022\core.mjs:6967:3)
    at createDirectivesInstances (C:\Source\Repos\file-share-service-ui\node_modules\@angular\core\fesm2022\core.mjs:14052:5)
    at ɵɵelementContainerStart (C:\Source\Repos\file-share-service-ui\node_modules\@angular\core\fesm2022\core.mjs:14084:3)
    at TableComponent_Conditional_3_Template (ng:///TableComponent.js:12:5)
    at templateFn (C:\Source\Repos\file-share-service-ui\node_modules\@angular\core\fesm2022\core.mjs:6938:5)
    at executeTemplate (C:\Source\Repos\file-share-service-ui\node_modules\@angular\core\fesm2022\core.mjs:7728:7)
    at renderView (C:\Source\Repos\file-share-service-ui\node_modules\@angular\core\fesm2022\core.mjs:7777:5)
    at createAndRenderEmbeddedLView (C:\Source\Repos\file-share-service-ui\node_modules\@angular\core\fesm2022\core.mjs:13739:31)
    at TableComponent_Template (ng:///TableComponent.js:41:5)
    at templateFn (C:\Source\Repos\file-share-service-ui\node_modules\@angular\core\fesm2022\core.mjs:6938:5)
    at executeTemplate (C:\Source\Repos\file-share-service-ui\node_modules\@angular\core\fesm2022\core.mjs:7959:7)
    at refreshView (C:\Source\Repos\file-share-service-ui\node_modules\@angular\core\fesm2022\core.mjs:8122:5)
    at detectChangesInView$1 (C:\Source\Repos\file-share-service-ui\node_modules\@angular\core\fesm2022\core.mjs:8106:3)
    at detectChangesInViewIfAttached (C:\Source\Repos\file-share-service-ui\node_modules\@angular\core\fesm2022\core.mjs:8100:3)
    at detectChangesInComponent (C:\Source\Repos\file-share-service-ui\node_modules\@angular\core\fesm2022\core.mjs:8142:5)
    at detectChangesInChildComponents (C:\Source\Repos\file-share-service-ui\node_modules\@angular\core\fesm2022\core.mjs:8015:7)
    at refreshView (C:\Source\Repos\file-share-service-ui\node_modules\@angular\core\fesm2022\core.mjs:8122:5)
    at detectChangesInView$1 (C:\Source\Repos\file-share-service-ui\node_modules\@angular\core\fesm2022\core.mjs:8106:3)
    at detectChangesInViewIfAttached (C:\Source\Repos\file-share-service-ui\node_modules\@angular\core\fesm2022\core.mjs:8079:7)
    at detectChangesInEmbeddedViews (C:\Source\Repos\file-share-service-ui\node_modules\@angular\core\fesm2022\core.mjs:7981:5)
    at refreshView (C:\Source\Repos\file-share-service-ui\node_modules\@angular\core\fesm2022\core.mjs:8122:5)
    at detectChangesInView$1 (C:\Source\Repos\file-share-service-ui\node_modules\@angular\core\fesm2022\core.mjs:8106:3)
    at detectChangesInViewIfAttached (C:\Source\Repos\file-share-service-ui\node_modules\@angular\core\fesm2022\core.mjs:8100:3)
    at detectChangesInComponent (C:\Source\Repos\file-share-service-ui\node_modules\@angular\core\fesm2022\core.mjs:8142:5)
    at detectChangesInChildComponents (C:\Source\Repos\file-share-service-ui\node_modules\@angular\core\fesm2022\core.mjs:8015:7)
    at refreshView (C:\Source\Repos\file-share-service-ui\node_modules\@angular\core\fesm2022\core.mjs:8122:5)
    at detectChangesInView$1 (C:\Source\Repos\file-share-service-ui\node_modules\@angular\core\fesm2022\core.mjs:7918:3)
    at detectChangesInViewWhileDirty (C:\Source\Repos\file-share-service-ui\node_modules\@angular\core\fesm2022\core.mjs:7904:5)
    at ViewRef$1.detectChangesInternal [as detectChanges] (C:\Source\Repos\file-share-service-ui\node_modules\@angular\core\fesm2022\core.mjs:8382:5)
    at detectChanges (C:\Source\Repos\file-share-service-ui\node_modules\@angular\core\fesm2022\testing.mjs:340:30)
    at _ZoneDelegate.invoke (C:\Source\Repos\file-share-service-ui\node_modules\zone.js\bundles\zone.umd.js:395:160)
    at ProxyZoneSpec.onInvoke (C:\Source\Repos\file-share-service-ui\node_modules\zone.js\bundles\zone-testing.umd.js:2157:35)
    at _ZoneDelegate.invoke (C:\Source\Repos\file-share-service-ui\node_modules\zone.js\bundles\zone.umd.js:395:48)
    at Object.invoke [as onInvoke] (C:\Source\Repos\file-share-service-ui\node_modules\@angular\core\fesm2022\core.mjs:9306:25)
    at _ZoneDelegate.invoke (C:\Source\Repos\file-share-service-ui\node_modules\zone.js\bundles\zone.umd.js:395:48)
    at ZoneImpl.run (C:\Source\Repos\file-share-service-ui\node_modules\zone.js\bundles\zone.umd.js:145:37)
    at NgZone.run (C:\Source\Repos\file-share-service-ui\node_modules\@angular\core\fesm2022\core.mjs:9197:24)
    at PseudoApplicationComponentFixture.run [as detectChanges] (C:\Source\Repos\file-share-service-ui\node_modules\@angular\core\fesm2022\testing.mjs:339:18)
    at C:\Source\Repos\file-share-service-ui\Tests\UnitTests\ess-list-encs.component.spec.ts:377:13
    at _ZoneDelegate.invoke (C:\Source\Repos\file-share-service-ui\node_modules\zone.js\bundles\zone.umd.js:395:160)
    at ProxyZoneSpec.onInvoke (C:\Source\Repos\file-share-service-ui\node_modules\zone.js\bundles\zone-testing.umd.js:2157:35)
    at _ZoneDelegate.invoke (C:\Source\Repos\file-share-service-ui\node_modules\zone.js\bundles\zone.umd.js:395:48)
    at ZoneImpl.run (C:\Source\Repos\file-share-service-ui\node_modules\zone.js\bundles\zone.umd.js:145:37)
    at Object.wrappedFunc (C:\Source\Repos\file-share-service-ui\node_modules\zone.js\bundles\zone-testing.umd.js:430:28)
    at Promise.then.completed (C:\Source\Repos\file-share-service-ui\node_modules\jest-circus\build\utils.js:298:28)
    at new Promise (&lt;anonymous&gt;)
    at callAsyncCircusFn (C:\Source\Repos\file-share-service-ui\node_modules\jest-circus\build\utils.js:231:10)
    at _callCircusHook (C:\Source\Repos\file-share-service-ui\node_modules\jest-circus\build\run.js:281:40)
    at processTicksAndRejections (node:internal/process/task_queues:95:5)
    at _runTest (C:\Source\Repos\file-share-service-ui\node_modules\jest-circus\build\run.js:246:5)
    at _runTestsForDescribeBlock (C:\Source\Repos\file-share-service-ui\node_modules\jest-circus\build\run.js:126:9)
    at _runTestsForDescribeBlock (C:\Source\Repos\file-share-service-ui\node_modules\jest-circus\build\run.js:121:9)
    at run (C:\Source\Repos\file-share-service-ui\node_modules\jest-circus\build\run.js:71:3)
    at runAndTransformResultsToJestFormat (C:\Source\Repos\file-share-service-ui\node_modules\jest-circus\build\legacy-code-todo-rewrite\jestAdapterInit.js:122:21)</failure>
    </testcase>
    <testcase classname="EssListEncsComponent getSelectDeselectText should return correct texts(Select all / Deselect all)" name="EssListEncsComponent getSelectDeselectText should return correct texts(Select all / Deselect all)" time="0.051">
      <failure>NullInjectorError: R3InjectorError(DynamicTestModule)[InjectionToken CDK_TABLE -&gt; InjectionToken CDK_TABLE]: 
  NullInjectorError: No provider for InjectionToken CDK_TABLE!
    at NullInjector.get (C:\Source\Repos\file-share-service-ui\node_modules\@angular\core\fesm2022\core.mjs:1427:21)
    at R3Injector.get (C:\Source\Repos\file-share-service-ui\node_modules\@angular\core\fesm2022\core.mjs:2312:27)
    at R3Injector.get (C:\Source\Repos\file-share-service-ui\node_modules\@angular\core\fesm2022\core.mjs:2312:27)
    at ChainedInjector.get (C:\Source\Repos\file-share-service-ui\node_modules\@angular\core\fesm2022\core.mjs:9866:32)
    at get (C:\Source\Repos\file-share-service-ui\node_modules\@angular\core\fesm2022\core.mjs:3831:31)
    at lookupTokenUsingModuleInjector (C:\Source\Repos\file-share-service-ui\node_modules\@angular\core\fesm2022\core.mjs:3856:10)
    at getOrCreateInjectable (C:\Source\Repos\file-share-service-ui\node_modules\@angular\core\fesm2022\core.mjs:6788:17)
    at ɵɵinject (C:\Source\Repos\file-share-service-ui\node_modules\@angular\core\fesm2022\core.mjs:1146:58)
    at ɵɵinject (C:\Source\Repos\file-share-service-ui\node_modules\@angular\core\fesm2022\core.mjs:1155:10)
    at new _HeaderRowOutlet (C:\Source\Repos\file-share-service-ui\node_modules\@angular\cdk\fesm2022\table.mjs:996:41)
    at NodeInjectorFactory._HeaderRowOutlet_Factory [as factory] (ng:///_HeaderRowOutlet/ɵfac.js:5:10)
    at factory (C:\Source\Repos\file-share-service-ui\node_modules\@angular\core\fesm2022\core.mjs:4008:38)
    at getNodeInjectable (C:\Source\Repos\file-share-service-ui\node_modules\@angular\core\fesm2022\core.mjs:7376:23)
    at instantiateAllDirectives (C:\Source\Repos\file-share-service-ui\node_modules\@angular\core\fesm2022\core.mjs:6967:3)
    at createDirectivesInstances (C:\Source\Repos\file-share-service-ui\node_modules\@angular\core\fesm2022\core.mjs:14052:5)
    at ɵɵelementContainerStart (C:\Source\Repos\file-share-service-ui\node_modules\@angular\core\fesm2022\core.mjs:14084:3)
    at TableComponent_Conditional_3_Template (ng:///TableComponent.js:12:5)
    at templateFn (C:\Source\Repos\file-share-service-ui\node_modules\@angular\core\fesm2022\core.mjs:6938:5)
    at executeTemplate (C:\Source\Repos\file-share-service-ui\node_modules\@angular\core\fesm2022\core.mjs:7728:7)
    at renderView (C:\Source\Repos\file-share-service-ui\node_modules\@angular\core\fesm2022\core.mjs:7777:5)
    at createAndRenderEmbeddedLView (C:\Source\Repos\file-share-service-ui\node_modules\@angular\core\fesm2022\core.mjs:13739:31)
    at TableComponent_Template (ng:///TableComponent.js:41:5)
    at templateFn (C:\Source\Repos\file-share-service-ui\node_modules\@angular\core\fesm2022\core.mjs:6938:5)
    at executeTemplate (C:\Source\Repos\file-share-service-ui\node_modules\@angular\core\fesm2022\core.mjs:7959:7)
    at refreshView (C:\Source\Repos\file-share-service-ui\node_modules\@angular\core\fesm2022\core.mjs:8122:5)
    at detectChangesInView$1 (C:\Source\Repos\file-share-service-ui\node_modules\@angular\core\fesm2022\core.mjs:8106:3)
    at detectChangesInViewIfAttached (C:\Source\Repos\file-share-service-ui\node_modules\@angular\core\fesm2022\core.mjs:8100:3)
    at detectChangesInComponent (C:\Source\Repos\file-share-service-ui\node_modules\@angular\core\fesm2022\core.mjs:8142:5)
    at detectChangesInChildComponents (C:\Source\Repos\file-share-service-ui\node_modules\@angular\core\fesm2022\core.mjs:8015:7)
    at refreshView (C:\Source\Repos\file-share-service-ui\node_modules\@angular\core\fesm2022\core.mjs:8122:5)
    at detectChangesInView$1 (C:\Source\Repos\file-share-service-ui\node_modules\@angular\core\fesm2022\core.mjs:8106:3)
    at detectChangesInViewIfAttached (C:\Source\Repos\file-share-service-ui\node_modules\@angular\core\fesm2022\core.mjs:8079:7)
    at detectChangesInEmbeddedViews (C:\Source\Repos\file-share-service-ui\node_modules\@angular\core\fesm2022\core.mjs:7981:5)
    at refreshView (C:\Source\Repos\file-share-service-ui\node_modules\@angular\core\fesm2022\core.mjs:8122:5)
    at detectChangesInView$1 (C:\Source\Repos\file-share-service-ui\node_modules\@angular\core\fesm2022\core.mjs:8106:3)
    at detectChangesInViewIfAttached (C:\Source\Repos\file-share-service-ui\node_modules\@angular\core\fesm2022\core.mjs:8100:3)
    at detectChangesInComponent (C:\Source\Repos\file-share-service-ui\node_modules\@angular\core\fesm2022\core.mjs:8142:5)
    at detectChangesInChildComponents (C:\Source\Repos\file-share-service-ui\node_modules\@angular\core\fesm2022\core.mjs:8015:7)
    at refreshView (C:\Source\Repos\file-share-service-ui\node_modules\@angular\core\fesm2022\core.mjs:8122:5)
    at detectChangesInView$1 (C:\Source\Repos\file-share-service-ui\node_modules\@angular\core\fesm2022\core.mjs:7918:3)
    at detectChangesInViewWhileDirty (C:\Source\Repos\file-share-service-ui\node_modules\@angular\core\fesm2022\core.mjs:7904:5)
    at ViewRef$1.detectChangesInternal [as detectChanges] (C:\Source\Repos\file-share-service-ui\node_modules\@angular\core\fesm2022\core.mjs:8382:5)
    at detectChanges (C:\Source\Repos\file-share-service-ui\node_modules\@angular\core\fesm2022\testing.mjs:340:30)
    at _ZoneDelegate.invoke (C:\Source\Repos\file-share-service-ui\node_modules\zone.js\bundles\zone.umd.js:395:160)
    at ProxyZoneSpec.onInvoke (C:\Source\Repos\file-share-service-ui\node_modules\zone.js\bundles\zone-testing.umd.js:2157:35)
    at _ZoneDelegate.invoke (C:\Source\Repos\file-share-service-ui\node_modules\zone.js\bundles\zone.umd.js:395:48)
    at Object.invoke [as onInvoke] (C:\Source\Repos\file-share-service-ui\node_modules\@angular\core\fesm2022\core.mjs:9306:25)
    at _ZoneDelegate.invoke (C:\Source\Repos\file-share-service-ui\node_modules\zone.js\bundles\zone.umd.js:395:48)
    at ZoneImpl.run (C:\Source\Repos\file-share-service-ui\node_modules\zone.js\bundles\zone.umd.js:145:37)
    at NgZone.run (C:\Source\Repos\file-share-service-ui\node_modules\@angular\core\fesm2022\core.mjs:9197:24)
    at PseudoApplicationComponentFixture.run [as detectChanges] (C:\Source\Repos\file-share-service-ui\node_modules\@angular\core\fesm2022\testing.mjs:339:18)
    at C:\Source\Repos\file-share-service-ui\Tests\UnitTests\ess-list-encs.component.spec.ts:377:13
    at _ZoneDelegate.invoke (C:\Source\Repos\file-share-service-ui\node_modules\zone.js\bundles\zone.umd.js:395:160)
    at ProxyZoneSpec.onInvoke (C:\Source\Repos\file-share-service-ui\node_modules\zone.js\bundles\zone-testing.umd.js:2157:35)
    at _ZoneDelegate.invoke (C:\Source\Repos\file-share-service-ui\node_modules\zone.js\bundles\zone.umd.js:395:48)
    at ZoneImpl.run (C:\Source\Repos\file-share-service-ui\node_modules\zone.js\bundles\zone.umd.js:145:37)
    at Object.wrappedFunc (C:\Source\Repos\file-share-service-ui\node_modules\zone.js\bundles\zone-testing.umd.js:430:28)
    at Promise.then.completed (C:\Source\Repos\file-share-service-ui\node_modules\jest-circus\build\utils.js:298:28)
    at new Promise (&lt;anonymous&gt;)
    at callAsyncCircusFn (C:\Source\Repos\file-share-service-ui\node_modules\jest-circus\build\utils.js:231:10)
    at _callCircusHook (C:\Source\Repos\file-share-service-ui\node_modules\jest-circus\build\run.js:281:40)
    at processTicksAndRejections (node:internal/process/task_queues:95:5)
    at _runTest (C:\Source\Repos\file-share-service-ui\node_modules\jest-circus\build\run.js:246:5)
    at _runTestsForDescribeBlock (C:\Source\Repos\file-share-service-ui\node_modules\jest-circus\build\run.js:126:9)
    at _runTestsForDescribeBlock (C:\Source\Repos\file-share-service-ui\node_modules\jest-circus\build\run.js:121:9)
    at run (C:\Source\Repos\file-share-service-ui\node_modules\jest-circus\build\run.js:71:3)
    at runAndTransformResultsToJestFormat (C:\Source\Repos\file-share-service-ui\node_modules\jest-circus\build\legacy-code-todo-rewrite\jestAdapterInit.js:122:21)</failure>
    </testcase>
    <testcase classname="EssListEncsComponent should return exchangeSetResponse on exchangeSetCreationResponse" name="EssListEncsComponent should return exchangeSetResponse on exchangeSetCreationResponse" time="0.031">
      <failure>NullInjectorError: R3InjectorError(DynamicTestModule)[InjectionToken CDK_TABLE -&gt; InjectionToken CDK_TABLE]: 
  NullInjectorError: No provider for InjectionToken CDK_TABLE!
    at NullInjector.get (C:\Source\Repos\file-share-service-ui\node_modules\@angular\core\fesm2022\core.mjs:1427:21)
    at R3Injector.get (C:\Source\Repos\file-share-service-ui\node_modules\@angular\core\fesm2022\core.mjs:2312:27)
    at R3Injector.get (C:\Source\Repos\file-share-service-ui\node_modules\@angular\core\fesm2022\core.mjs:2312:27)
    at ChainedInjector.get (C:\Source\Repos\file-share-service-ui\node_modules\@angular\core\fesm2022\core.mjs:9866:32)
    at get (C:\Source\Repos\file-share-service-ui\node_modules\@angular\core\fesm2022\core.mjs:3831:31)
    at lookupTokenUsingModuleInjector (C:\Source\Repos\file-share-service-ui\node_modules\@angular\core\fesm2022\core.mjs:3856:10)
    at getOrCreateInjectable (C:\Source\Repos\file-share-service-ui\node_modules\@angular\core\fesm2022\core.mjs:6788:17)
    at ɵɵinject (C:\Source\Repos\file-share-service-ui\node_modules\@angular\core\fesm2022\core.mjs:1146:58)
    at ɵɵinject (C:\Source\Repos\file-share-service-ui\node_modules\@angular\core\fesm2022\core.mjs:1155:10)
    at new _HeaderRowOutlet (C:\Source\Repos\file-share-service-ui\node_modules\@angular\cdk\fesm2022\table.mjs:996:41)
    at NodeInjectorFactory._HeaderRowOutlet_Factory [as factory] (ng:///_HeaderRowOutlet/ɵfac.js:5:10)
    at factory (C:\Source\Repos\file-share-service-ui\node_modules\@angular\core\fesm2022\core.mjs:4008:38)
    at getNodeInjectable (C:\Source\Repos\file-share-service-ui\node_modules\@angular\core\fesm2022\core.mjs:7376:23)
    at instantiateAllDirectives (C:\Source\Repos\file-share-service-ui\node_modules\@angular\core\fesm2022\core.mjs:6967:3)
    at createDirectivesInstances (C:\Source\Repos\file-share-service-ui\node_modules\@angular\core\fesm2022\core.mjs:14052:5)
    at ɵɵelementContainerStart (C:\Source\Repos\file-share-service-ui\node_modules\@angular\core\fesm2022\core.mjs:14084:3)
    at TableComponent_Conditional_3_Template (ng:///TableComponent.js:12:5)
    at templateFn (C:\Source\Repos\file-share-service-ui\node_modules\@angular\core\fesm2022\core.mjs:6938:5)
    at executeTemplate (C:\Source\Repos\file-share-service-ui\node_modules\@angular\core\fesm2022\core.mjs:7728:7)
    at renderView (C:\Source\Repos\file-share-service-ui\node_modules\@angular\core\fesm2022\core.mjs:7777:5)
    at createAndRenderEmbeddedLView (C:\Source\Repos\file-share-service-ui\node_modules\@angular\core\fesm2022\core.mjs:13739:31)
    at TableComponent_Template (ng:///TableComponent.js:41:5)
    at templateFn (C:\Source\Repos\file-share-service-ui\node_modules\@angular\core\fesm2022\core.mjs:6938:5)
    at executeTemplate (C:\Source\Repos\file-share-service-ui\node_modules\@angular\core\fesm2022\core.mjs:7959:7)
    at refreshView (C:\Source\Repos\file-share-service-ui\node_modules\@angular\core\fesm2022\core.mjs:8122:5)
    at detectChangesInView$1 (C:\Source\Repos\file-share-service-ui\node_modules\@angular\core\fesm2022\core.mjs:8106:3)
    at detectChangesInViewIfAttached (C:\Source\Repos\file-share-service-ui\node_modules\@angular\core\fesm2022\core.mjs:8100:3)
    at detectChangesInComponent (C:\Source\Repos\file-share-service-ui\node_modules\@angular\core\fesm2022\core.mjs:8142:5)
    at detectChangesInChildComponents (C:\Source\Repos\file-share-service-ui\node_modules\@angular\core\fesm2022\core.mjs:8015:7)
    at refreshView (C:\Source\Repos\file-share-service-ui\node_modules\@angular\core\fesm2022\core.mjs:8122:5)
    at detectChangesInView$1 (C:\Source\Repos\file-share-service-ui\node_modules\@angular\core\fesm2022\core.mjs:8106:3)
    at detectChangesInViewIfAttached (C:\Source\Repos\file-share-service-ui\node_modules\@angular\core\fesm2022\core.mjs:8079:7)
    at detectChangesInEmbeddedViews (C:\Source\Repos\file-share-service-ui\node_modules\@angular\core\fesm2022\core.mjs:7981:5)
    at refreshView (C:\Source\Repos\file-share-service-ui\node_modules\@angular\core\fesm2022\core.mjs:8122:5)
    at detectChangesInView$1 (C:\Source\Repos\file-share-service-ui\node_modules\@angular\core\fesm2022\core.mjs:8106:3)
    at detectChangesInViewIfAttached (C:\Source\Repos\file-share-service-ui\node_modules\@angular\core\fesm2022\core.mjs:8100:3)
    at detectChangesInComponent (C:\Source\Repos\file-share-service-ui\node_modules\@angular\core\fesm2022\core.mjs:8142:5)
    at detectChangesInChildComponents (C:\Source\Repos\file-share-service-ui\node_modules\@angular\core\fesm2022\core.mjs:8015:7)
    at refreshView (C:\Source\Repos\file-share-service-ui\node_modules\@angular\core\fesm2022\core.mjs:8122:5)
    at detectChangesInView$1 (C:\Source\Repos\file-share-service-ui\node_modules\@angular\core\fesm2022\core.mjs:7918:3)
    at detectChangesInViewWhileDirty (C:\Source\Repos\file-share-service-ui\node_modules\@angular\core\fesm2022\core.mjs:7904:5)
    at ViewRef$1.detectChangesInternal [as detectChanges] (C:\Source\Repos\file-share-service-ui\node_modules\@angular\core\fesm2022\core.mjs:8382:5)
    at detectChanges (C:\Source\Repos\file-share-service-ui\node_modules\@angular\core\fesm2022\testing.mjs:340:30)
    at _ZoneDelegate.invoke (C:\Source\Repos\file-share-service-ui\node_modules\zone.js\bundles\zone.umd.js:395:160)
    at ProxyZoneSpec.onInvoke (C:\Source\Repos\file-share-service-ui\node_modules\zone.js\bundles\zone-testing.umd.js:2157:35)
    at _ZoneDelegate.invoke (C:\Source\Repos\file-share-service-ui\node_modules\zone.js\bundles\zone.umd.js:395:48)
    at Object.invoke [as onInvoke] (C:\Source\Repos\file-share-service-ui\node_modules\@angular\core\fesm2022\core.mjs:9306:25)
    at _ZoneDelegate.invoke (C:\Source\Repos\file-share-service-ui\node_modules\zone.js\bundles\zone.umd.js:395:48)
    at ZoneImpl.run (C:\Source\Repos\file-share-service-ui\node_modules\zone.js\bundles\zone.umd.js:145:37)
    at NgZone.run (C:\Source\Repos\file-share-service-ui\node_modules\@angular\core\fesm2022\core.mjs:9197:24)
    at PseudoApplicationComponentFixture.run [as detectChanges] (C:\Source\Repos\file-share-service-ui\node_modules\@angular\core\fesm2022\testing.mjs:339:18)
    at C:\Source\Repos\file-share-service-ui\Tests\UnitTests\ess-list-encs.component.spec.ts:377:13
    at _ZoneDelegate.invoke (C:\Source\Repos\file-share-service-ui\node_modules\zone.js\bundles\zone.umd.js:395:160)
    at ProxyZoneSpec.onInvoke (C:\Source\Repos\file-share-service-ui\node_modules\zone.js\bundles\zone-testing.umd.js:2157:35)
    at _ZoneDelegate.invoke (C:\Source\Repos\file-share-service-ui\node_modules\zone.js\bundles\zone.umd.js:395:48)
    at ZoneImpl.run (C:\Source\Repos\file-share-service-ui\node_modules\zone.js\bundles\zone.umd.js:145:37)
    at Object.wrappedFunc (C:\Source\Repos\file-share-service-ui\node_modules\zone.js\bundles\zone-testing.umd.js:430:28)
    at Promise.then.completed (C:\Source\Repos\file-share-service-ui\node_modules\jest-circus\build\utils.js:298:28)
    at new Promise (&lt;anonymous&gt;)
    at callAsyncCircusFn (C:\Source\Repos\file-share-service-ui\node_modules\jest-circus\build\utils.js:231:10)
    at _callCircusHook (C:\Source\Repos\file-share-service-ui\node_modules\jest-circus\build\run.js:281:40)
    at processTicksAndRejections (node:internal/process/task_queues:95:5)
    at _runTest (C:\Source\Repos\file-share-service-ui\node_modules\jest-circus\build\run.js:246:5)
    at _runTestsForDescribeBlock (C:\Source\Repos\file-share-service-ui\node_modules\jest-circus\build\run.js:126:9)
    at _runTestsForDescribeBlock (C:\Source\Repos\file-share-service-ui\node_modules\jest-circus\build\run.js:121:9)
    at run (C:\Source\Repos\file-share-service-ui\node_modules\jest-circus\build\run.js:71:3)
    at runAndTransformResultsToJestFormat (C:\Source\Repos\file-share-service-ui\node_modules\jest-circus\build\legacy-code-todo-rewrite\jestAdapterInit.js:122:21)</failure>
    </testcase>
    <testcase classname="EssListEncsComponent exchangeSetCreationResponse should set ExchangeSetDetails" name="EssListEncsComponent exchangeSetCreationResponse should set ExchangeSetDetails" time="0.026">
      <failure>NullInjectorError: R3InjectorError(DynamicTestModule)[InjectionToken CDK_TABLE -&gt; InjectionToken CDK_TABLE]: 
  NullInjectorError: No provider for InjectionToken CDK_TABLE!
    at NullInjector.get (C:\Source\Repos\file-share-service-ui\node_modules\@angular\core\fesm2022\core.mjs:1427:21)
    at R3Injector.get (C:\Source\Repos\file-share-service-ui\node_modules\@angular\core\fesm2022\core.mjs:2312:27)
    at R3Injector.get (C:\Source\Repos\file-share-service-ui\node_modules\@angular\core\fesm2022\core.mjs:2312:27)
    at ChainedInjector.get (C:\Source\Repos\file-share-service-ui\node_modules\@angular\core\fesm2022\core.mjs:9866:32)
    at get (C:\Source\Repos\file-share-service-ui\node_modules\@angular\core\fesm2022\core.mjs:3831:31)
    at lookupTokenUsingModuleInjector (C:\Source\Repos\file-share-service-ui\node_modules\@angular\core\fesm2022\core.mjs:3856:10)
    at getOrCreateInjectable (C:\Source\Repos\file-share-service-ui\node_modules\@angular\core\fesm2022\core.mjs:6788:17)
    at ɵɵinject (C:\Source\Repos\file-share-service-ui\node_modules\@angular\core\fesm2022\core.mjs:1146:58)
    at ɵɵinject (C:\Source\Repos\file-share-service-ui\node_modules\@angular\core\fesm2022\core.mjs:1155:10)
    at new _HeaderRowOutlet (C:\Source\Repos\file-share-service-ui\node_modules\@angular\cdk\fesm2022\table.mjs:996:41)
    at NodeInjectorFactory._HeaderRowOutlet_Factory [as factory] (ng:///_HeaderRowOutlet/ɵfac.js:5:10)
    at factory (C:\Source\Repos\file-share-service-ui\node_modules\@angular\core\fesm2022\core.mjs:4008:38)
    at getNodeInjectable (C:\Source\Repos\file-share-service-ui\node_modules\@angular\core\fesm2022\core.mjs:7376:23)
    at instantiateAllDirectives (C:\Source\Repos\file-share-service-ui\node_modules\@angular\core\fesm2022\core.mjs:6967:3)
    at createDirectivesInstances (C:\Source\Repos\file-share-service-ui\node_modules\@angular\core\fesm2022\core.mjs:14052:5)
    at ɵɵelementContainerStart (C:\Source\Repos\file-share-service-ui\node_modules\@angular\core\fesm2022\core.mjs:14084:3)
    at TableComponent_Conditional_3_Template (ng:///TableComponent.js:12:5)
    at templateFn (C:\Source\Repos\file-share-service-ui\node_modules\@angular\core\fesm2022\core.mjs:6938:5)
    at executeTemplate (C:\Source\Repos\file-share-service-ui\node_modules\@angular\core\fesm2022\core.mjs:7728:7)
    at renderView (C:\Source\Repos\file-share-service-ui\node_modules\@angular\core\fesm2022\core.mjs:7777:5)
    at createAndRenderEmbeddedLView (C:\Source\Repos\file-share-service-ui\node_modules\@angular\core\fesm2022\core.mjs:13739:31)
    at TableComponent_Template (ng:///TableComponent.js:41:5)
    at templateFn (C:\Source\Repos\file-share-service-ui\node_modules\@angular\core\fesm2022\core.mjs:6938:5)
    at executeTemplate (C:\Source\Repos\file-share-service-ui\node_modules\@angular\core\fesm2022\core.mjs:7959:7)
    at refreshView (C:\Source\Repos\file-share-service-ui\node_modules\@angular\core\fesm2022\core.mjs:8122:5)
    at detectChangesInView$1 (C:\Source\Repos\file-share-service-ui\node_modules\@angular\core\fesm2022\core.mjs:8106:3)
    at detectChangesInViewIfAttached (C:\Source\Repos\file-share-service-ui\node_modules\@angular\core\fesm2022\core.mjs:8100:3)
    at detectChangesInComponent (C:\Source\Repos\file-share-service-ui\node_modules\@angular\core\fesm2022\core.mjs:8142:5)
    at detectChangesInChildComponents (C:\Source\Repos\file-share-service-ui\node_modules\@angular\core\fesm2022\core.mjs:8015:7)
    at refreshView (C:\Source\Repos\file-share-service-ui\node_modules\@angular\core\fesm2022\core.mjs:8122:5)
    at detectChangesInView$1 (C:\Source\Repos\file-share-service-ui\node_modules\@angular\core\fesm2022\core.mjs:8106:3)
    at detectChangesInViewIfAttached (C:\Source\Repos\file-share-service-ui\node_modules\@angular\core\fesm2022\core.mjs:8079:7)
    at detectChangesInEmbeddedViews (C:\Source\Repos\file-share-service-ui\node_modules\@angular\core\fesm2022\core.mjs:7981:5)
    at refreshView (C:\Source\Repos\file-share-service-ui\node_modules\@angular\core\fesm2022\core.mjs:8122:5)
    at detectChangesInView$1 (C:\Source\Repos\file-share-service-ui\node_modules\@angular\core\fesm2022\core.mjs:8106:3)
    at detectChangesInViewIfAttached (C:\Source\Repos\file-share-service-ui\node_modules\@angular\core\fesm2022\core.mjs:8100:3)
    at detectChangesInComponent (C:\Source\Repos\file-share-service-ui\node_modules\@angular\core\fesm2022\core.mjs:8142:5)
    at detectChangesInChildComponents (C:\Source\Repos\file-share-service-ui\node_modules\@angular\core\fesm2022\core.mjs:8015:7)
    at refreshView (C:\Source\Repos\file-share-service-ui\node_modules\@angular\core\fesm2022\core.mjs:8122:5)
    at detectChangesInView$1 (C:\Source\Repos\file-share-service-ui\node_modules\@angular\core\fesm2022\core.mjs:7918:3)
    at detectChangesInViewWhileDirty (C:\Source\Repos\file-share-service-ui\node_modules\@angular\core\fesm2022\core.mjs:7904:5)
    at ViewRef$1.detectChangesInternal [as detectChanges] (C:\Source\Repos\file-share-service-ui\node_modules\@angular\core\fesm2022\core.mjs:8382:5)
    at detectChanges (C:\Source\Repos\file-share-service-ui\node_modules\@angular\core\fesm2022\testing.mjs:340:30)
    at _ZoneDelegate.invoke (C:\Source\Repos\file-share-service-ui\node_modules\zone.js\bundles\zone.umd.js:395:160)
    at ProxyZoneSpec.onInvoke (C:\Source\Repos\file-share-service-ui\node_modules\zone.js\bundles\zone-testing.umd.js:2157:35)
    at _ZoneDelegate.invoke (C:\Source\Repos\file-share-service-ui\node_modules\zone.js\bundles\zone.umd.js:395:48)
    at Object.invoke [as onInvoke] (C:\Source\Repos\file-share-service-ui\node_modules\@angular\core\fesm2022\core.mjs:9306:25)
    at _ZoneDelegate.invoke (C:\Source\Repos\file-share-service-ui\node_modules\zone.js\bundles\zone.umd.js:395:48)
    at ZoneImpl.run (C:\Source\Repos\file-share-service-ui\node_modules\zone.js\bundles\zone.umd.js:145:37)
    at NgZone.run (C:\Source\Repos\file-share-service-ui\node_modules\@angular\core\fesm2022\core.mjs:9197:24)
    at PseudoApplicationComponentFixture.run [as detectChanges] (C:\Source\Repos\file-share-service-ui\node_modules\@angular\core\fesm2022\testing.mjs:339:18)
    at C:\Source\Repos\file-share-service-ui\Tests\UnitTests\ess-list-encs.component.spec.ts:377:13
    at _ZoneDelegate.invoke (C:\Source\Repos\file-share-service-ui\node_modules\zone.js\bundles\zone.umd.js:395:160)
    at ProxyZoneSpec.onInvoke (C:\Source\Repos\file-share-service-ui\node_modules\zone.js\bundles\zone-testing.umd.js:2157:35)
    at _ZoneDelegate.invoke (C:\Source\Repos\file-share-service-ui\node_modules\zone.js\bundles\zone.umd.js:395:48)
    at ZoneImpl.run (C:\Source\Repos\file-share-service-ui\node_modules\zone.js\bundles\zone.umd.js:145:37)
    at Object.wrappedFunc (C:\Source\Repos\file-share-service-ui\node_modules\zone.js\bundles\zone-testing.umd.js:430:28)
    at Promise.then.completed (C:\Source\Repos\file-share-service-ui\node_modules\jest-circus\build\utils.js:298:28)
    at new Promise (&lt;anonymous&gt;)
    at callAsyncCircusFn (C:\Source\Repos\file-share-service-ui\node_modules\jest-circus\build\utils.js:231:10)
    at _callCircusHook (C:\Source\Repos\file-share-service-ui\node_modules\jest-circus\build\run.js:281:40)
    at processTicksAndRejections (node:internal/process/task_queues:95:5)
    at _runTest (C:\Source\Repos\file-share-service-ui\node_modules\jest-circus\build\run.js:246:5)
    at _runTestsForDescribeBlock (C:\Source\Repos\file-share-service-ui\node_modules\jest-circus\build\run.js:126:9)
    at _runTestsForDescribeBlock (C:\Source\Repos\file-share-service-ui\node_modules\jest-circus\build\run.js:121:9)
    at run (C:\Source\Repos\file-share-service-ui\node_modules\jest-circus\build\run.js:71:3)
    at runAndTransformResultsToJestFormat (C:\Source\Repos\file-share-service-ui\node_modules\jest-circus\build\legacy-code-todo-rewrite\jestAdapterInit.js:122:21)</failure>
    </testcase>
    <testcase classname="EssListEncsComponent exchangeSetCreationResponse should set Error message on error" name="EssListEncsComponent exchangeSetCreationResponse should set Error message on error" time="0.027">
      <failure>NullInjectorError: R3InjectorError(DynamicTestModule)[InjectionToken CDK_TABLE -&gt; InjectionToken CDK_TABLE]: 
  NullInjectorError: No provider for InjectionToken CDK_TABLE!
    at NullInjector.get (C:\Source\Repos\file-share-service-ui\node_modules\@angular\core\fesm2022\core.mjs:1427:21)
    at R3Injector.get (C:\Source\Repos\file-share-service-ui\node_modules\@angular\core\fesm2022\core.mjs:2312:27)
    at R3Injector.get (C:\Source\Repos\file-share-service-ui\node_modules\@angular\core\fesm2022\core.mjs:2312:27)
    at ChainedInjector.get (C:\Source\Repos\file-share-service-ui\node_modules\@angular\core\fesm2022\core.mjs:9866:32)
    at get (C:\Source\Repos\file-share-service-ui\node_modules\@angular\core\fesm2022\core.mjs:3831:31)
    at lookupTokenUsingModuleInjector (C:\Source\Repos\file-share-service-ui\node_modules\@angular\core\fesm2022\core.mjs:3856:10)
    at getOrCreateInjectable (C:\Source\Repos\file-share-service-ui\node_modules\@angular\core\fesm2022\core.mjs:6788:17)
    at ɵɵinject (C:\Source\Repos\file-share-service-ui\node_modules\@angular\core\fesm2022\core.mjs:1146:58)
    at ɵɵinject (C:\Source\Repos\file-share-service-ui\node_modules\@angular\core\fesm2022\core.mjs:1155:10)
    at new _HeaderRowOutlet (C:\Source\Repos\file-share-service-ui\node_modules\@angular\cdk\fesm2022\table.mjs:996:41)
    at NodeInjectorFactory._HeaderRowOutlet_Factory [as factory] (ng:///_HeaderRowOutlet/ɵfac.js:5:10)
    at factory (C:\Source\Repos\file-share-service-ui\node_modules\@angular\core\fesm2022\core.mjs:4008:38)
    at getNodeInjectable (C:\Source\Repos\file-share-service-ui\node_modules\@angular\core\fesm2022\core.mjs:7376:23)
    at instantiateAllDirectives (C:\Source\Repos\file-share-service-ui\node_modules\@angular\core\fesm2022\core.mjs:6967:3)
    at createDirectivesInstances (C:\Source\Repos\file-share-service-ui\node_modules\@angular\core\fesm2022\core.mjs:14052:5)
    at ɵɵelementContainerStart (C:\Source\Repos\file-share-service-ui\node_modules\@angular\core\fesm2022\core.mjs:14084:3)
    at TableComponent_Conditional_3_Template (ng:///TableComponent.js:12:5)
    at templateFn (C:\Source\Repos\file-share-service-ui\node_modules\@angular\core\fesm2022\core.mjs:6938:5)
    at executeTemplate (C:\Source\Repos\file-share-service-ui\node_modules\@angular\core\fesm2022\core.mjs:7728:7)
    at renderView (C:\Source\Repos\file-share-service-ui\node_modules\@angular\core\fesm2022\core.mjs:7777:5)
    at createAndRenderEmbeddedLView (C:\Source\Repos\file-share-service-ui\node_modules\@angular\core\fesm2022\core.mjs:13739:31)
    at TableComponent_Template (ng:///TableComponent.js:41:5)
    at templateFn (C:\Source\Repos\file-share-service-ui\node_modules\@angular\core\fesm2022\core.mjs:6938:5)
    at executeTemplate (C:\Source\Repos\file-share-service-ui\node_modules\@angular\core\fesm2022\core.mjs:7959:7)
    at refreshView (C:\Source\Repos\file-share-service-ui\node_modules\@angular\core\fesm2022\core.mjs:8122:5)
    at detectChangesInView$1 (C:\Source\Repos\file-share-service-ui\node_modules\@angular\core\fesm2022\core.mjs:8106:3)
    at detectChangesInViewIfAttached (C:\Source\Repos\file-share-service-ui\node_modules\@angular\core\fesm2022\core.mjs:8100:3)
    at detectChangesInComponent (C:\Source\Repos\file-share-service-ui\node_modules\@angular\core\fesm2022\core.mjs:8142:5)
    at detectChangesInChildComponents (C:\Source\Repos\file-share-service-ui\node_modules\@angular\core\fesm2022\core.mjs:8015:7)
    at refreshView (C:\Source\Repos\file-share-service-ui\node_modules\@angular\core\fesm2022\core.mjs:8122:5)
    at detectChangesInView$1 (C:\Source\Repos\file-share-service-ui\node_modules\@angular\core\fesm2022\core.mjs:8106:3)
    at detectChangesInViewIfAttached (C:\Source\Repos\file-share-service-ui\node_modules\@angular\core\fesm2022\core.mjs:8079:7)
    at detectChangesInEmbeddedViews (C:\Source\Repos\file-share-service-ui\node_modules\@angular\core\fesm2022\core.mjs:7981:5)
    at refreshView (C:\Source\Repos\file-share-service-ui\node_modules\@angular\core\fesm2022\core.mjs:8122:5)
    at detectChangesInView$1 (C:\Source\Repos\file-share-service-ui\node_modules\@angular\core\fesm2022\core.mjs:8106:3)
    at detectChangesInViewIfAttached (C:\Source\Repos\file-share-service-ui\node_modules\@angular\core\fesm2022\core.mjs:8100:3)
    at detectChangesInComponent (C:\Source\Repos\file-share-service-ui\node_modules\@angular\core\fesm2022\core.mjs:8142:5)
    at detectChangesInChildComponents (C:\Source\Repos\file-share-service-ui\node_modules\@angular\core\fesm2022\core.mjs:8015:7)
    at refreshView (C:\Source\Repos\file-share-service-ui\node_modules\@angular\core\fesm2022\core.mjs:8122:5)
    at detectChangesInView$1 (C:\Source\Repos\file-share-service-ui\node_modules\@angular\core\fesm2022\core.mjs:7918:3)
    at detectChangesInViewWhileDirty (C:\Source\Repos\file-share-service-ui\node_modules\@angular\core\fesm2022\core.mjs:7904:5)
    at ViewRef$1.detectChangesInternal [as detectChanges] (C:\Source\Repos\file-share-service-ui\node_modules\@angular\core\fesm2022\core.mjs:8382:5)
    at detectChanges (C:\Source\Repos\file-share-service-ui\node_modules\@angular\core\fesm2022\testing.mjs:340:30)
    at _ZoneDelegate.invoke (C:\Source\Repos\file-share-service-ui\node_modules\zone.js\bundles\zone.umd.js:395:160)
    at ProxyZoneSpec.onInvoke (C:\Source\Repos\file-share-service-ui\node_modules\zone.js\bundles\zone-testing.umd.js:2157:35)
    at _ZoneDelegate.invoke (C:\Source\Repos\file-share-service-ui\node_modules\zone.js\bundles\zone.umd.js:395:48)
    at Object.invoke [as onInvoke] (C:\Source\Repos\file-share-service-ui\node_modules\@angular\core\fesm2022\core.mjs:9306:25)
    at _ZoneDelegate.invoke (C:\Source\Repos\file-share-service-ui\node_modules\zone.js\bundles\zone.umd.js:395:48)
    at ZoneImpl.run (C:\Source\Repos\file-share-service-ui\node_modules\zone.js\bundles\zone.umd.js:145:37)
    at NgZone.run (C:\Source\Repos\file-share-service-ui\node_modules\@angular\core\fesm2022\core.mjs:9197:24)
    at PseudoApplicationComponentFixture.run [as detectChanges] (C:\Source\Repos\file-share-service-ui\node_modules\@angular\core\fesm2022\testing.mjs:339:18)
    at C:\Source\Repos\file-share-service-ui\Tests\UnitTests\ess-list-encs.component.spec.ts:377:13
    at _ZoneDelegate.invoke (C:\Source\Repos\file-share-service-ui\node_modules\zone.js\bundles\zone.umd.js:395:160)
    at ProxyZoneSpec.onInvoke (C:\Source\Repos\file-share-service-ui\node_modules\zone.js\bundles\zone-testing.umd.js:2157:35)
    at _ZoneDelegate.invoke (C:\Source\Repos\file-share-service-ui\node_modules\zone.js\bundles\zone.umd.js:395:48)
    at ZoneImpl.run (C:\Source\Repos\file-share-service-ui\node_modules\zone.js\bundles\zone.umd.js:145:37)
    at Object.wrappedFunc (C:\Source\Repos\file-share-service-ui\node_modules\zone.js\bundles\zone-testing.umd.js:430:28)
    at Promise.then.completed (C:\Source\Repos\file-share-service-ui\node_modules\jest-circus\build\utils.js:298:28)
    at new Promise (&lt;anonymous&gt;)
    at callAsyncCircusFn (C:\Source\Repos\file-share-service-ui\node_modules\jest-circus\build\utils.js:231:10)
    at _callCircusHook (C:\Source\Repos\file-share-service-ui\node_modules\jest-circus\build\run.js:281:40)
    at processTicksAndRejections (node:internal/process/task_queues:95:5)
    at _runTest (C:\Source\Repos\file-share-service-ui\node_modules\jest-circus\build\run.js:246:5)
    at _runTestsForDescribeBlock (C:\Source\Repos\file-share-service-ui\node_modules\jest-circus\build\run.js:126:9)
    at _runTestsForDescribeBlock (C:\Source\Repos\file-share-service-ui\node_modules\jest-circus\build\run.js:121:9)
    at run (C:\Source\Repos\file-share-service-ui\node_modules\jest-circus\build\run.js:71:3)
    at runAndTransformResultsToJestFormat (C:\Source\Repos\file-share-service-ui\node_modules\jest-circus\build\legacy-code-todo-rewrite\jestAdapterInit.js:122:21)</failure>
    </testcase>
    <testcase classname="EssListEncsComponent ngOnInIt should return valid and inValid cells" name="EssListEncsComponent ngOnInIt should return valid and inValid cells" time="0.027">
      <failure>NullInjectorError: R3InjectorError(DynamicTestModule)[InjectionToken CDK_TABLE -&gt; InjectionToken CDK_TABLE]: 
  NullInjectorError: No provider for InjectionToken CDK_TABLE!
    at NullInjector.get (C:\Source\Repos\file-share-service-ui\node_modules\@angular\core\fesm2022\core.mjs:1427:21)
    at R3Injector.get (C:\Source\Repos\file-share-service-ui\node_modules\@angular\core\fesm2022\core.mjs:2312:27)
    at R3Injector.get (C:\Source\Repos\file-share-service-ui\node_modules\@angular\core\fesm2022\core.mjs:2312:27)
    at ChainedInjector.get (C:\Source\Repos\file-share-service-ui\node_modules\@angular\core\fesm2022\core.mjs:9866:32)
    at get (C:\Source\Repos\file-share-service-ui\node_modules\@angular\core\fesm2022\core.mjs:3831:31)
    at lookupTokenUsingModuleInjector (C:\Source\Repos\file-share-service-ui\node_modules\@angular\core\fesm2022\core.mjs:3856:10)
    at getOrCreateInjectable (C:\Source\Repos\file-share-service-ui\node_modules\@angular\core\fesm2022\core.mjs:6788:17)
    at ɵɵinject (C:\Source\Repos\file-share-service-ui\node_modules\@angular\core\fesm2022\core.mjs:1146:58)
    at ɵɵinject (C:\Source\Repos\file-share-service-ui\node_modules\@angular\core\fesm2022\core.mjs:1155:10)
    at new _HeaderRowOutlet (C:\Source\Repos\file-share-service-ui\node_modules\@angular\cdk\fesm2022\table.mjs:996:41)
    at NodeInjectorFactory._HeaderRowOutlet_Factory [as factory] (ng:///_HeaderRowOutlet/ɵfac.js:5:10)
    at factory (C:\Source\Repos\file-share-service-ui\node_modules\@angular\core\fesm2022\core.mjs:4008:38)
    at getNodeInjectable (C:\Source\Repos\file-share-service-ui\node_modules\@angular\core\fesm2022\core.mjs:7376:23)
    at instantiateAllDirectives (C:\Source\Repos\file-share-service-ui\node_modules\@angular\core\fesm2022\core.mjs:6967:3)
    at createDirectivesInstances (C:\Source\Repos\file-share-service-ui\node_modules\@angular\core\fesm2022\core.mjs:14052:5)
    at ɵɵelementContainerStart (C:\Source\Repos\file-share-service-ui\node_modules\@angular\core\fesm2022\core.mjs:14084:3)
    at TableComponent_Conditional_3_Template (ng:///TableComponent.js:12:5)
    at templateFn (C:\Source\Repos\file-share-service-ui\node_modules\@angular\core\fesm2022\core.mjs:6938:5)
    at executeTemplate (C:\Source\Repos\file-share-service-ui\node_modules\@angular\core\fesm2022\core.mjs:7728:7)
    at renderView (C:\Source\Repos\file-share-service-ui\node_modules\@angular\core\fesm2022\core.mjs:7777:5)
    at createAndRenderEmbeddedLView (C:\Source\Repos\file-share-service-ui\node_modules\@angular\core\fesm2022\core.mjs:13739:31)
    at TableComponent_Template (ng:///TableComponent.js:41:5)
    at templateFn (C:\Source\Repos\file-share-service-ui\node_modules\@angular\core\fesm2022\core.mjs:6938:5)
    at executeTemplate (C:\Source\Repos\file-share-service-ui\node_modules\@angular\core\fesm2022\core.mjs:7959:7)
    at refreshView (C:\Source\Repos\file-share-service-ui\node_modules\@angular\core\fesm2022\core.mjs:8122:5)
    at detectChangesInView$1 (C:\Source\Repos\file-share-service-ui\node_modules\@angular\core\fesm2022\core.mjs:8106:3)
    at detectChangesInViewIfAttached (C:\Source\Repos\file-share-service-ui\node_modules\@angular\core\fesm2022\core.mjs:8100:3)
    at detectChangesInComponent (C:\Source\Repos\file-share-service-ui\node_modules\@angular\core\fesm2022\core.mjs:8142:5)
    at detectChangesInChildComponents (C:\Source\Repos\file-share-service-ui\node_modules\@angular\core\fesm2022\core.mjs:8015:7)
    at refreshView (C:\Source\Repos\file-share-service-ui\node_modules\@angular\core\fesm2022\core.mjs:8122:5)
    at detectChangesInView$1 (C:\Source\Repos\file-share-service-ui\node_modules\@angular\core\fesm2022\core.mjs:8106:3)
    at detectChangesInViewIfAttached (C:\Source\Repos\file-share-service-ui\node_modules\@angular\core\fesm2022\core.mjs:8079:7)
    at detectChangesInEmbeddedViews (C:\Source\Repos\file-share-service-ui\node_modules\@angular\core\fesm2022\core.mjs:7981:5)
    at refreshView (C:\Source\Repos\file-share-service-ui\node_modules\@angular\core\fesm2022\core.mjs:8122:5)
    at detectChangesInView$1 (C:\Source\Repos\file-share-service-ui\node_modules\@angular\core\fesm2022\core.mjs:8106:3)
    at detectChangesInViewIfAttached (C:\Source\Repos\file-share-service-ui\node_modules\@angular\core\fesm2022\core.mjs:8100:3)
    at detectChangesInComponent (C:\Source\Repos\file-share-service-ui\node_modules\@angular\core\fesm2022\core.mjs:8142:5)
    at detectChangesInChildComponents (C:\Source\Repos\file-share-service-ui\node_modules\@angular\core\fesm2022\core.mjs:8015:7)
    at refreshView (C:\Source\Repos\file-share-service-ui\node_modules\@angular\core\fesm2022\core.mjs:8122:5)
    at detectChangesInView$1 (C:\Source\Repos\file-share-service-ui\node_modules\@angular\core\fesm2022\core.mjs:7918:3)
    at detectChangesInViewWhileDirty (C:\Source\Repos\file-share-service-ui\node_modules\@angular\core\fesm2022\core.mjs:7904:5)
    at ViewRef$1.detectChangesInternal [as detectChanges] (C:\Source\Repos\file-share-service-ui\node_modules\@angular\core\fesm2022\core.mjs:8382:5)
    at detectChanges (C:\Source\Repos\file-share-service-ui\node_modules\@angular\core\fesm2022\testing.mjs:340:30)
    at _ZoneDelegate.invoke (C:\Source\Repos\file-share-service-ui\node_modules\zone.js\bundles\zone.umd.js:395:160)
    at ProxyZoneSpec.onInvoke (C:\Source\Repos\file-share-service-ui\node_modules\zone.js\bundles\zone-testing.umd.js:2157:35)
    at _ZoneDelegate.invoke (C:\Source\Repos\file-share-service-ui\node_modules\zone.js\bundles\zone.umd.js:395:48)
    at Object.invoke [as onInvoke] (C:\Source\Repos\file-share-service-ui\node_modules\@angular\core\fesm2022\core.mjs:9306:25)
    at _ZoneDelegate.invoke (C:\Source\Repos\file-share-service-ui\node_modules\zone.js\bundles\zone.umd.js:395:48)
    at ZoneImpl.run (C:\Source\Repos\file-share-service-ui\node_modules\zone.js\bundles\zone.umd.js:145:37)
    at NgZone.run (C:\Source\Repos\file-share-service-ui\node_modules\@angular\core\fesm2022\core.mjs:9197:24)
    at PseudoApplicationComponentFixture.run [as detectChanges] (C:\Source\Repos\file-share-service-ui\node_modules\@angular\core\fesm2022\testing.mjs:339:18)
    at C:\Source\Repos\file-share-service-ui\Tests\UnitTests\ess-list-encs.component.spec.ts:377:13
    at _ZoneDelegate.invoke (C:\Source\Repos\file-share-service-ui\node_modules\zone.js\bundles\zone.umd.js:395:160)
    at ProxyZoneSpec.onInvoke (C:\Source\Repos\file-share-service-ui\node_modules\zone.js\bundles\zone-testing.umd.js:2157:35)
    at _ZoneDelegate.invoke (C:\Source\Repos\file-share-service-ui\node_modules\zone.js\bundles\zone.umd.js:395:48)
    at ZoneImpl.run (C:\Source\Repos\file-share-service-ui\node_modules\zone.js\bundles\zone.umd.js:145:37)
    at Object.wrappedFunc (C:\Source\Repos\file-share-service-ui\node_modules\zone.js\bundles\zone-testing.umd.js:430:28)
    at Promise.then.completed (C:\Source\Repos\file-share-service-ui\node_modules\jest-circus\build\utils.js:298:28)
    at new Promise (&lt;anonymous&gt;)
    at callAsyncCircusFn (C:\Source\Repos\file-share-service-ui\node_modules\jest-circus\build\utils.js:231:10)
    at _callCircusHook (C:\Source\Repos\file-share-service-ui\node_modules\jest-circus\build\run.js:281:40)
    at processTicksAndRejections (node:internal/process/task_queues:95:5)
    at _runTest (C:\Source\Repos\file-share-service-ui\node_modules\jest-circus\build\run.js:246:5)
    at _runTestsForDescribeBlock (C:\Source\Repos\file-share-service-ui\node_modules\jest-circus\build\run.js:126:9)
    at _runTestsForDescribeBlock (C:\Source\Repos\file-share-service-ui\node_modules\jest-circus\build\run.js:121:9)
    at run (C:\Source\Repos\file-share-service-ui\node_modules\jest-circus\build\run.js:71:3)
    at runAndTransformResultsToJestFormat (C:\Source\Repos\file-share-service-ui\node_modules\jest-circus\build\legacy-code-todo-rewrite\jestAdapterInit.js:122:21)</failure>
    </testcase>
    <testcase classname="EssListEncsComponent getEstimatedTotalSize should return estimatedTotalSize when selectedEncList length is 0" name="EssListEncsComponent getEstimatedTotalSize should return estimatedTotalSize when selectedEncList length is 0" time="0.029">
      <failure>NullInjectorError: R3InjectorError(DynamicTestModule)[InjectionToken CDK_TABLE -&gt; InjectionToken CDK_TABLE]: 
  NullInjectorError: No provider for InjectionToken CDK_TABLE!
    at NullInjector.get (C:\Source\Repos\file-share-service-ui\node_modules\@angular\core\fesm2022\core.mjs:1427:21)
    at R3Injector.get (C:\Source\Repos\file-share-service-ui\node_modules\@angular\core\fesm2022\core.mjs:2312:27)
    at R3Injector.get (C:\Source\Repos\file-share-service-ui\node_modules\@angular\core\fesm2022\core.mjs:2312:27)
    at ChainedInjector.get (C:\Source\Repos\file-share-service-ui\node_modules\@angular\core\fesm2022\core.mjs:9866:32)
    at get (C:\Source\Repos\file-share-service-ui\node_modules\@angular\core\fesm2022\core.mjs:3831:31)
    at lookupTokenUsingModuleInjector (C:\Source\Repos\file-share-service-ui\node_modules\@angular\core\fesm2022\core.mjs:3856:10)
    at getOrCreateInjectable (C:\Source\Repos\file-share-service-ui\node_modules\@angular\core\fesm2022\core.mjs:6788:17)
    at ɵɵinject (C:\Source\Repos\file-share-service-ui\node_modules\@angular\core\fesm2022\core.mjs:1146:58)
    at ɵɵinject (C:\Source\Repos\file-share-service-ui\node_modules\@angular\core\fesm2022\core.mjs:1155:10)
    at new _HeaderRowOutlet (C:\Source\Repos\file-share-service-ui\node_modules\@angular\cdk\fesm2022\table.mjs:996:41)
    at NodeInjectorFactory._HeaderRowOutlet_Factory [as factory] (ng:///_HeaderRowOutlet/ɵfac.js:5:10)
    at factory (C:\Source\Repos\file-share-service-ui\node_modules\@angular\core\fesm2022\core.mjs:4008:38)
    at getNodeInjectable (C:\Source\Repos\file-share-service-ui\node_modules\@angular\core\fesm2022\core.mjs:7376:23)
    at instantiateAllDirectives (C:\Source\Repos\file-share-service-ui\node_modules\@angular\core\fesm2022\core.mjs:6967:3)
    at createDirectivesInstances (C:\Source\Repos\file-share-service-ui\node_modules\@angular\core\fesm2022\core.mjs:14052:5)
    at ɵɵelementContainerStart (C:\Source\Repos\file-share-service-ui\node_modules\@angular\core\fesm2022\core.mjs:14084:3)
    at TableComponent_Conditional_3_Template (ng:///TableComponent.js:12:5)
    at templateFn (C:\Source\Repos\file-share-service-ui\node_modules\@angular\core\fesm2022\core.mjs:6938:5)
    at executeTemplate (C:\Source\Repos\file-share-service-ui\node_modules\@angular\core\fesm2022\core.mjs:7728:7)
    at renderView (C:\Source\Repos\file-share-service-ui\node_modules\@angular\core\fesm2022\core.mjs:7777:5)
    at createAndRenderEmbeddedLView (C:\Source\Repos\file-share-service-ui\node_modules\@angular\core\fesm2022\core.mjs:13739:31)
    at TableComponent_Template (ng:///TableComponent.js:41:5)
    at templateFn (C:\Source\Repos\file-share-service-ui\node_modules\@angular\core\fesm2022\core.mjs:6938:5)
    at executeTemplate (C:\Source\Repos\file-share-service-ui\node_modules\@angular\core\fesm2022\core.mjs:7959:7)
    at refreshView (C:\Source\Repos\file-share-service-ui\node_modules\@angular\core\fesm2022\core.mjs:8122:5)
    at detectChangesInView$1 (C:\Source\Repos\file-share-service-ui\node_modules\@angular\core\fesm2022\core.mjs:8106:3)
    at detectChangesInViewIfAttached (C:\Source\Repos\file-share-service-ui\node_modules\@angular\core\fesm2022\core.mjs:8100:3)
    at detectChangesInComponent (C:\Source\Repos\file-share-service-ui\node_modules\@angular\core\fesm2022\core.mjs:8142:5)
    at detectChangesInChildComponents (C:\Source\Repos\file-share-service-ui\node_modules\@angular\core\fesm2022\core.mjs:8015:7)
    at refreshView (C:\Source\Repos\file-share-service-ui\node_modules\@angular\core\fesm2022\core.mjs:8122:5)
    at detectChangesInView$1 (C:\Source\Repos\file-share-service-ui\node_modules\@angular\core\fesm2022\core.mjs:8106:3)
    at detectChangesInViewIfAttached (C:\Source\Repos\file-share-service-ui\node_modules\@angular\core\fesm2022\core.mjs:8079:7)
    at detectChangesInEmbeddedViews (C:\Source\Repos\file-share-service-ui\node_modules\@angular\core\fesm2022\core.mjs:7981:5)
    at refreshView (C:\Source\Repos\file-share-service-ui\node_modules\@angular\core\fesm2022\core.mjs:8122:5)
    at detectChangesInView$1 (C:\Source\Repos\file-share-service-ui\node_modules\@angular\core\fesm2022\core.mjs:8106:3)
    at detectChangesInViewIfAttached (C:\Source\Repos\file-share-service-ui\node_modules\@angular\core\fesm2022\core.mjs:8100:3)
    at detectChangesInComponent (C:\Source\Repos\file-share-service-ui\node_modules\@angular\core\fesm2022\core.mjs:8142:5)
    at detectChangesInChildComponents (C:\Source\Repos\file-share-service-ui\node_modules\@angular\core\fesm2022\core.mjs:8015:7)
    at refreshView (C:\Source\Repos\file-share-service-ui\node_modules\@angular\core\fesm2022\core.mjs:8122:5)
    at detectChangesInView$1 (C:\Source\Repos\file-share-service-ui\node_modules\@angular\core\fesm2022\core.mjs:7918:3)
    at detectChangesInViewWhileDirty (C:\Source\Repos\file-share-service-ui\node_modules\@angular\core\fesm2022\core.mjs:7904:5)
    at ViewRef$1.detectChangesInternal [as detectChanges] (C:\Source\Repos\file-share-service-ui\node_modules\@angular\core\fesm2022\core.mjs:8382:5)
    at detectChanges (C:\Source\Repos\file-share-service-ui\node_modules\@angular\core\fesm2022\testing.mjs:340:30)
    at _ZoneDelegate.invoke (C:\Source\Repos\file-share-service-ui\node_modules\zone.js\bundles\zone.umd.js:395:160)
    at ProxyZoneSpec.onInvoke (C:\Source\Repos\file-share-service-ui\node_modules\zone.js\bundles\zone-testing.umd.js:2157:35)
    at _ZoneDelegate.invoke (C:\Source\Repos\file-share-service-ui\node_modules\zone.js\bundles\zone.umd.js:395:48)
    at Object.invoke [as onInvoke] (C:\Source\Repos\file-share-service-ui\node_modules\@angular\core\fesm2022\core.mjs:9306:25)
    at _ZoneDelegate.invoke (C:\Source\Repos\file-share-service-ui\node_modules\zone.js\bundles\zone.umd.js:395:48)
    at ZoneImpl.run (C:\Source\Repos\file-share-service-ui\node_modules\zone.js\bundles\zone.umd.js:145:37)
    at NgZone.run (C:\Source\Repos\file-share-service-ui\node_modules\@angular\core\fesm2022\core.mjs:9197:24)
    at PseudoApplicationComponentFixture.run [as detectChanges] (C:\Source\Repos\file-share-service-ui\node_modules\@angular\core\fesm2022\testing.mjs:339:18)
    at C:\Source\Repos\file-share-service-ui\Tests\UnitTests\ess-list-encs.component.spec.ts:377:13
    at _ZoneDelegate.invoke (C:\Source\Repos\file-share-service-ui\node_modules\zone.js\bundles\zone.umd.js:395:160)
    at ProxyZoneSpec.onInvoke (C:\Source\Repos\file-share-service-ui\node_modules\zone.js\bundles\zone-testing.umd.js:2157:35)
    at _ZoneDelegate.invoke (C:\Source\Repos\file-share-service-ui\node_modules\zone.js\bundles\zone.umd.js:395:48)
    at ZoneImpl.run (C:\Source\Repos\file-share-service-ui\node_modules\zone.js\bundles\zone.umd.js:145:37)
    at Object.wrappedFunc (C:\Source\Repos\file-share-service-ui\node_modules\zone.js\bundles\zone-testing.umd.js:430:28)
    at Promise.then.completed (C:\Source\Repos\file-share-service-ui\node_modules\jest-circus\build\utils.js:298:28)
    at new Promise (&lt;anonymous&gt;)
    at callAsyncCircusFn (C:\Source\Repos\file-share-service-ui\node_modules\jest-circus\build\utils.js:231:10)
    at _callCircusHook (C:\Source\Repos\file-share-service-ui\node_modules\jest-circus\build\run.js:281:40)
    at processTicksAndRejections (node:internal/process/task_queues:95:5)
    at _runTest (C:\Source\Repos\file-share-service-ui\node_modules\jest-circus\build\run.js:246:5)
    at _runTestsForDescribeBlock (C:\Source\Repos\file-share-service-ui\node_modules\jest-circus\build\run.js:126:9)
    at _runTestsForDescribeBlock (C:\Source\Repos\file-share-service-ui\node_modules\jest-circus\build\run.js:121:9)
    at run (C:\Source\Repos\file-share-service-ui\node_modules\jest-circus\build\run.js:71:3)
    at runAndTransformResultsToJestFormat (C:\Source\Repos\file-share-service-ui\node_modules\jest-circus\build\legacy-code-todo-rewrite\jestAdapterInit.js:122:21)</failure>
    </testcase>
    <testcase classname="EssListEncsComponent getEstimatedTotalSize should return estimatedTotalSize when selectedEncList length is greater than 0" name="EssListEncsComponent getEstimatedTotalSize should return estimatedTotalSize when selectedEncList length is greater than 0" time="0.057">
      <failure>NullInjectorError: R3InjectorError(DynamicTestModule)[InjectionToken CDK_TABLE -&gt; InjectionToken CDK_TABLE]: 
  NullInjectorError: No provider for InjectionToken CDK_TABLE!
    at NullInjector.get (C:\Source\Repos\file-share-service-ui\node_modules\@angular\core\fesm2022\core.mjs:1427:21)
    at R3Injector.get (C:\Source\Repos\file-share-service-ui\node_modules\@angular\core\fesm2022\core.mjs:2312:27)
    at R3Injector.get (C:\Source\Repos\file-share-service-ui\node_modules\@angular\core\fesm2022\core.mjs:2312:27)
    at ChainedInjector.get (C:\Source\Repos\file-share-service-ui\node_modules\@angular\core\fesm2022\core.mjs:9866:32)
    at get (C:\Source\Repos\file-share-service-ui\node_modules\@angular\core\fesm2022\core.mjs:3831:31)
    at lookupTokenUsingModuleInjector (C:\Source\Repos\file-share-service-ui\node_modules\@angular\core\fesm2022\core.mjs:3856:10)
    at getOrCreateInjectable (C:\Source\Repos\file-share-service-ui\node_modules\@angular\core\fesm2022\core.mjs:6788:17)
    at ɵɵinject (C:\Source\Repos\file-share-service-ui\node_modules\@angular\core\fesm2022\core.mjs:1146:58)
    at ɵɵinject (C:\Source\Repos\file-share-service-ui\node_modules\@angular\core\fesm2022\core.mjs:1155:10)
    at new _HeaderRowOutlet (C:\Source\Repos\file-share-service-ui\node_modules\@angular\cdk\fesm2022\table.mjs:996:41)
    at NodeInjectorFactory._HeaderRowOutlet_Factory [as factory] (ng:///_HeaderRowOutlet/ɵfac.js:5:10)
    at factory (C:\Source\Repos\file-share-service-ui\node_modules\@angular\core\fesm2022\core.mjs:4008:38)
    at getNodeInjectable (C:\Source\Repos\file-share-service-ui\node_modules\@angular\core\fesm2022\core.mjs:7376:23)
    at instantiateAllDirectives (C:\Source\Repos\file-share-service-ui\node_modules\@angular\core\fesm2022\core.mjs:6967:3)
    at createDirectivesInstances (C:\Source\Repos\file-share-service-ui\node_modules\@angular\core\fesm2022\core.mjs:14052:5)
    at ɵɵelementContainerStart (C:\Source\Repos\file-share-service-ui\node_modules\@angular\core\fesm2022\core.mjs:14084:3)
    at TableComponent_Conditional_3_Template (ng:///TableComponent.js:12:5)
    at templateFn (C:\Source\Repos\file-share-service-ui\node_modules\@angular\core\fesm2022\core.mjs:6938:5)
    at executeTemplate (C:\Source\Repos\file-share-service-ui\node_modules\@angular\core\fesm2022\core.mjs:7728:7)
    at renderView (C:\Source\Repos\file-share-service-ui\node_modules\@angular\core\fesm2022\core.mjs:7777:5)
    at createAndRenderEmbeddedLView (C:\Source\Repos\file-share-service-ui\node_modules\@angular\core\fesm2022\core.mjs:13739:31)
    at TableComponent_Template (ng:///TableComponent.js:41:5)
    at templateFn (C:\Source\Repos\file-share-service-ui\node_modules\@angular\core\fesm2022\core.mjs:6938:5)
    at executeTemplate (C:\Source\Repos\file-share-service-ui\node_modules\@angular\core\fesm2022\core.mjs:7959:7)
    at refreshView (C:\Source\Repos\file-share-service-ui\node_modules\@angular\core\fesm2022\core.mjs:8122:5)
    at detectChangesInView$1 (C:\Source\Repos\file-share-service-ui\node_modules\@angular\core\fesm2022\core.mjs:8106:3)
    at detectChangesInViewIfAttached (C:\Source\Repos\file-share-service-ui\node_modules\@angular\core\fesm2022\core.mjs:8100:3)
    at detectChangesInComponent (C:\Source\Repos\file-share-service-ui\node_modules\@angular\core\fesm2022\core.mjs:8142:5)
    at detectChangesInChildComponents (C:\Source\Repos\file-share-service-ui\node_modules\@angular\core\fesm2022\core.mjs:8015:7)
    at refreshView (C:\Source\Repos\file-share-service-ui\node_modules\@angular\core\fesm2022\core.mjs:8122:5)
    at detectChangesInView$1 (C:\Source\Repos\file-share-service-ui\node_modules\@angular\core\fesm2022\core.mjs:8106:3)
    at detectChangesInViewIfAttached (C:\Source\Repos\file-share-service-ui\node_modules\@angular\core\fesm2022\core.mjs:8079:7)
    at detectChangesInEmbeddedViews (C:\Source\Repos\file-share-service-ui\node_modules\@angular\core\fesm2022\core.mjs:7981:5)
    at refreshView (C:\Source\Repos\file-share-service-ui\node_modules\@angular\core\fesm2022\core.mjs:8122:5)
    at detectChangesInView$1 (C:\Source\Repos\file-share-service-ui\node_modules\@angular\core\fesm2022\core.mjs:8106:3)
    at detectChangesInViewIfAttached (C:\Source\Repos\file-share-service-ui\node_modules\@angular\core\fesm2022\core.mjs:8100:3)
    at detectChangesInComponent (C:\Source\Repos\file-share-service-ui\node_modules\@angular\core\fesm2022\core.mjs:8142:5)
    at detectChangesInChildComponents (C:\Source\Repos\file-share-service-ui\node_modules\@angular\core\fesm2022\core.mjs:8015:7)
    at refreshView (C:\Source\Repos\file-share-service-ui\node_modules\@angular\core\fesm2022\core.mjs:8122:5)
    at detectChangesInView$1 (C:\Source\Repos\file-share-service-ui\node_modules\@angular\core\fesm2022\core.mjs:7918:3)
    at detectChangesInViewWhileDirty (C:\Source\Repos\file-share-service-ui\node_modules\@angular\core\fesm2022\core.mjs:7904:5)
    at ViewRef$1.detectChangesInternal [as detectChanges] (C:\Source\Repos\file-share-service-ui\node_modules\@angular\core\fesm2022\core.mjs:8382:5)
    at detectChanges (C:\Source\Repos\file-share-service-ui\node_modules\@angular\core\fesm2022\testing.mjs:340:30)
    at _ZoneDelegate.invoke (C:\Source\Repos\file-share-service-ui\node_modules\zone.js\bundles\zone.umd.js:395:160)
    at ProxyZoneSpec.onInvoke (C:\Source\Repos\file-share-service-ui\node_modules\zone.js\bundles\zone-testing.umd.js:2157:35)
    at _ZoneDelegate.invoke (C:\Source\Repos\file-share-service-ui\node_modules\zone.js\bundles\zone.umd.js:395:48)
    at Object.invoke [as onInvoke] (C:\Source\Repos\file-share-service-ui\node_modules\@angular\core\fesm2022\core.mjs:9306:25)
    at _ZoneDelegate.invoke (C:\Source\Repos\file-share-service-ui\node_modules\zone.js\bundles\zone.umd.js:395:48)
    at ZoneImpl.run (C:\Source\Repos\file-share-service-ui\node_modules\zone.js\bundles\zone.umd.js:145:37)
    at NgZone.run (C:\Source\Repos\file-share-service-ui\node_modules\@angular\core\fesm2022\core.mjs:9197:24)
    at PseudoApplicationComponentFixture.run [as detectChanges] (C:\Source\Repos\file-share-service-ui\node_modules\@angular\core\fesm2022\testing.mjs:339:18)
    at C:\Source\Repos\file-share-service-ui\Tests\UnitTests\ess-list-encs.component.spec.ts:377:13
    at _ZoneDelegate.invoke (C:\Source\Repos\file-share-service-ui\node_modules\zone.js\bundles\zone.umd.js:395:160)
    at ProxyZoneSpec.onInvoke (C:\Source\Repos\file-share-service-ui\node_modules\zone.js\bundles\zone-testing.umd.js:2157:35)
    at _ZoneDelegate.invoke (C:\Source\Repos\file-share-service-ui\node_modules\zone.js\bundles\zone.umd.js:395:48)
    at ZoneImpl.run (C:\Source\Repos\file-share-service-ui\node_modules\zone.js\bundles\zone.umd.js:145:37)
    at Object.wrappedFunc (C:\Source\Repos\file-share-service-ui\node_modules\zone.js\bundles\zone-testing.umd.js:430:28)
    at Promise.then.completed (C:\Source\Repos\file-share-service-ui\node_modules\jest-circus\build\utils.js:298:28)
    at new Promise (&lt;anonymous&gt;)
    at callAsyncCircusFn (C:\Source\Repos\file-share-service-ui\node_modules\jest-circus\build\utils.js:231:10)
    at _callCircusHook (C:\Source\Repos\file-share-service-ui\node_modules\jest-circus\build\run.js:281:40)
    at processTicksAndRejections (node:internal/process/task_queues:95:5)
    at _runTest (C:\Source\Repos\file-share-service-ui\node_modules\jest-circus\build\run.js:246:5)
    at _runTestsForDescribeBlock (C:\Source\Repos\file-share-service-ui\node_modules\jest-circus\build\run.js:126:9)
    at _runTestsForDescribeBlock (C:\Source\Repos\file-share-service-ui\node_modules\jest-circus\build\run.js:121:9)
    at run (C:\Source\Repos\file-share-service-ui\node_modules\jest-circus\build\run.js:71:3)
    at runAndTransformResultsToJestFormat (C:\Source\Repos\file-share-service-ui\node_modules\jest-circus\build\legacy-code-todo-rewrite\jestAdapterInit.js:122:21)</failure>
    </testcase>
    <testcase classname="EssListEncsComponent exchangeSetCreationForDeltaResponse should return DeltaExchangeSetResponse for updateNumber - 1 when updateNumber greater then 0" name="EssListEncsComponent exchangeSetCreationForDeltaResponse should return DeltaExchangeSetResponse for updateNumber - 1 when updateNumber greater then 0" time="0.059">
      <failure>NullInjectorError: R3InjectorError(DynamicTestModule)[InjectionToken CDK_TABLE -&gt; InjectionToken CDK_TABLE]: 
  NullInjectorError: No provider for InjectionToken CDK_TABLE!
    at NullInjector.get (C:\Source\Repos\file-share-service-ui\node_modules\@angular\core\fesm2022\core.mjs:1427:21)
    at R3Injector.get (C:\Source\Repos\file-share-service-ui\node_modules\@angular\core\fesm2022\core.mjs:2312:27)
    at R3Injector.get (C:\Source\Repos\file-share-service-ui\node_modules\@angular\core\fesm2022\core.mjs:2312:27)
    at ChainedInjector.get (C:\Source\Repos\file-share-service-ui\node_modules\@angular\core\fesm2022\core.mjs:9866:32)
    at get (C:\Source\Repos\file-share-service-ui\node_modules\@angular\core\fesm2022\core.mjs:3831:31)
    at lookupTokenUsingModuleInjector (C:\Source\Repos\file-share-service-ui\node_modules\@angular\core\fesm2022\core.mjs:3856:10)
    at getOrCreateInjectable (C:\Source\Repos\file-share-service-ui\node_modules\@angular\core\fesm2022\core.mjs:6788:17)
    at ɵɵinject (C:\Source\Repos\file-share-service-ui\node_modules\@angular\core\fesm2022\core.mjs:1146:58)
    at ɵɵinject (C:\Source\Repos\file-share-service-ui\node_modules\@angular\core\fesm2022\core.mjs:1155:10)
    at new _HeaderRowOutlet (C:\Source\Repos\file-share-service-ui\node_modules\@angular\cdk\fesm2022\table.mjs:996:41)
    at NodeInjectorFactory._HeaderRowOutlet_Factory [as factory] (ng:///_HeaderRowOutlet/ɵfac.js:5:10)
    at factory (C:\Source\Repos\file-share-service-ui\node_modules\@angular\core\fesm2022\core.mjs:4008:38)
    at getNodeInjectable (C:\Source\Repos\file-share-service-ui\node_modules\@angular\core\fesm2022\core.mjs:7376:23)
    at instantiateAllDirectives (C:\Source\Repos\file-share-service-ui\node_modules\@angular\core\fesm2022\core.mjs:6967:3)
    at createDirectivesInstances (C:\Source\Repos\file-share-service-ui\node_modules\@angular\core\fesm2022\core.mjs:14052:5)
    at ɵɵelementContainerStart (C:\Source\Repos\file-share-service-ui\node_modules\@angular\core\fesm2022\core.mjs:14084:3)
    at TableComponent_Conditional_3_Template (ng:///TableComponent.js:12:5)
    at templateFn (C:\Source\Repos\file-share-service-ui\node_modules\@angular\core\fesm2022\core.mjs:6938:5)
    at executeTemplate (C:\Source\Repos\file-share-service-ui\node_modules\@angular\core\fesm2022\core.mjs:7728:7)
    at renderView (C:\Source\Repos\file-share-service-ui\node_modules\@angular\core\fesm2022\core.mjs:7777:5)
    at createAndRenderEmbeddedLView (C:\Source\Repos\file-share-service-ui\node_modules\@angular\core\fesm2022\core.mjs:13739:31)
    at TableComponent_Template (ng:///TableComponent.js:41:5)
    at templateFn (C:\Source\Repos\file-share-service-ui\node_modules\@angular\core\fesm2022\core.mjs:6938:5)
    at executeTemplate (C:\Source\Repos\file-share-service-ui\node_modules\@angular\core\fesm2022\core.mjs:7959:7)
    at refreshView (C:\Source\Repos\file-share-service-ui\node_modules\@angular\core\fesm2022\core.mjs:8122:5)
    at detectChangesInView$1 (C:\Source\Repos\file-share-service-ui\node_modules\@angular\core\fesm2022\core.mjs:8106:3)
    at detectChangesInViewIfAttached (C:\Source\Repos\file-share-service-ui\node_modules\@angular\core\fesm2022\core.mjs:8100:3)
    at detectChangesInComponent (C:\Source\Repos\file-share-service-ui\node_modules\@angular\core\fesm2022\core.mjs:8142:5)
    at detectChangesInChildComponents (C:\Source\Repos\file-share-service-ui\node_modules\@angular\core\fesm2022\core.mjs:8015:7)
    at refreshView (C:\Source\Repos\file-share-service-ui\node_modules\@angular\core\fesm2022\core.mjs:8122:5)
    at detectChangesInView$1 (C:\Source\Repos\file-share-service-ui\node_modules\@angular\core\fesm2022\core.mjs:8106:3)
    at detectChangesInViewIfAttached (C:\Source\Repos\file-share-service-ui\node_modules\@angular\core\fesm2022\core.mjs:8079:7)
    at detectChangesInEmbeddedViews (C:\Source\Repos\file-share-service-ui\node_modules\@angular\core\fesm2022\core.mjs:7981:5)
    at refreshView (C:\Source\Repos\file-share-service-ui\node_modules\@angular\core\fesm2022\core.mjs:8122:5)
    at detectChangesInView$1 (C:\Source\Repos\file-share-service-ui\node_modules\@angular\core\fesm2022\core.mjs:8106:3)
    at detectChangesInViewIfAttached (C:\Source\Repos\file-share-service-ui\node_modules\@angular\core\fesm2022\core.mjs:8100:3)
    at detectChangesInComponent (C:\Source\Repos\file-share-service-ui\node_modules\@angular\core\fesm2022\core.mjs:8142:5)
    at detectChangesInChildComponents (C:\Source\Repos\file-share-service-ui\node_modules\@angular\core\fesm2022\core.mjs:8015:7)
    at refreshView (C:\Source\Repos\file-share-service-ui\node_modules\@angular\core\fesm2022\core.mjs:8122:5)
    at detectChangesInView$1 (C:\Source\Repos\file-share-service-ui\node_modules\@angular\core\fesm2022\core.mjs:7918:3)
    at detectChangesInViewWhileDirty (C:\Source\Repos\file-share-service-ui\node_modules\@angular\core\fesm2022\core.mjs:7904:5)
    at ViewRef$1.detectChangesInternal [as detectChanges] (C:\Source\Repos\file-share-service-ui\node_modules\@angular\core\fesm2022\core.mjs:8382:5)
    at detectChanges (C:\Source\Repos\file-share-service-ui\node_modules\@angular\core\fesm2022\testing.mjs:340:30)
    at _ZoneDelegate.invoke (C:\Source\Repos\file-share-service-ui\node_modules\zone.js\bundles\zone.umd.js:395:160)
    at ProxyZoneSpec.onInvoke (C:\Source\Repos\file-share-service-ui\node_modules\zone.js\bundles\zone-testing.umd.js:2157:35)
    at _ZoneDelegate.invoke (C:\Source\Repos\file-share-service-ui\node_modules\zone.js\bundles\zone.umd.js:395:48)
    at Object.invoke [as onInvoke] (C:\Source\Repos\file-share-service-ui\node_modules\@angular\core\fesm2022\core.mjs:9306:25)
    at _ZoneDelegate.invoke (C:\Source\Repos\file-share-service-ui\node_modules\zone.js\bundles\zone.umd.js:395:48)
    at ZoneImpl.run (C:\Source\Repos\file-share-service-ui\node_modules\zone.js\bundles\zone.umd.js:145:37)
    at NgZone.run (C:\Source\Repos\file-share-service-ui\node_modules\@angular\core\fesm2022\core.mjs:9197:24)
    at PseudoApplicationComponentFixture.run [as detectChanges] (C:\Source\Repos\file-share-service-ui\node_modules\@angular\core\fesm2022\testing.mjs:339:18)
    at C:\Source\Repos\file-share-service-ui\Tests\UnitTests\ess-list-encs.component.spec.ts:377:13
    at _ZoneDelegate.invoke (C:\Source\Repos\file-share-service-ui\node_modules\zone.js\bundles\zone.umd.js:395:160)
    at ProxyZoneSpec.onInvoke (C:\Source\Repos\file-share-service-ui\node_modules\zone.js\bundles\zone-testing.umd.js:2157:35)
    at _ZoneDelegate.invoke (C:\Source\Repos\file-share-service-ui\node_modules\zone.js\bundles\zone.umd.js:395:48)
    at ZoneImpl.run (C:\Source\Repos\file-share-service-ui\node_modules\zone.js\bundles\zone.umd.js:145:37)
    at Object.wrappedFunc (C:\Source\Repos\file-share-service-ui\node_modules\zone.js\bundles\zone-testing.umd.js:430:28)
    at Promise.then.completed (C:\Source\Repos\file-share-service-ui\node_modules\jest-circus\build\utils.js:298:28)
    at new Promise (&lt;anonymous&gt;)
    at callAsyncCircusFn (C:\Source\Repos\file-share-service-ui\node_modules\jest-circus\build\utils.js:231:10)
    at _callCircusHook (C:\Source\Repos\file-share-service-ui\node_modules\jest-circus\build\run.js:281:40)
    at processTicksAndRejections (node:internal/process/task_queues:95:5)
    at _runTest (C:\Source\Repos\file-share-service-ui\node_modules\jest-circus\build\run.js:246:5)
    at _runTestsForDescribeBlock (C:\Source\Repos\file-share-service-ui\node_modules\jest-circus\build\run.js:126:9)
    at _runTestsForDescribeBlock (C:\Source\Repos\file-share-service-ui\node_modules\jest-circus\build\run.js:121:9)
    at run (C:\Source\Repos\file-share-service-ui\node_modules\jest-circus\build\run.js:71:3)
    at runAndTransformResultsToJestFormat (C:\Source\Repos\file-share-service-ui\node_modules\jest-circus\build\legacy-code-todo-rewrite\jestAdapterInit.js:122:21)</failure>
    </testcase>
    <testcase classname="EssListEncsComponent exchangeSetCreationForDeltaResponse should return DeltaExchangeSetResponse for editionNumber - 1 when updateNumber is 0" name="EssListEncsComponent exchangeSetCreationForDeltaResponse should return DeltaExchangeSetResponse for editionNumber - 1 when updateNumber is 0" time="0.027">
      <failure>NullInjectorError: R3InjectorError(DynamicTestModule)[InjectionToken CDK_TABLE -&gt; InjectionToken CDK_TABLE]: 
  NullInjectorError: No provider for InjectionToken CDK_TABLE!
    at NullInjector.get (C:\Source\Repos\file-share-service-ui\node_modules\@angular\core\fesm2022\core.mjs:1427:21)
    at R3Injector.get (C:\Source\Repos\file-share-service-ui\node_modules\@angular\core\fesm2022\core.mjs:2312:27)
    at R3Injector.get (C:\Source\Repos\file-share-service-ui\node_modules\@angular\core\fesm2022\core.mjs:2312:27)
    at ChainedInjector.get (C:\Source\Repos\file-share-service-ui\node_modules\@angular\core\fesm2022\core.mjs:9866:32)
    at get (C:\Source\Repos\file-share-service-ui\node_modules\@angular\core\fesm2022\core.mjs:3831:31)
    at lookupTokenUsingModuleInjector (C:\Source\Repos\file-share-service-ui\node_modules\@angular\core\fesm2022\core.mjs:3856:10)
    at getOrCreateInjectable (C:\Source\Repos\file-share-service-ui\node_modules\@angular\core\fesm2022\core.mjs:6788:17)
    at ɵɵinject (C:\Source\Repos\file-share-service-ui\node_modules\@angular\core\fesm2022\core.mjs:1146:58)
    at ɵɵinject (C:\Source\Repos\file-share-service-ui\node_modules\@angular\core\fesm2022\core.mjs:1155:10)
    at new _HeaderRowOutlet (C:\Source\Repos\file-share-service-ui\node_modules\@angular\cdk\fesm2022\table.mjs:996:41)
    at NodeInjectorFactory._HeaderRowOutlet_Factory [as factory] (ng:///_HeaderRowOutlet/ɵfac.js:5:10)
    at factory (C:\Source\Repos\file-share-service-ui\node_modules\@angular\core\fesm2022\core.mjs:4008:38)
    at getNodeInjectable (C:\Source\Repos\file-share-service-ui\node_modules\@angular\core\fesm2022\core.mjs:7376:23)
    at instantiateAllDirectives (C:\Source\Repos\file-share-service-ui\node_modules\@angular\core\fesm2022\core.mjs:6967:3)
    at createDirectivesInstances (C:\Source\Repos\file-share-service-ui\node_modules\@angular\core\fesm2022\core.mjs:14052:5)
    at ɵɵelementContainerStart (C:\Source\Repos\file-share-service-ui\node_modules\@angular\core\fesm2022\core.mjs:14084:3)
    at TableComponent_Conditional_3_Template (ng:///TableComponent.js:12:5)
    at templateFn (C:\Source\Repos\file-share-service-ui\node_modules\@angular\core\fesm2022\core.mjs:6938:5)
    at executeTemplate (C:\Source\Repos\file-share-service-ui\node_modules\@angular\core\fesm2022\core.mjs:7728:7)
    at renderView (C:\Source\Repos\file-share-service-ui\node_modules\@angular\core\fesm2022\core.mjs:7777:5)
    at createAndRenderEmbeddedLView (C:\Source\Repos\file-share-service-ui\node_modules\@angular\core\fesm2022\core.mjs:13739:31)
    at TableComponent_Template (ng:///TableComponent.js:41:5)
    at templateFn (C:\Source\Repos\file-share-service-ui\node_modules\@angular\core\fesm2022\core.mjs:6938:5)
    at executeTemplate (C:\Source\Repos\file-share-service-ui\node_modules\@angular\core\fesm2022\core.mjs:7959:7)
    at refreshView (C:\Source\Repos\file-share-service-ui\node_modules\@angular\core\fesm2022\core.mjs:8122:5)
    at detectChangesInView$1 (C:\Source\Repos\file-share-service-ui\node_modules\@angular\core\fesm2022\core.mjs:8106:3)
    at detectChangesInViewIfAttached (C:\Source\Repos\file-share-service-ui\node_modules\@angular\core\fesm2022\core.mjs:8100:3)
    at detectChangesInComponent (C:\Source\Repos\file-share-service-ui\node_modules\@angular\core\fesm2022\core.mjs:8142:5)
    at detectChangesInChildComponents (C:\Source\Repos\file-share-service-ui\node_modules\@angular\core\fesm2022\core.mjs:8015:7)
    at refreshView (C:\Source\Repos\file-share-service-ui\node_modules\@angular\core\fesm2022\core.mjs:8122:5)
    at detectChangesInView$1 (C:\Source\Repos\file-share-service-ui\node_modules\@angular\core\fesm2022\core.mjs:8106:3)
    at detectChangesInViewIfAttached (C:\Source\Repos\file-share-service-ui\node_modules\@angular\core\fesm2022\core.mjs:8079:7)
    at detectChangesInEmbeddedViews (C:\Source\Repos\file-share-service-ui\node_modules\@angular\core\fesm2022\core.mjs:7981:5)
    at refreshView (C:\Source\Repos\file-share-service-ui\node_modules\@angular\core\fesm2022\core.mjs:8122:5)
    at detectChangesInView$1 (C:\Source\Repos\file-share-service-ui\node_modules\@angular\core\fesm2022\core.mjs:8106:3)
    at detectChangesInViewIfAttached (C:\Source\Repos\file-share-service-ui\node_modules\@angular\core\fesm2022\core.mjs:8100:3)
    at detectChangesInComponent (C:\Source\Repos\file-share-service-ui\node_modules\@angular\core\fesm2022\core.mjs:8142:5)
    at detectChangesInChildComponents (C:\Source\Repos\file-share-service-ui\node_modules\@angular\core\fesm2022\core.mjs:8015:7)
    at refreshView (C:\Source\Repos\file-share-service-ui\node_modules\@angular\core\fesm2022\core.mjs:8122:5)
    at detectChangesInView$1 (C:\Source\Repos\file-share-service-ui\node_modules\@angular\core\fesm2022\core.mjs:7918:3)
    at detectChangesInViewWhileDirty (C:\Source\Repos\file-share-service-ui\node_modules\@angular\core\fesm2022\core.mjs:7904:5)
    at ViewRef$1.detectChangesInternal [as detectChanges] (C:\Source\Repos\file-share-service-ui\node_modules\@angular\core\fesm2022\core.mjs:8382:5)
    at detectChanges (C:\Source\Repos\file-share-service-ui\node_modules\@angular\core\fesm2022\testing.mjs:340:30)
    at _ZoneDelegate.invoke (C:\Source\Repos\file-share-service-ui\node_modules\zone.js\bundles\zone.umd.js:395:160)
    at ProxyZoneSpec.onInvoke (C:\Source\Repos\file-share-service-ui\node_modules\zone.js\bundles\zone-testing.umd.js:2157:35)
    at _ZoneDelegate.invoke (C:\Source\Repos\file-share-service-ui\node_modules\zone.js\bundles\zone.umd.js:395:48)
    at Object.invoke [as onInvoke] (C:\Source\Repos\file-share-service-ui\node_modules\@angular\core\fesm2022\core.mjs:9306:25)
    at _ZoneDelegate.invoke (C:\Source\Repos\file-share-service-ui\node_modules\zone.js\bundles\zone.umd.js:395:48)
    at ZoneImpl.run (C:\Source\Repos\file-share-service-ui\node_modules\zone.js\bundles\zone.umd.js:145:37)
    at NgZone.run (C:\Source\Repos\file-share-service-ui\node_modules\@angular\core\fesm2022\core.mjs:9197:24)
    at PseudoApplicationComponentFixture.run [as detectChanges] (C:\Source\Repos\file-share-service-ui\node_modules\@angular\core\fesm2022\testing.mjs:339:18)
    at C:\Source\Repos\file-share-service-ui\Tests\UnitTests\ess-list-encs.component.spec.ts:377:13
    at _ZoneDelegate.invoke (C:\Source\Repos\file-share-service-ui\node_modules\zone.js\bundles\zone.umd.js:395:160)
    at ProxyZoneSpec.onInvoke (C:\Source\Repos\file-share-service-ui\node_modules\zone.js\bundles\zone-testing.umd.js:2157:35)
    at _ZoneDelegate.invoke (C:\Source\Repos\file-share-service-ui\node_modules\zone.js\bundles\zone.umd.js:395:48)
    at ZoneImpl.run (C:\Source\Repos\file-share-service-ui\node_modules\zone.js\bundles\zone.umd.js:145:37)
    at Object.wrappedFunc (C:\Source\Repos\file-share-service-ui\node_modules\zone.js\bundles\zone-testing.umd.js:430:28)
    at Promise.then.completed (C:\Source\Repos\file-share-service-ui\node_modules\jest-circus\build\utils.js:298:28)
    at new Promise (&lt;anonymous&gt;)
    at callAsyncCircusFn (C:\Source\Repos\file-share-service-ui\node_modules\jest-circus\build\utils.js:231:10)
    at _callCircusHook (C:\Source\Repos\file-share-service-ui\node_modules\jest-circus\build\run.js:281:40)
    at processTicksAndRejections (node:internal/process/task_queues:95:5)
    at _runTest (C:\Source\Repos\file-share-service-ui\node_modules\jest-circus\build\run.js:246:5)
    at _runTestsForDescribeBlock (C:\Source\Repos\file-share-service-ui\node_modules\jest-circus\build\run.js:126:9)
    at _runTestsForDescribeBlock (C:\Source\Repos\file-share-service-ui\node_modules\jest-circus\build\run.js:121:9)
    at run (C:\Source\Repos\file-share-service-ui\node_modules\jest-circus\build\run.js:71:3)
    at runAndTransformResultsToJestFormat (C:\Source\Repos\file-share-service-ui\node_modules\jest-circus\build\legacy-code-todo-rewrite\jestAdapterInit.js:122:21)</failure>
    </testcase>
    <testcase classname="EssListEncsComponent exchangeSetCreationForDeltaResponse should return DeltaExchangeSetResponse" name="EssListEncsComponent exchangeSetCreationForDeltaResponse should return DeltaExchangeSetResponse" time="0.027">
      <failure>NullInjectorError: R3InjectorError(DynamicTestModule)[InjectionToken CDK_TABLE -&gt; InjectionToken CDK_TABLE]: 
  NullInjectorError: No provider for InjectionToken CDK_TABLE!
    at NullInjector.get (C:\Source\Repos\file-share-service-ui\node_modules\@angular\core\fesm2022\core.mjs:1427:21)
    at R3Injector.get (C:\Source\Repos\file-share-service-ui\node_modules\@angular\core\fesm2022\core.mjs:2312:27)
    at R3Injector.get (C:\Source\Repos\file-share-service-ui\node_modules\@angular\core\fesm2022\core.mjs:2312:27)
    at ChainedInjector.get (C:\Source\Repos\file-share-service-ui\node_modules\@angular\core\fesm2022\core.mjs:9866:32)
    at get (C:\Source\Repos\file-share-service-ui\node_modules\@angular\core\fesm2022\core.mjs:3831:31)
    at lookupTokenUsingModuleInjector (C:\Source\Repos\file-share-service-ui\node_modules\@angular\core\fesm2022\core.mjs:3856:10)
    at getOrCreateInjectable (C:\Source\Repos\file-share-service-ui\node_modules\@angular\core\fesm2022\core.mjs:6788:17)
    at ɵɵinject (C:\Source\Repos\file-share-service-ui\node_modules\@angular\core\fesm2022\core.mjs:1146:58)
    at ɵɵinject (C:\Source\Repos\file-share-service-ui\node_modules\@angular\core\fesm2022\core.mjs:1155:10)
    at new _HeaderRowOutlet (C:\Source\Repos\file-share-service-ui\node_modules\@angular\cdk\fesm2022\table.mjs:996:41)
    at NodeInjectorFactory._HeaderRowOutlet_Factory [as factory] (ng:///_HeaderRowOutlet/ɵfac.js:5:10)
    at factory (C:\Source\Repos\file-share-service-ui\node_modules\@angular\core\fesm2022\core.mjs:4008:38)
    at getNodeInjectable (C:\Source\Repos\file-share-service-ui\node_modules\@angular\core\fesm2022\core.mjs:7376:23)
    at instantiateAllDirectives (C:\Source\Repos\file-share-service-ui\node_modules\@angular\core\fesm2022\core.mjs:6967:3)
    at createDirectivesInstances (C:\Source\Repos\file-share-service-ui\node_modules\@angular\core\fesm2022\core.mjs:14052:5)
    at ɵɵelementContainerStart (C:\Source\Repos\file-share-service-ui\node_modules\@angular\core\fesm2022\core.mjs:14084:3)
    at TableComponent_Conditional_3_Template (ng:///TableComponent.js:12:5)
    at templateFn (C:\Source\Repos\file-share-service-ui\node_modules\@angular\core\fesm2022\core.mjs:6938:5)
    at executeTemplate (C:\Source\Repos\file-share-service-ui\node_modules\@angular\core\fesm2022\core.mjs:7728:7)
    at renderView (C:\Source\Repos\file-share-service-ui\node_modules\@angular\core\fesm2022\core.mjs:7777:5)
    at createAndRenderEmbeddedLView (C:\Source\Repos\file-share-service-ui\node_modules\@angular\core\fesm2022\core.mjs:13739:31)
    at TableComponent_Template (ng:///TableComponent.js:41:5)
    at templateFn (C:\Source\Repos\file-share-service-ui\node_modules\@angular\core\fesm2022\core.mjs:6938:5)
    at executeTemplate (C:\Source\Repos\file-share-service-ui\node_modules\@angular\core\fesm2022\core.mjs:7959:7)
    at refreshView (C:\Source\Repos\file-share-service-ui\node_modules\@angular\core\fesm2022\core.mjs:8122:5)
    at detectChangesInView$1 (C:\Source\Repos\file-share-service-ui\node_modules\@angular\core\fesm2022\core.mjs:8106:3)
    at detectChangesInViewIfAttached (C:\Source\Repos\file-share-service-ui\node_modules\@angular\core\fesm2022\core.mjs:8100:3)
    at detectChangesInComponent (C:\Source\Repos\file-share-service-ui\node_modules\@angular\core\fesm2022\core.mjs:8142:5)
    at detectChangesInChildComponents (C:\Source\Repos\file-share-service-ui\node_modules\@angular\core\fesm2022\core.mjs:8015:7)
    at refreshView (C:\Source\Repos\file-share-service-ui\node_modules\@angular\core\fesm2022\core.mjs:8122:5)
    at detectChangesInView$1 (C:\Source\Repos\file-share-service-ui\node_modules\@angular\core\fesm2022\core.mjs:8106:3)
    at detectChangesInViewIfAttached (C:\Source\Repos\file-share-service-ui\node_modules\@angular\core\fesm2022\core.mjs:8079:7)
    at detectChangesInEmbeddedViews (C:\Source\Repos\file-share-service-ui\node_modules\@angular\core\fesm2022\core.mjs:7981:5)
    at refreshView (C:\Source\Repos\file-share-service-ui\node_modules\@angular\core\fesm2022\core.mjs:8122:5)
    at detectChangesInView$1 (C:\Source\Repos\file-share-service-ui\node_modules\@angular\core\fesm2022\core.mjs:8106:3)
    at detectChangesInViewIfAttached (C:\Source\Repos\file-share-service-ui\node_modules\@angular\core\fesm2022\core.mjs:8100:3)
    at detectChangesInComponent (C:\Source\Repos\file-share-service-ui\node_modules\@angular\core\fesm2022\core.mjs:8142:5)
    at detectChangesInChildComponents (C:\Source\Repos\file-share-service-ui\node_modules\@angular\core\fesm2022\core.mjs:8015:7)
    at refreshView (C:\Source\Repos\file-share-service-ui\node_modules\@angular\core\fesm2022\core.mjs:8122:5)
    at detectChangesInView$1 (C:\Source\Repos\file-share-service-ui\node_modules\@angular\core\fesm2022\core.mjs:7918:3)
    at detectChangesInViewWhileDirty (C:\Source\Repos\file-share-service-ui\node_modules\@angular\core\fesm2022\core.mjs:7904:5)
    at ViewRef$1.detectChangesInternal [as detectChanges] (C:\Source\Repos\file-share-service-ui\node_modules\@angular\core\fesm2022\core.mjs:8382:5)
    at detectChanges (C:\Source\Repos\file-share-service-ui\node_modules\@angular\core\fesm2022\testing.mjs:340:30)
    at _ZoneDelegate.invoke (C:\Source\Repos\file-share-service-ui\node_modules\zone.js\bundles\zone.umd.js:395:160)
    at ProxyZoneSpec.onInvoke (C:\Source\Repos\file-share-service-ui\node_modules\zone.js\bundles\zone-testing.umd.js:2157:35)
    at _ZoneDelegate.invoke (C:\Source\Repos\file-share-service-ui\node_modules\zone.js\bundles\zone.umd.js:395:48)
    at Object.invoke [as onInvoke] (C:\Source\Repos\file-share-service-ui\node_modules\@angular\core\fesm2022\core.mjs:9306:25)
    at _ZoneDelegate.invoke (C:\Source\Repos\file-share-service-ui\node_modules\zone.js\bundles\zone.umd.js:395:48)
    at ZoneImpl.run (C:\Source\Repos\file-share-service-ui\node_modules\zone.js\bundles\zone.umd.js:145:37)
    at NgZone.run (C:\Source\Repos\file-share-service-ui\node_modules\@angular\core\fesm2022\core.mjs:9197:24)
    at PseudoApplicationComponentFixture.run [as detectChanges] (C:\Source\Repos\file-share-service-ui\node_modules\@angular\core\fesm2022\testing.mjs:339:18)
    at C:\Source\Repos\file-share-service-ui\Tests\UnitTests\ess-list-encs.component.spec.ts:377:13
    at _ZoneDelegate.invoke (C:\Source\Repos\file-share-service-ui\node_modules\zone.js\bundles\zone.umd.js:395:160)
    at ProxyZoneSpec.onInvoke (C:\Source\Repos\file-share-service-ui\node_modules\zone.js\bundles\zone-testing.umd.js:2157:35)
    at _ZoneDelegate.invoke (C:\Source\Repos\file-share-service-ui\node_modules\zone.js\bundles\zone.umd.js:395:48)
    at ZoneImpl.run (C:\Source\Repos\file-share-service-ui\node_modules\zone.js\bundles\zone.umd.js:145:37)
    at Object.wrappedFunc (C:\Source\Repos\file-share-service-ui\node_modules\zone.js\bundles\zone-testing.umd.js:430:28)
    at Promise.then.completed (C:\Source\Repos\file-share-service-ui\node_modules\jest-circus\build\utils.js:298:28)
    at new Promise (&lt;anonymous&gt;)
    at callAsyncCircusFn (C:\Source\Repos\file-share-service-ui\node_modules\jest-circus\build\utils.js:231:10)
    at _callCircusHook (C:\Source\Repos\file-share-service-ui\node_modules\jest-circus\build\run.js:281:40)
    at processTicksAndRejections (node:internal/process/task_queues:95:5)
    at _runTest (C:\Source\Repos\file-share-service-ui\node_modules\jest-circus\build\run.js:246:5)
    at _runTestsForDescribeBlock (C:\Source\Repos\file-share-service-ui\node_modules\jest-circus\build\run.js:126:9)
    at _runTestsForDescribeBlock (C:\Source\Repos\file-share-service-ui\node_modules\jest-circus\build\run.js:121:9)
    at run (C:\Source\Repos\file-share-service-ui\node_modules\jest-circus\build\run.js:71:3)
    at runAndTransformResultsToJestFormat (C:\Source\Repos\file-share-service-ui\node_modules\jest-circus\build\legacy-code-todo-rewrite\jestAdapterInit.js:122:21)</failure>
    </testcase>
    <testcase classname="EssListEncsComponent exchangeSetCreationForDeltaResponse should set Error message on error" name="EssListEncsComponent exchangeSetCreationForDeltaResponse should set Error message on error" time="0.03">
      <failure>NullInjectorError: R3InjectorError(DynamicTestModule)[InjectionToken CDK_TABLE -&gt; InjectionToken CDK_TABLE]: 
  NullInjectorError: No provider for InjectionToken CDK_TABLE!
    at NullInjector.get (C:\Source\Repos\file-share-service-ui\node_modules\@angular\core\fesm2022\core.mjs:1427:21)
    at R3Injector.get (C:\Source\Repos\file-share-service-ui\node_modules\@angular\core\fesm2022\core.mjs:2312:27)
    at R3Injector.get (C:\Source\Repos\file-share-service-ui\node_modules\@angular\core\fesm2022\core.mjs:2312:27)
    at ChainedInjector.get (C:\Source\Repos\file-share-service-ui\node_modules\@angular\core\fesm2022\core.mjs:9866:32)
    at get (C:\Source\Repos\file-share-service-ui\node_modules\@angular\core\fesm2022\core.mjs:3831:31)
    at lookupTokenUsingModuleInjector (C:\Source\Repos\file-share-service-ui\node_modules\@angular\core\fesm2022\core.mjs:3856:10)
    at getOrCreateInjectable (C:\Source\Repos\file-share-service-ui\node_modules\@angular\core\fesm2022\core.mjs:6788:17)
    at ɵɵinject (C:\Source\Repos\file-share-service-ui\node_modules\@angular\core\fesm2022\core.mjs:1146:58)
    at ɵɵinject (C:\Source\Repos\file-share-service-ui\node_modules\@angular\core\fesm2022\core.mjs:1155:10)
    at new _HeaderRowOutlet (C:\Source\Repos\file-share-service-ui\node_modules\@angular\cdk\fesm2022\table.mjs:996:41)
    at NodeInjectorFactory._HeaderRowOutlet_Factory [as factory] (ng:///_HeaderRowOutlet/ɵfac.js:5:10)
    at factory (C:\Source\Repos\file-share-service-ui\node_modules\@angular\core\fesm2022\core.mjs:4008:38)
    at getNodeInjectable (C:\Source\Repos\file-share-service-ui\node_modules\@angular\core\fesm2022\core.mjs:7376:23)
    at instantiateAllDirectives (C:\Source\Repos\file-share-service-ui\node_modules\@angular\core\fesm2022\core.mjs:6967:3)
    at createDirectivesInstances (C:\Source\Repos\file-share-service-ui\node_modules\@angular\core\fesm2022\core.mjs:14052:5)
    at ɵɵelementContainerStart (C:\Source\Repos\file-share-service-ui\node_modules\@angular\core\fesm2022\core.mjs:14084:3)
    at TableComponent_Conditional_3_Template (ng:///TableComponent.js:12:5)
    at templateFn (C:\Source\Repos\file-share-service-ui\node_modules\@angular\core\fesm2022\core.mjs:6938:5)
    at executeTemplate (C:\Source\Repos\file-share-service-ui\node_modules\@angular\core\fesm2022\core.mjs:7728:7)
    at renderView (C:\Source\Repos\file-share-service-ui\node_modules\@angular\core\fesm2022\core.mjs:7777:5)
    at createAndRenderEmbeddedLView (C:\Source\Repos\file-share-service-ui\node_modules\@angular\core\fesm2022\core.mjs:13739:31)
    at TableComponent_Template (ng:///TableComponent.js:41:5)
    at templateFn (C:\Source\Repos\file-share-service-ui\node_modules\@angular\core\fesm2022\core.mjs:6938:5)
    at executeTemplate (C:\Source\Repos\file-share-service-ui\node_modules\@angular\core\fesm2022\core.mjs:7959:7)
    at refreshView (C:\Source\Repos\file-share-service-ui\node_modules\@angular\core\fesm2022\core.mjs:8122:5)
    at detectChangesInView$1 (C:\Source\Repos\file-share-service-ui\node_modules\@angular\core\fesm2022\core.mjs:8106:3)
    at detectChangesInViewIfAttached (C:\Source\Repos\file-share-service-ui\node_modules\@angular\core\fesm2022\core.mjs:8100:3)
    at detectChangesInComponent (C:\Source\Repos\file-share-service-ui\node_modules\@angular\core\fesm2022\core.mjs:8142:5)
    at detectChangesInChildComponents (C:\Source\Repos\file-share-service-ui\node_modules\@angular\core\fesm2022\core.mjs:8015:7)
    at refreshView (C:\Source\Repos\file-share-service-ui\node_modules\@angular\core\fesm2022\core.mjs:8122:5)
    at detectChangesInView$1 (C:\Source\Repos\file-share-service-ui\node_modules\@angular\core\fesm2022\core.mjs:8106:3)
    at detectChangesInViewIfAttached (C:\Source\Repos\file-share-service-ui\node_modules\@angular\core\fesm2022\core.mjs:8079:7)
    at detectChangesInEmbeddedViews (C:\Source\Repos\file-share-service-ui\node_modules\@angular\core\fesm2022\core.mjs:7981:5)
    at refreshView (C:\Source\Repos\file-share-service-ui\node_modules\@angular\core\fesm2022\core.mjs:8122:5)
    at detectChangesInView$1 (C:\Source\Repos\file-share-service-ui\node_modules\@angular\core\fesm2022\core.mjs:8106:3)
    at detectChangesInViewIfAttached (C:\Source\Repos\file-share-service-ui\node_modules\@angular\core\fesm2022\core.mjs:8100:3)
    at detectChangesInComponent (C:\Source\Repos\file-share-service-ui\node_modules\@angular\core\fesm2022\core.mjs:8142:5)
    at detectChangesInChildComponents (C:\Source\Repos\file-share-service-ui\node_modules\@angular\core\fesm2022\core.mjs:8015:7)
    at refreshView (C:\Source\Repos\file-share-service-ui\node_modules\@angular\core\fesm2022\core.mjs:8122:5)
    at detectChangesInView$1 (C:\Source\Repos\file-share-service-ui\node_modules\@angular\core\fesm2022\core.mjs:7918:3)
    at detectChangesInViewWhileDirty (C:\Source\Repos\file-share-service-ui\node_modules\@angular\core\fesm2022\core.mjs:7904:5)
    at ViewRef$1.detectChangesInternal [as detectChanges] (C:\Source\Repos\file-share-service-ui\node_modules\@angular\core\fesm2022\core.mjs:8382:5)
    at detectChanges (C:\Source\Repos\file-share-service-ui\node_modules\@angular\core\fesm2022\testing.mjs:340:30)
    at _ZoneDelegate.invoke (C:\Source\Repos\file-share-service-ui\node_modules\zone.js\bundles\zone.umd.js:395:160)
    at ProxyZoneSpec.onInvoke (C:\Source\Repos\file-share-service-ui\node_modules\zone.js\bundles\zone-testing.umd.js:2157:35)
    at _ZoneDelegate.invoke (C:\Source\Repos\file-share-service-ui\node_modules\zone.js\bundles\zone.umd.js:395:48)
    at Object.invoke [as onInvoke] (C:\Source\Repos\file-share-service-ui\node_modules\@angular\core\fesm2022\core.mjs:9306:25)
    at _ZoneDelegate.invoke (C:\Source\Repos\file-share-service-ui\node_modules\zone.js\bundles\zone.umd.js:395:48)
    at ZoneImpl.run (C:\Source\Repos\file-share-service-ui\node_modules\zone.js\bundles\zone.umd.js:145:37)
    at NgZone.run (C:\Source\Repos\file-share-service-ui\node_modules\@angular\core\fesm2022\core.mjs:9197:24)
    at PseudoApplicationComponentFixture.run [as detectChanges] (C:\Source\Repos\file-share-service-ui\node_modules\@angular\core\fesm2022\testing.mjs:339:18)
    at C:\Source\Repos\file-share-service-ui\Tests\UnitTests\ess-list-encs.component.spec.ts:377:13
    at _ZoneDelegate.invoke (C:\Source\Repos\file-share-service-ui\node_modules\zone.js\bundles\zone.umd.js:395:160)
    at ProxyZoneSpec.onInvoke (C:\Source\Repos\file-share-service-ui\node_modules\zone.js\bundles\zone-testing.umd.js:2157:35)
    at _ZoneDelegate.invoke (C:\Source\Repos\file-share-service-ui\node_modules\zone.js\bundles\zone.umd.js:395:48)
    at ZoneImpl.run (C:\Source\Repos\file-share-service-ui\node_modules\zone.js\bundles\zone.umd.js:145:37)
    at Object.wrappedFunc (C:\Source\Repos\file-share-service-ui\node_modules\zone.js\bundles\zone-testing.umd.js:430:28)
    at Promise.then.completed (C:\Source\Repos\file-share-service-ui\node_modules\jest-circus\build\utils.js:298:28)
    at new Promise (&lt;anonymous&gt;)
    at callAsyncCircusFn (C:\Source\Repos\file-share-service-ui\node_modules\jest-circus\build\utils.js:231:10)
    at _callCircusHook (C:\Source\Repos\file-share-service-ui\node_modules\jest-circus\build\run.js:281:40)
    at processTicksAndRejections (node:internal/process/task_queues:95:5)
    at _runTest (C:\Source\Repos\file-share-service-ui\node_modules\jest-circus\build\run.js:246:5)
    at _runTestsForDescribeBlock (C:\Source\Repos\file-share-service-ui\node_modules\jest-circus\build\run.js:126:9)
    at _runTestsForDescribeBlock (C:\Source\Repos\file-share-service-ui\node_modules\jest-circus\build\run.js:121:9)
    at run (C:\Source\Repos\file-share-service-ui\node_modules\jest-circus\build\run.js:71:3)
    at runAndTransformResultsToJestFormat (C:\Source\Repos\file-share-service-ui\node_modules\jest-circus\build\legacy-code-todo-rewrite\jestAdapterInit.js:122:21)</failure>
    </testcase>
    <testcase classname="EssListEncsComponent exchangeSetCreationResponse should return exchangeSetCreationResponse" name="EssListEncsComponent exchangeSetCreationResponse should return exchangeSetCreationResponse" time="0.046">
      <failure>NullInjectorError: R3InjectorError(DynamicTestModule)[InjectionToken CDK_TABLE -&gt; InjectionToken CDK_TABLE]: 
  NullInjectorError: No provider for InjectionToken CDK_TABLE!
    at NullInjector.get (C:\Source\Repos\file-share-service-ui\node_modules\@angular\core\fesm2022\core.mjs:1427:21)
    at R3Injector.get (C:\Source\Repos\file-share-service-ui\node_modules\@angular\core\fesm2022\core.mjs:2312:27)
    at R3Injector.get (C:\Source\Repos\file-share-service-ui\node_modules\@angular\core\fesm2022\core.mjs:2312:27)
    at ChainedInjector.get (C:\Source\Repos\file-share-service-ui\node_modules\@angular\core\fesm2022\core.mjs:9866:32)
    at get (C:\Source\Repos\file-share-service-ui\node_modules\@angular\core\fesm2022\core.mjs:3831:31)
    at lookupTokenUsingModuleInjector (C:\Source\Repos\file-share-service-ui\node_modules\@angular\core\fesm2022\core.mjs:3856:10)
    at getOrCreateInjectable (C:\Source\Repos\file-share-service-ui\node_modules\@angular\core\fesm2022\core.mjs:6788:17)
    at ɵɵinject (C:\Source\Repos\file-share-service-ui\node_modules\@angular\core\fesm2022\core.mjs:1146:58)
    at ɵɵinject (C:\Source\Repos\file-share-service-ui\node_modules\@angular\core\fesm2022\core.mjs:1155:10)
    at new _HeaderRowOutlet (C:\Source\Repos\file-share-service-ui\node_modules\@angular\cdk\fesm2022\table.mjs:996:41)
    at NodeInjectorFactory._HeaderRowOutlet_Factory [as factory] (ng:///_HeaderRowOutlet/ɵfac.js:5:10)
    at factory (C:\Source\Repos\file-share-service-ui\node_modules\@angular\core\fesm2022\core.mjs:4008:38)
    at getNodeInjectable (C:\Source\Repos\file-share-service-ui\node_modules\@angular\core\fesm2022\core.mjs:7376:23)
    at instantiateAllDirectives (C:\Source\Repos\file-share-service-ui\node_modules\@angular\core\fesm2022\core.mjs:6967:3)
    at createDirectivesInstances (C:\Source\Repos\file-share-service-ui\node_modules\@angular\core\fesm2022\core.mjs:14052:5)
    at ɵɵelementContainerStart (C:\Source\Repos\file-share-service-ui\node_modules\@angular\core\fesm2022\core.mjs:14084:3)
    at TableComponent_Conditional_3_Template (ng:///TableComponent.js:12:5)
    at templateFn (C:\Source\Repos\file-share-service-ui\node_modules\@angular\core\fesm2022\core.mjs:6938:5)
    at executeTemplate (C:\Source\Repos\file-share-service-ui\node_modules\@angular\core\fesm2022\core.mjs:7728:7)
    at renderView (C:\Source\Repos\file-share-service-ui\node_modules\@angular\core\fesm2022\core.mjs:7777:5)
    at createAndRenderEmbeddedLView (C:\Source\Repos\file-share-service-ui\node_modules\@angular\core\fesm2022\core.mjs:13739:31)
    at TableComponent_Template (ng:///TableComponent.js:41:5)
    at templateFn (C:\Source\Repos\file-share-service-ui\node_modules\@angular\core\fesm2022\core.mjs:6938:5)
    at executeTemplate (C:\Source\Repos\file-share-service-ui\node_modules\@angular\core\fesm2022\core.mjs:7959:7)
    at refreshView (C:\Source\Repos\file-share-service-ui\node_modules\@angular\core\fesm2022\core.mjs:8122:5)
    at detectChangesInView$1 (C:\Source\Repos\file-share-service-ui\node_modules\@angular\core\fesm2022\core.mjs:8106:3)
    at detectChangesInViewIfAttached (C:\Source\Repos\file-share-service-ui\node_modules\@angular\core\fesm2022\core.mjs:8100:3)
    at detectChangesInComponent (C:\Source\Repos\file-share-service-ui\node_modules\@angular\core\fesm2022\core.mjs:8142:5)
    at detectChangesInChildComponents (C:\Source\Repos\file-share-service-ui\node_modules\@angular\core\fesm2022\core.mjs:8015:7)
    at refreshView (C:\Source\Repos\file-share-service-ui\node_modules\@angular\core\fesm2022\core.mjs:8122:5)
    at detectChangesInView$1 (C:\Source\Repos\file-share-service-ui\node_modules\@angular\core\fesm2022\core.mjs:8106:3)
    at detectChangesInViewIfAttached (C:\Source\Repos\file-share-service-ui\node_modules\@angular\core\fesm2022\core.mjs:8079:7)
    at detectChangesInEmbeddedViews (C:\Source\Repos\file-share-service-ui\node_modules\@angular\core\fesm2022\core.mjs:7981:5)
    at refreshView (C:\Source\Repos\file-share-service-ui\node_modules\@angular\core\fesm2022\core.mjs:8122:5)
    at detectChangesInView$1 (C:\Source\Repos\file-share-service-ui\node_modules\@angular\core\fesm2022\core.mjs:8106:3)
    at detectChangesInViewIfAttached (C:\Source\Repos\file-share-service-ui\node_modules\@angular\core\fesm2022\core.mjs:8100:3)
    at detectChangesInComponent (C:\Source\Repos\file-share-service-ui\node_modules\@angular\core\fesm2022\core.mjs:8142:5)
    at detectChangesInChildComponents (C:\Source\Repos\file-share-service-ui\node_modules\@angular\core\fesm2022\core.mjs:8015:7)
    at refreshView (C:\Source\Repos\file-share-service-ui\node_modules\@angular\core\fesm2022\core.mjs:8122:5)
    at detectChangesInView$1 (C:\Source\Repos\file-share-service-ui\node_modules\@angular\core\fesm2022\core.mjs:7918:3)
    at detectChangesInViewWhileDirty (C:\Source\Repos\file-share-service-ui\node_modules\@angular\core\fesm2022\core.mjs:7904:5)
    at ViewRef$1.detectChangesInternal [as detectChanges] (C:\Source\Repos\file-share-service-ui\node_modules\@angular\core\fesm2022\core.mjs:8382:5)
    at detectChanges (C:\Source\Repos\file-share-service-ui\node_modules\@angular\core\fesm2022\testing.mjs:340:30)
    at _ZoneDelegate.invoke (C:\Source\Repos\file-share-service-ui\node_modules\zone.js\bundles\zone.umd.js:395:160)
    at ProxyZoneSpec.onInvoke (C:\Source\Repos\file-share-service-ui\node_modules\zone.js\bundles\zone-testing.umd.js:2157:35)
    at _ZoneDelegate.invoke (C:\Source\Repos\file-share-service-ui\node_modules\zone.js\bundles\zone.umd.js:395:48)
    at Object.invoke [as onInvoke] (C:\Source\Repos\file-share-service-ui\node_modules\@angular\core\fesm2022\core.mjs:9306:25)
    at _ZoneDelegate.invoke (C:\Source\Repos\file-share-service-ui\node_modules\zone.js\bundles\zone.umd.js:395:48)
    at ZoneImpl.run (C:\Source\Repos\file-share-service-ui\node_modules\zone.js\bundles\zone.umd.js:145:37)
    at NgZone.run (C:\Source\Repos\file-share-service-ui\node_modules\@angular\core\fesm2022\core.mjs:9197:24)
    at PseudoApplicationComponentFixture.run [as detectChanges] (C:\Source\Repos\file-share-service-ui\node_modules\@angular\core\fesm2022\testing.mjs:339:18)
    at C:\Source\Repos\file-share-service-ui\Tests\UnitTests\ess-list-encs.component.spec.ts:377:13
    at _ZoneDelegate.invoke (C:\Source\Repos\file-share-service-ui\node_modules\zone.js\bundles\zone.umd.js:395:160)
    at ProxyZoneSpec.onInvoke (C:\Source\Repos\file-share-service-ui\node_modules\zone.js\bundles\zone-testing.umd.js:2157:35)
    at _ZoneDelegate.invoke (C:\Source\Repos\file-share-service-ui\node_modules\zone.js\bundles\zone.umd.js:395:48)
    at ZoneImpl.run (C:\Source\Repos\file-share-service-ui\node_modules\zone.js\bundles\zone.umd.js:145:37)
    at Object.wrappedFunc (C:\Source\Repos\file-share-service-ui\node_modules\zone.js\bundles\zone-testing.umd.js:430:28)
    at Promise.then.completed (C:\Source\Repos\file-share-service-ui\node_modules\jest-circus\build\utils.js:298:28)
    at new Promise (&lt;anonymous&gt;)
    at callAsyncCircusFn (C:\Source\Repos\file-share-service-ui\node_modules\jest-circus\build\utils.js:231:10)
    at _callCircusHook (C:\Source\Repos\file-share-service-ui\node_modules\jest-circus\build\run.js:281:40)
    at processTicksAndRejections (node:internal/process/task_queues:95:5)
    at _runTest (C:\Source\Repos\file-share-service-ui\node_modules\jest-circus\build\run.js:246:5)
    at _runTestsForDescribeBlock (C:\Source\Repos\file-share-service-ui\node_modules\jest-circus\build\run.js:126:9)
    at _runTestsForDescribeBlock (C:\Source\Repos\file-share-service-ui\node_modules\jest-circus\build\run.js:121:9)
    at run (C:\Source\Repos\file-share-service-ui\node_modules\jest-circus\build\run.js:71:3)
    at runAndTransformResultsToJestFormat (C:\Source\Repos\file-share-service-ui\node_modules\jest-circus\build\legacy-code-todo-rewrite\jestAdapterInit.js:122:21)</failure>
    </testcase>
    <testcase classname="EssListEncsComponent exchangeSetCreationResponse should set Error message on error" name="EssListEncsComponent exchangeSetCreationResponse should set Error message on error" time="0.032">
      <failure>NullInjectorError: R3InjectorError(DynamicTestModule)[InjectionToken CDK_TABLE -&gt; InjectionToken CDK_TABLE]: 
  NullInjectorError: No provider for InjectionToken CDK_TABLE!
    at NullInjector.get (C:\Source\Repos\file-share-service-ui\node_modules\@angular\core\fesm2022\core.mjs:1427:21)
    at R3Injector.get (C:\Source\Repos\file-share-service-ui\node_modules\@angular\core\fesm2022\core.mjs:2312:27)
    at R3Injector.get (C:\Source\Repos\file-share-service-ui\node_modules\@angular\core\fesm2022\core.mjs:2312:27)
    at ChainedInjector.get (C:\Source\Repos\file-share-service-ui\node_modules\@angular\core\fesm2022\core.mjs:9866:32)
    at get (C:\Source\Repos\file-share-service-ui\node_modules\@angular\core\fesm2022\core.mjs:3831:31)
    at lookupTokenUsingModuleInjector (C:\Source\Repos\file-share-service-ui\node_modules\@angular\core\fesm2022\core.mjs:3856:10)
    at getOrCreateInjectable (C:\Source\Repos\file-share-service-ui\node_modules\@angular\core\fesm2022\core.mjs:6788:17)
    at ɵɵinject (C:\Source\Repos\file-share-service-ui\node_modules\@angular\core\fesm2022\core.mjs:1146:58)
    at ɵɵinject (C:\Source\Repos\file-share-service-ui\node_modules\@angular\core\fesm2022\core.mjs:1155:10)
    at new _HeaderRowOutlet (C:\Source\Repos\file-share-service-ui\node_modules\@angular\cdk\fesm2022\table.mjs:996:41)
    at NodeInjectorFactory._HeaderRowOutlet_Factory [as factory] (ng:///_HeaderRowOutlet/ɵfac.js:5:10)
    at factory (C:\Source\Repos\file-share-service-ui\node_modules\@angular\core\fesm2022\core.mjs:4008:38)
    at getNodeInjectable (C:\Source\Repos\file-share-service-ui\node_modules\@angular\core\fesm2022\core.mjs:7376:23)
    at instantiateAllDirectives (C:\Source\Repos\file-share-service-ui\node_modules\@angular\core\fesm2022\core.mjs:6967:3)
    at createDirectivesInstances (C:\Source\Repos\file-share-service-ui\node_modules\@angular\core\fesm2022\core.mjs:14052:5)
    at ɵɵelementContainerStart (C:\Source\Repos\file-share-service-ui\node_modules\@angular\core\fesm2022\core.mjs:14084:3)
    at TableComponent_Conditional_3_Template (ng:///TableComponent.js:12:5)
    at templateFn (C:\Source\Repos\file-share-service-ui\node_modules\@angular\core\fesm2022\core.mjs:6938:5)
    at executeTemplate (C:\Source\Repos\file-share-service-ui\node_modules\@angular\core\fesm2022\core.mjs:7728:7)
    at renderView (C:\Source\Repos\file-share-service-ui\node_modules\@angular\core\fesm2022\core.mjs:7777:5)
    at createAndRenderEmbeddedLView (C:\Source\Repos\file-share-service-ui\node_modules\@angular\core\fesm2022\core.mjs:13739:31)
    at TableComponent_Template (ng:///TableComponent.js:41:5)
    at templateFn (C:\Source\Repos\file-share-service-ui\node_modules\@angular\core\fesm2022\core.mjs:6938:5)
    at executeTemplate (C:\Source\Repos\file-share-service-ui\node_modules\@angular\core\fesm2022\core.mjs:7959:7)
    at refreshView (C:\Source\Repos\file-share-service-ui\node_modules\@angular\core\fesm2022\core.mjs:8122:5)
    at detectChangesInView$1 (C:\Source\Repos\file-share-service-ui\node_modules\@angular\core\fesm2022\core.mjs:8106:3)
    at detectChangesInViewIfAttached (C:\Source\Repos\file-share-service-ui\node_modules\@angular\core\fesm2022\core.mjs:8100:3)
    at detectChangesInComponent (C:\Source\Repos\file-share-service-ui\node_modules\@angular\core\fesm2022\core.mjs:8142:5)
    at detectChangesInChildComponents (C:\Source\Repos\file-share-service-ui\node_modules\@angular\core\fesm2022\core.mjs:8015:7)
    at refreshView (C:\Source\Repos\file-share-service-ui\node_modules\@angular\core\fesm2022\core.mjs:8122:5)
    at detectChangesInView$1 (C:\Source\Repos\file-share-service-ui\node_modules\@angular\core\fesm2022\core.mjs:8106:3)
    at detectChangesInViewIfAttached (C:\Source\Repos\file-share-service-ui\node_modules\@angular\core\fesm2022\core.mjs:8079:7)
    at detectChangesInEmbeddedViews (C:\Source\Repos\file-share-service-ui\node_modules\@angular\core\fesm2022\core.mjs:7981:5)
    at refreshView (C:\Source\Repos\file-share-service-ui\node_modules\@angular\core\fesm2022\core.mjs:8122:5)
    at detectChangesInView$1 (C:\Source\Repos\file-share-service-ui\node_modules\@angular\core\fesm2022\core.mjs:8106:3)
    at detectChangesInViewIfAttached (C:\Source\Repos\file-share-service-ui\node_modules\@angular\core\fesm2022\core.mjs:8100:3)
    at detectChangesInComponent (C:\Source\Repos\file-share-service-ui\node_modules\@angular\core\fesm2022\core.mjs:8142:5)
    at detectChangesInChildComponents (C:\Source\Repos\file-share-service-ui\node_modules\@angular\core\fesm2022\core.mjs:8015:7)
    at refreshView (C:\Source\Repos\file-share-service-ui\node_modules\@angular\core\fesm2022\core.mjs:8122:5)
    at detectChangesInView$1 (C:\Source\Repos\file-share-service-ui\node_modules\@angular\core\fesm2022\core.mjs:7918:3)
    at detectChangesInViewWhileDirty (C:\Source\Repos\file-share-service-ui\node_modules\@angular\core\fesm2022\core.mjs:7904:5)
    at ViewRef$1.detectChangesInternal [as detectChanges] (C:\Source\Repos\file-share-service-ui\node_modules\@angular\core\fesm2022\core.mjs:8382:5)
    at detectChanges (C:\Source\Repos\file-share-service-ui\node_modules\@angular\core\fesm2022\testing.mjs:340:30)
    at _ZoneDelegate.invoke (C:\Source\Repos\file-share-service-ui\node_modules\zone.js\bundles\zone.umd.js:395:160)
    at ProxyZoneSpec.onInvoke (C:\Source\Repos\file-share-service-ui\node_modules\zone.js\bundles\zone-testing.umd.js:2157:35)
    at _ZoneDelegate.invoke (C:\Source\Repos\file-share-service-ui\node_modules\zone.js\bundles\zone.umd.js:395:48)
    at Object.invoke [as onInvoke] (C:\Source\Repos\file-share-service-ui\node_modules\@angular\core\fesm2022\core.mjs:9306:25)
    at _ZoneDelegate.invoke (C:\Source\Repos\file-share-service-ui\node_modules\zone.js\bundles\zone.umd.js:395:48)
    at ZoneImpl.run (C:\Source\Repos\file-share-service-ui\node_modules\zone.js\bundles\zone.umd.js:145:37)
    at NgZone.run (C:\Source\Repos\file-share-service-ui\node_modules\@angular\core\fesm2022\core.mjs:9197:24)
    at PseudoApplicationComponentFixture.run [as detectChanges] (C:\Source\Repos\file-share-service-ui\node_modules\@angular\core\fesm2022\testing.mjs:339:18)
    at C:\Source\Repos\file-share-service-ui\Tests\UnitTests\ess-list-encs.component.spec.ts:377:13
    at _ZoneDelegate.invoke (C:\Source\Repos\file-share-service-ui\node_modules\zone.js\bundles\zone.umd.js:395:160)
    at ProxyZoneSpec.onInvoke (C:\Source\Repos\file-share-service-ui\node_modules\zone.js\bundles\zone-testing.umd.js:2157:35)
    at _ZoneDelegate.invoke (C:\Source\Repos\file-share-service-ui\node_modules\zone.js\bundles\zone.umd.js:395:48)
    at ZoneImpl.run (C:\Source\Repos\file-share-service-ui\node_modules\zone.js\bundles\zone.umd.js:145:37)
    at Object.wrappedFunc (C:\Source\Repos\file-share-service-ui\node_modules\zone.js\bundles\zone-testing.umd.js:430:28)
    at Promise.then.completed (C:\Source\Repos\file-share-service-ui\node_modules\jest-circus\build\utils.js:298:28)
    at new Promise (&lt;anonymous&gt;)
    at callAsyncCircusFn (C:\Source\Repos\file-share-service-ui\node_modules\jest-circus\build\utils.js:231:10)
    at _callCircusHook (C:\Source\Repos\file-share-service-ui\node_modules\jest-circus\build\run.js:281:40)
    at processTicksAndRejections (node:internal/process/task_queues:95:5)
    at _runTest (C:\Source\Repos\file-share-service-ui\node_modules\jest-circus\build\run.js:246:5)
    at _runTestsForDescribeBlock (C:\Source\Repos\file-share-service-ui\node_modules\jest-circus\build\run.js:126:9)
    at _runTestsForDescribeBlock (C:\Source\Repos\file-share-service-ui\node_modules\jest-circus\build\run.js:121:9)
    at run (C:\Source\Repos\file-share-service-ui\node_modules\jest-circus\build\run.js:71:3)
    at runAndTransformResultsToJestFormat (C:\Source\Repos\file-share-service-ui\node_modules\jest-circus\build\legacy-code-todo-rewrite\jestAdapterInit.js:122:21)</failure>
    </testcase>
    <testcase classname="EssListEncsComponent when user click on start again then it should navigate to ess landing page" name="EssListEncsComponent when user click on start again then it should navigate to ess landing page" time="0.045">
      <failure>NullInjectorError: R3InjectorError(DynamicTestModule)[InjectionToken CDK_TABLE -&gt; InjectionToken CDK_TABLE]: 
  NullInjectorError: No provider for InjectionToken CDK_TABLE!
    at NullInjector.get (C:\Source\Repos\file-share-service-ui\node_modules\@angular\core\fesm2022\core.mjs:1427:21)
    at R3Injector.get (C:\Source\Repos\file-share-service-ui\node_modules\@angular\core\fesm2022\core.mjs:2312:27)
    at R3Injector.get (C:\Source\Repos\file-share-service-ui\node_modules\@angular\core\fesm2022\core.mjs:2312:27)
    at ChainedInjector.get (C:\Source\Repos\file-share-service-ui\node_modules\@angular\core\fesm2022\core.mjs:9866:32)
    at get (C:\Source\Repos\file-share-service-ui\node_modules\@angular\core\fesm2022\core.mjs:3831:31)
    at lookupTokenUsingModuleInjector (C:\Source\Repos\file-share-service-ui\node_modules\@angular\core\fesm2022\core.mjs:3856:10)
    at getOrCreateInjectable (C:\Source\Repos\file-share-service-ui\node_modules\@angular\core\fesm2022\core.mjs:6788:17)
    at ɵɵinject (C:\Source\Repos\file-share-service-ui\node_modules\@angular\core\fesm2022\core.mjs:1146:58)
    at ɵɵinject (C:\Source\Repos\file-share-service-ui\node_modules\@angular\core\fesm2022\core.mjs:1155:10)
    at new _HeaderRowOutlet (C:\Source\Repos\file-share-service-ui\node_modules\@angular\cdk\fesm2022\table.mjs:996:41)
    at NodeInjectorFactory._HeaderRowOutlet_Factory [as factory] (ng:///_HeaderRowOutlet/ɵfac.js:5:10)
    at factory (C:\Source\Repos\file-share-service-ui\node_modules\@angular\core\fesm2022\core.mjs:4008:38)
    at getNodeInjectable (C:\Source\Repos\file-share-service-ui\node_modules\@angular\core\fesm2022\core.mjs:7376:23)
    at instantiateAllDirectives (C:\Source\Repos\file-share-service-ui\node_modules\@angular\core\fesm2022\core.mjs:6967:3)
    at createDirectivesInstances (C:\Source\Repos\file-share-service-ui\node_modules\@angular\core\fesm2022\core.mjs:14052:5)
    at ɵɵelementContainerStart (C:\Source\Repos\file-share-service-ui\node_modules\@angular\core\fesm2022\core.mjs:14084:3)
    at TableComponent_Conditional_3_Template (ng:///TableComponent.js:12:5)
    at templateFn (C:\Source\Repos\file-share-service-ui\node_modules\@angular\core\fesm2022\core.mjs:6938:5)
    at executeTemplate (C:\Source\Repos\file-share-service-ui\node_modules\@angular\core\fesm2022\core.mjs:7728:7)
    at renderView (C:\Source\Repos\file-share-service-ui\node_modules\@angular\core\fesm2022\core.mjs:7777:5)
    at createAndRenderEmbeddedLView (C:\Source\Repos\file-share-service-ui\node_modules\@angular\core\fesm2022\core.mjs:13739:31)
    at TableComponent_Template (ng:///TableComponent.js:41:5)
    at templateFn (C:\Source\Repos\file-share-service-ui\node_modules\@angular\core\fesm2022\core.mjs:6938:5)
    at executeTemplate (C:\Source\Repos\file-share-service-ui\node_modules\@angular\core\fesm2022\core.mjs:7959:7)
    at refreshView (C:\Source\Repos\file-share-service-ui\node_modules\@angular\core\fesm2022\core.mjs:8122:5)
    at detectChangesInView$1 (C:\Source\Repos\file-share-service-ui\node_modules\@angular\core\fesm2022\core.mjs:8106:3)
    at detectChangesInViewIfAttached (C:\Source\Repos\file-share-service-ui\node_modules\@angular\core\fesm2022\core.mjs:8100:3)
    at detectChangesInComponent (C:\Source\Repos\file-share-service-ui\node_modules\@angular\core\fesm2022\core.mjs:8142:5)
    at detectChangesInChildComponents (C:\Source\Repos\file-share-service-ui\node_modules\@angular\core\fesm2022\core.mjs:8015:7)
    at refreshView (C:\Source\Repos\file-share-service-ui\node_modules\@angular\core\fesm2022\core.mjs:8122:5)
    at detectChangesInView$1 (C:\Source\Repos\file-share-service-ui\node_modules\@angular\core\fesm2022\core.mjs:8106:3)
    at detectChangesInViewIfAttached (C:\Source\Repos\file-share-service-ui\node_modules\@angular\core\fesm2022\core.mjs:8079:7)
    at detectChangesInEmbeddedViews (C:\Source\Repos\file-share-service-ui\node_modules\@angular\core\fesm2022\core.mjs:7981:5)
    at refreshView (C:\Source\Repos\file-share-service-ui\node_modules\@angular\core\fesm2022\core.mjs:8122:5)
    at detectChangesInView$1 (C:\Source\Repos\file-share-service-ui\node_modules\@angular\core\fesm2022\core.mjs:8106:3)
    at detectChangesInViewIfAttached (C:\Source\Repos\file-share-service-ui\node_modules\@angular\core\fesm2022\core.mjs:8100:3)
    at detectChangesInComponent (C:\Source\Repos\file-share-service-ui\node_modules\@angular\core\fesm2022\core.mjs:8142:5)
    at detectChangesInChildComponents (C:\Source\Repos\file-share-service-ui\node_modules\@angular\core\fesm2022\core.mjs:8015:7)
    at refreshView (C:\Source\Repos\file-share-service-ui\node_modules\@angular\core\fesm2022\core.mjs:8122:5)
    at detectChangesInView$1 (C:\Source\Repos\file-share-service-ui\node_modules\@angular\core\fesm2022\core.mjs:7918:3)
    at detectChangesInViewWhileDirty (C:\Source\Repos\file-share-service-ui\node_modules\@angular\core\fesm2022\core.mjs:7904:5)
    at ViewRef$1.detectChangesInternal [as detectChanges] (C:\Source\Repos\file-share-service-ui\node_modules\@angular\core\fesm2022\core.mjs:8382:5)
    at detectChanges (C:\Source\Repos\file-share-service-ui\node_modules\@angular\core\fesm2022\testing.mjs:340:30)
    at _ZoneDelegate.invoke (C:\Source\Repos\file-share-service-ui\node_modules\zone.js\bundles\zone.umd.js:395:160)
    at ProxyZoneSpec.onInvoke (C:\Source\Repos\file-share-service-ui\node_modules\zone.js\bundles\zone-testing.umd.js:2157:35)
    at _ZoneDelegate.invoke (C:\Source\Repos\file-share-service-ui\node_modules\zone.js\bundles\zone.umd.js:395:48)
    at Object.invoke [as onInvoke] (C:\Source\Repos\file-share-service-ui\node_modules\@angular\core\fesm2022\core.mjs:9306:25)
    at _ZoneDelegate.invoke (C:\Source\Repos\file-share-service-ui\node_modules\zone.js\bundles\zone.umd.js:395:48)
    at ZoneImpl.run (C:\Source\Repos\file-share-service-ui\node_modules\zone.js\bundles\zone.umd.js:145:37)
    at NgZone.run (C:\Source\Repos\file-share-service-ui\node_modules\@angular\core\fesm2022\core.mjs:9197:24)
    at PseudoApplicationComponentFixture.run [as detectChanges] (C:\Source\Repos\file-share-service-ui\node_modules\@angular\core\fesm2022\testing.mjs:339:18)
    at C:\Source\Repos\file-share-service-ui\Tests\UnitTests\ess-list-encs.component.spec.ts:377:13
    at _ZoneDelegate.invoke (C:\Source\Repos\file-share-service-ui\node_modules\zone.js\bundles\zone.umd.js:395:160)
    at ProxyZoneSpec.onInvoke (C:\Source\Repos\file-share-service-ui\node_modules\zone.js\bundles\zone-testing.umd.js:2157:35)
    at _ZoneDelegate.invoke (C:\Source\Repos\file-share-service-ui\node_modules\zone.js\bundles\zone.umd.js:395:48)
    at ZoneImpl.run (C:\Source\Repos\file-share-service-ui\node_modules\zone.js\bundles\zone.umd.js:145:37)
    at Object.wrappedFunc (C:\Source\Repos\file-share-service-ui\node_modules\zone.js\bundles\zone-testing.umd.js:430:28)
    at Promise.then.completed (C:\Source\Repos\file-share-service-ui\node_modules\jest-circus\build\utils.js:298:28)
    at new Promise (&lt;anonymous&gt;)
    at callAsyncCircusFn (C:\Source\Repos\file-share-service-ui\node_modules\jest-circus\build\utils.js:231:10)
    at _callCircusHook (C:\Source\Repos\file-share-service-ui\node_modules\jest-circus\build\run.js:281:40)
    at processTicksAndRejections (node:internal/process/task_queues:95:5)
    at _runTest (C:\Source\Repos\file-share-service-ui\node_modules\jest-circus\build\run.js:246:5)
    at _runTestsForDescribeBlock (C:\Source\Repos\file-share-service-ui\node_modules\jest-circus\build\run.js:126:9)
    at _runTestsForDescribeBlock (C:\Source\Repos\file-share-service-ui\node_modules\jest-circus\build\run.js:121:9)
    at run (C:\Source\Repos\file-share-service-ui\node_modules\jest-circus\build\run.js:71:3)
    at runAndTransformResultsToJestFormat (C:\Source\Repos\file-share-service-ui\node_modules\jest-circus\build\legacy-code-todo-rewrite\jestAdapterInit.js:122:21)</failure>
    </testcase>
    <testcase classname="EssListEncsComponent requestEncClicked should return exchangeSetResponse" name="EssListEncsComponent requestEncClicked should return exchangeSetResponse" time="0.03">
      <failure>NullInjectorError: R3InjectorError(DynamicTestModule)[InjectionToken CDK_TABLE -&gt; InjectionToken CDK_TABLE]: 
  NullInjectorError: No provider for InjectionToken CDK_TABLE!
    at NullInjector.get (C:\Source\Repos\file-share-service-ui\node_modules\@angular\core\fesm2022\core.mjs:1427:21)
    at R3Injector.get (C:\Source\Repos\file-share-service-ui\node_modules\@angular\core\fesm2022\core.mjs:2312:27)
    at R3Injector.get (C:\Source\Repos\file-share-service-ui\node_modules\@angular\core\fesm2022\core.mjs:2312:27)
    at ChainedInjector.get (C:\Source\Repos\file-share-service-ui\node_modules\@angular\core\fesm2022\core.mjs:9866:32)
    at get (C:\Source\Repos\file-share-service-ui\node_modules\@angular\core\fesm2022\core.mjs:3831:31)
    at lookupTokenUsingModuleInjector (C:\Source\Repos\file-share-service-ui\node_modules\@angular\core\fesm2022\core.mjs:3856:10)
    at getOrCreateInjectable (C:\Source\Repos\file-share-service-ui\node_modules\@angular\core\fesm2022\core.mjs:6788:17)
    at ɵɵinject (C:\Source\Repos\file-share-service-ui\node_modules\@angular\core\fesm2022\core.mjs:1146:58)
    at ɵɵinject (C:\Source\Repos\file-share-service-ui\node_modules\@angular\core\fesm2022\core.mjs:1155:10)
    at new _HeaderRowOutlet (C:\Source\Repos\file-share-service-ui\node_modules\@angular\cdk\fesm2022\table.mjs:996:41)
    at NodeInjectorFactory._HeaderRowOutlet_Factory [as factory] (ng:///_HeaderRowOutlet/ɵfac.js:5:10)
    at factory (C:\Source\Repos\file-share-service-ui\node_modules\@angular\core\fesm2022\core.mjs:4008:38)
    at getNodeInjectable (C:\Source\Repos\file-share-service-ui\node_modules\@angular\core\fesm2022\core.mjs:7376:23)
    at instantiateAllDirectives (C:\Source\Repos\file-share-service-ui\node_modules\@angular\core\fesm2022\core.mjs:6967:3)
    at createDirectivesInstances (C:\Source\Repos\file-share-service-ui\node_modules\@angular\core\fesm2022\core.mjs:14052:5)
    at ɵɵelementContainerStart (C:\Source\Repos\file-share-service-ui\node_modules\@angular\core\fesm2022\core.mjs:14084:3)
    at TableComponent_Conditional_3_Template (ng:///TableComponent.js:12:5)
    at templateFn (C:\Source\Repos\file-share-service-ui\node_modules\@angular\core\fesm2022\core.mjs:6938:5)
    at executeTemplate (C:\Source\Repos\file-share-service-ui\node_modules\@angular\core\fesm2022\core.mjs:7728:7)
    at renderView (C:\Source\Repos\file-share-service-ui\node_modules\@angular\core\fesm2022\core.mjs:7777:5)
    at createAndRenderEmbeddedLView (C:\Source\Repos\file-share-service-ui\node_modules\@angular\core\fesm2022\core.mjs:13739:31)
    at TableComponent_Template (ng:///TableComponent.js:41:5)
    at templateFn (C:\Source\Repos\file-share-service-ui\node_modules\@angular\core\fesm2022\core.mjs:6938:5)
    at executeTemplate (C:\Source\Repos\file-share-service-ui\node_modules\@angular\core\fesm2022\core.mjs:7959:7)
    at refreshView (C:\Source\Repos\file-share-service-ui\node_modules\@angular\core\fesm2022\core.mjs:8122:5)
    at detectChangesInView$1 (C:\Source\Repos\file-share-service-ui\node_modules\@angular\core\fesm2022\core.mjs:8106:3)
    at detectChangesInViewIfAttached (C:\Source\Repos\file-share-service-ui\node_modules\@angular\core\fesm2022\core.mjs:8100:3)
    at detectChangesInComponent (C:\Source\Repos\file-share-service-ui\node_modules\@angular\core\fesm2022\core.mjs:8142:5)
    at detectChangesInChildComponents (C:\Source\Repos\file-share-service-ui\node_modules\@angular\core\fesm2022\core.mjs:8015:7)
    at refreshView (C:\Source\Repos\file-share-service-ui\node_modules\@angular\core\fesm2022\core.mjs:8122:5)
    at detectChangesInView$1 (C:\Source\Repos\file-share-service-ui\node_modules\@angular\core\fesm2022\core.mjs:8106:3)
    at detectChangesInViewIfAttached (C:\Source\Repos\file-share-service-ui\node_modules\@angular\core\fesm2022\core.mjs:8079:7)
    at detectChangesInEmbeddedViews (C:\Source\Repos\file-share-service-ui\node_modules\@angular\core\fesm2022\core.mjs:7981:5)
    at refreshView (C:\Source\Repos\file-share-service-ui\node_modules\@angular\core\fesm2022\core.mjs:8122:5)
    at detectChangesInView$1 (C:\Source\Repos\file-share-service-ui\node_modules\@angular\core\fesm2022\core.mjs:8106:3)
    at detectChangesInViewIfAttached (C:\Source\Repos\file-share-service-ui\node_modules\@angular\core\fesm2022\core.mjs:8100:3)
    at detectChangesInComponent (C:\Source\Repos\file-share-service-ui\node_modules\@angular\core\fesm2022\core.mjs:8142:5)
    at detectChangesInChildComponents (C:\Source\Repos\file-share-service-ui\node_modules\@angular\core\fesm2022\core.mjs:8015:7)
    at refreshView (C:\Source\Repos\file-share-service-ui\node_modules\@angular\core\fesm2022\core.mjs:8122:5)
    at detectChangesInView$1 (C:\Source\Repos\file-share-service-ui\node_modules\@angular\core\fesm2022\core.mjs:7918:3)
    at detectChangesInViewWhileDirty (C:\Source\Repos\file-share-service-ui\node_modules\@angular\core\fesm2022\core.mjs:7904:5)
    at ViewRef$1.detectChangesInternal [as detectChanges] (C:\Source\Repos\file-share-service-ui\node_modules\@angular\core\fesm2022\core.mjs:8382:5)
    at detectChanges (C:\Source\Repos\file-share-service-ui\node_modules\@angular\core\fesm2022\testing.mjs:340:30)
    at _ZoneDelegate.invoke (C:\Source\Repos\file-share-service-ui\node_modules\zone.js\bundles\zone.umd.js:395:160)
    at ProxyZoneSpec.onInvoke (C:\Source\Repos\file-share-service-ui\node_modules\zone.js\bundles\zone-testing.umd.js:2157:35)
    at _ZoneDelegate.invoke (C:\Source\Repos\file-share-service-ui\node_modules\zone.js\bundles\zone.umd.js:395:48)
    at Object.invoke [as onInvoke] (C:\Source\Repos\file-share-service-ui\node_modules\@angular\core\fesm2022\core.mjs:9306:25)
    at _ZoneDelegate.invoke (C:\Source\Repos\file-share-service-ui\node_modules\zone.js\bundles\zone.umd.js:395:48)
    at ZoneImpl.run (C:\Source\Repos\file-share-service-ui\node_modules\zone.js\bundles\zone.umd.js:145:37)
    at NgZone.run (C:\Source\Repos\file-share-service-ui\node_modules\@angular\core\fesm2022\core.mjs:9197:24)
    at PseudoApplicationComponentFixture.run [as detectChanges] (C:\Source\Repos\file-share-service-ui\node_modules\@angular\core\fesm2022\testing.mjs:339:18)
    at C:\Source\Repos\file-share-service-ui\Tests\UnitTests\ess-list-encs.component.spec.ts:377:13
    at _ZoneDelegate.invoke (C:\Source\Repos\file-share-service-ui\node_modules\zone.js\bundles\zone.umd.js:395:160)
    at ProxyZoneSpec.onInvoke (C:\Source\Repos\file-share-service-ui\node_modules\zone.js\bundles\zone-testing.umd.js:2157:35)
    at _ZoneDelegate.invoke (C:\Source\Repos\file-share-service-ui\node_modules\zone.js\bundles\zone.umd.js:395:48)
    at ZoneImpl.run (C:\Source\Repos\file-share-service-ui\node_modules\zone.js\bundles\zone.umd.js:145:37)
    at Object.wrappedFunc (C:\Source\Repos\file-share-service-ui\node_modules\zone.js\bundles\zone-testing.umd.js:430:28)
    at Promise.then.completed (C:\Source\Repos\file-share-service-ui\node_modules\jest-circus\build\utils.js:298:28)
    at new Promise (&lt;anonymous&gt;)
    at callAsyncCircusFn (C:\Source\Repos\file-share-service-ui\node_modules\jest-circus\build\utils.js:231:10)
    at _callCircusHook (C:\Source\Repos\file-share-service-ui\node_modules\jest-circus\build\run.js:281:40)
    at processTicksAndRejections (node:internal/process/task_queues:95:5)
    at _runTest (C:\Source\Repos\file-share-service-ui\node_modules\jest-circus\build\run.js:246:5)
    at _runTestsForDescribeBlock (C:\Source\Repos\file-share-service-ui\node_modules\jest-circus\build\run.js:126:9)
    at _runTestsForDescribeBlock (C:\Source\Repos\file-share-service-ui\node_modules\jest-circus\build\run.js:121:9)
    at run (C:\Source\Repos\file-share-service-ui\node_modules\jest-circus\build\run.js:71:3)
    at runAndTransformResultsToJestFormat (C:\Source\Repos\file-share-service-ui\node_modules\jest-circus\build\legacy-code-todo-rewrite\jestAdapterInit.js:122:21)</failure>
    </testcase>
    <testcase classname="EssListEncsComponent should return exchangeSet response for delta" name="EssListEncsComponent should return exchangeSet response for delta" time="0.036">
      <failure>NullInjectorError: R3InjectorError(DynamicTestModule)[InjectionToken CDK_TABLE -&gt; InjectionToken CDK_TABLE]: 
  NullInjectorError: No provider for InjectionToken CDK_TABLE!
    at NullInjector.get (C:\Source\Repos\file-share-service-ui\node_modules\@angular\core\fesm2022\core.mjs:1427:21)
    at R3Injector.get (C:\Source\Repos\file-share-service-ui\node_modules\@angular\core\fesm2022\core.mjs:2312:27)
    at R3Injector.get (C:\Source\Repos\file-share-service-ui\node_modules\@angular\core\fesm2022\core.mjs:2312:27)
    at ChainedInjector.get (C:\Source\Repos\file-share-service-ui\node_modules\@angular\core\fesm2022\core.mjs:9866:32)
    at get (C:\Source\Repos\file-share-service-ui\node_modules\@angular\core\fesm2022\core.mjs:3831:31)
    at lookupTokenUsingModuleInjector (C:\Source\Repos\file-share-service-ui\node_modules\@angular\core\fesm2022\core.mjs:3856:10)
    at getOrCreateInjectable (C:\Source\Repos\file-share-service-ui\node_modules\@angular\core\fesm2022\core.mjs:6788:17)
    at ɵɵinject (C:\Source\Repos\file-share-service-ui\node_modules\@angular\core\fesm2022\core.mjs:1146:58)
    at ɵɵinject (C:\Source\Repos\file-share-service-ui\node_modules\@angular\core\fesm2022\core.mjs:1155:10)
    at new _HeaderRowOutlet (C:\Source\Repos\file-share-service-ui\node_modules\@angular\cdk\fesm2022\table.mjs:996:41)
    at NodeInjectorFactory._HeaderRowOutlet_Factory [as factory] (ng:///_HeaderRowOutlet/ɵfac.js:5:10)
    at factory (C:\Source\Repos\file-share-service-ui\node_modules\@angular\core\fesm2022\core.mjs:4008:38)
    at getNodeInjectable (C:\Source\Repos\file-share-service-ui\node_modules\@angular\core\fesm2022\core.mjs:7376:23)
    at instantiateAllDirectives (C:\Source\Repos\file-share-service-ui\node_modules\@angular\core\fesm2022\core.mjs:6967:3)
    at createDirectivesInstances (C:\Source\Repos\file-share-service-ui\node_modules\@angular\core\fesm2022\core.mjs:14052:5)
    at ɵɵelementContainerStart (C:\Source\Repos\file-share-service-ui\node_modules\@angular\core\fesm2022\core.mjs:14084:3)
    at TableComponent_Conditional_3_Template (ng:///TableComponent.js:12:5)
    at templateFn (C:\Source\Repos\file-share-service-ui\node_modules\@angular\core\fesm2022\core.mjs:6938:5)
    at executeTemplate (C:\Source\Repos\file-share-service-ui\node_modules\@angular\core\fesm2022\core.mjs:7728:7)
    at renderView (C:\Source\Repos\file-share-service-ui\node_modules\@angular\core\fesm2022\core.mjs:7777:5)
    at createAndRenderEmbeddedLView (C:\Source\Repos\file-share-service-ui\node_modules\@angular\core\fesm2022\core.mjs:13739:31)
    at TableComponent_Template (ng:///TableComponent.js:41:5)
    at templateFn (C:\Source\Repos\file-share-service-ui\node_modules\@angular\core\fesm2022\core.mjs:6938:5)
    at executeTemplate (C:\Source\Repos\file-share-service-ui\node_modules\@angular\core\fesm2022\core.mjs:7959:7)
    at refreshView (C:\Source\Repos\file-share-service-ui\node_modules\@angular\core\fesm2022\core.mjs:8122:5)
    at detectChangesInView$1 (C:\Source\Repos\file-share-service-ui\node_modules\@angular\core\fesm2022\core.mjs:8106:3)
    at detectChangesInViewIfAttached (C:\Source\Repos\file-share-service-ui\node_modules\@angular\core\fesm2022\core.mjs:8100:3)
    at detectChangesInComponent (C:\Source\Repos\file-share-service-ui\node_modules\@angular\core\fesm2022\core.mjs:8142:5)
    at detectChangesInChildComponents (C:\Source\Repos\file-share-service-ui\node_modules\@angular\core\fesm2022\core.mjs:8015:7)
    at refreshView (C:\Source\Repos\file-share-service-ui\node_modules\@angular\core\fesm2022\core.mjs:8122:5)
    at detectChangesInView$1 (C:\Source\Repos\file-share-service-ui\node_modules\@angular\core\fesm2022\core.mjs:8106:3)
    at detectChangesInViewIfAttached (C:\Source\Repos\file-share-service-ui\node_modules\@angular\core\fesm2022\core.mjs:8079:7)
    at detectChangesInEmbeddedViews (C:\Source\Repos\file-share-service-ui\node_modules\@angular\core\fesm2022\core.mjs:7981:5)
    at refreshView (C:\Source\Repos\file-share-service-ui\node_modules\@angular\core\fesm2022\core.mjs:8122:5)
    at detectChangesInView$1 (C:\Source\Repos\file-share-service-ui\node_modules\@angular\core\fesm2022\core.mjs:8106:3)
    at detectChangesInViewIfAttached (C:\Source\Repos\file-share-service-ui\node_modules\@angular\core\fesm2022\core.mjs:8100:3)
    at detectChangesInComponent (C:\Source\Repos\file-share-service-ui\node_modules\@angular\core\fesm2022\core.mjs:8142:5)
    at detectChangesInChildComponents (C:\Source\Repos\file-share-service-ui\node_modules\@angular\core\fesm2022\core.mjs:8015:7)
    at refreshView (C:\Source\Repos\file-share-service-ui\node_modules\@angular\core\fesm2022\core.mjs:8122:5)
    at detectChangesInView$1 (C:\Source\Repos\file-share-service-ui\node_modules\@angular\core\fesm2022\core.mjs:7918:3)
    at detectChangesInViewWhileDirty (C:\Source\Repos\file-share-service-ui\node_modules\@angular\core\fesm2022\core.mjs:7904:5)
    at ViewRef$1.detectChangesInternal [as detectChanges] (C:\Source\Repos\file-share-service-ui\node_modules\@angular\core\fesm2022\core.mjs:8382:5)
    at detectChanges (C:\Source\Repos\file-share-service-ui\node_modules\@angular\core\fesm2022\testing.mjs:340:30)
    at _ZoneDelegate.invoke (C:\Source\Repos\file-share-service-ui\node_modules\zone.js\bundles\zone.umd.js:395:160)
    at ProxyZoneSpec.onInvoke (C:\Source\Repos\file-share-service-ui\node_modules\zone.js\bundles\zone-testing.umd.js:2157:35)
    at _ZoneDelegate.invoke (C:\Source\Repos\file-share-service-ui\node_modules\zone.js\bundles\zone.umd.js:395:48)
    at Object.invoke [as onInvoke] (C:\Source\Repos\file-share-service-ui\node_modules\@angular\core\fesm2022\core.mjs:9306:25)
    at _ZoneDelegate.invoke (C:\Source\Repos\file-share-service-ui\node_modules\zone.js\bundles\zone.umd.js:395:48)
    at ZoneImpl.run (C:\Source\Repos\file-share-service-ui\node_modules\zone.js\bundles\zone.umd.js:145:37)
    at NgZone.run (C:\Source\Repos\file-share-service-ui\node_modules\@angular\core\fesm2022\core.mjs:9197:24)
    at PseudoApplicationComponentFixture.run [as detectChanges] (C:\Source\Repos\file-share-service-ui\node_modules\@angular\core\fesm2022\testing.mjs:339:18)
    at C:\Source\Repos\file-share-service-ui\Tests\UnitTests\ess-list-encs.component.spec.ts:377:13
    at _ZoneDelegate.invoke (C:\Source\Repos\file-share-service-ui\node_modules\zone.js\bundles\zone.umd.js:395:160)
    at ProxyZoneSpec.onInvoke (C:\Source\Repos\file-share-service-ui\node_modules\zone.js\bundles\zone-testing.umd.js:2157:35)
    at _ZoneDelegate.invoke (C:\Source\Repos\file-share-service-ui\node_modules\zone.js\bundles\zone.umd.js:395:48)
    at ZoneImpl.run (C:\Source\Repos\file-share-service-ui\node_modules\zone.js\bundles\zone.umd.js:145:37)
    at Object.wrappedFunc (C:\Source\Repos\file-share-service-ui\node_modules\zone.js\bundles\zone-testing.umd.js:430:28)
    at Promise.then.completed (C:\Source\Repos\file-share-service-ui\node_modules\jest-circus\build\utils.js:298:28)
    at new Promise (&lt;anonymous&gt;)
    at callAsyncCircusFn (C:\Source\Repos\file-share-service-ui\node_modules\jest-circus\build\utils.js:231:10)
    at _callCircusHook (C:\Source\Repos\file-share-service-ui\node_modules\jest-circus\build\run.js:281:40)
    at processTicksAndRejections (node:internal/process/task_queues:95:5)
    at _runTest (C:\Source\Repos\file-share-service-ui\node_modules\jest-circus\build\run.js:246:5)
    at _runTestsForDescribeBlock (C:\Source\Repos\file-share-service-ui\node_modules\jest-circus\build\run.js:126:9)
    at _runTestsForDescribeBlock (C:\Source\Repos\file-share-service-ui\node_modules\jest-circus\build\run.js:121:9)
    at run (C:\Source\Repos\file-share-service-ui\node_modules\jest-circus\build\run.js:71:3)
    at runAndTransformResultsToJestFormat (C:\Source\Repos\file-share-service-ui\node_modules\jest-circus\build\legacy-code-todo-rewrite\jestAdapterInit.js:122:21)</failure>
    </testcase>
    <testcase classname="EssListEncsComponent should raise info message for aio enc cell" name="EssListEncsComponent should raise info message for aio enc cell" time="0.035">
      <failure>NullInjectorError: R3InjectorError(DynamicTestModule)[InjectionToken CDK_TABLE -&gt; InjectionToken CDK_TABLE]: 
  NullInjectorError: No provider for InjectionToken CDK_TABLE!
    at NullInjector.get (C:\Source\Repos\file-share-service-ui\node_modules\@angular\core\fesm2022\core.mjs:1427:21)
    at R3Injector.get (C:\Source\Repos\file-share-service-ui\node_modules\@angular\core\fesm2022\core.mjs:2312:27)
    at R3Injector.get (C:\Source\Repos\file-share-service-ui\node_modules\@angular\core\fesm2022\core.mjs:2312:27)
    at ChainedInjector.get (C:\Source\Repos\file-share-service-ui\node_modules\@angular\core\fesm2022\core.mjs:9866:32)
    at get (C:\Source\Repos\file-share-service-ui\node_modules\@angular\core\fesm2022\core.mjs:3831:31)
    at lookupTokenUsingModuleInjector (C:\Source\Repos\file-share-service-ui\node_modules\@angular\core\fesm2022\core.mjs:3856:10)
    at getOrCreateInjectable (C:\Source\Repos\file-share-service-ui\node_modules\@angular\core\fesm2022\core.mjs:6788:17)
    at ɵɵinject (C:\Source\Repos\file-share-service-ui\node_modules\@angular\core\fesm2022\core.mjs:1146:58)
    at ɵɵinject (C:\Source\Repos\file-share-service-ui\node_modules\@angular\core\fesm2022\core.mjs:1155:10)
    at new _HeaderRowOutlet (C:\Source\Repos\file-share-service-ui\node_modules\@angular\cdk\fesm2022\table.mjs:996:41)
    at NodeInjectorFactory._HeaderRowOutlet_Factory [as factory] (ng:///_HeaderRowOutlet/ɵfac.js:5:10)
    at factory (C:\Source\Repos\file-share-service-ui\node_modules\@angular\core\fesm2022\core.mjs:4008:38)
    at getNodeInjectable (C:\Source\Repos\file-share-service-ui\node_modules\@angular\core\fesm2022\core.mjs:7376:23)
    at instantiateAllDirectives (C:\Source\Repos\file-share-service-ui\node_modules\@angular\core\fesm2022\core.mjs:6967:3)
    at createDirectivesInstances (C:\Source\Repos\file-share-service-ui\node_modules\@angular\core\fesm2022\core.mjs:14052:5)
    at ɵɵelementContainerStart (C:\Source\Repos\file-share-service-ui\node_modules\@angular\core\fesm2022\core.mjs:14084:3)
    at TableComponent_Conditional_3_Template (ng:///TableComponent.js:12:5)
    at templateFn (C:\Source\Repos\file-share-service-ui\node_modules\@angular\core\fesm2022\core.mjs:6938:5)
    at executeTemplate (C:\Source\Repos\file-share-service-ui\node_modules\@angular\core\fesm2022\core.mjs:7728:7)
    at renderView (C:\Source\Repos\file-share-service-ui\node_modules\@angular\core\fesm2022\core.mjs:7777:5)
    at createAndRenderEmbeddedLView (C:\Source\Repos\file-share-service-ui\node_modules\@angular\core\fesm2022\core.mjs:13739:31)
    at TableComponent_Template (ng:///TableComponent.js:41:5)
    at templateFn (C:\Source\Repos\file-share-service-ui\node_modules\@angular\core\fesm2022\core.mjs:6938:5)
    at executeTemplate (C:\Source\Repos\file-share-service-ui\node_modules\@angular\core\fesm2022\core.mjs:7959:7)
    at refreshView (C:\Source\Repos\file-share-service-ui\node_modules\@angular\core\fesm2022\core.mjs:8122:5)
    at detectChangesInView$1 (C:\Source\Repos\file-share-service-ui\node_modules\@angular\core\fesm2022\core.mjs:8106:3)
    at detectChangesInViewIfAttached (C:\Source\Repos\file-share-service-ui\node_modules\@angular\core\fesm2022\core.mjs:8100:3)
    at detectChangesInComponent (C:\Source\Repos\file-share-service-ui\node_modules\@angular\core\fesm2022\core.mjs:8142:5)
    at detectChangesInChildComponents (C:\Source\Repos\file-share-service-ui\node_modules\@angular\core\fesm2022\core.mjs:8015:7)
    at refreshView (C:\Source\Repos\file-share-service-ui\node_modules\@angular\core\fesm2022\core.mjs:8122:5)
    at detectChangesInView$1 (C:\Source\Repos\file-share-service-ui\node_modules\@angular\core\fesm2022\core.mjs:8106:3)
    at detectChangesInViewIfAttached (C:\Source\Repos\file-share-service-ui\node_modules\@angular\core\fesm2022\core.mjs:8079:7)
    at detectChangesInEmbeddedViews (C:\Source\Repos\file-share-service-ui\node_modules\@angular\core\fesm2022\core.mjs:7981:5)
    at refreshView (C:\Source\Repos\file-share-service-ui\node_modules\@angular\core\fesm2022\core.mjs:8122:5)
    at detectChangesInView$1 (C:\Source\Repos\file-share-service-ui\node_modules\@angular\core\fesm2022\core.mjs:8106:3)
    at detectChangesInViewIfAttached (C:\Source\Repos\file-share-service-ui\node_modules\@angular\core\fesm2022\core.mjs:8100:3)
    at detectChangesInComponent (C:\Source\Repos\file-share-service-ui\node_modules\@angular\core\fesm2022\core.mjs:8142:5)
    at detectChangesInChildComponents (C:\Source\Repos\file-share-service-ui\node_modules\@angular\core\fesm2022\core.mjs:8015:7)
    at refreshView (C:\Source\Repos\file-share-service-ui\node_modules\@angular\core\fesm2022\core.mjs:8122:5)
    at detectChangesInView$1 (C:\Source\Repos\file-share-service-ui\node_modules\@angular\core\fesm2022\core.mjs:7918:3)
    at detectChangesInViewWhileDirty (C:\Source\Repos\file-share-service-ui\node_modules\@angular\core\fesm2022\core.mjs:7904:5)
    at ViewRef$1.detectChangesInternal [as detectChanges] (C:\Source\Repos\file-share-service-ui\node_modules\@angular\core\fesm2022\core.mjs:8382:5)
    at detectChanges (C:\Source\Repos\file-share-service-ui\node_modules\@angular\core\fesm2022\testing.mjs:340:30)
    at _ZoneDelegate.invoke (C:\Source\Repos\file-share-service-ui\node_modules\zone.js\bundles\zone.umd.js:395:160)
    at ProxyZoneSpec.onInvoke (C:\Source\Repos\file-share-service-ui\node_modules\zone.js\bundles\zone-testing.umd.js:2157:35)
    at _ZoneDelegate.invoke (C:\Source\Repos\file-share-service-ui\node_modules\zone.js\bundles\zone.umd.js:395:48)
    at Object.invoke [as onInvoke] (C:\Source\Repos\file-share-service-ui\node_modules\@angular\core\fesm2022\core.mjs:9306:25)
    at _ZoneDelegate.invoke (C:\Source\Repos\file-share-service-ui\node_modules\zone.js\bundles\zone.umd.js:395:48)
    at ZoneImpl.run (C:\Source\Repos\file-share-service-ui\node_modules\zone.js\bundles\zone.umd.js:145:37)
    at NgZone.run (C:\Source\Repos\file-share-service-ui\node_modules\@angular\core\fesm2022\core.mjs:9197:24)
    at PseudoApplicationComponentFixture.run [as detectChanges] (C:\Source\Repos\file-share-service-ui\node_modules\@angular\core\fesm2022\testing.mjs:339:18)
    at C:\Source\Repos\file-share-service-ui\Tests\UnitTests\ess-list-encs.component.spec.ts:377:13
    at _ZoneDelegate.invoke (C:\Source\Repos\file-share-service-ui\node_modules\zone.js\bundles\zone.umd.js:395:160)
    at ProxyZoneSpec.onInvoke (C:\Source\Repos\file-share-service-ui\node_modules\zone.js\bundles\zone-testing.umd.js:2157:35)
    at _ZoneDelegate.invoke (C:\Source\Repos\file-share-service-ui\node_modules\zone.js\bundles\zone.umd.js:395:48)
    at ZoneImpl.run (C:\Source\Repos\file-share-service-ui\node_modules\zone.js\bundles\zone.umd.js:145:37)
    at Object.wrappedFunc (C:\Source\Repos\file-share-service-ui\node_modules\zone.js\bundles\zone-testing.umd.js:430:28)
    at Promise.then.completed (C:\Source\Repos\file-share-service-ui\node_modules\jest-circus\build\utils.js:298:28)
    at new Promise (&lt;anonymous&gt;)
    at callAsyncCircusFn (C:\Source\Repos\file-share-service-ui\node_modules\jest-circus\build\utils.js:231:10)
    at _callCircusHook (C:\Source\Repos\file-share-service-ui\node_modules\jest-circus\build\run.js:281:40)
    at processTicksAndRejections (node:internal/process/task_queues:95:5)
    at _runTest (C:\Source\Repos\file-share-service-ui\node_modules\jest-circus\build\run.js:246:5)
    at _runTestsForDescribeBlock (C:\Source\Repos\file-share-service-ui\node_modules\jest-circus\build\run.js:126:9)
    at _runTestsForDescribeBlock (C:\Source\Repos\file-share-service-ui\node_modules\jest-circus\build\run.js:121:9)
    at run (C:\Source\Repos\file-share-service-ui\node_modules\jest-circus\build\run.js:71:3)
    at runAndTransformResultsToJestFormat (C:\Source\Repos\file-share-service-ui\node_modules\jest-circus\build\legacy-code-todo-rewrite\jestAdapterInit.js:122:21)</failure>
    </testcase>
    <testcase classname="EssListEncsComponent should raise warning message for aio enc cell with invalid enc cells" name="EssListEncsComponent should raise warning message for aio enc cell with invalid enc cells" time="0.043">
      <failure>NullInjectorError: R3InjectorError(DynamicTestModule)[InjectionToken CDK_TABLE -&gt; InjectionToken CDK_TABLE]: 
  NullInjectorError: No provider for InjectionToken CDK_TABLE!
    at NullInjector.get (C:\Source\Repos\file-share-service-ui\node_modules\@angular\core\fesm2022\core.mjs:1427:21)
    at R3Injector.get (C:\Source\Repos\file-share-service-ui\node_modules\@angular\core\fesm2022\core.mjs:2312:27)
    at R3Injector.get (C:\Source\Repos\file-share-service-ui\node_modules\@angular\core\fesm2022\core.mjs:2312:27)
    at ChainedInjector.get (C:\Source\Repos\file-share-service-ui\node_modules\@angular\core\fesm2022\core.mjs:9866:32)
    at get (C:\Source\Repos\file-share-service-ui\node_modules\@angular\core\fesm2022\core.mjs:3831:31)
    at lookupTokenUsingModuleInjector (C:\Source\Repos\file-share-service-ui\node_modules\@angular\core\fesm2022\core.mjs:3856:10)
    at getOrCreateInjectable (C:\Source\Repos\file-share-service-ui\node_modules\@angular\core\fesm2022\core.mjs:6788:17)
    at ɵɵinject (C:\Source\Repos\file-share-service-ui\node_modules\@angular\core\fesm2022\core.mjs:1146:58)
    at ɵɵinject (C:\Source\Repos\file-share-service-ui\node_modules\@angular\core\fesm2022\core.mjs:1155:10)
    at new _HeaderRowOutlet (C:\Source\Repos\file-share-service-ui\node_modules\@angular\cdk\fesm2022\table.mjs:996:41)
    at NodeInjectorFactory._HeaderRowOutlet_Factory [as factory] (ng:///_HeaderRowOutlet/ɵfac.js:5:10)
    at factory (C:\Source\Repos\file-share-service-ui\node_modules\@angular\core\fesm2022\core.mjs:4008:38)
    at getNodeInjectable (C:\Source\Repos\file-share-service-ui\node_modules\@angular\core\fesm2022\core.mjs:7376:23)
    at instantiateAllDirectives (C:\Source\Repos\file-share-service-ui\node_modules\@angular\core\fesm2022\core.mjs:6967:3)
    at createDirectivesInstances (C:\Source\Repos\file-share-service-ui\node_modules\@angular\core\fesm2022\core.mjs:14052:5)
    at ɵɵelementContainerStart (C:\Source\Repos\file-share-service-ui\node_modules\@angular\core\fesm2022\core.mjs:14084:3)
    at TableComponent_Conditional_3_Template (ng:///TableComponent.js:12:5)
    at templateFn (C:\Source\Repos\file-share-service-ui\node_modules\@angular\core\fesm2022\core.mjs:6938:5)
    at executeTemplate (C:\Source\Repos\file-share-service-ui\node_modules\@angular\core\fesm2022\core.mjs:7728:7)
    at renderView (C:\Source\Repos\file-share-service-ui\node_modules\@angular\core\fesm2022\core.mjs:7777:5)
    at createAndRenderEmbeddedLView (C:\Source\Repos\file-share-service-ui\node_modules\@angular\core\fesm2022\core.mjs:13739:31)
    at TableComponent_Template (ng:///TableComponent.js:41:5)
    at templateFn (C:\Source\Repos\file-share-service-ui\node_modules\@angular\core\fesm2022\core.mjs:6938:5)
    at executeTemplate (C:\Source\Repos\file-share-service-ui\node_modules\@angular\core\fesm2022\core.mjs:7959:7)
    at refreshView (C:\Source\Repos\file-share-service-ui\node_modules\@angular\core\fesm2022\core.mjs:8122:5)
    at detectChangesInView$1 (C:\Source\Repos\file-share-service-ui\node_modules\@angular\core\fesm2022\core.mjs:8106:3)
    at detectChangesInViewIfAttached (C:\Source\Repos\file-share-service-ui\node_modules\@angular\core\fesm2022\core.mjs:8100:3)
    at detectChangesInComponent (C:\Source\Repos\file-share-service-ui\node_modules\@angular\core\fesm2022\core.mjs:8142:5)
    at detectChangesInChildComponents (C:\Source\Repos\file-share-service-ui\node_modules\@angular\core\fesm2022\core.mjs:8015:7)
    at refreshView (C:\Source\Repos\file-share-service-ui\node_modules\@angular\core\fesm2022\core.mjs:8122:5)
    at detectChangesInView$1 (C:\Source\Repos\file-share-service-ui\node_modules\@angular\core\fesm2022\core.mjs:8106:3)
    at detectChangesInViewIfAttached (C:\Source\Repos\file-share-service-ui\node_modules\@angular\core\fesm2022\core.mjs:8079:7)
    at detectChangesInEmbeddedViews (C:\Source\Repos\file-share-service-ui\node_modules\@angular\core\fesm2022\core.mjs:7981:5)
    at refreshView (C:\Source\Repos\file-share-service-ui\node_modules\@angular\core\fesm2022\core.mjs:8122:5)
    at detectChangesInView$1 (C:\Source\Repos\file-share-service-ui\node_modules\@angular\core\fesm2022\core.mjs:8106:3)
    at detectChangesInViewIfAttached (C:\Source\Repos\file-share-service-ui\node_modules\@angular\core\fesm2022\core.mjs:8100:3)
    at detectChangesInComponent (C:\Source\Repos\file-share-service-ui\node_modules\@angular\core\fesm2022\core.mjs:8142:5)
    at detectChangesInChildComponents (C:\Source\Repos\file-share-service-ui\node_modules\@angular\core\fesm2022\core.mjs:8015:7)
    at refreshView (C:\Source\Repos\file-share-service-ui\node_modules\@angular\core\fesm2022\core.mjs:8122:5)
    at detectChangesInView$1 (C:\Source\Repos\file-share-service-ui\node_modules\@angular\core\fesm2022\core.mjs:7918:3)
    at detectChangesInViewWhileDirty (C:\Source\Repos\file-share-service-ui\node_modules\@angular\core\fesm2022\core.mjs:7904:5)
    at ViewRef$1.detectChangesInternal [as detectChanges] (C:\Source\Repos\file-share-service-ui\node_modules\@angular\core\fesm2022\core.mjs:8382:5)
    at detectChanges (C:\Source\Repos\file-share-service-ui\node_modules\@angular\core\fesm2022\testing.mjs:340:30)
    at _ZoneDelegate.invoke (C:\Source\Repos\file-share-service-ui\node_modules\zone.js\bundles\zone.umd.js:395:160)
    at ProxyZoneSpec.onInvoke (C:\Source\Repos\file-share-service-ui\node_modules\zone.js\bundles\zone-testing.umd.js:2157:35)
    at _ZoneDelegate.invoke (C:\Source\Repos\file-share-service-ui\node_modules\zone.js\bundles\zone.umd.js:395:48)
    at Object.invoke [as onInvoke] (C:\Source\Repos\file-share-service-ui\node_modules\@angular\core\fesm2022\core.mjs:9306:25)
    at _ZoneDelegate.invoke (C:\Source\Repos\file-share-service-ui\node_modules\zone.js\bundles\zone.umd.js:395:48)
    at ZoneImpl.run (C:\Source\Repos\file-share-service-ui\node_modules\zone.js\bundles\zone.umd.js:145:37)
    at NgZone.run (C:\Source\Repos\file-share-service-ui\node_modules\@angular\core\fesm2022\core.mjs:9197:24)
    at PseudoApplicationComponentFixture.run [as detectChanges] (C:\Source\Repos\file-share-service-ui\node_modules\@angular\core\fesm2022\testing.mjs:339:18)
    at C:\Source\Repos\file-share-service-ui\Tests\UnitTests\ess-list-encs.component.spec.ts:377:13
    at _ZoneDelegate.invoke (C:\Source\Repos\file-share-service-ui\node_modules\zone.js\bundles\zone.umd.js:395:160)
    at ProxyZoneSpec.onInvoke (C:\Source\Repos\file-share-service-ui\node_modules\zone.js\bundles\zone-testing.umd.js:2157:35)
    at _ZoneDelegate.invoke (C:\Source\Repos\file-share-service-ui\node_modules\zone.js\bundles\zone.umd.js:395:48)
    at ZoneImpl.run (C:\Source\Repos\file-share-service-ui\node_modules\zone.js\bundles\zone.umd.js:145:37)
    at Object.wrappedFunc (C:\Source\Repos\file-share-service-ui\node_modules\zone.js\bundles\zone-testing.umd.js:430:28)
    at Promise.then.completed (C:\Source\Repos\file-share-service-ui\node_modules\jest-circus\build\utils.js:298:28)
    at new Promise (&lt;anonymous&gt;)
    at callAsyncCircusFn (C:\Source\Repos\file-share-service-ui\node_modules\jest-circus\build\utils.js:231:10)
    at _callCircusHook (C:\Source\Repos\file-share-service-ui\node_modules\jest-circus\build\run.js:281:40)
    at processTicksAndRejections (node:internal/process/task_queues:95:5)
    at _runTest (C:\Source\Repos\file-share-service-ui\node_modules\jest-circus\build\run.js:246:5)
    at _runTestsForDescribeBlock (C:\Source\Repos\file-share-service-ui\node_modules\jest-circus\build\run.js:126:9)
    at _runTestsForDescribeBlock (C:\Source\Repos\file-share-service-ui\node_modules\jest-circus\build\run.js:121:9)
    at run (C:\Source\Repos\file-share-service-ui\node_modules\jest-circus\build\run.js:71:3)
    at runAndTransformResultsToJestFormat (C:\Source\Repos\file-share-service-ui\node_modules\jest-circus\build\legacy-code-todo-rewrite\jestAdapterInit.js:122:21)</failure>
    </testcase>
    <testcase classname="EssListEncsComponent should have &quot;S63 Exchange Set&quot; selected by default" name="EssListEncsComponent should have &quot;S63 Exchange Set&quot; selected by default" time="0.038">
      <failure>NullInjectorError: R3InjectorError(DynamicTestModule)[InjectionToken CDK_TABLE -&gt; InjectionToken CDK_TABLE]: 
  NullInjectorError: No provider for InjectionToken CDK_TABLE!
    at NullInjector.get (C:\Source\Repos\file-share-service-ui\node_modules\@angular\core\fesm2022\core.mjs:1427:21)
    at R3Injector.get (C:\Source\Repos\file-share-service-ui\node_modules\@angular\core\fesm2022\core.mjs:2312:27)
    at R3Injector.get (C:\Source\Repos\file-share-service-ui\node_modules\@angular\core\fesm2022\core.mjs:2312:27)
    at ChainedInjector.get (C:\Source\Repos\file-share-service-ui\node_modules\@angular\core\fesm2022\core.mjs:9866:32)
    at get (C:\Source\Repos\file-share-service-ui\node_modules\@angular\core\fesm2022\core.mjs:3831:31)
    at lookupTokenUsingModuleInjector (C:\Source\Repos\file-share-service-ui\node_modules\@angular\core\fesm2022\core.mjs:3856:10)
    at getOrCreateInjectable (C:\Source\Repos\file-share-service-ui\node_modules\@angular\core\fesm2022\core.mjs:6788:17)
    at ɵɵinject (C:\Source\Repos\file-share-service-ui\node_modules\@angular\core\fesm2022\core.mjs:1146:58)
    at ɵɵinject (C:\Source\Repos\file-share-service-ui\node_modules\@angular\core\fesm2022\core.mjs:1155:10)
    at new _HeaderRowOutlet (C:\Source\Repos\file-share-service-ui\node_modules\@angular\cdk\fesm2022\table.mjs:996:41)
    at NodeInjectorFactory._HeaderRowOutlet_Factory [as factory] (ng:///_HeaderRowOutlet/ɵfac.js:5:10)
    at factory (C:\Source\Repos\file-share-service-ui\node_modules\@angular\core\fesm2022\core.mjs:4008:38)
    at getNodeInjectable (C:\Source\Repos\file-share-service-ui\node_modules\@angular\core\fesm2022\core.mjs:7376:23)
    at instantiateAllDirectives (C:\Source\Repos\file-share-service-ui\node_modules\@angular\core\fesm2022\core.mjs:6967:3)
    at createDirectivesInstances (C:\Source\Repos\file-share-service-ui\node_modules\@angular\core\fesm2022\core.mjs:14052:5)
    at ɵɵelementContainerStart (C:\Source\Repos\file-share-service-ui\node_modules\@angular\core\fesm2022\core.mjs:14084:3)
    at TableComponent_Conditional_3_Template (ng:///TableComponent.js:12:5)
    at templateFn (C:\Source\Repos\file-share-service-ui\node_modules\@angular\core\fesm2022\core.mjs:6938:5)
    at executeTemplate (C:\Source\Repos\file-share-service-ui\node_modules\@angular\core\fesm2022\core.mjs:7728:7)
    at renderView (C:\Source\Repos\file-share-service-ui\node_modules\@angular\core\fesm2022\core.mjs:7777:5)
    at createAndRenderEmbeddedLView (C:\Source\Repos\file-share-service-ui\node_modules\@angular\core\fesm2022\core.mjs:13739:31)
    at TableComponent_Template (ng:///TableComponent.js:41:5)
    at templateFn (C:\Source\Repos\file-share-service-ui\node_modules\@angular\core\fesm2022\core.mjs:6938:5)
    at executeTemplate (C:\Source\Repos\file-share-service-ui\node_modules\@angular\core\fesm2022\core.mjs:7959:7)
    at refreshView (C:\Source\Repos\file-share-service-ui\node_modules\@angular\core\fesm2022\core.mjs:8122:5)
    at detectChangesInView$1 (C:\Source\Repos\file-share-service-ui\node_modules\@angular\core\fesm2022\core.mjs:8106:3)
    at detectChangesInViewIfAttached (C:\Source\Repos\file-share-service-ui\node_modules\@angular\core\fesm2022\core.mjs:8100:3)
    at detectChangesInComponent (C:\Source\Repos\file-share-service-ui\node_modules\@angular\core\fesm2022\core.mjs:8142:5)
    at detectChangesInChildComponents (C:\Source\Repos\file-share-service-ui\node_modules\@angular\core\fesm2022\core.mjs:8015:7)
    at refreshView (C:\Source\Repos\file-share-service-ui\node_modules\@angular\core\fesm2022\core.mjs:8122:5)
    at detectChangesInView$1 (C:\Source\Repos\file-share-service-ui\node_modules\@angular\core\fesm2022\core.mjs:8106:3)
    at detectChangesInViewIfAttached (C:\Source\Repos\file-share-service-ui\node_modules\@angular\core\fesm2022\core.mjs:8079:7)
    at detectChangesInEmbeddedViews (C:\Source\Repos\file-share-service-ui\node_modules\@angular\core\fesm2022\core.mjs:7981:5)
    at refreshView (C:\Source\Repos\file-share-service-ui\node_modules\@angular\core\fesm2022\core.mjs:8122:5)
    at detectChangesInView$1 (C:\Source\Repos\file-share-service-ui\node_modules\@angular\core\fesm2022\core.mjs:8106:3)
    at detectChangesInViewIfAttached (C:\Source\Repos\file-share-service-ui\node_modules\@angular\core\fesm2022\core.mjs:8100:3)
    at detectChangesInComponent (C:\Source\Repos\file-share-service-ui\node_modules\@angular\core\fesm2022\core.mjs:8142:5)
    at detectChangesInChildComponents (C:\Source\Repos\file-share-service-ui\node_modules\@angular\core\fesm2022\core.mjs:8015:7)
    at refreshView (C:\Source\Repos\file-share-service-ui\node_modules\@angular\core\fesm2022\core.mjs:8122:5)
    at detectChangesInView$1 (C:\Source\Repos\file-share-service-ui\node_modules\@angular\core\fesm2022\core.mjs:7918:3)
    at detectChangesInViewWhileDirty (C:\Source\Repos\file-share-service-ui\node_modules\@angular\core\fesm2022\core.mjs:7904:5)
    at ViewRef$1.detectChangesInternal [as detectChanges] (C:\Source\Repos\file-share-service-ui\node_modules\@angular\core\fesm2022\core.mjs:8382:5)
    at detectChanges (C:\Source\Repos\file-share-service-ui\node_modules\@angular\core\fesm2022\testing.mjs:340:30)
    at _ZoneDelegate.invoke (C:\Source\Repos\file-share-service-ui\node_modules\zone.js\bundles\zone.umd.js:395:160)
    at ProxyZoneSpec.onInvoke (C:\Source\Repos\file-share-service-ui\node_modules\zone.js\bundles\zone-testing.umd.js:2157:35)
    at _ZoneDelegate.invoke (C:\Source\Repos\file-share-service-ui\node_modules\zone.js\bundles\zone.umd.js:395:48)
    at Object.invoke [as onInvoke] (C:\Source\Repos\file-share-service-ui\node_modules\@angular\core\fesm2022\core.mjs:9306:25)
    at _ZoneDelegate.invoke (C:\Source\Repos\file-share-service-ui\node_modules\zone.js\bundles\zone.umd.js:395:48)
    at ZoneImpl.run (C:\Source\Repos\file-share-service-ui\node_modules\zone.js\bundles\zone.umd.js:145:37)
    at NgZone.run (C:\Source\Repos\file-share-service-ui\node_modules\@angular\core\fesm2022\core.mjs:9197:24)
    at PseudoApplicationComponentFixture.run [as detectChanges] (C:\Source\Repos\file-share-service-ui\node_modules\@angular\core\fesm2022\testing.mjs:339:18)
    at C:\Source\Repos\file-share-service-ui\Tests\UnitTests\ess-list-encs.component.spec.ts:377:13
    at _ZoneDelegate.invoke (C:\Source\Repos\file-share-service-ui\node_modules\zone.js\bundles\zone.umd.js:395:160)
    at ProxyZoneSpec.onInvoke (C:\Source\Repos\file-share-service-ui\node_modules\zone.js\bundles\zone-testing.umd.js:2157:35)
    at _ZoneDelegate.invoke (C:\Source\Repos\file-share-service-ui\node_modules\zone.js\bundles\zone.umd.js:395:48)
    at ZoneImpl.run (C:\Source\Repos\file-share-service-ui\node_modules\zone.js\bundles\zone.umd.js:145:37)
    at Object.wrappedFunc (C:\Source\Repos\file-share-service-ui\node_modules\zone.js\bundles\zone-testing.umd.js:430:28)
    at Promise.then.completed (C:\Source\Repos\file-share-service-ui\node_modules\jest-circus\build\utils.js:298:28)
    at new Promise (&lt;anonymous&gt;)
    at callAsyncCircusFn (C:\Source\Repos\file-share-service-ui\node_modules\jest-circus\build\utils.js:231:10)
    at _callCircusHook (C:\Source\Repos\file-share-service-ui\node_modules\jest-circus\build\run.js:281:40)
    at processTicksAndRejections (node:internal/process/task_queues:95:5)
    at _runTest (C:\Source\Repos\file-share-service-ui\node_modules\jest-circus\build\run.js:246:5)
    at _runTestsForDescribeBlock (C:\Source\Repos\file-share-service-ui\node_modules\jest-circus\build\run.js:126:9)
    at _runTestsForDescribeBlock (C:\Source\Repos\file-share-service-ui\node_modules\jest-circus\build\run.js:121:9)
    at run (C:\Source\Repos\file-share-service-ui\node_modules\jest-circus\build\run.js:71:3)
    at runAndTransformResultsToJestFormat (C:\Source\Repos\file-share-service-ui\node_modules\jest-circus\build\legacy-code-todo-rewrite\jestAdapterInit.js:122:21)</failure>
    </testcase>
    <testcase classname="EssListEncsComponent should display radio buttons when user is privileged" name="EssListEncsComponent should display radio buttons when user is privileged" time="0.032">
      <failure>NullInjectorError: R3InjectorError(DynamicTestModule)[InjectionToken CDK_TABLE -&gt; InjectionToken CDK_TABLE]: 
  NullInjectorError: No provider for InjectionToken CDK_TABLE!
    at NullInjector.get (C:\Source\Repos\file-share-service-ui\node_modules\@angular\core\fesm2022\core.mjs:1427:21)
    at R3Injector.get (C:\Source\Repos\file-share-service-ui\node_modules\@angular\core\fesm2022\core.mjs:2312:27)
    at R3Injector.get (C:\Source\Repos\file-share-service-ui\node_modules\@angular\core\fesm2022\core.mjs:2312:27)
    at ChainedInjector.get (C:\Source\Repos\file-share-service-ui\node_modules\@angular\core\fesm2022\core.mjs:9866:32)
    at get (C:\Source\Repos\file-share-service-ui\node_modules\@angular\core\fesm2022\core.mjs:3831:31)
    at lookupTokenUsingModuleInjector (C:\Source\Repos\file-share-service-ui\node_modules\@angular\core\fesm2022\core.mjs:3856:10)
    at getOrCreateInjectable (C:\Source\Repos\file-share-service-ui\node_modules\@angular\core\fesm2022\core.mjs:6788:17)
    at ɵɵinject (C:\Source\Repos\file-share-service-ui\node_modules\@angular\core\fesm2022\core.mjs:1146:58)
    at ɵɵinject (C:\Source\Repos\file-share-service-ui\node_modules\@angular\core\fesm2022\core.mjs:1155:10)
    at new _HeaderRowOutlet (C:\Source\Repos\file-share-service-ui\node_modules\@angular\cdk\fesm2022\table.mjs:996:41)
    at NodeInjectorFactory._HeaderRowOutlet_Factory [as factory] (ng:///_HeaderRowOutlet/ɵfac.js:5:10)
    at factory (C:\Source\Repos\file-share-service-ui\node_modules\@angular\core\fesm2022\core.mjs:4008:38)
    at getNodeInjectable (C:\Source\Repos\file-share-service-ui\node_modules\@angular\core\fesm2022\core.mjs:7376:23)
    at instantiateAllDirectives (C:\Source\Repos\file-share-service-ui\node_modules\@angular\core\fesm2022\core.mjs:6967:3)
    at createDirectivesInstances (C:\Source\Repos\file-share-service-ui\node_modules\@angular\core\fesm2022\core.mjs:14052:5)
    at ɵɵelementContainerStart (C:\Source\Repos\file-share-service-ui\node_modules\@angular\core\fesm2022\core.mjs:14084:3)
    at TableComponent_Conditional_3_Template (ng:///TableComponent.js:12:5)
    at templateFn (C:\Source\Repos\file-share-service-ui\node_modules\@angular\core\fesm2022\core.mjs:6938:5)
    at executeTemplate (C:\Source\Repos\file-share-service-ui\node_modules\@angular\core\fesm2022\core.mjs:7728:7)
    at renderView (C:\Source\Repos\file-share-service-ui\node_modules\@angular\core\fesm2022\core.mjs:7777:5)
    at createAndRenderEmbeddedLView (C:\Source\Repos\file-share-service-ui\node_modules\@angular\core\fesm2022\core.mjs:13739:31)
    at TableComponent_Template (ng:///TableComponent.js:41:5)
    at templateFn (C:\Source\Repos\file-share-service-ui\node_modules\@angular\core\fesm2022\core.mjs:6938:5)
    at executeTemplate (C:\Source\Repos\file-share-service-ui\node_modules\@angular\core\fesm2022\core.mjs:7959:7)
    at refreshView (C:\Source\Repos\file-share-service-ui\node_modules\@angular\core\fesm2022\core.mjs:8122:5)
    at detectChangesInView$1 (C:\Source\Repos\file-share-service-ui\node_modules\@angular\core\fesm2022\core.mjs:8106:3)
    at detectChangesInViewIfAttached (C:\Source\Repos\file-share-service-ui\node_modules\@angular\core\fesm2022\core.mjs:8100:3)
    at detectChangesInComponent (C:\Source\Repos\file-share-service-ui\node_modules\@angular\core\fesm2022\core.mjs:8142:5)
    at detectChangesInChildComponents (C:\Source\Repos\file-share-service-ui\node_modules\@angular\core\fesm2022\core.mjs:8015:7)
    at refreshView (C:\Source\Repos\file-share-service-ui\node_modules\@angular\core\fesm2022\core.mjs:8122:5)
    at detectChangesInView$1 (C:\Source\Repos\file-share-service-ui\node_modules\@angular\core\fesm2022\core.mjs:8106:3)
    at detectChangesInViewIfAttached (C:\Source\Repos\file-share-service-ui\node_modules\@angular\core\fesm2022\core.mjs:8079:7)
    at detectChangesInEmbeddedViews (C:\Source\Repos\file-share-service-ui\node_modules\@angular\core\fesm2022\core.mjs:7981:5)
    at refreshView (C:\Source\Repos\file-share-service-ui\node_modules\@angular\core\fesm2022\core.mjs:8122:5)
    at detectChangesInView$1 (C:\Source\Repos\file-share-service-ui\node_modules\@angular\core\fesm2022\core.mjs:8106:3)
    at detectChangesInViewIfAttached (C:\Source\Repos\file-share-service-ui\node_modules\@angular\core\fesm2022\core.mjs:8100:3)
    at detectChangesInComponent (C:\Source\Repos\file-share-service-ui\node_modules\@angular\core\fesm2022\core.mjs:8142:5)
    at detectChangesInChildComponents (C:\Source\Repos\file-share-service-ui\node_modules\@angular\core\fesm2022\core.mjs:8015:7)
    at refreshView (C:\Source\Repos\file-share-service-ui\node_modules\@angular\core\fesm2022\core.mjs:8122:5)
    at detectChangesInView$1 (C:\Source\Repos\file-share-service-ui\node_modules\@angular\core\fesm2022\core.mjs:7918:3)
    at detectChangesInViewWhileDirty (C:\Source\Repos\file-share-service-ui\node_modules\@angular\core\fesm2022\core.mjs:7904:5)
    at ViewRef$1.detectChangesInternal [as detectChanges] (C:\Source\Repos\file-share-service-ui\node_modules\@angular\core\fesm2022\core.mjs:8382:5)
    at detectChanges (C:\Source\Repos\file-share-service-ui\node_modules\@angular\core\fesm2022\testing.mjs:340:30)
    at _ZoneDelegate.invoke (C:\Source\Repos\file-share-service-ui\node_modules\zone.js\bundles\zone.umd.js:395:160)
    at ProxyZoneSpec.onInvoke (C:\Source\Repos\file-share-service-ui\node_modules\zone.js\bundles\zone-testing.umd.js:2157:35)
    at _ZoneDelegate.invoke (C:\Source\Repos\file-share-service-ui\node_modules\zone.js\bundles\zone.umd.js:395:48)
    at Object.invoke [as onInvoke] (C:\Source\Repos\file-share-service-ui\node_modules\@angular\core\fesm2022\core.mjs:9306:25)
    at _ZoneDelegate.invoke (C:\Source\Repos\file-share-service-ui\node_modules\zone.js\bundles\zone.umd.js:395:48)
    at ZoneImpl.run (C:\Source\Repos\file-share-service-ui\node_modules\zone.js\bundles\zone.umd.js:145:37)
    at NgZone.run (C:\Source\Repos\file-share-service-ui\node_modules\@angular\core\fesm2022\core.mjs:9197:24)
    at PseudoApplicationComponentFixture.run [as detectChanges] (C:\Source\Repos\file-share-service-ui\node_modules\@angular\core\fesm2022\testing.mjs:339:18)
    at C:\Source\Repos\file-share-service-ui\Tests\UnitTests\ess-list-encs.component.spec.ts:377:13
    at _ZoneDelegate.invoke (C:\Source\Repos\file-share-service-ui\node_modules\zone.js\bundles\zone.umd.js:395:160)
    at ProxyZoneSpec.onInvoke (C:\Source\Repos\file-share-service-ui\node_modules\zone.js\bundles\zone-testing.umd.js:2157:35)
    at _ZoneDelegate.invoke (C:\Source\Repos\file-share-service-ui\node_modules\zone.js\bundles\zone.umd.js:395:48)
    at ZoneImpl.run (C:\Source\Repos\file-share-service-ui\node_modules\zone.js\bundles\zone.umd.js:145:37)
    at Object.wrappedFunc (C:\Source\Repos\file-share-service-ui\node_modules\zone.js\bundles\zone-testing.umd.js:430:28)
    at Promise.then.completed (C:\Source\Repos\file-share-service-ui\node_modules\jest-circus\build\utils.js:298:28)
    at new Promise (&lt;anonymous&gt;)
    at callAsyncCircusFn (C:\Source\Repos\file-share-service-ui\node_modules\jest-circus\build\utils.js:231:10)
    at _callCircusHook (C:\Source\Repos\file-share-service-ui\node_modules\jest-circus\build\run.js:281:40)
    at processTicksAndRejections (node:internal/process/task_queues:95:5)
    at _runTest (C:\Source\Repos\file-share-service-ui\node_modules\jest-circus\build\run.js:246:5)
    at _runTestsForDescribeBlock (C:\Source\Repos\file-share-service-ui\node_modules\jest-circus\build\run.js:126:9)
    at _runTestsForDescribeBlock (C:\Source\Repos\file-share-service-ui\node_modules\jest-circus\build\run.js:121:9)
    at run (C:\Source\Repos\file-share-service-ui\node_modules\jest-circus\build\run.js:71:3)
    at runAndTransformResultsToJestFormat (C:\Source\Repos\file-share-service-ui\node_modules\jest-circus\build\legacy-code-todo-rewrite\jestAdapterInit.js:122:21)</failure>
    </testcase>
    <testcase classname="EssListEncsComponent should not display radio buttons when user is not privileged" name="EssListEncsComponent should not display radio buttons when user is not privileged" time="0.04">
      <failure>NullInjectorError: R3InjectorError(DynamicTestModule)[InjectionToken CDK_TABLE -&gt; InjectionToken CDK_TABLE]: 
  NullInjectorError: No provider for InjectionToken CDK_TABLE!
    at NullInjector.get (C:\Source\Repos\file-share-service-ui\node_modules\@angular\core\fesm2022\core.mjs:1427:21)
    at R3Injector.get (C:\Source\Repos\file-share-service-ui\node_modules\@angular\core\fesm2022\core.mjs:2312:27)
    at R3Injector.get (C:\Source\Repos\file-share-service-ui\node_modules\@angular\core\fesm2022\core.mjs:2312:27)
    at ChainedInjector.get (C:\Source\Repos\file-share-service-ui\node_modules\@angular\core\fesm2022\core.mjs:9866:32)
    at get (C:\Source\Repos\file-share-service-ui\node_modules\@angular\core\fesm2022\core.mjs:3831:31)
    at lookupTokenUsingModuleInjector (C:\Source\Repos\file-share-service-ui\node_modules\@angular\core\fesm2022\core.mjs:3856:10)
    at getOrCreateInjectable (C:\Source\Repos\file-share-service-ui\node_modules\@angular\core\fesm2022\core.mjs:6788:17)
    at ɵɵinject (C:\Source\Repos\file-share-service-ui\node_modules\@angular\core\fesm2022\core.mjs:1146:58)
    at ɵɵinject (C:\Source\Repos\file-share-service-ui\node_modules\@angular\core\fesm2022\core.mjs:1155:10)
    at new _HeaderRowOutlet (C:\Source\Repos\file-share-service-ui\node_modules\@angular\cdk\fesm2022\table.mjs:996:41)
    at NodeInjectorFactory._HeaderRowOutlet_Factory [as factory] (ng:///_HeaderRowOutlet/ɵfac.js:5:10)
    at factory (C:\Source\Repos\file-share-service-ui\node_modules\@angular\core\fesm2022\core.mjs:4008:38)
    at getNodeInjectable (C:\Source\Repos\file-share-service-ui\node_modules\@angular\core\fesm2022\core.mjs:7376:23)
    at instantiateAllDirectives (C:\Source\Repos\file-share-service-ui\node_modules\@angular\core\fesm2022\core.mjs:6967:3)
    at createDirectivesInstances (C:\Source\Repos\file-share-service-ui\node_modules\@angular\core\fesm2022\core.mjs:14052:5)
    at ɵɵelementContainerStart (C:\Source\Repos\file-share-service-ui\node_modules\@angular\core\fesm2022\core.mjs:14084:3)
    at TableComponent_Conditional_3_Template (ng:///TableComponent.js:12:5)
    at templateFn (C:\Source\Repos\file-share-service-ui\node_modules\@angular\core\fesm2022\core.mjs:6938:5)
    at executeTemplate (C:\Source\Repos\file-share-service-ui\node_modules\@angular\core\fesm2022\core.mjs:7728:7)
    at renderView (C:\Source\Repos\file-share-service-ui\node_modules\@angular\core\fesm2022\core.mjs:7777:5)
    at createAndRenderEmbeddedLView (C:\Source\Repos\file-share-service-ui\node_modules\@angular\core\fesm2022\core.mjs:13739:31)
    at TableComponent_Template (ng:///TableComponent.js:41:5)
    at templateFn (C:\Source\Repos\file-share-service-ui\node_modules\@angular\core\fesm2022\core.mjs:6938:5)
    at executeTemplate (C:\Source\Repos\file-share-service-ui\node_modules\@angular\core\fesm2022\core.mjs:7959:7)
    at refreshView (C:\Source\Repos\file-share-service-ui\node_modules\@angular\core\fesm2022\core.mjs:8122:5)
    at detectChangesInView$1 (C:\Source\Repos\file-share-service-ui\node_modules\@angular\core\fesm2022\core.mjs:8106:3)
    at detectChangesInViewIfAttached (C:\Source\Repos\file-share-service-ui\node_modules\@angular\core\fesm2022\core.mjs:8100:3)
    at detectChangesInComponent (C:\Source\Repos\file-share-service-ui\node_modules\@angular\core\fesm2022\core.mjs:8142:5)
    at detectChangesInChildComponents (C:\Source\Repos\file-share-service-ui\node_modules\@angular\core\fesm2022\core.mjs:8015:7)
    at refreshView (C:\Source\Repos\file-share-service-ui\node_modules\@angular\core\fesm2022\core.mjs:8122:5)
    at detectChangesInView$1 (C:\Source\Repos\file-share-service-ui\node_modules\@angular\core\fesm2022\core.mjs:8106:3)
    at detectChangesInViewIfAttached (C:\Source\Repos\file-share-service-ui\node_modules\@angular\core\fesm2022\core.mjs:8079:7)
    at detectChangesInEmbeddedViews (C:\Source\Repos\file-share-service-ui\node_modules\@angular\core\fesm2022\core.mjs:7981:5)
    at refreshView (C:\Source\Repos\file-share-service-ui\node_modules\@angular\core\fesm2022\core.mjs:8122:5)
    at detectChangesInView$1 (C:\Source\Repos\file-share-service-ui\node_modules\@angular\core\fesm2022\core.mjs:8106:3)
    at detectChangesInViewIfAttached (C:\Source\Repos\file-share-service-ui\node_modules\@angular\core\fesm2022\core.mjs:8100:3)
    at detectChangesInComponent (C:\Source\Repos\file-share-service-ui\node_modules\@angular\core\fesm2022\core.mjs:8142:5)
    at detectChangesInChildComponents (C:\Source\Repos\file-share-service-ui\node_modules\@angular\core\fesm2022\core.mjs:8015:7)
    at refreshView (C:\Source\Repos\file-share-service-ui\node_modules\@angular\core\fesm2022\core.mjs:8122:5)
    at detectChangesInView$1 (C:\Source\Repos\file-share-service-ui\node_modules\@angular\core\fesm2022\core.mjs:7918:3)
    at detectChangesInViewWhileDirty (C:\Source\Repos\file-share-service-ui\node_modules\@angular\core\fesm2022\core.mjs:7904:5)
    at ViewRef$1.detectChangesInternal [as detectChanges] (C:\Source\Repos\file-share-service-ui\node_modules\@angular\core\fesm2022\core.mjs:8382:5)
    at detectChanges (C:\Source\Repos\file-share-service-ui\node_modules\@angular\core\fesm2022\testing.mjs:340:30)
    at _ZoneDelegate.invoke (C:\Source\Repos\file-share-service-ui\node_modules\zone.js\bundles\zone.umd.js:395:160)
    at ProxyZoneSpec.onInvoke (C:\Source\Repos\file-share-service-ui\node_modules\zone.js\bundles\zone-testing.umd.js:2157:35)
    at _ZoneDelegate.invoke (C:\Source\Repos\file-share-service-ui\node_modules\zone.js\bundles\zone.umd.js:395:48)
    at Object.invoke [as onInvoke] (C:\Source\Repos\file-share-service-ui\node_modules\@angular\core\fesm2022\core.mjs:9306:25)
    at _ZoneDelegate.invoke (C:\Source\Repos\file-share-service-ui\node_modules\zone.js\bundles\zone.umd.js:395:48)
    at ZoneImpl.run (C:\Source\Repos\file-share-service-ui\node_modules\zone.js\bundles\zone.umd.js:145:37)
    at NgZone.run (C:\Source\Repos\file-share-service-ui\node_modules\@angular\core\fesm2022\core.mjs:9197:24)
    at PseudoApplicationComponentFixture.run [as detectChanges] (C:\Source\Repos\file-share-service-ui\node_modules\@angular\core\fesm2022\testing.mjs:339:18)
    at C:\Source\Repos\file-share-service-ui\Tests\UnitTests\ess-list-encs.component.spec.ts:377:13
    at _ZoneDelegate.invoke (C:\Source\Repos\file-share-service-ui\node_modules\zone.js\bundles\zone.umd.js:395:160)
    at ProxyZoneSpec.onInvoke (C:\Source\Repos\file-share-service-ui\node_modules\zone.js\bundles\zone-testing.umd.js:2157:35)
    at _ZoneDelegate.invoke (C:\Source\Repos\file-share-service-ui\node_modules\zone.js\bundles\zone.umd.js:395:48)
    at ZoneImpl.run (C:\Source\Repos\file-share-service-ui\node_modules\zone.js\bundles\zone.umd.js:145:37)
    at Object.wrappedFunc (C:\Source\Repos\file-share-service-ui\node_modules\zone.js\bundles\zone-testing.umd.js:430:28)
    at Promise.then.completed (C:\Source\Repos\file-share-service-ui\node_modules\jest-circus\build\utils.js:298:28)
    at new Promise (&lt;anonymous&gt;)
    at callAsyncCircusFn (C:\Source\Repos\file-share-service-ui\node_modules\jest-circus\build\utils.js:231:10)
    at _callCircusHook (C:\Source\Repos\file-share-service-ui\node_modules\jest-circus\build\run.js:281:40)
    at processTicksAndRejections (node:internal/process/task_queues:95:5)
    at _runTest (C:\Source\Repos\file-share-service-ui\node_modules\jest-circus\build\run.js:246:5)
    at _runTestsForDescribeBlock (C:\Source\Repos\file-share-service-ui\node_modules\jest-circus\build\run.js:126:9)
    at _runTestsForDescribeBlock (C:\Source\Repos\file-share-service-ui\node_modules\jest-circus\build\run.js:121:9)
    at run (C:\Source\Repos\file-share-service-ui\node_modules\jest-circus\build\run.js:71:3)
    at runAndTransformResultsToJestFormat (C:\Source\Repos\file-share-service-ui\node_modules\jest-circus\build\legacy-code-todo-rewrite\jestAdapterInit.js:122:21)</failure>
    </testcase>
    <testcase classname="EssListEncsComponent should set exchangeSetDownloadZipType to S57 when essDownloadZipType is called with S57" name="EssListEncsComponent should set exchangeSetDownloadZipType to S57 when essDownloadZipType is called with S57" time="0.028">
      <failure>NullInjectorError: R3InjectorError(DynamicTestModule)[InjectionToken CDK_TABLE -&gt; InjectionToken CDK_TABLE]: 
  NullInjectorError: No provider for InjectionToken CDK_TABLE!
    at NullInjector.get (C:\Source\Repos\file-share-service-ui\node_modules\@angular\core\fesm2022\core.mjs:1427:21)
    at R3Injector.get (C:\Source\Repos\file-share-service-ui\node_modules\@angular\core\fesm2022\core.mjs:2312:27)
    at R3Injector.get (C:\Source\Repos\file-share-service-ui\node_modules\@angular\core\fesm2022\core.mjs:2312:27)
    at ChainedInjector.get (C:\Source\Repos\file-share-service-ui\node_modules\@angular\core\fesm2022\core.mjs:9866:32)
    at get (C:\Source\Repos\file-share-service-ui\node_modules\@angular\core\fesm2022\core.mjs:3831:31)
    at lookupTokenUsingModuleInjector (C:\Source\Repos\file-share-service-ui\node_modules\@angular\core\fesm2022\core.mjs:3856:10)
    at getOrCreateInjectable (C:\Source\Repos\file-share-service-ui\node_modules\@angular\core\fesm2022\core.mjs:6788:17)
    at ɵɵinject (C:\Source\Repos\file-share-service-ui\node_modules\@angular\core\fesm2022\core.mjs:1146:58)
    at ɵɵinject (C:\Source\Repos\file-share-service-ui\node_modules\@angular\core\fesm2022\core.mjs:1155:10)
    at new _HeaderRowOutlet (C:\Source\Repos\file-share-service-ui\node_modules\@angular\cdk\fesm2022\table.mjs:996:41)
    at NodeInjectorFactory._HeaderRowOutlet_Factory [as factory] (ng:///_HeaderRowOutlet/ɵfac.js:5:10)
    at factory (C:\Source\Repos\file-share-service-ui\node_modules\@angular\core\fesm2022\core.mjs:4008:38)
    at getNodeInjectable (C:\Source\Repos\file-share-service-ui\node_modules\@angular\core\fesm2022\core.mjs:7376:23)
    at instantiateAllDirectives (C:\Source\Repos\file-share-service-ui\node_modules\@angular\core\fesm2022\core.mjs:6967:3)
    at createDirectivesInstances (C:\Source\Repos\file-share-service-ui\node_modules\@angular\core\fesm2022\core.mjs:14052:5)
    at ɵɵelementContainerStart (C:\Source\Repos\file-share-service-ui\node_modules\@angular\core\fesm2022\core.mjs:14084:3)
    at TableComponent_Conditional_3_Template (ng:///TableComponent.js:12:5)
    at templateFn (C:\Source\Repos\file-share-service-ui\node_modules\@angular\core\fesm2022\core.mjs:6938:5)
    at executeTemplate (C:\Source\Repos\file-share-service-ui\node_modules\@angular\core\fesm2022\core.mjs:7728:7)
    at renderView (C:\Source\Repos\file-share-service-ui\node_modules\@angular\core\fesm2022\core.mjs:7777:5)
    at createAndRenderEmbeddedLView (C:\Source\Repos\file-share-service-ui\node_modules\@angular\core\fesm2022\core.mjs:13739:31)
    at TableComponent_Template (ng:///TableComponent.js:41:5)
    at templateFn (C:\Source\Repos\file-share-service-ui\node_modules\@angular\core\fesm2022\core.mjs:6938:5)
    at executeTemplate (C:\Source\Repos\file-share-service-ui\node_modules\@angular\core\fesm2022\core.mjs:7959:7)
    at refreshView (C:\Source\Repos\file-share-service-ui\node_modules\@angular\core\fesm2022\core.mjs:8122:5)
    at detectChangesInView$1 (C:\Source\Repos\file-share-service-ui\node_modules\@angular\core\fesm2022\core.mjs:8106:3)
    at detectChangesInViewIfAttached (C:\Source\Repos\file-share-service-ui\node_modules\@angular\core\fesm2022\core.mjs:8100:3)
    at detectChangesInComponent (C:\Source\Repos\file-share-service-ui\node_modules\@angular\core\fesm2022\core.mjs:8142:5)
    at detectChangesInChildComponents (C:\Source\Repos\file-share-service-ui\node_modules\@angular\core\fesm2022\core.mjs:8015:7)
    at refreshView (C:\Source\Repos\file-share-service-ui\node_modules\@angular\core\fesm2022\core.mjs:8122:5)
    at detectChangesInView$1 (C:\Source\Repos\file-share-service-ui\node_modules\@angular\core\fesm2022\core.mjs:8106:3)
    at detectChangesInViewIfAttached (C:\Source\Repos\file-share-service-ui\node_modules\@angular\core\fesm2022\core.mjs:8079:7)
    at detectChangesInEmbeddedViews (C:\Source\Repos\file-share-service-ui\node_modules\@angular\core\fesm2022\core.mjs:7981:5)
    at refreshView (C:\Source\Repos\file-share-service-ui\node_modules\@angular\core\fesm2022\core.mjs:8122:5)
    at detectChangesInView$1 (C:\Source\Repos\file-share-service-ui\node_modules\@angular\core\fesm2022\core.mjs:8106:3)
    at detectChangesInViewIfAttached (C:\Source\Repos\file-share-service-ui\node_modules\@angular\core\fesm2022\core.mjs:8100:3)
    at detectChangesInComponent (C:\Source\Repos\file-share-service-ui\node_modules\@angular\core\fesm2022\core.mjs:8142:5)
    at detectChangesInChildComponents (C:\Source\Repos\file-share-service-ui\node_modules\@angular\core\fesm2022\core.mjs:8015:7)
    at refreshView (C:\Source\Repos\file-share-service-ui\node_modules\@angular\core\fesm2022\core.mjs:8122:5)
    at detectChangesInView$1 (C:\Source\Repos\file-share-service-ui\node_modules\@angular\core\fesm2022\core.mjs:7918:3)
    at detectChangesInViewWhileDirty (C:\Source\Repos\file-share-service-ui\node_modules\@angular\core\fesm2022\core.mjs:7904:5)
    at ViewRef$1.detectChangesInternal [as detectChanges] (C:\Source\Repos\file-share-service-ui\node_modules\@angular\core\fesm2022\core.mjs:8382:5)
    at detectChanges (C:\Source\Repos\file-share-service-ui\node_modules\@angular\core\fesm2022\testing.mjs:340:30)
    at _ZoneDelegate.invoke (C:\Source\Repos\file-share-service-ui\node_modules\zone.js\bundles\zone.umd.js:395:160)
    at ProxyZoneSpec.onInvoke (C:\Source\Repos\file-share-service-ui\node_modules\zone.js\bundles\zone-testing.umd.js:2157:35)
    at _ZoneDelegate.invoke (C:\Source\Repos\file-share-service-ui\node_modules\zone.js\bundles\zone.umd.js:395:48)
    at Object.invoke [as onInvoke] (C:\Source\Repos\file-share-service-ui\node_modules\@angular\core\fesm2022\core.mjs:9306:25)
    at _ZoneDelegate.invoke (C:\Source\Repos\file-share-service-ui\node_modules\zone.js\bundles\zone.umd.js:395:48)
    at ZoneImpl.run (C:\Source\Repos\file-share-service-ui\node_modules\zone.js\bundles\zone.umd.js:145:37)
    at NgZone.run (C:\Source\Repos\file-share-service-ui\node_modules\@angular\core\fesm2022\core.mjs:9197:24)
    at PseudoApplicationComponentFixture.run [as detectChanges] (C:\Source\Repos\file-share-service-ui\node_modules\@angular\core\fesm2022\testing.mjs:339:18)
    at C:\Source\Repos\file-share-service-ui\Tests\UnitTests\ess-list-encs.component.spec.ts:377:13
    at _ZoneDelegate.invoke (C:\Source\Repos\file-share-service-ui\node_modules\zone.js\bundles\zone.umd.js:395:160)
    at ProxyZoneSpec.onInvoke (C:\Source\Repos\file-share-service-ui\node_modules\zone.js\bundles\zone-testing.umd.js:2157:35)
    at _ZoneDelegate.invoke (C:\Source\Repos\file-share-service-ui\node_modules\zone.js\bundles\zone.umd.js:395:48)
    at ZoneImpl.run (C:\Source\Repos\file-share-service-ui\node_modules\zone.js\bundles\zone.umd.js:145:37)
    at Object.wrappedFunc (C:\Source\Repos\file-share-service-ui\node_modules\zone.js\bundles\zone-testing.umd.js:430:28)
    at Promise.then.completed (C:\Source\Repos\file-share-service-ui\node_modules\jest-circus\build\utils.js:298:28)
    at new Promise (&lt;anonymous&gt;)
    at callAsyncCircusFn (C:\Source\Repos\file-share-service-ui\node_modules\jest-circus\build\utils.js:231:10)
    at _callCircusHook (C:\Source\Repos\file-share-service-ui\node_modules\jest-circus\build\run.js:281:40)
    at processTicksAndRejections (node:internal/process/task_queues:95:5)
    at _runTest (C:\Source\Repos\file-share-service-ui\node_modules\jest-circus\build\run.js:246:5)
    at _runTestsForDescribeBlock (C:\Source\Repos\file-share-service-ui\node_modules\jest-circus\build\run.js:126:9)
    at _runTestsForDescribeBlock (C:\Source\Repos\file-share-service-ui\node_modules\jest-circus\build\run.js:121:9)
    at run (C:\Source\Repos\file-share-service-ui\node_modules\jest-circus\build\run.js:71:3)
    at runAndTransformResultsToJestFormat (C:\Source\Repos\file-share-service-ui\node_modules\jest-circus\build\legacy-code-todo-rewrite\jestAdapterInit.js:122:21)</failure>
    </testcase>
    <testcase classname="EssListEncsComponent should set exchangeSetDownloadZipType to S63 when essDownloadZipType is called with S63" name="EssListEncsComponent should set exchangeSetDownloadZipType to S63 when essDownloadZipType is called with S63" time="0.032">
      <failure>NullInjectorError: R3InjectorError(DynamicTestModule)[InjectionToken CDK_TABLE -&gt; InjectionToken CDK_TABLE]: 
  NullInjectorError: No provider for InjectionToken CDK_TABLE!
    at NullInjector.get (C:\Source\Repos\file-share-service-ui\node_modules\@angular\core\fesm2022\core.mjs:1427:21)
    at R3Injector.get (C:\Source\Repos\file-share-service-ui\node_modules\@angular\core\fesm2022\core.mjs:2312:27)
    at R3Injector.get (C:\Source\Repos\file-share-service-ui\node_modules\@angular\core\fesm2022\core.mjs:2312:27)
    at ChainedInjector.get (C:\Source\Repos\file-share-service-ui\node_modules\@angular\core\fesm2022\core.mjs:9866:32)
    at get (C:\Source\Repos\file-share-service-ui\node_modules\@angular\core\fesm2022\core.mjs:3831:31)
    at lookupTokenUsingModuleInjector (C:\Source\Repos\file-share-service-ui\node_modules\@angular\core\fesm2022\core.mjs:3856:10)
    at getOrCreateInjectable (C:\Source\Repos\file-share-service-ui\node_modules\@angular\core\fesm2022\core.mjs:6788:17)
    at ɵɵinject (C:\Source\Repos\file-share-service-ui\node_modules\@angular\core\fesm2022\core.mjs:1146:58)
    at ɵɵinject (C:\Source\Repos\file-share-service-ui\node_modules\@angular\core\fesm2022\core.mjs:1155:10)
    at new _HeaderRowOutlet (C:\Source\Repos\file-share-service-ui\node_modules\@angular\cdk\fesm2022\table.mjs:996:41)
    at NodeInjectorFactory._HeaderRowOutlet_Factory [as factory] (ng:///_HeaderRowOutlet/ɵfac.js:5:10)
    at factory (C:\Source\Repos\file-share-service-ui\node_modules\@angular\core\fesm2022\core.mjs:4008:38)
    at getNodeInjectable (C:\Source\Repos\file-share-service-ui\node_modules\@angular\core\fesm2022\core.mjs:7376:23)
    at instantiateAllDirectives (C:\Source\Repos\file-share-service-ui\node_modules\@angular\core\fesm2022\core.mjs:6967:3)
    at createDirectivesInstances (C:\Source\Repos\file-share-service-ui\node_modules\@angular\core\fesm2022\core.mjs:14052:5)
    at ɵɵelementContainerStart (C:\Source\Repos\file-share-service-ui\node_modules\@angular\core\fesm2022\core.mjs:14084:3)
    at TableComponent_Conditional_3_Template (ng:///TableComponent.js:12:5)
    at templateFn (C:\Source\Repos\file-share-service-ui\node_modules\@angular\core\fesm2022\core.mjs:6938:5)
    at executeTemplate (C:\Source\Repos\file-share-service-ui\node_modules\@angular\core\fesm2022\core.mjs:7728:7)
    at renderView (C:\Source\Repos\file-share-service-ui\node_modules\@angular\core\fesm2022\core.mjs:7777:5)
    at createAndRenderEmbeddedLView (C:\Source\Repos\file-share-service-ui\node_modules\@angular\core\fesm2022\core.mjs:13739:31)
    at TableComponent_Template (ng:///TableComponent.js:41:5)
    at templateFn (C:\Source\Repos\file-share-service-ui\node_modules\@angular\core\fesm2022\core.mjs:6938:5)
    at executeTemplate (C:\Source\Repos\file-share-service-ui\node_modules\@angular\core\fesm2022\core.mjs:7959:7)
    at refreshView (C:\Source\Repos\file-share-service-ui\node_modules\@angular\core\fesm2022\core.mjs:8122:5)
    at detectChangesInView$1 (C:\Source\Repos\file-share-service-ui\node_modules\@angular\core\fesm2022\core.mjs:8106:3)
    at detectChangesInViewIfAttached (C:\Source\Repos\file-share-service-ui\node_modules\@angular\core\fesm2022\core.mjs:8100:3)
    at detectChangesInComponent (C:\Source\Repos\file-share-service-ui\node_modules\@angular\core\fesm2022\core.mjs:8142:5)
    at detectChangesInChildComponents (C:\Source\Repos\file-share-service-ui\node_modules\@angular\core\fesm2022\core.mjs:8015:7)
    at refreshView (C:\Source\Repos\file-share-service-ui\node_modules\@angular\core\fesm2022\core.mjs:8122:5)
    at detectChangesInView$1 (C:\Source\Repos\file-share-service-ui\node_modules\@angular\core\fesm2022\core.mjs:8106:3)
    at detectChangesInViewIfAttached (C:\Source\Repos\file-share-service-ui\node_modules\@angular\core\fesm2022\core.mjs:8079:7)
    at detectChangesInEmbeddedViews (C:\Source\Repos\file-share-service-ui\node_modules\@angular\core\fesm2022\core.mjs:7981:5)
    at refreshView (C:\Source\Repos\file-share-service-ui\node_modules\@angular\core\fesm2022\core.mjs:8122:5)
    at detectChangesInView$1 (C:\Source\Repos\file-share-service-ui\node_modules\@angular\core\fesm2022\core.mjs:8106:3)
    at detectChangesInViewIfAttached (C:\Source\Repos\file-share-service-ui\node_modules\@angular\core\fesm2022\core.mjs:8100:3)
    at detectChangesInComponent (C:\Source\Repos\file-share-service-ui\node_modules\@angular\core\fesm2022\core.mjs:8142:5)
    at detectChangesInChildComponents (C:\Source\Repos\file-share-service-ui\node_modules\@angular\core\fesm2022\core.mjs:8015:7)
    at refreshView (C:\Source\Repos\file-share-service-ui\node_modules\@angular\core\fesm2022\core.mjs:8122:5)
    at detectChangesInView$1 (C:\Source\Repos\file-share-service-ui\node_modules\@angular\core\fesm2022\core.mjs:7918:3)
    at detectChangesInViewWhileDirty (C:\Source\Repos\file-share-service-ui\node_modules\@angular\core\fesm2022\core.mjs:7904:5)
    at ViewRef$1.detectChangesInternal [as detectChanges] (C:\Source\Repos\file-share-service-ui\node_modules\@angular\core\fesm2022\core.mjs:8382:5)
    at detectChanges (C:\Source\Repos\file-share-service-ui\node_modules\@angular\core\fesm2022\testing.mjs:340:30)
    at _ZoneDelegate.invoke (C:\Source\Repos\file-share-service-ui\node_modules\zone.js\bundles\zone.umd.js:395:160)
    at ProxyZoneSpec.onInvoke (C:\Source\Repos\file-share-service-ui\node_modules\zone.js\bundles\zone-testing.umd.js:2157:35)
    at _ZoneDelegate.invoke (C:\Source\Repos\file-share-service-ui\node_modules\zone.js\bundles\zone.umd.js:395:48)
    at Object.invoke [as onInvoke] (C:\Source\Repos\file-share-service-ui\node_modules\@angular\core\fesm2022\core.mjs:9306:25)
    at _ZoneDelegate.invoke (C:\Source\Repos\file-share-service-ui\node_modules\zone.js\bundles\zone.umd.js:395:48)
    at ZoneImpl.run (C:\Source\Repos\file-share-service-ui\node_modules\zone.js\bundles\zone.umd.js:145:37)
    at NgZone.run (C:\Source\Repos\file-share-service-ui\node_modules\@angular\core\fesm2022\core.mjs:9197:24)
    at PseudoApplicationComponentFixture.run [as detectChanges] (C:\Source\Repos\file-share-service-ui\node_modules\@angular\core\fesm2022\testing.mjs:339:18)
    at C:\Source\Repos\file-share-service-ui\Tests\UnitTests\ess-list-encs.component.spec.ts:377:13
    at _ZoneDelegate.invoke (C:\Source\Repos\file-share-service-ui\node_modules\zone.js\bundles\zone.umd.js:395:160)
    at ProxyZoneSpec.onInvoke (C:\Source\Repos\file-share-service-ui\node_modules\zone.js\bundles\zone-testing.umd.js:2157:35)
    at _ZoneDelegate.invoke (C:\Source\Repos\file-share-service-ui\node_modules\zone.js\bundles\zone.umd.js:395:48)
    at ZoneImpl.run (C:\Source\Repos\file-share-service-ui\node_modules\zone.js\bundles\zone.umd.js:145:37)
    at Object.wrappedFunc (C:\Source\Repos\file-share-service-ui\node_modules\zone.js\bundles\zone-testing.umd.js:430:28)
    at Promise.then.completed (C:\Source\Repos\file-share-service-ui\node_modules\jest-circus\build\utils.js:298:28)
    at new Promise (&lt;anonymous&gt;)
    at callAsyncCircusFn (C:\Source\Repos\file-share-service-ui\node_modules\jest-circus\build\utils.js:231:10)
    at _callCircusHook (C:\Source\Repos\file-share-service-ui\node_modules\jest-circus\build\run.js:281:40)
    at processTicksAndRejections (node:internal/process/task_queues:95:5)
    at _runTest (C:\Source\Repos\file-share-service-ui\node_modules\jest-circus\build\run.js:246:5)
    at _runTestsForDescribeBlock (C:\Source\Repos\file-share-service-ui\node_modules\jest-circus\build\run.js:126:9)
    at _runTestsForDescribeBlock (C:\Source\Repos\file-share-service-ui\node_modules\jest-circus\build\run.js:121:9)
    at run (C:\Source\Repos\file-share-service-ui\node_modules\jest-circus\build\run.js:71:3)
    at runAndTransformResultsToJestFormat (C:\Source\Repos\file-share-service-ui\node_modules\jest-circus\build\legacy-code-todo-rewrite\jestAdapterInit.js:122:21)</failure>
    </testcase>
    <testcase classname="EssListEncsComponent should set exchangeSetDownloadZipType to S63 when essDownloadZipType is called with any other value" name="EssListEncsComponent should set exchangeSetDownloadZipType to S63 when essDownloadZipType is called with any other value" time="0.034">
      <failure>NullInjectorError: R3InjectorError(DynamicTestModule)[InjectionToken CDK_TABLE -&gt; InjectionToken CDK_TABLE]: 
  NullInjectorError: No provider for InjectionToken CDK_TABLE!
    at NullInjector.get (C:\Source\Repos\file-share-service-ui\node_modules\@angular\core\fesm2022\core.mjs:1427:21)
    at R3Injector.get (C:\Source\Repos\file-share-service-ui\node_modules\@angular\core\fesm2022\core.mjs:2312:27)
    at R3Injector.get (C:\Source\Repos\file-share-service-ui\node_modules\@angular\core\fesm2022\core.mjs:2312:27)
    at ChainedInjector.get (C:\Source\Repos\file-share-service-ui\node_modules\@angular\core\fesm2022\core.mjs:9866:32)
    at get (C:\Source\Repos\file-share-service-ui\node_modules\@angular\core\fesm2022\core.mjs:3831:31)
    at lookupTokenUsingModuleInjector (C:\Source\Repos\file-share-service-ui\node_modules\@angular\core\fesm2022\core.mjs:3856:10)
    at getOrCreateInjectable (C:\Source\Repos\file-share-service-ui\node_modules\@angular\core\fesm2022\core.mjs:6788:17)
    at ɵɵinject (C:\Source\Repos\file-share-service-ui\node_modules\@angular\core\fesm2022\core.mjs:1146:58)
    at ɵɵinject (C:\Source\Repos\file-share-service-ui\node_modules\@angular\core\fesm2022\core.mjs:1155:10)
    at new _HeaderRowOutlet (C:\Source\Repos\file-share-service-ui\node_modules\@angular\cdk\fesm2022\table.mjs:996:41)
    at NodeInjectorFactory._HeaderRowOutlet_Factory [as factory] (ng:///_HeaderRowOutlet/ɵfac.js:5:10)
    at factory (C:\Source\Repos\file-share-service-ui\node_modules\@angular\core\fesm2022\core.mjs:4008:38)
    at getNodeInjectable (C:\Source\Repos\file-share-service-ui\node_modules\@angular\core\fesm2022\core.mjs:7376:23)
    at instantiateAllDirectives (C:\Source\Repos\file-share-service-ui\node_modules\@angular\core\fesm2022\core.mjs:6967:3)
    at createDirectivesInstances (C:\Source\Repos\file-share-service-ui\node_modules\@angular\core\fesm2022\core.mjs:14052:5)
    at ɵɵelementContainerStart (C:\Source\Repos\file-share-service-ui\node_modules\@angular\core\fesm2022\core.mjs:14084:3)
    at TableComponent_Conditional_3_Template (ng:///TableComponent.js:12:5)
    at templateFn (C:\Source\Repos\file-share-service-ui\node_modules\@angular\core\fesm2022\core.mjs:6938:5)
    at executeTemplate (C:\Source\Repos\file-share-service-ui\node_modules\@angular\core\fesm2022\core.mjs:7728:7)
    at renderView (C:\Source\Repos\file-share-service-ui\node_modules\@angular\core\fesm2022\core.mjs:7777:5)
    at createAndRenderEmbeddedLView (C:\Source\Repos\file-share-service-ui\node_modules\@angular\core\fesm2022\core.mjs:13739:31)
    at TableComponent_Template (ng:///TableComponent.js:41:5)
    at templateFn (C:\Source\Repos\file-share-service-ui\node_modules\@angular\core\fesm2022\core.mjs:6938:5)
    at executeTemplate (C:\Source\Repos\file-share-service-ui\node_modules\@angular\core\fesm2022\core.mjs:7959:7)
    at refreshView (C:\Source\Repos\file-share-service-ui\node_modules\@angular\core\fesm2022\core.mjs:8122:5)
    at detectChangesInView$1 (C:\Source\Repos\file-share-service-ui\node_modules\@angular\core\fesm2022\core.mjs:8106:3)
    at detectChangesInViewIfAttached (C:\Source\Repos\file-share-service-ui\node_modules\@angular\core\fesm2022\core.mjs:8100:3)
    at detectChangesInComponent (C:\Source\Repos\file-share-service-ui\node_modules\@angular\core\fesm2022\core.mjs:8142:5)
    at detectChangesInChildComponents (C:\Source\Repos\file-share-service-ui\node_modules\@angular\core\fesm2022\core.mjs:8015:7)
    at refreshView (C:\Source\Repos\file-share-service-ui\node_modules\@angular\core\fesm2022\core.mjs:8122:5)
    at detectChangesInView$1 (C:\Source\Repos\file-share-service-ui\node_modules\@angular\core\fesm2022\core.mjs:8106:3)
    at detectChangesInViewIfAttached (C:\Source\Repos\file-share-service-ui\node_modules\@angular\core\fesm2022\core.mjs:8079:7)
    at detectChangesInEmbeddedViews (C:\Source\Repos\file-share-service-ui\node_modules\@angular\core\fesm2022\core.mjs:7981:5)
    at refreshView (C:\Source\Repos\file-share-service-ui\node_modules\@angular\core\fesm2022\core.mjs:8122:5)
    at detectChangesInView$1 (C:\Source\Repos\file-share-service-ui\node_modules\@angular\core\fesm2022\core.mjs:8106:3)
    at detectChangesInViewIfAttached (C:\Source\Repos\file-share-service-ui\node_modules\@angular\core\fesm2022\core.mjs:8100:3)
    at detectChangesInComponent (C:\Source\Repos\file-share-service-ui\node_modules\@angular\core\fesm2022\core.mjs:8142:5)
    at detectChangesInChildComponents (C:\Source\Repos\file-share-service-ui\node_modules\@angular\core\fesm2022\core.mjs:8015:7)
    at refreshView (C:\Source\Repos\file-share-service-ui\node_modules\@angular\core\fesm2022\core.mjs:8122:5)
    at detectChangesInView$1 (C:\Source\Repos\file-share-service-ui\node_modules\@angular\core\fesm2022\core.mjs:7918:3)
    at detectChangesInViewWhileDirty (C:\Source\Repos\file-share-service-ui\node_modules\@angular\core\fesm2022\core.mjs:7904:5)
    at ViewRef$1.detectChangesInternal [as detectChanges] (C:\Source\Repos\file-share-service-ui\node_modules\@angular\core\fesm2022\core.mjs:8382:5)
    at detectChanges (C:\Source\Repos\file-share-service-ui\node_modules\@angular\core\fesm2022\testing.mjs:340:30)
    at _ZoneDelegate.invoke (C:\Source\Repos\file-share-service-ui\node_modules\zone.js\bundles\zone.umd.js:395:160)
    at ProxyZoneSpec.onInvoke (C:\Source\Repos\file-share-service-ui\node_modules\zone.js\bundles\zone-testing.umd.js:2157:35)
    at _ZoneDelegate.invoke (C:\Source\Repos\file-share-service-ui\node_modules\zone.js\bundles\zone.umd.js:395:48)
    at Object.invoke [as onInvoke] (C:\Source\Repos\file-share-service-ui\node_modules\@angular\core\fesm2022\core.mjs:9306:25)
    at _ZoneDelegate.invoke (C:\Source\Repos\file-share-service-ui\node_modules\zone.js\bundles\zone.umd.js:395:48)
    at ZoneImpl.run (C:\Source\Repos\file-share-service-ui\node_modules\zone.js\bundles\zone.umd.js:145:37)
    at NgZone.run (C:\Source\Repos\file-share-service-ui\node_modules\@angular\core\fesm2022\core.mjs:9197:24)
    at PseudoApplicationComponentFixture.run [as detectChanges] (C:\Source\Repos\file-share-service-ui\node_modules\@angular\core\fesm2022\testing.mjs:339:18)
    at C:\Source\Repos\file-share-service-ui\Tests\UnitTests\ess-list-encs.component.spec.ts:377:13
    at _ZoneDelegate.invoke (C:\Source\Repos\file-share-service-ui\node_modules\zone.js\bundles\zone.umd.js:395:160)
    at ProxyZoneSpec.onInvoke (C:\Source\Repos\file-share-service-ui\node_modules\zone.js\bundles\zone-testing.umd.js:2157:35)
    at _ZoneDelegate.invoke (C:\Source\Repos\file-share-service-ui\node_modules\zone.js\bundles\zone.umd.js:395:48)
    at ZoneImpl.run (C:\Source\Repos\file-share-service-ui\node_modules\zone.js\bundles\zone.umd.js:145:37)
    at Object.wrappedFunc (C:\Source\Repos\file-share-service-ui\node_modules\zone.js\bundles\zone-testing.umd.js:430:28)
    at Promise.then.completed (C:\Source\Repos\file-share-service-ui\node_modules\jest-circus\build\utils.js:298:28)
    at new Promise (&lt;anonymous&gt;)
    at callAsyncCircusFn (C:\Source\Repos\file-share-service-ui\node_modules\jest-circus\build\utils.js:231:10)
    at _callCircusHook (C:\Source\Repos\file-share-service-ui\node_modules\jest-circus\build\run.js:281:40)
    at processTicksAndRejections (node:internal/process/task_queues:95:5)
    at _runTest (C:\Source\Repos\file-share-service-ui\node_modules\jest-circus\build\run.js:246:5)
    at _runTestsForDescribeBlock (C:\Source\Repos\file-share-service-ui\node_modules\jest-circus\build\run.js:126:9)
    at _runTestsForDescribeBlock (C:\Source\Repos\file-share-service-ui\node_modules\jest-circus\build\run.js:121:9)
    at run (C:\Source\Repos\file-share-service-ui\node_modules\jest-circus\build\run.js:71:3)
    at runAndTransformResultsToJestFormat (C:\Source\Repos\file-share-service-ui\node_modules\jest-circus\build\legacy-code-todo-rewrite\jestAdapterInit.js:122:21)</failure>
    </testcase>
    <testcase classname="EssListEncsComponent when &quot;Request ENCs&quot; button is clicked, at least one radio button must be selected" name="EssListEncsComponent when &quot;Request ENCs&quot; button is clicked, at least one radio button must be selected" time="0.03">
      <failure>NullInjectorError: R3InjectorError(DynamicTestModule)[InjectionToken CDK_TABLE -&gt; InjectionToken CDK_TABLE]: 
  NullInjectorError: No provider for InjectionToken CDK_TABLE!
    at NullInjector.get (C:\Source\Repos\file-share-service-ui\node_modules\@angular\core\fesm2022\core.mjs:1427:21)
    at R3Injector.get (C:\Source\Repos\file-share-service-ui\node_modules\@angular\core\fesm2022\core.mjs:2312:27)
    at R3Injector.get (C:\Source\Repos\file-share-service-ui\node_modules\@angular\core\fesm2022\core.mjs:2312:27)
    at ChainedInjector.get (C:\Source\Repos\file-share-service-ui\node_modules\@angular\core\fesm2022\core.mjs:9866:32)
    at get (C:\Source\Repos\file-share-service-ui\node_modules\@angular\core\fesm2022\core.mjs:3831:31)
    at lookupTokenUsingModuleInjector (C:\Source\Repos\file-share-service-ui\node_modules\@angular\core\fesm2022\core.mjs:3856:10)
    at getOrCreateInjectable (C:\Source\Repos\file-share-service-ui\node_modules\@angular\core\fesm2022\core.mjs:6788:17)
    at ɵɵinject (C:\Source\Repos\file-share-service-ui\node_modules\@angular\core\fesm2022\core.mjs:1146:58)
    at ɵɵinject (C:\Source\Repos\file-share-service-ui\node_modules\@angular\core\fesm2022\core.mjs:1155:10)
    at new _HeaderRowOutlet (C:\Source\Repos\file-share-service-ui\node_modules\@angular\cdk\fesm2022\table.mjs:996:41)
    at NodeInjectorFactory._HeaderRowOutlet_Factory [as factory] (ng:///_HeaderRowOutlet/ɵfac.js:5:10)
    at factory (C:\Source\Repos\file-share-service-ui\node_modules\@angular\core\fesm2022\core.mjs:4008:38)
    at getNodeInjectable (C:\Source\Repos\file-share-service-ui\node_modules\@angular\core\fesm2022\core.mjs:7376:23)
    at instantiateAllDirectives (C:\Source\Repos\file-share-service-ui\node_modules\@angular\core\fesm2022\core.mjs:6967:3)
    at createDirectivesInstances (C:\Source\Repos\file-share-service-ui\node_modules\@angular\core\fesm2022\core.mjs:14052:5)
    at ɵɵelementContainerStart (C:\Source\Repos\file-share-service-ui\node_modules\@angular\core\fesm2022\core.mjs:14084:3)
    at TableComponent_Conditional_3_Template (ng:///TableComponent.js:12:5)
    at templateFn (C:\Source\Repos\file-share-service-ui\node_modules\@angular\core\fesm2022\core.mjs:6938:5)
    at executeTemplate (C:\Source\Repos\file-share-service-ui\node_modules\@angular\core\fesm2022\core.mjs:7728:7)
    at renderView (C:\Source\Repos\file-share-service-ui\node_modules\@angular\core\fesm2022\core.mjs:7777:5)
    at createAndRenderEmbeddedLView (C:\Source\Repos\file-share-service-ui\node_modules\@angular\core\fesm2022\core.mjs:13739:31)
    at TableComponent_Template (ng:///TableComponent.js:41:5)
    at templateFn (C:\Source\Repos\file-share-service-ui\node_modules\@angular\core\fesm2022\core.mjs:6938:5)
    at executeTemplate (C:\Source\Repos\file-share-service-ui\node_modules\@angular\core\fesm2022\core.mjs:7959:7)
    at refreshView (C:\Source\Repos\file-share-service-ui\node_modules\@angular\core\fesm2022\core.mjs:8122:5)
    at detectChangesInView$1 (C:\Source\Repos\file-share-service-ui\node_modules\@angular\core\fesm2022\core.mjs:8106:3)
    at detectChangesInViewIfAttached (C:\Source\Repos\file-share-service-ui\node_modules\@angular\core\fesm2022\core.mjs:8100:3)
    at detectChangesInComponent (C:\Source\Repos\file-share-service-ui\node_modules\@angular\core\fesm2022\core.mjs:8142:5)
    at detectChangesInChildComponents (C:\Source\Repos\file-share-service-ui\node_modules\@angular\core\fesm2022\core.mjs:8015:7)
    at refreshView (C:\Source\Repos\file-share-service-ui\node_modules\@angular\core\fesm2022\core.mjs:8122:5)
    at detectChangesInView$1 (C:\Source\Repos\file-share-service-ui\node_modules\@angular\core\fesm2022\core.mjs:8106:3)
    at detectChangesInViewIfAttached (C:\Source\Repos\file-share-service-ui\node_modules\@angular\core\fesm2022\core.mjs:8079:7)
    at detectChangesInEmbeddedViews (C:\Source\Repos\file-share-service-ui\node_modules\@angular\core\fesm2022\core.mjs:7981:5)
    at refreshView (C:\Source\Repos\file-share-service-ui\node_modules\@angular\core\fesm2022\core.mjs:8122:5)
    at detectChangesInView$1 (C:\Source\Repos\file-share-service-ui\node_modules\@angular\core\fesm2022\core.mjs:8106:3)
    at detectChangesInViewIfAttached (C:\Source\Repos\file-share-service-ui\node_modules\@angular\core\fesm2022\core.mjs:8100:3)
    at detectChangesInComponent (C:\Source\Repos\file-share-service-ui\node_modules\@angular\core\fesm2022\core.mjs:8142:5)
    at detectChangesInChildComponents (C:\Source\Repos\file-share-service-ui\node_modules\@angular\core\fesm2022\core.mjs:8015:7)
    at refreshView (C:\Source\Repos\file-share-service-ui\node_modules\@angular\core\fesm2022\core.mjs:8122:5)
    at detectChangesInView$1 (C:\Source\Repos\file-share-service-ui\node_modules\@angular\core\fesm2022\core.mjs:7918:3)
    at detectChangesInViewWhileDirty (C:\Source\Repos\file-share-service-ui\node_modules\@angular\core\fesm2022\core.mjs:7904:5)
    at ViewRef$1.detectChangesInternal [as detectChanges] (C:\Source\Repos\file-share-service-ui\node_modules\@angular\core\fesm2022\core.mjs:8382:5)
    at detectChanges (C:\Source\Repos\file-share-service-ui\node_modules\@angular\core\fesm2022\testing.mjs:340:30)
    at _ZoneDelegate.invoke (C:\Source\Repos\file-share-service-ui\node_modules\zone.js\bundles\zone.umd.js:395:160)
    at ProxyZoneSpec.onInvoke (C:\Source\Repos\file-share-service-ui\node_modules\zone.js\bundles\zone-testing.umd.js:2157:35)
    at _ZoneDelegate.invoke (C:\Source\Repos\file-share-service-ui\node_modules\zone.js\bundles\zone.umd.js:395:48)
    at Object.invoke [as onInvoke] (C:\Source\Repos\file-share-service-ui\node_modules\@angular\core\fesm2022\core.mjs:9306:25)
    at _ZoneDelegate.invoke (C:\Source\Repos\file-share-service-ui\node_modules\zone.js\bundles\zone.umd.js:395:48)
    at ZoneImpl.run (C:\Source\Repos\file-share-service-ui\node_modules\zone.js\bundles\zone.umd.js:145:37)
    at NgZone.run (C:\Source\Repos\file-share-service-ui\node_modules\@angular\core\fesm2022\core.mjs:9197:24)
    at PseudoApplicationComponentFixture.run [as detectChanges] (C:\Source\Repos\file-share-service-ui\node_modules\@angular\core\fesm2022\testing.mjs:339:18)
    at C:\Source\Repos\file-share-service-ui\Tests\UnitTests\ess-list-encs.component.spec.ts:377:13
    at _ZoneDelegate.invoke (C:\Source\Repos\file-share-service-ui\node_modules\zone.js\bundles\zone.umd.js:395:160)
    at ProxyZoneSpec.onInvoke (C:\Source\Repos\file-share-service-ui\node_modules\zone.js\bundles\zone-testing.umd.js:2157:35)
    at _ZoneDelegate.invoke (C:\Source\Repos\file-share-service-ui\node_modules\zone.js\bundles\zone.umd.js:395:48)
    at ZoneImpl.run (C:\Source\Repos\file-share-service-ui\node_modules\zone.js\bundles\zone.umd.js:145:37)
    at Object.wrappedFunc (C:\Source\Repos\file-share-service-ui\node_modules\zone.js\bundles\zone-testing.umd.js:430:28)
    at Promise.then.completed (C:\Source\Repos\file-share-service-ui\node_modules\jest-circus\build\utils.js:298:28)
    at new Promise (&lt;anonymous&gt;)
    at callAsyncCircusFn (C:\Source\Repos\file-share-service-ui\node_modules\jest-circus\build\utils.js:231:10)
    at _callCircusHook (C:\Source\Repos\file-share-service-ui\node_modules\jest-circus\build\run.js:281:40)
    at processTicksAndRejections (node:internal/process/task_queues:95:5)
    at _runTest (C:\Source\Repos\file-share-service-ui\node_modules\jest-circus\build\run.js:246:5)
    at _runTestsForDescribeBlock (C:\Source\Repos\file-share-service-ui\node_modules\jest-circus\build\run.js:126:9)
    at _runTestsForDescribeBlock (C:\Source\Repos\file-share-service-ui\node_modules\jest-circus\build\run.js:121:9)
    at run (C:\Source\Repos\file-share-service-ui\node_modules\jest-circus\build\run.js:71:3)
    at runAndTransformResultsToJestFormat (C:\Source\Repos\file-share-service-ui\node_modules\jest-circus\build\legacy-code-todo-rewrite\jestAdapterInit.js:122:21)</failure>
    </testcase>
    <testcase classname="EssListEncsComponent should render &quot;Estimated exchange set size&quot; when &quot;S63 Exchange Set&quot;radio button is selected" name="EssListEncsComponent should render &quot;Estimated exchange set size&quot; when &quot;S63 Exchange Set&quot;radio button is selected" time="0.023">
      <failure>NullInjectorError: R3InjectorError(DynamicTestModule)[InjectionToken CDK_TABLE -&gt; InjectionToken CDK_TABLE]: 
  NullInjectorError: No provider for InjectionToken CDK_TABLE!
    at NullInjector.get (C:\Source\Repos\file-share-service-ui\node_modules\@angular\core\fesm2022\core.mjs:1427:21)
    at R3Injector.get (C:\Source\Repos\file-share-service-ui\node_modules\@angular\core\fesm2022\core.mjs:2312:27)
    at R3Injector.get (C:\Source\Repos\file-share-service-ui\node_modules\@angular\core\fesm2022\core.mjs:2312:27)
    at ChainedInjector.get (C:\Source\Repos\file-share-service-ui\node_modules\@angular\core\fesm2022\core.mjs:9866:32)
    at get (C:\Source\Repos\file-share-service-ui\node_modules\@angular\core\fesm2022\core.mjs:3831:31)
    at lookupTokenUsingModuleInjector (C:\Source\Repos\file-share-service-ui\node_modules\@angular\core\fesm2022\core.mjs:3856:10)
    at getOrCreateInjectable (C:\Source\Repos\file-share-service-ui\node_modules\@angular\core\fesm2022\core.mjs:6788:17)
    at ɵɵinject (C:\Source\Repos\file-share-service-ui\node_modules\@angular\core\fesm2022\core.mjs:1146:58)
    at ɵɵinject (C:\Source\Repos\file-share-service-ui\node_modules\@angular\core\fesm2022\core.mjs:1155:10)
    at new _HeaderRowOutlet (C:\Source\Repos\file-share-service-ui\node_modules\@angular\cdk\fesm2022\table.mjs:996:41)
    at NodeInjectorFactory._HeaderRowOutlet_Factory [as factory] (ng:///_HeaderRowOutlet/ɵfac.js:5:10)
    at factory (C:\Source\Repos\file-share-service-ui\node_modules\@angular\core\fesm2022\core.mjs:4008:38)
    at getNodeInjectable (C:\Source\Repos\file-share-service-ui\node_modules\@angular\core\fesm2022\core.mjs:7376:23)
    at instantiateAllDirectives (C:\Source\Repos\file-share-service-ui\node_modules\@angular\core\fesm2022\core.mjs:6967:3)
    at createDirectivesInstances (C:\Source\Repos\file-share-service-ui\node_modules\@angular\core\fesm2022\core.mjs:14052:5)
    at ɵɵelementContainerStart (C:\Source\Repos\file-share-service-ui\node_modules\@angular\core\fesm2022\core.mjs:14084:3)
    at TableComponent_Conditional_3_Template (ng:///TableComponent.js:12:5)
    at templateFn (C:\Source\Repos\file-share-service-ui\node_modules\@angular\core\fesm2022\core.mjs:6938:5)
    at executeTemplate (C:\Source\Repos\file-share-service-ui\node_modules\@angular\core\fesm2022\core.mjs:7728:7)
    at renderView (C:\Source\Repos\file-share-service-ui\node_modules\@angular\core\fesm2022\core.mjs:7777:5)
    at createAndRenderEmbeddedLView (C:\Source\Repos\file-share-service-ui\node_modules\@angular\core\fesm2022\core.mjs:13739:31)
    at TableComponent_Template (ng:///TableComponent.js:41:5)
    at templateFn (C:\Source\Repos\file-share-service-ui\node_modules\@angular\core\fesm2022\core.mjs:6938:5)
    at executeTemplate (C:\Source\Repos\file-share-service-ui\node_modules\@angular\core\fesm2022\core.mjs:7959:7)
    at refreshView (C:\Source\Repos\file-share-service-ui\node_modules\@angular\core\fesm2022\core.mjs:8122:5)
    at detectChangesInView$1 (C:\Source\Repos\file-share-service-ui\node_modules\@angular\core\fesm2022\core.mjs:8106:3)
    at detectChangesInViewIfAttached (C:\Source\Repos\file-share-service-ui\node_modules\@angular\core\fesm2022\core.mjs:8100:3)
    at detectChangesInComponent (C:\Source\Repos\file-share-service-ui\node_modules\@angular\core\fesm2022\core.mjs:8142:5)
    at detectChangesInChildComponents (C:\Source\Repos\file-share-service-ui\node_modules\@angular\core\fesm2022\core.mjs:8015:7)
    at refreshView (C:\Source\Repos\file-share-service-ui\node_modules\@angular\core\fesm2022\core.mjs:8122:5)
    at detectChangesInView$1 (C:\Source\Repos\file-share-service-ui\node_modules\@angular\core\fesm2022\core.mjs:8106:3)
    at detectChangesInViewIfAttached (C:\Source\Repos\file-share-service-ui\node_modules\@angular\core\fesm2022\core.mjs:8079:7)
    at detectChangesInEmbeddedViews (C:\Source\Repos\file-share-service-ui\node_modules\@angular\core\fesm2022\core.mjs:7981:5)
    at refreshView (C:\Source\Repos\file-share-service-ui\node_modules\@angular\core\fesm2022\core.mjs:8122:5)
    at detectChangesInView$1 (C:\Source\Repos\file-share-service-ui\node_modules\@angular\core\fesm2022\core.mjs:8106:3)
    at detectChangesInViewIfAttached (C:\Source\Repos\file-share-service-ui\node_modules\@angular\core\fesm2022\core.mjs:8100:3)
    at detectChangesInComponent (C:\Source\Repos\file-share-service-ui\node_modules\@angular\core\fesm2022\core.mjs:8142:5)
    at detectChangesInChildComponents (C:\Source\Repos\file-share-service-ui\node_modules\@angular\core\fesm2022\core.mjs:8015:7)
    at refreshView (C:\Source\Repos\file-share-service-ui\node_modules\@angular\core\fesm2022\core.mjs:8122:5)
    at detectChangesInView$1 (C:\Source\Repos\file-share-service-ui\node_modules\@angular\core\fesm2022\core.mjs:7918:3)
    at detectChangesInViewWhileDirty (C:\Source\Repos\file-share-service-ui\node_modules\@angular\core\fesm2022\core.mjs:7904:5)
    at ViewRef$1.detectChangesInternal [as detectChanges] (C:\Source\Repos\file-share-service-ui\node_modules\@angular\core\fesm2022\core.mjs:8382:5)
    at detectChanges (C:\Source\Repos\file-share-service-ui\node_modules\@angular\core\fesm2022\testing.mjs:340:30)
    at _ZoneDelegate.invoke (C:\Source\Repos\file-share-service-ui\node_modules\zone.js\bundles\zone.umd.js:395:160)
    at ProxyZoneSpec.onInvoke (C:\Source\Repos\file-share-service-ui\node_modules\zone.js\bundles\zone-testing.umd.js:2157:35)
    at _ZoneDelegate.invoke (C:\Source\Repos\file-share-service-ui\node_modules\zone.js\bundles\zone.umd.js:395:48)
    at Object.invoke [as onInvoke] (C:\Source\Repos\file-share-service-ui\node_modules\@angular\core\fesm2022\core.mjs:9306:25)
    at _ZoneDelegate.invoke (C:\Source\Repos\file-share-service-ui\node_modules\zone.js\bundles\zone.umd.js:395:48)
    at ZoneImpl.run (C:\Source\Repos\file-share-service-ui\node_modules\zone.js\bundles\zone.umd.js:145:37)
    at NgZone.run (C:\Source\Repos\file-share-service-ui\node_modules\@angular\core\fesm2022\core.mjs:9197:24)
    at PseudoApplicationComponentFixture.run [as detectChanges] (C:\Source\Repos\file-share-service-ui\node_modules\@angular\core\fesm2022\testing.mjs:339:18)
    at C:\Source\Repos\file-share-service-ui\Tests\UnitTests\ess-list-encs.component.spec.ts:377:13
    at _ZoneDelegate.invoke (C:\Source\Repos\file-share-service-ui\node_modules\zone.js\bundles\zone.umd.js:395:160)
    at ProxyZoneSpec.onInvoke (C:\Source\Repos\file-share-service-ui\node_modules\zone.js\bundles\zone-testing.umd.js:2157:35)
    at _ZoneDelegate.invoke (C:\Source\Repos\file-share-service-ui\node_modules\zone.js\bundles\zone.umd.js:395:48)
    at ZoneImpl.run (C:\Source\Repos\file-share-service-ui\node_modules\zone.js\bundles\zone.umd.js:145:37)
    at Object.wrappedFunc (C:\Source\Repos\file-share-service-ui\node_modules\zone.js\bundles\zone-testing.umd.js:430:28)
    at Promise.then.completed (C:\Source\Repos\file-share-service-ui\node_modules\jest-circus\build\utils.js:298:28)
    at new Promise (&lt;anonymous&gt;)
    at callAsyncCircusFn (C:\Source\Repos\file-share-service-ui\node_modules\jest-circus\build\utils.js:231:10)
    at _callCircusHook (C:\Source\Repos\file-share-service-ui\node_modules\jest-circus\build\run.js:281:40)
    at processTicksAndRejections (node:internal/process/task_queues:95:5)
    at _runTest (C:\Source\Repos\file-share-service-ui\node_modules\jest-circus\build\run.js:246:5)
    at _runTestsForDescribeBlock (C:\Source\Repos\file-share-service-ui\node_modules\jest-circus\build\run.js:126:9)
    at _runTestsForDescribeBlock (C:\Source\Repos\file-share-service-ui\node_modules\jest-circus\build\run.js:121:9)
    at run (C:\Source\Repos\file-share-service-ui\node_modules\jest-circus\build\run.js:71:3)
    at runAndTransformResultsToJestFormat (C:\Source\Repos\file-share-service-ui\node_modules\jest-circus\build\legacy-code-todo-rewrite\jestAdapterInit.js:122:21)</failure>
    </testcase>
    <testcase classname="EssListEncsComponent should not render paragraph when selectedOption is not equal to s63OptionValue" name="EssListEncsComponent should not render paragraph when selectedOption is not equal to s63OptionValue" time="0.023">
      <failure>NullInjectorError: R3InjectorError(DynamicTestModule)[InjectionToken CDK_TABLE -&gt; InjectionToken CDK_TABLE]: 
  NullInjectorError: No provider for InjectionToken CDK_TABLE!
    at NullInjector.get (C:\Source\Repos\file-share-service-ui\node_modules\@angular\core\fesm2022\core.mjs:1427:21)
    at R3Injector.get (C:\Source\Repos\file-share-service-ui\node_modules\@angular\core\fesm2022\core.mjs:2312:27)
    at R3Injector.get (C:\Source\Repos\file-share-service-ui\node_modules\@angular\core\fesm2022\core.mjs:2312:27)
    at ChainedInjector.get (C:\Source\Repos\file-share-service-ui\node_modules\@angular\core\fesm2022\core.mjs:9866:32)
    at get (C:\Source\Repos\file-share-service-ui\node_modules\@angular\core\fesm2022\core.mjs:3831:31)
    at lookupTokenUsingModuleInjector (C:\Source\Repos\file-share-service-ui\node_modules\@angular\core\fesm2022\core.mjs:3856:10)
    at getOrCreateInjectable (C:\Source\Repos\file-share-service-ui\node_modules\@angular\core\fesm2022\core.mjs:6788:17)
    at ɵɵinject (C:\Source\Repos\file-share-service-ui\node_modules\@angular\core\fesm2022\core.mjs:1146:58)
    at ɵɵinject (C:\Source\Repos\file-share-service-ui\node_modules\@angular\core\fesm2022\core.mjs:1155:10)
    at new _HeaderRowOutlet (C:\Source\Repos\file-share-service-ui\node_modules\@angular\cdk\fesm2022\table.mjs:996:41)
    at NodeInjectorFactory._HeaderRowOutlet_Factory [as factory] (ng:///_HeaderRowOutlet/ɵfac.js:5:10)
    at factory (C:\Source\Repos\file-share-service-ui\node_modules\@angular\core\fesm2022\core.mjs:4008:38)
    at getNodeInjectable (C:\Source\Repos\file-share-service-ui\node_modules\@angular\core\fesm2022\core.mjs:7376:23)
    at instantiateAllDirectives (C:\Source\Repos\file-share-service-ui\node_modules\@angular\core\fesm2022\core.mjs:6967:3)
    at createDirectivesInstances (C:\Source\Repos\file-share-service-ui\node_modules\@angular\core\fesm2022\core.mjs:14052:5)
    at ɵɵelementContainerStart (C:\Source\Repos\file-share-service-ui\node_modules\@angular\core\fesm2022\core.mjs:14084:3)
    at TableComponent_Conditional_3_Template (ng:///TableComponent.js:12:5)
    at templateFn (C:\Source\Repos\file-share-service-ui\node_modules\@angular\core\fesm2022\core.mjs:6938:5)
    at executeTemplate (C:\Source\Repos\file-share-service-ui\node_modules\@angular\core\fesm2022\core.mjs:7728:7)
    at renderView (C:\Source\Repos\file-share-service-ui\node_modules\@angular\core\fesm2022\core.mjs:7777:5)
    at createAndRenderEmbeddedLView (C:\Source\Repos\file-share-service-ui\node_modules\@angular\core\fesm2022\core.mjs:13739:31)
    at TableComponent_Template (ng:///TableComponent.js:41:5)
    at templateFn (C:\Source\Repos\file-share-service-ui\node_modules\@angular\core\fesm2022\core.mjs:6938:5)
    at executeTemplate (C:\Source\Repos\file-share-service-ui\node_modules\@angular\core\fesm2022\core.mjs:7959:7)
    at refreshView (C:\Source\Repos\file-share-service-ui\node_modules\@angular\core\fesm2022\core.mjs:8122:5)
    at detectChangesInView$1 (C:\Source\Repos\file-share-service-ui\node_modules\@angular\core\fesm2022\core.mjs:8106:3)
    at detectChangesInViewIfAttached (C:\Source\Repos\file-share-service-ui\node_modules\@angular\core\fesm2022\core.mjs:8100:3)
    at detectChangesInComponent (C:\Source\Repos\file-share-service-ui\node_modules\@angular\core\fesm2022\core.mjs:8142:5)
    at detectChangesInChildComponents (C:\Source\Repos\file-share-service-ui\node_modules\@angular\core\fesm2022\core.mjs:8015:7)
    at refreshView (C:\Source\Repos\file-share-service-ui\node_modules\@angular\core\fesm2022\core.mjs:8122:5)
    at detectChangesInView$1 (C:\Source\Repos\file-share-service-ui\node_modules\@angular\core\fesm2022\core.mjs:8106:3)
    at detectChangesInViewIfAttached (C:\Source\Repos\file-share-service-ui\node_modules\@angular\core\fesm2022\core.mjs:8079:7)
    at detectChangesInEmbeddedViews (C:\Source\Repos\file-share-service-ui\node_modules\@angular\core\fesm2022\core.mjs:7981:5)
    at refreshView (C:\Source\Repos\file-share-service-ui\node_modules\@angular\core\fesm2022\core.mjs:8122:5)
    at detectChangesInView$1 (C:\Source\Repos\file-share-service-ui\node_modules\@angular\core\fesm2022\core.mjs:8106:3)
    at detectChangesInViewIfAttached (C:\Source\Repos\file-share-service-ui\node_modules\@angular\core\fesm2022\core.mjs:8100:3)
    at detectChangesInComponent (C:\Source\Repos\file-share-service-ui\node_modules\@angular\core\fesm2022\core.mjs:8142:5)
    at detectChangesInChildComponents (C:\Source\Repos\file-share-service-ui\node_modules\@angular\core\fesm2022\core.mjs:8015:7)
    at refreshView (C:\Source\Repos\file-share-service-ui\node_modules\@angular\core\fesm2022\core.mjs:8122:5)
    at detectChangesInView$1 (C:\Source\Repos\file-share-service-ui\node_modules\@angular\core\fesm2022\core.mjs:7918:3)
    at detectChangesInViewWhileDirty (C:\Source\Repos\file-share-service-ui\node_modules\@angular\core\fesm2022\core.mjs:7904:5)
    at ViewRef$1.detectChangesInternal [as detectChanges] (C:\Source\Repos\file-share-service-ui\node_modules\@angular\core\fesm2022\core.mjs:8382:5)
    at detectChanges (C:\Source\Repos\file-share-service-ui\node_modules\@angular\core\fesm2022\testing.mjs:340:30)
    at _ZoneDelegate.invoke (C:\Source\Repos\file-share-service-ui\node_modules\zone.js\bundles\zone.umd.js:395:160)
    at ProxyZoneSpec.onInvoke (C:\Source\Repos\file-share-service-ui\node_modules\zone.js\bundles\zone-testing.umd.js:2157:35)
    at _ZoneDelegate.invoke (C:\Source\Repos\file-share-service-ui\node_modules\zone.js\bundles\zone.umd.js:395:48)
    at Object.invoke [as onInvoke] (C:\Source\Repos\file-share-service-ui\node_modules\@angular\core\fesm2022\core.mjs:9306:25)
    at _ZoneDelegate.invoke (C:\Source\Repos\file-share-service-ui\node_modules\zone.js\bundles\zone.umd.js:395:48)
    at ZoneImpl.run (C:\Source\Repos\file-share-service-ui\node_modules\zone.js\bundles\zone.umd.js:145:37)
    at NgZone.run (C:\Source\Repos\file-share-service-ui\node_modules\@angular\core\fesm2022\core.mjs:9197:24)
    at PseudoApplicationComponentFixture.run [as detectChanges] (C:\Source\Repos\file-share-service-ui\node_modules\@angular\core\fesm2022\testing.mjs:339:18)
    at C:\Source\Repos\file-share-service-ui\Tests\UnitTests\ess-list-encs.component.spec.ts:377:13
    at _ZoneDelegate.invoke (C:\Source\Repos\file-share-service-ui\node_modules\zone.js\bundles\zone.umd.js:395:160)
    at ProxyZoneSpec.onInvoke (C:\Source\Repos\file-share-service-ui\node_modules\zone.js\bundles\zone-testing.umd.js:2157:35)
    at _ZoneDelegate.invoke (C:\Source\Repos\file-share-service-ui\node_modules\zone.js\bundles\zone.umd.js:395:48)
    at ZoneImpl.run (C:\Source\Repos\file-share-service-ui\node_modules\zone.js\bundles\zone.umd.js:145:37)
    at Object.wrappedFunc (C:\Source\Repos\file-share-service-ui\node_modules\zone.js\bundles\zone-testing.umd.js:430:28)
    at Promise.then.completed (C:\Source\Repos\file-share-service-ui\node_modules\jest-circus\build\utils.js:298:28)
    at new Promise (&lt;anonymous&gt;)
    at callAsyncCircusFn (C:\Source\Repos\file-share-service-ui\node_modules\jest-circus\build\utils.js:231:10)
    at _callCircusHook (C:\Source\Repos\file-share-service-ui\node_modules\jest-circus\build\run.js:281:40)
    at processTicksAndRejections (node:internal/process/task_queues:95:5)
    at _runTest (C:\Source\Repos\file-share-service-ui\node_modules\jest-circus\build\run.js:246:5)
    at _runTestsForDescribeBlock (C:\Source\Repos\file-share-service-ui\node_modules\jest-circus\build\run.js:126:9)
    at _runTestsForDescribeBlock (C:\Source\Repos\file-share-service-ui\node_modules\jest-circus\build\run.js:121:9)
    at run (C:\Source\Repos\file-share-service-ui\node_modules\jest-circus\build\run.js:71:3)
    at runAndTransformResultsToJestFormat (C:\Source\Repos\file-share-service-ui\node_modules\jest-circus\build\legacy-code-todo-rewrite\jestAdapterInit.js:122:21)</failure>
    </testcase>
  </testsuite>
  <testsuite name="FssAdvancedSearchComponent" errors="0" failures="0" skipped="0" timestamp="2025-01-13T09:34:46" time="3.171" tests="31">
    <testcase classname="FssAdvancedSearchComponent should create" name="FssAdvancedSearchComponent should create" time="0.317">
    </testcase>
    <testcase classname="FssAdvancedSearchComponent should return datatype as &quot;attribute&quot; when UserAttribute is passed" name="FssAdvancedSearchComponent should return datatype as &quot;attribute&quot; when UserAttribute is passed" time="0.397">
    </testcase>
    <testcase classname="FssAdvancedSearchComponent should return datatype as &quot;string&quot; when SystemAttribute FileName is passed" name="FssAdvancedSearchComponent should return datatype as &quot;string&quot; when SystemAttribute FileName is passed" time="0.018">
    </testcase>
    <testcase classname="FssAdvancedSearchComponent should return filtered operators based on number datatype" name="FssAdvancedSearchComponent should return filtered operators based on number datatype" time="0.022">
    </testcase>
    <testcase classname="FssAdvancedSearchComponent should return value type text based on datatype string" name="FssAdvancedSearchComponent should return value type text based on datatype string" time="0.01">
    </testcase>
    <testcase classname="FssAdvancedSearchComponent should return operator type nullOperator based on operator value ne null" name="FssAdvancedSearchComponent should return operator type nullOperator based on operator value ne null" time="0.025">
    </testcase>
    <testcase classname="FssAdvancedSearchComponent should return second row based on rowid passed" name="FssAdvancedSearchComponent should return second row based on rowid passed" time="0.009">
    </testcase>
    <testcase classname="FssAdvancedSearchComponent should return only SystemAttribute fields when type = SystemAttribute is passed through pipe" name="FssAdvancedSearchComponent should return only SystemAttribute fields when type = SystemAttribute is passed through pipe" time="0.009">
    </testcase>
    <testcase classname="FssAdvancedSearchComponent should return only UserAttribute fields when type = UserAttribute is passed through pipe" name="FssAdvancedSearchComponent should return only UserAttribute fields when type = UserAttribute is passed through pipe" time="0.024">
    </testcase>
    <testcase classname="FssAdvancedSearchComponent should return flag false when FileSize value is passed as number" name="FssAdvancedSearchComponent should return flag false when FileSize value is passed as number" time="0.016">
    </testcase>
    <testcase classname="FssAdvancedSearchComponent should return row count 2 when Add new line is called twice" name="FssAdvancedSearchComponent should return row count 2 when Add new line is called twice" time="0.07">
    </testcase>
    <testcase classname="FssAdvancedSearchComponent should return row count 2 when 3 rows exist and delete is called" name="FssAdvancedSearchComponent should return row count 2 when 3 rows exist and delete is called" time="0.028">
    </testcase>
    <testcase classname="FssAdvancedSearchComponent should hide Value input when nullOperator is selected in the row" name="FssAdvancedSearchComponent should hide Value input when nullOperator is selected in the row" time="0.011">
    </testcase>
    <testcase classname="FssAdvancedSearchComponent should return group already exists validation when duplicate group is added" name="FssAdvancedSearchComponent should return group already exists validation when duplicate group is added" time="0.011">
    </testcase>
    <testcase classname="FssAdvancedSearchComponent should return group cannot intersect validation when intersecting group is added" name="FssAdvancedSearchComponent should return group cannot intersect validation when intersecting group is added" time="0.016">
    </testcase>
    <testcase classname="FssAdvancedSearchComponent should return group count 2 when 1 groups exist and add group clicked is called" name="FssAdvancedSearchComponent should return group count 2 when 1 groups exist and add group clicked is called" time="0.021">
    </testcase>
    <testcase classname="FssAdvancedSearchComponent should return row count 2 &amp; modify grouping when 3 rows exist and delete is called" name="FssAdvancedSearchComponent should return row count 2 &amp; modify grouping when 3 rows exist and delete is called" time="0.023">
    </testcase>
    <testcase classname="FssAdvancedSearchComponent should return group count 1 when 2 groups exist and delete group is called" name="FssAdvancedSearchComponent should return group count 1 when 2 groups exist and delete group is called" time="0.022">
    </testcase>
    <testcase classname="FssAdvancedSearchComponent should return row count 2 when addSearchRow function is called twice" name="FssAdvancedSearchComponent should return row count 2 when addSearchRow function is called twice" time="0.027">
    </testcase>
    <testcase classname="FssAdvancedSearchComponent should emit when the advanced search button is clicked" name="FssAdvancedSearchComponent should emit when the advanced search button is clicked" time="0.007">
    </testcase>
    <testcase classname="FssAdvancedSearchComponent should show simplified search Link if displaySimplifiedSearchLink is true" name="FssAdvancedSearchComponent should show simplified search Link if displaySimplifiedSearchLink is true" time="0.621">
    </testcase>
    <testcase classname="FssPopularSearchService should be created" name="FssPopularSearchService should be created" time="0.012">
    </testcase>
    <testcase classname="FssPopularSearchService should return datatype as &quot;string&quot; when SystemAttribute BusinessUnit is passed" name="FssPopularSearchService should return datatype as &quot;string&quot; when SystemAttribute BusinessUnit is passed" time="0.009">
    </testcase>
    <testcase classname="FssPopularSearchService should return filtered operators based on date datatype" name="FssPopularSearchService should return filtered operators based on date datatype" time="0.008">
    </testcase>
    <testcase classname="FssPopularSearchService should return value type date based on datatype date" name="FssPopularSearchService should return value type date based on datatype date" time="0.004">
    </testcase>
    <testcase classname="FssPopularSearchService should return 7 days previous date when 7,0,0 is passed in getDateBeforeNDays " name="FssPopularSearchService should return 7 days previous date when 7,0,0 is passed in getDateBeforeNDays " time="0.005">
    </testcase>
    <testcase classname="FssPopularSearchService should return week number 36 when date passed is 2021-09-15" name="FssPopularSearchService should return week number 36 when date passed is 2021-09-15" time="0.004">
    </testcase>
    <testcase classname="FssPopularSearchService should return Year 2020 when date passed is 2021-01-01 and week number is 53" name="FssPopularSearchService should return Year 2020 when date passed is 2021-01-01 and week number is 53" time="0.003">
    </testcase>
    <testcase classname="FssPopularSearchService should return Year 2021 when date passed is 2021-01-07 and week number is 1" name="FssPopularSearchService should return Year 2021 when date passed is 2021-01-07 and week number is 1" time="0.005">
    </testcase>
    <testcase classname="FssPopularSearchService should return System attribute test as @BusinessUnit when value passed is BusinessUnit" name="FssPopularSearchService should return System attribute test as @BusinessUnit when value passed is BusinessUnit" time="0.004">
    </testcase>
    <testcase classname="FssPopularSearchService should return User attribute test as Week Number when value passed is $batch(Week Number)" name="FssPopularSearchService should return User attribute test as Week Number when value passed is $batch(Week Number)" time="0.016">
    </testcase>
  </testsuite>
  <testsuite name="ExchangeSetComponent" errors="0" failures="0" skipped="0" timestamp="2025-01-13T09:34:48" time="1.633" tests="7">
    <testcase classname="ExchangeSetComponent should create exchange set component" name="ExchangeSetComponent should create exchange set component" time="0.068">
    </testcase>
    <testcase classname="ExchangeSetComponent should return 2 radio buttons value in exchange set" name="ExchangeSetComponent should return 2 radio buttons value in exchange set" time="0.025">
    </testcase>
    <testcase classname="ExchangeSetComponent should show the sub heading in exchange set" name="ExchangeSetComponent should show the sub heading in exchange set" time="0.03">
    </testcase>
    <testcase classname="ExchangeSetComponent should display addUploadEncComponents div when radioUploadEnc is checked " name="ExchangeSetComponent should display addUploadEncComponents div when radioUploadEnc is checked " time="0.029">
    </testcase>
    <testcase classname="ExchangeSetComponent should display addSingleFileSection div when radioAddEnc is checked " name="ExchangeSetComponent should display addSingleFileSection div when radioAddEnc is checked " time="0.016">
    </testcase>
    <testcase classname="ExchangeSetComponent should show the content of paragraph in exchange set with selection limit from config" name="ExchangeSetComponent should show the content of paragraph in exchange set with selection limit from config" time="0.026">
    </testcase>
    <testcase classname="ExchangeSetComponent when user click on start again then it should navigate to ess landing page" name="ExchangeSetComponent when user click on start again then it should navigate to ess landing page" time="0.021">
    </testcase>
  </testsuite>
  <testsuite name="EssInfoErrorMessageComponent" errors="0" failures="0" skipped="0" timestamp="2025-01-13T09:34:49" time="1.437" tests="12">
    <testcase classname="EssInfoErrorMessageComponent should create" name="EssInfoErrorMessageComponent should create" time="0.066">
    </testcase>
    <testcase classname="EssInfoErrorMessageComponent ngOnInit should set inital error messages" name="EssInfoErrorMessageComponent ngOnInit should set inital error messages" time="0.009">
    </testcase>
    <testcase classname="EssInfoErrorMessageComponent ngOnDestroy should essInfoErrorMessagesubscription.unsubscribe" name="EssInfoErrorMessageComponent ngOnDestroy should essInfoErrorMessagesubscription.unsubscribe" time="0.008">
    </testcase>
    <testcase classname="EssInfoErrorMessageComponent showMessage should set correct mesages : true info , test info 1" name="EssInfoErrorMessageComponent showMessage should set correct mesages : true info , test info 1" time="0.008">
    </testcase>
    <testcase classname="EssInfoErrorMessageComponent showMessage should set correct mesages : true error , test error 1" name="EssInfoErrorMessageComponent showMessage should set correct mesages : true error , test error 1" time="0.014">
    </testcase>
    <testcase classname="EssInfoErrorMessageComponent showMessage should set correct mesages : true success , test success 1" name="EssInfoErrorMessageComponent showMessage should set correct mesages : true success , test success 1" time="0.007">
    </testcase>
    <testcase classname="EssInfoErrorMessageComponent showMessage should set correct mesages : true warning , test warning 1" name="EssInfoErrorMessageComponent showMessage should set correct mesages : true warning , test warning 1" time="0.008">
    </testcase>
    <testcase classname="EssInfoErrorMessageComponent showMessage should set correct mesages : true info , test info 2" name="EssInfoErrorMessageComponent showMessage should set correct mesages : true info , test info 2" time="0.007">
    </testcase>
    <testcase classname="EssInfoErrorMessageComponent showMessage should set correct mesages : true error , test error 3" name="EssInfoErrorMessageComponent showMessage should set correct mesages : true error , test error 3" time="0.009">
    </testcase>
    <testcase classname="EssInfoErrorMessageComponent showMessage should set correct mesages : true success , test success 4" name="EssInfoErrorMessageComponent showMessage should set correct mesages : true success , test success 4" time="0.017">
    </testcase>
    <testcase classname="EssInfoErrorMessageComponent showMessage should set correct mesages : true warning , test warning 5" name="EssInfoErrorMessageComponent showMessage should set correct mesages : true warning , test warning 5" time="0.011">
    </testcase>
    <testcase classname="EssInfoErrorMessageComponent showMessage should set correct mesages : false info , " name="EssInfoErrorMessageComponent showMessage should set correct mesages : false info , " time="0.022">
    </testcase>
  </testsuite>
  <testsuite name="FssHomeComponent" errors="0" failures="0" skipped="0" timestamp="2025-01-13T09:34:49" time="1.406" tests="5">
    <testcase classname="FssHomeComponent should have home component" name="FssHomeComponent should have home component" time="0.036">
    </testcase>
    <testcase classname="FssHomeComponent should render the element admiralty-card" name="FssHomeComponent should render the element admiralty-card" time="0.01">
    </testcase>
    <testcase classname="FssHomeComponent should render different texts inside admiralty-card" name="FssHomeComponent should render different texts inside admiralty-card" time="0.015">
    </testcase>
    <testcase classname="FssHomeComponent should render SignIn button inside admiralty-card" name="FssHomeComponent should render SignIn button inside admiralty-card" time="0.026">
    </testcase>
    <testcase classname="FssHomeComponent should render Create Account link inside admiralty-card" name="FssHomeComponent should render Create Account link inside admiralty-card" time="0.013">
    </testcase>
  </testsuite>
  <testsuite name="FssSearchService" errors="0" failures="0" skipped="0" timestamp="2025-01-13T09:34:49" time="0.996" tests="8">
    <testcase classname="FssSearchService should be created" name="FssSearchService should be created" time="0.01">
    </testcase>
    <testcase classname="FssSearchService should convert object of type any into Field[]" name="FssSearchService should convert object of type any into Field[]" time="0.004">
    </testcase>
    <testcase classname="FssSearchService should return the count of getJoinOperators list as 2" name="FssSearchService should return the count of getJoinOperators list as 2" time="0.004">
    </testcase>
    <testcase classname="FssSearchService should return the count of getOperators list as 14" name="FssSearchService should return the count of getOperators list as 14" time="0.003">
    </testcase>
    <testcase classname="FssSearchService should return the value of first JoinOperator as and" name="FssSearchService should return the value of first JoinOperator as and" time="0.003">
    </testcase>
    <testcase classname="FssSearchService should return the value of last JoinOperator as or" name="FssSearchService should return the value of last JoinOperator as or" time="0.023">
    </testcase>
    <testcase classname="FssSearchService should return the the value of first Operator list as eq" name="FssSearchService should return the the value of first Operator list as eq" time="0.004">
    </testcase>
    <testcase classname="FssSearchService should return the the value of last Operator list as not contains" name="FssSearchService should return the the value of last Operator list as not contains" time="0.003">
    </testcase>
  </testsuite>
  <testsuite name="FssSimplifiedFilterComponent" errors="0" failures="0" skipped="0" timestamp="2025-01-13T09:34:49" time="1.631" tests="3">
    <testcase classname="FssSimplifiedFilterComponent should create" name="FssSimplifiedFilterComponent should create" time="0.066">
    </testcase>
    <testcase classname="FssSimplifiedFilterComponent should emit when the simplified apply filter button is clicked" name="FssSimplifiedFilterComponent should emit when the simplified apply filter button is clicked" time="0.011">
    </testcase>
    <testcase classname="FssSimplifiedFilterComponent should return applyFilterExpression when the simplified apply filter button is clicked" name="FssSimplifiedFilterComponent should return applyFilterExpression when the simplified apply filter button is clicked" time="0.017">
    </testcase>
  </testsuite>
  <testsuite name="FssFooterComponent" errors="0" failures="0" skipped="0" timestamp="2025-01-13T09:34:49" time="1.572" tests="4">
    <testcase classname="FssFooterComponent should have footer component" name="FssFooterComponent should have footer component" time="0.034">
    </testcase>
    <testcase classname="FssFooterComponent should render image and navigation in ukho-footer" name="FssFooterComponent should render image and navigation in ukho-footer" time="0.012">
    </testcase>
    <testcase classname="FssFooterComponent should render 2 navigation elements in admiralty-footer" name="FssFooterComponent should render 2 navigation elements in admiralty-footer" time="0.012">
    </testcase>
    <testcase classname="FssFooterComponent should exist data for footer navigation" name="FssFooterComponent should exist data for footer navigation" time="0.002">
    </testcase>
  </testsuite>
  <testsuite name="EssInfoErrorMessageService" errors="0" failures="0" skipped="0" timestamp="2025-01-13T09:34:50" time="0.784" tests="4">
    <testcase classname="EssInfoErrorMessageService should be created" name="EssInfoErrorMessageService should be created" time="0.011">
    </testcase>
    <testcase classname="EssInfoErrorMessageService infoErrorMessage should not be null" name="EssInfoErrorMessageService infoErrorMessage should not be null" time="0.024">
    </testcase>
    <testcase classname="EssInfoErrorMessageService showInfoMessageSubject should not be null" name="EssInfoErrorMessageService showInfoMessageSubject should not be null" time="0.003">
    </testcase>
    <testcase classname="EssInfoErrorMessageService showInfoErrorMessage should emit messages from showInfoMessageBSubject" name="EssInfoErrorMessageService showInfoErrorMessage should emit messages from showInfoMessageBSubject" time="0.005">
    </testcase>
  </testsuite>
  <testsuite name="FssPhaseBannerComponent" errors="0" failures="0" skipped="0" timestamp="2025-01-13T09:34:49" time="1.461" tests="4">
    <testcase classname="FssPhaseBannerComponent should have banner component" name="FssPhaseBannerComponent should have banner component" time="0.072">
    </testcase>
    <testcase classname="FssPhaseBannerComponent beta should exist in phase for banner" name="FssPhaseBannerComponent beta should exist in phase for banner" time="0.002">
    </testcase>
    <testcase classname="FssPhaseBannerComponent mailto link should exist in link for banner" name="FssPhaseBannerComponent mailto link should exist in link for banner" time="0.002">
    </testcase>
    <testcase classname="FssPhaseBannerComponent feedback should exist in link for banner" name="FssPhaseBannerComponent feedback should exist in link for banner" time="0.002">
    </testcase>
  </testsuite>
  <testsuite name="AppComponent" errors="0" failures="0" skipped="0" timestamp="2025-01-13T09:34:50" time="1.65" tests="2">
    <testcase classname="AppComponent should exist" name="AppComponent should exist" time="0.023">
    </testcase>
    <testcase classname="AppComponent should render &quot;Skip to Main Content&quot; in an anchor tag" name="AppComponent should render &quot;Skip to Main Content&quot; in an anchor tag" time="0.018">
    </testcase>
  </testsuite>
  <testsuite name="FssPopularSearchBatchesComponent" errors="0" failures="0" skipped="0" timestamp="2025-01-13T09:34:50" time="0.865" tests="1">
    <testcase classname="FssPopularSearchBatchesComponent should create" name="FssPopularSearchBatchesComponent should create" time="0.026">
    </testcase>
  </testsuite>
</testsuites>