<?xml version="1.0" encoding="UTF-8"?>
<testsuites name="jest tests" tests="4" failures="0" errors="0" time="30.537">
  <testsuite name="EssInfoErrorMessageService" errors="0" failures="0" skipped="0" timestamp="2023-12-13T09:18:52" time="10.229" tests="4">
    <testcase classname="EssInfoErrorMessageService should be created" name="EssInfoErrorMessageService should be created" time="0.032">
    </testcase>
    <testcase classname="EssInfoErrorMessageService infoErrorMessage should not be null" name="EssInfoErrorMessageService infoErrorMessage should not be null" time="0.003">
    </testcase>
    <testcase classname="EssInfoErrorMessageService showInfoMessageSubject should not be null" name="EssInfoErrorMessageService showInfoMessageSubject should not be null" time="0.004">
    </testcase>
    <testcase classname="EssInfoErrorMessageService showInfoErrorMessage should emit messages from showInfoMessageBSubject" name="EssInfoErrorMessageService showInfoErrorMessage should emit messages from showInfoMessageBSubject" time="0.004">
    </testcase>
  </testsuite>
</testsuites>