<?xml version="1.0" encoding="UTF-8"?>
<testsuites name="jest tests" tests="161" failures="0" errors="0" time="29.131">
  <testsuite name="FssPhaseBannerComponent" errors="0" failures="0" skipped="0" timestamp="2022-07-18T11:28:25" time="9.075" tests="7">
    <testcase classname="FssPhaseBannerComponent should have banner component" name="FssPhaseBannerComponent should have banner component" time="0.179">
    </testcase>
    <testcase classname="FssPhaseBannerComponent should render the phase-value &quot;beta&quot; in ukho-phase-banner" name="FssPhaseBannerComponent should render the phase-value &quot;beta&quot; in ukho-phase-banner" time="0.06">
    </testcase>
    <testcase classname="FssPhaseBannerComponent should render the phase-value &quot;beta&quot; in ukho-phase-banner" name="FssPhaseBannerComponent should render the phase-value &quot;beta&quot; in ukho-phase-banner" time="0.047">
    </testcase>
    <testcase classname="FssPhaseBannerComponent should render the feedback link of ukho-phase-banner" name="FssPhaseBannerComponent should render the feedback link of ukho-phase-banner" time="0.061">
    </testcase>
    <testcase classname="FssPhaseBannerComponent should exist" name="FssPhaseBannerComponent should exist" time="0.049">
    </testcase>
    <testcase classname="FssPhaseBannerComponent should exist phase in banner" name="FssPhaseBannerComponent should exist phase in banner" time="0.025">
    </testcase>
    <testcase classname="FssPhaseBannerComponent should exist mailto link in banner" name="FssPhaseBannerComponent should exist mailto link in banner" time="0.027">
    </testcase>
  </testsuite>
  <testsuite name="FssHeaderComponent" errors="0" failures="0" skipped="0" timestamp="2022-07-18T11:28:25" time="9.785" tests="6">
    <testcase classname="FssHeaderComponent should exist msalService" name="FssHeaderComponent should exist msalService" time="0.323">
    </testcase>
    <testcase classname="FssHeaderComponent should have header component" name="FssHeaderComponent should have header component" time="0.305">
    </testcase>
    <testcase classname="FssHeaderComponent should render the title element of ukho-header" name="FssHeaderComponent should render the title element of ukho-header" time="0.17">
    </testcase>
    <testcase classname="FssHeaderComponent should exist" name="FssHeaderComponent should exist" time="0.082">
    </testcase>
    <testcase classname="FssHeaderComponent should exist the title in header" name="FssHeaderComponent should exist the title in header" time="0.119">
    </testcase>
    <testcase classname="FssHeaderComponent should exist Search menu item in header" name="FssHeaderComponent should exist Search menu item in header" time="0.087">
    </testcase>
  </testsuite>
  <testsuite name="FssSimplifiedSearchComponent" errors="0" failures="0" skipped="0" timestamp="2022-07-18T11:28:25" time="9.81" tests="6">
    <testcase classname="FssSimplifiedSearchComponent should create FssSimplifiedSearchComponent" name="FssSimplifiedSearchComponent should create FssSimplifiedSearchComponent" time="0.369">
    </testcase>
    <testcase classname="FssSimplifiedSearchComponent should emit when the simplified search button is clicked" name="FssSimplifiedSearchComponent should emit when the simplified search button is clicked" time="0.149">
    </testcase>
    <testcase classname="FssSimplifiedSearchComponent should show Advanced search Link" name="FssSimplifiedSearchComponent should show Advanced search Link" time="0.123">
    </testcase>
    <testcase classname="FssSimplifiedSearchComponent should return filterExpression when the simplified search button is clicked with extra blank space" name="FssSimplifiedSearchComponent should return filterExpression when the simplified search button is clicked with extra blank space" time="0.115">
    </testcase>
    <testcase classname="FssSimplifiedSearchComponent should return filterExpression when the simplified search button is clicked with no extra blank space" name="FssSimplifiedSearchComponent should return filterExpression when the simplified search button is clicked with no extra blank space" time="0.097">
    </testcase>
    <testcase classname="FssSimplifiedSearchComponent should strip all single quotes from simplified search text" name="FssSimplifiedSearchComponent should strip all single quotes from simplified search text" time="0.096">
    </testcase>
  </testsuite>
  <testsuite name="FssSearchResultsComponent" errors="0" failures="0" skipped="0" timestamp="2022-07-18T11:28:25" time="10.904" tests="9">
    <testcase classname="FssSearchResultsComponent should create FssSearchResultsComponent" name="FssSearchResultsComponent should create FssSearchResultsComponent" time="0.459">
    </testcase>
    <testcase classname="FssSearchResultsComponent should return search result count 1 when search result for 1 batch is provided" name="FssSearchResultsComponent should return search result count 1 when search result for 1 batch is provided" time="0.204">
    </testcase>
    <testcase classname="FssSearchResultsComponent should return batch attributes when search result data is provided" name="FssSearchResultsComponent should return batch attributes when search result data is provided" time="0.152">
    </testcase>
    <testcase classname="FssSearchResultsComponent should return system attributes when search result data is provided" name="FssSearchResultsComponent should return system attributes when search result data is provided" time="0.223">
    </testcase>
    <testcase classname="FssSearchResultsComponent should return file details column data" name="FssSearchResultsComponent should return file details column data" time="0.147">
    </testcase>
    <testcase classname="FssSearchResultsComponent should return batch file details when search result data is provided" name="FssSearchResultsComponent should return batch file details when search result data is provided" time="0.179">
    </testcase>
    <testcase classname="FssSearchResultsComponent should return file download link when search result data is provided" name="FssSearchResultsComponent should return file download link when search result data is provided" time="0.357">
    </testcase>
    <testcase classname="FssSearchResultsComponent should convert file size from bytes to respective size units" name="FssSearchResultsComponent should convert file size from bytes to respective size units" time="0.169">
    </testcase>
    <testcase classname="FssSearchResultsComponent should show Download All button when allFilesZipSize is not null" name="FssSearchResultsComponent should show Download All button when allFilesZipSize is not null" time="0.349">
    </testcase>
  </testsuite>
  <testsuite name="FssSearchRowComponent" errors="0" failures="0" skipped="0" timestamp="2022-07-18T11:28:36" time="3.122" tests="8">
    <testcase classname="FssSearchRowComponent should create FssSearchRowComponent" name="FssSearchRowComponent should create FssSearchRowComponent" time="0.277">
    </testcase>
    <testcase classname="FssSearchRowComponent should return enable grouping true when consecutive search rows checked" name="FssSearchRowComponent should return enable grouping true when consecutive search rows checked" time="0.088">
    </testcase>
    <testcase classname="FssSearchRowComponent should return enable grouping false when non consecutive search rows checked" name="FssSearchRowComponent should return enable grouping false when non consecutive search rows checked" time="0.123">
    </testcase>
    <testcase classname="FssSearchRowComponent should emit when the search row delete button is clicked" name="FssSearchRowComponent should emit when the search row delete button is clicked" time="0.074">
    </testcase>
    <testcase classname="FssSearchRowComponent should emit when group delete button is clicked" name="FssSearchRowComponent should emit when group delete button is clicked" time="0.094">
    </testcase>
    <testcase classname="FssSearchRowComponent should emit when filed change in search row" name="FssSearchRowComponent should emit when filed change in search row" time="0.062">
    </testcase>
    <testcase classname="FssSearchRowComponent should emit group when onGroupClick" name="FssSearchRowComponent should emit group when onGroupClick" time="0.09">
    </testcase>
    <testcase classname="FssSearchRowComponent should disable grouping onCheckbox changed" name="FssSearchRowComponent should disable grouping onCheckbox changed" time="0.059">
    </testcase>
  </testsuite>
  <testsuite name="FssFooterComponent" errors="0" failures="0" skipped="0" timestamp="2022-07-18T11:28:35" time="5.109" tests="6">
    <testcase classname="FssFooterComponent should have footer component" name="FssFooterComponent should have footer component" time="0.338">
    </testcase>
    <testcase classname="FssFooterComponent should render image and navigation in ukho-footer" name="FssFooterComponent should render image and navigation in ukho-footer" time="0.14">
    </testcase>
    <testcase classname="FssFooterComponent should render the text element of ukho-footer" name="FssFooterComponent should render the text element of ukho-footer" time="0.088">
    </testcase>
    <testcase classname="FssFooterComponent should exist" name="FssFooterComponent should exist" time="0.058">
    </testcase>
    <testcase classname="FssFooterComponent should exist copyright statement in footer" name="FssFooterComponent should exist copyright statement in footer" time="0.051">
    </testcase>
    <testcase classname="FssFooterComponent should exist 2 menu items in footer" name="FssFooterComponent should exist 2 menu items in footer" time="0.075">
    </testcase>
  </testsuite>
  <testsuite name="FssSimplifiedFilterComponent" errors="0" failures="0" skipped="0" timestamp="2022-07-18T11:28:35" time="4.594" tests="3">
    <testcase classname="FssSimplifiedFilterComponent should create" name="FssSimplifiedFilterComponent should create" time="0.343">
    </testcase>
    <testcase classname="FssSimplifiedFilterComponent should emit when the simplified apply filter button is clicked" name="FssSimplifiedFilterComponent should emit when the simplified apply filter button is clicked" time="0.136">
    </testcase>
    <testcase classname="FssSimplifiedFilterComponent should return applyFilterExpression when the simplified apply filter button is clicked" name="FssSimplifiedFilterComponent should return applyFilterExpression when the simplified apply filter button is clicked" time="0.118">
    </testcase>
  </testsuite>
  <testsuite name="FssHomeComponent" errors="0" failures="0" skipped="0" timestamp="2022-07-18T11:28:35" time="5.399" tests="5">
    <testcase classname="FssHomeComponent should have home component" name="FssHomeComponent should have home component" time="0.331">
    </testcase>
    <testcase classname="FssHomeComponent should render the element ukho-card" name="FssHomeComponent should render the element ukho-card" time="0.132">
    </testcase>
    <testcase classname="FssHomeComponent should render different texts inside ukho-card" name="FssHomeComponent should render different texts inside ukho-card" time="0.107">
    </testcase>
    <testcase classname="FssHomeComponent should render SignIn button inside ukho-card" name="FssHomeComponent should render SignIn button inside ukho-card" time="0.089">
    </testcase>
    <testcase classname="FssHomeComponent should render Create Account link inside ukho-card" name="FssHomeComponent should render Create Account link inside ukho-card" time="0.079">
    </testcase>
  </testsuite>
  <testsuite name="FssSearchFilterService" errors="0" failures="0" skipped="0" timestamp="2022-07-18T11:28:40" time="2.962" tests="4">
    <testcase classname="FssSearchFilterService should be created" name="FssSearchFilterService should be created" time="0.11">
    </testcase>
    <testcase classname="FssSearchFilterService should create valid filter expression for single search criteria" name="FssSearchFilterService should create valid filter expression for single search criteria" time="0.035">
    </testcase>
    <testcase classname="FssSearchFilterService should create valid filter expression for multiple search criteria" name="FssSearchFilterService should create valid filter expression for multiple search criteria" time="0.022">
    </testcase>
    <testcase classname="FssSearchFilterService should create valid filter expression for multiple search criteria for grouping query" name="FssSearchFilterService should create valid filter expression for multiple search criteria for grouping query" time="0.021">
    </testcase>
  </testsuite>
  <testsuite name="FssAdvancedSearchComponent" errors="0" failures="0" skipped="0" timestamp="2022-07-18T11:28:25" time="17.465" tests="21">
    <testcase classname="FssAdvancedSearchComponent should create" name="FssAdvancedSearchComponent should create" time="1.016">
    </testcase>
    <testcase classname="FssAdvancedSearchComponent should return datatype as &quot;attribute&quot; when UserAttribute is passed" name="FssAdvancedSearchComponent should return datatype as &quot;attribute&quot; when UserAttribute is passed" time="0.489">
    </testcase>
    <testcase classname="FssAdvancedSearchComponent should return datatype as &quot;string&quot; when SystemAttribute FileName is passed" name="FssAdvancedSearchComponent should return datatype as &quot;string&quot; when SystemAttribute FileName is passed" time="0.445">
    </testcase>
    <testcase classname="FssAdvancedSearchComponent should return filtered operators based on number datatype" name="FssAdvancedSearchComponent should return filtered operators based on number datatype" time="0.458">
    </testcase>
    <testcase classname="FssAdvancedSearchComponent should return value type text based on datatype string" name="FssAdvancedSearchComponent should return value type text based on datatype string" time="0.402">
    </testcase>
    <testcase classname="FssAdvancedSearchComponent should return operator type nullOperator based on operator value ne null" name="FssAdvancedSearchComponent should return operator type nullOperator based on operator value ne null" time="0.299">
    </testcase>
    <testcase classname="FssAdvancedSearchComponent should return second row based on rowid passed" name="FssAdvancedSearchComponent should return second row based on rowid passed" time="0.314">
    </testcase>
    <testcase classname="FssAdvancedSearchComponent should return only SystemAttribute fields when type = SystemAttribute is passed through pipe" name="FssAdvancedSearchComponent should return only SystemAttribute fields when type = SystemAttribute is passed through pipe" time="0.306">
    </testcase>
    <testcase classname="FssAdvancedSearchComponent should return only UserAttribute fields when type = UserAttribute is passed through pipe" name="FssAdvancedSearchComponent should return only UserAttribute fields when type = UserAttribute is passed through pipe" time="0.288">
    </testcase>
    <testcase classname="FssAdvancedSearchComponent should return flag false when FileSize value is passed as number" name="FssAdvancedSearchComponent should return flag false when FileSize value is passed as number" time="0.336">
    </testcase>
    <testcase classname="FssAdvancedSearchComponent should return row count 2 when Add new line is called twice" name="FssAdvancedSearchComponent should return row count 2 when Add new line is called twice" time="0.241">
    </testcase>
    <testcase classname="FssAdvancedSearchComponent should return row count 2 when 3 rows exist and delete is called" name="FssAdvancedSearchComponent should return row count 2 when 3 rows exist and delete is called" time="0.254">
    </testcase>
    <testcase classname="FssAdvancedSearchComponent should hide Value input when nullOperator is selected in the row" name="FssAdvancedSearchComponent should hide Value input when nullOperator is selected in the row" time="0.628">
    </testcase>
    <testcase classname="FssAdvancedSearchComponent should return group already exists validation when duplicate group is added" name="FssAdvancedSearchComponent should return group already exists validation when duplicate group is added" time="0.39">
    </testcase>
    <testcase classname="FssAdvancedSearchComponent should return group cannot intersect validation when intersecting group is added" name="FssAdvancedSearchComponent should return group cannot intersect validation when intersecting group is added" time="0.417">
    </testcase>
    <testcase classname="FssAdvancedSearchComponent should return group count 2 when 1 groups exist and add group clicked is called" name="FssAdvancedSearchComponent should return group count 2 when 1 groups exist and add group clicked is called" time="0.321">
    </testcase>
    <testcase classname="FssAdvancedSearchComponent should return row count 2 &amp; modify grouping when 3 rows exist and delete is called" name="FssAdvancedSearchComponent should return row count 2 &amp; modify grouping when 3 rows exist and delete is called" time="0.371">
    </testcase>
    <testcase classname="FssAdvancedSearchComponent should return group count 1 when 2 groups exist and delete group is called" name="FssAdvancedSearchComponent should return group count 1 when 2 groups exist and delete group is called" time="0.398">
    </testcase>
    <testcase classname="FssAdvancedSearchComponent should return row count 2 when addSearchRow function is called twice" name="FssAdvancedSearchComponent should return row count 2 when addSearchRow function is called twice" time="0.376">
    </testcase>
    <testcase classname="FssAdvancedSearchComponent should emit when the advanced search button is clicked" name="FssAdvancedSearchComponent should emit when the advanced search button is clicked" time="0.312">
    </testcase>
    <testcase classname="FssAdvancedSearchComponent should show simplified search Link if displaySimplifiedSearchLink is true" name="FssAdvancedSearchComponent should show simplified search Link if displaySimplifiedSearchLink is true" time="0.413">
    </testcase>
  </testsuite>
  <testsuite name="FssSearchValidatorService" errors="0" failures="0" skipped="0" timestamp="2022-07-18T11:28:40" time="3.057" tests="5">
    <testcase classname="FssSearchValidatorService should be created" name="FssSearchValidatorService should be created" time="0.131">
    </testcase>
    <testcase classname="FssSearchValidatorService should highlight the value field when FileSize value is not entered" name="FssSearchValidatorService should highlight the value field when FileSize value is not entered" time="0.099">
    </testcase>
    <testcase classname="FssSearchValidatorService should return datatype as &quot;date&quot; when SystemAttribute BatchExpiryDate is passed" name="FssSearchValidatorService should return datatype as &quot;date&quot; when SystemAttribute BatchExpiryDate is passed" time="0.063">
    </testcase>
    <testcase classname="FssSearchValidatorService should highlight the value field when BatchExpiryDate value is not entered when non null operator is selected" name="FssSearchValidatorService should highlight the value field when BatchExpiryDate value is not entered when non null operator is selected" time="0.048">
    </testcase>
    <testcase classname="FssSearchValidatorService should return operator type nullOperator based on operator value ne null" name="FssSearchValidatorService should return operator type nullOperator based on operator value ne null" time="0.054">
    </testcase>
  </testsuite>
  <testsuite name="FssAdvancedSearchComponent" errors="0" failures="0" skipped="0" timestamp="2022-07-18T11:28:25" time="17.625" tests="33">
    <testcase classname="FssAdvancedSearchComponent should create" name="FssAdvancedSearchComponent should create" time="1.035">
    </testcase>
    <testcase classname="FssAdvancedSearchComponent should return datatype as &quot;attribute&quot; when UserAttribute is passed" name="FssAdvancedSearchComponent should return datatype as &quot;attribute&quot; when UserAttribute is passed" time="0.446">
    </testcase>
    <testcase classname="FssAdvancedSearchComponent should return datatype as &quot;string&quot; when SystemAttribute FileName is passed" name="FssAdvancedSearchComponent should return datatype as &quot;string&quot; when SystemAttribute FileName is passed" time="0.421">
    </testcase>
    <testcase classname="FssAdvancedSearchComponent should return filtered operators based on number datatype" name="FssAdvancedSearchComponent should return filtered operators based on number datatype" time="0.429">
    </testcase>
    <testcase classname="FssAdvancedSearchComponent should return value type text based on datatype string" name="FssAdvancedSearchComponent should return value type text based on datatype string" time="0.42">
    </testcase>
    <testcase classname="FssAdvancedSearchComponent should return operator type nullOperator based on operator value ne null" name="FssAdvancedSearchComponent should return operator type nullOperator based on operator value ne null" time="0.302">
    </testcase>
    <testcase classname="FssAdvancedSearchComponent should return second row based on rowid passed" name="FssAdvancedSearchComponent should return second row based on rowid passed" time="0.317">
    </testcase>
    <testcase classname="FssAdvancedSearchComponent should return only SystemAttribute fields when type = SystemAttribute is passed through pipe" name="FssAdvancedSearchComponent should return only SystemAttribute fields when type = SystemAttribute is passed through pipe" time="0.333">
    </testcase>
    <testcase classname="FssAdvancedSearchComponent should return only UserAttribute fields when type = UserAttribute is passed through pipe" name="FssAdvancedSearchComponent should return only UserAttribute fields when type = UserAttribute is passed through pipe" time="0.262">
    </testcase>
    <testcase classname="FssAdvancedSearchComponent should return flag false when FileSize value is passed as number" name="FssAdvancedSearchComponent should return flag false when FileSize value is passed as number" time="0.33">
    </testcase>
    <testcase classname="FssAdvancedSearchComponent should return row count 2 when Add new line is called twice" name="FssAdvancedSearchComponent should return row count 2 when Add new line is called twice" time="0.264">
    </testcase>
    <testcase classname="FssAdvancedSearchComponent should return row count 2 when 3 rows exist and delete is called" name="FssAdvancedSearchComponent should return row count 2 when 3 rows exist and delete is called" time="0.431">
    </testcase>
    <testcase classname="FssAdvancedSearchComponent should hide Value input when nullOperator is selected in the row" name="FssAdvancedSearchComponent should hide Value input when nullOperator is selected in the row" time="0.496">
    </testcase>
    <testcase classname="FssAdvancedSearchComponent should return group already exists validation when duplicate group is added" name="FssAdvancedSearchComponent should return group already exists validation when duplicate group is added" time="0.363">
    </testcase>
    <testcase classname="FssAdvancedSearchComponent should return group cannot intersect validation when intersecting group is added" name="FssAdvancedSearchComponent should return group cannot intersect validation when intersecting group is added" time="0.348">
    </testcase>
    <testcase classname="FssAdvancedSearchComponent should return group count 2 when 1 groups exist and add group clicked is called" name="FssAdvancedSearchComponent should return group count 2 when 1 groups exist and add group clicked is called" time="0.357">
    </testcase>
    <testcase classname="FssAdvancedSearchComponent should return row count 2 &amp; modify grouping when 3 rows exist and delete is called" name="FssAdvancedSearchComponent should return row count 2 &amp; modify grouping when 3 rows exist and delete is called" time="0.352">
    </testcase>
    <testcase classname="FssAdvancedSearchComponent should return group count 1 when 2 groups exist and delete group is called" name="FssAdvancedSearchComponent should return group count 1 when 2 groups exist and delete group is called" time="0.407">
    </testcase>
    <testcase classname="FssAdvancedSearchComponent should return row count 2 when addSearchRow function is called twice" name="FssAdvancedSearchComponent should return row count 2 when addSearchRow function is called twice" time="0.387">
    </testcase>
    <testcase classname="FssAdvancedSearchComponent should emit when the advanced search button is clicked" name="FssAdvancedSearchComponent should emit when the advanced search button is clicked" time="0.315">
    </testcase>
    <testcase classname="FssAdvancedSearchComponent should show simplified search Link if displaySimplifiedSearchLink is true" name="FssAdvancedSearchComponent should show simplified search Link if displaySimplifiedSearchLink is true" time="0.378">
    </testcase>
    <testcase classname="FssSearchHelperService should be created" name="FssSearchHelperService should be created" time="0.016">
    </testcase>
    <testcase classname="FssSearchHelperService should return field value &quot;FileName&quot; when field text is changed to &quot;@FileName&quot;" name="FssSearchHelperService should return field value &quot;FileName&quot; when field text is changed to &quot;@FileName&quot;" time="0.027">
    </testcase>
    <testcase classname="FssSearchHelperService should return false as endswith operator does not exists for BatchExpiryDate" name="FssSearchHelperService should return false as endswith operator does not exists for BatchExpiryDate" time="0.023">
    </testcase>
    <testcase classname="FssSearchHelperService should return true as endswith operator exists for BatchExpiryDate" name="FssSearchHelperService should return true as endswith operator exists for BatchExpiryDate" time="0.012">
    </testcase>
    <testcase classname="FssSearchHelperService should return datatype as &quot;attribute&quot; when UserAttribute is passed" name="FssSearchHelperService should return datatype as &quot;attribute&quot; when UserAttribute is passed" time="0.016">
    </testcase>
    <testcase classname="FssSearchHelperService should return datatype as &quot;string&quot; when SystemAttribute FileName is passed" name="FssSearchHelperService should return datatype as &quot;string&quot; when SystemAttribute FileName is passed" time="0.013">
    </testcase>
    <testcase classname="FssSearchHelperService should return second row based on rowid passed" name="FssSearchHelperService should return second row based on rowid passed" time="0.02">
    </testcase>
    <testcase classname="FssSearchHelperService should return filtered operators based on number datatype" name="FssSearchHelperService should return filtered operators based on number datatype" time="0.015">
    </testcase>
    <testcase classname="FssSearchHelperService should return value type text based on datatype string" name="FssSearchHelperService should return value type text based on datatype string" time="0.019">
    </testcase>
    <testcase classname="FssSearchHelperService should return operator type nullOperator based on operator value ne null" name="FssSearchHelperService should return operator type nullOperator based on operator value ne null" time="0.03">
    </testcase>
    <testcase classname="FssSearchHelperService should hide Value input when nullOperator is selected in the row" name="FssSearchHelperService should hide Value input when nullOperator is selected in the row" time="0.015">
    </testcase>
    <testcase classname="FssSearchHelperService should show Value input when other than nullOperator is selected in the row" name="FssSearchHelperService should show Value input when other than nullOperator is selected in the row" time="0.016">
    </testcase>
  </testsuite>
  <testsuite name="FssAdvancedSearchComponent" errors="0" failures="0" skipped="0" timestamp="2022-07-18T11:28:25" time="17.737" tests="31">
    <testcase classname="FssAdvancedSearchComponent should create" name="FssAdvancedSearchComponent should create" time="0.836">
    </testcase>
    <testcase classname="FssAdvancedSearchComponent should return datatype as &quot;attribute&quot; when UserAttribute is passed" name="FssAdvancedSearchComponent should return datatype as &quot;attribute&quot; when UserAttribute is passed" time="0.504">
    </testcase>
    <testcase classname="FssAdvancedSearchComponent should return datatype as &quot;string&quot; when SystemAttribute FileName is passed" name="FssAdvancedSearchComponent should return datatype as &quot;string&quot; when SystemAttribute FileName is passed" time="0.429">
    </testcase>
    <testcase classname="FssAdvancedSearchComponent should return filtered operators based on number datatype" name="FssAdvancedSearchComponent should return filtered operators based on number datatype" time="0.393">
    </testcase>
    <testcase classname="FssAdvancedSearchComponent should return value type text based on datatype string" name="FssAdvancedSearchComponent should return value type text based on datatype string" time="0.446">
    </testcase>
    <testcase classname="FssAdvancedSearchComponent should return operator type nullOperator based on operator value ne null" name="FssAdvancedSearchComponent should return operator type nullOperator based on operator value ne null" time="0.325">
    </testcase>
    <testcase classname="FssAdvancedSearchComponent should return second row based on rowid passed" name="FssAdvancedSearchComponent should return second row based on rowid passed" time="0.483">
    </testcase>
    <testcase classname="FssAdvancedSearchComponent should return only SystemAttribute fields when type = SystemAttribute is passed through pipe" name="FssAdvancedSearchComponent should return only SystemAttribute fields when type = SystemAttribute is passed through pipe" time="0.409">
    </testcase>
    <testcase classname="FssAdvancedSearchComponent should return only UserAttribute fields when type = UserAttribute is passed through pipe" name="FssAdvancedSearchComponent should return only UserAttribute fields when type = UserAttribute is passed through pipe" time="0.26">
    </testcase>
    <testcase classname="FssAdvancedSearchComponent should return flag false when FileSize value is passed as number" name="FssAdvancedSearchComponent should return flag false when FileSize value is passed as number" time="0.312">
    </testcase>
    <testcase classname="FssAdvancedSearchComponent should return row count 2 when Add new line is called twice" name="FssAdvancedSearchComponent should return row count 2 when Add new line is called twice" time="0.218">
    </testcase>
    <testcase classname="FssAdvancedSearchComponent should return row count 2 when 3 rows exist and delete is called" name="FssAdvancedSearchComponent should return row count 2 when 3 rows exist and delete is called" time="0.288">
    </testcase>
    <testcase classname="FssAdvancedSearchComponent should hide Value input when nullOperator is selected in the row" name="FssAdvancedSearchComponent should hide Value input when nullOperator is selected in the row" time="0.25">
    </testcase>
    <testcase classname="FssAdvancedSearchComponent should return group already exists validation when duplicate group is added" name="FssAdvancedSearchComponent should return group already exists validation when duplicate group is added" time="0.352">
    </testcase>
    <testcase classname="FssAdvancedSearchComponent should return group cannot intersect validation when intersecting group is added" name="FssAdvancedSearchComponent should return group cannot intersect validation when intersecting group is added" time="0.337">
    </testcase>
    <testcase classname="FssAdvancedSearchComponent should return group count 2 when 1 groups exist and add group clicked is called" name="FssAdvancedSearchComponent should return group count 2 when 1 groups exist and add group clicked is called" time="0.434">
    </testcase>
    <testcase classname="FssAdvancedSearchComponent should return row count 2 &amp; modify grouping when 3 rows exist and delete is called" name="FssAdvancedSearchComponent should return row count 2 &amp; modify grouping when 3 rows exist and delete is called" time="0.704">
    </testcase>
    <testcase classname="FssAdvancedSearchComponent should return group count 1 when 2 groups exist and delete group is called" name="FssAdvancedSearchComponent should return group count 1 when 2 groups exist and delete group is called" time="0.41">
    </testcase>
    <testcase classname="FssAdvancedSearchComponent should return row count 2 when addSearchRow function is called twice" name="FssAdvancedSearchComponent should return row count 2 when addSearchRow function is called twice" time="0.385">
    </testcase>
    <testcase classname="FssAdvancedSearchComponent should emit when the advanced search button is clicked" name="FssAdvancedSearchComponent should emit when the advanced search button is clicked" time="0.333">
    </testcase>
    <testcase classname="FssAdvancedSearchComponent should show simplified search Link if displaySimplifiedSearchLink is true" name="FssAdvancedSearchComponent should show simplified search Link if displaySimplifiedSearchLink is true" time="0.424">
    </testcase>
    <testcase classname="FssPopularSearchService should be created" name="FssPopularSearchService should be created" time="0.016">
    </testcase>
    <testcase classname="FssPopularSearchService should return datatype as &quot;string&quot; when SystemAttribute BusinessUnit is passed" name="FssPopularSearchService should return datatype as &quot;string&quot; when SystemAttribute BusinessUnit is passed" time="0.018">
    </testcase>
    <testcase classname="FssPopularSearchService should return filtered operators based on date datatype" name="FssPopularSearchService should return filtered operators based on date datatype" time="0.016">
    </testcase>
    <testcase classname="FssPopularSearchService should return value type date based on datatype date" name="FssPopularSearchService should return value type date based on datatype date" time="0.016">
    </testcase>
    <testcase classname="FssPopularSearchService should return 7 days previous date when 7,0,0 is passed in getDateBeforeNDays " name="FssPopularSearchService should return 7 days previous date when 7,0,0 is passed in getDateBeforeNDays " time="0.029">
    </testcase>
    <testcase classname="FssPopularSearchService should return week number 36 when date passed is 2021-09-15" name="FssPopularSearchService should return week number 36 when date passed is 2021-09-15" time="0.016">
    </testcase>
    <testcase classname="FssPopularSearchService should return Year 2020 when date passed is 2021-01-01 and week number is 53" name="FssPopularSearchService should return Year 2020 when date passed is 2021-01-01 and week number is 53" time="0.014">
    </testcase>
    <testcase classname="FssPopularSearchService should return Year 2021 when date passed is 2021-01-07 and week number is 1" name="FssPopularSearchService should return Year 2021 when date passed is 2021-01-07 and week number is 1" time="0.027">
    </testcase>
    <testcase classname="FssPopularSearchService should return System attribute test as @BusinessUnit when value passed is BusinessUnit" name="FssPopularSearchService should return System attribute test as @BusinessUnit when value passed is BusinessUnit" time="0.013">
    </testcase>
    <testcase classname="FssPopularSearchService should return User attribute test as Week Number when value passed is $batch(Week Number)" name="FssPopularSearchService should return User attribute test as Week Number when value passed is $batch(Week Number)" time="0.031">
    </testcase>
  </testsuite>
  <testsuite name="FssSearchComponent" errors="0" failures="0" skipped="0" timestamp="2022-07-18T11:28:40" time="3.832" tests="2">
    <testcase classname="FssSearchComponent should create FssSearchComponent" name="FssSearchComponent should create FssSearchComponent" time="0.604">
    </testcase>
    <testcase classname="FssSearchComponent should have filterGroups ordered to match the configuration after transformSearchAttributesToFilter is called" name="FssSearchComponent should have filterGroups ordered to match the configuration after transformSearchAttributesToFilter is called" time="0.215">
    </testcase>
  </testsuite>
  <testsuite name="FssPopularSearchBatchesComponent" errors="0" failures="0" skipped="0" timestamp="2022-07-18T11:28:41" time="2.863" tests="1">
    <testcase classname="FssPopularSearchBatchesComponent should create" name="FssPopularSearchBatchesComponent should create" time="0.24">
    </testcase>
  </testsuite>
  <testsuite name="AppComponent" errors="0" failures="0" skipped="0" timestamp="2022-07-18T11:28:43" time="1.81" tests="2">
    <testcase classname="AppComponent should exist" name="AppComponent should exist" time="0.138">
    </testcase>
    <testcase classname="AppComponent should render &quot;Skip to Main Content&quot; in an anchor tag" name="AppComponent should render &quot;Skip to Main Content&quot; in an anchor tag" time="0.044">
    </testcase>
  </testsuite>
  <testsuite name="FssSearchGroupingService" errors="0" failures="0" skipped="0" timestamp="2022-07-18T11:28:43" time="1.624" tests="4">
    <testcase classname="FssSearchGroupingService FssSearchGroupingService should be created" name="FssSearchGroupingService FssSearchGroupingService should be created" time="0.086">
    </testcase>
    <testcase classname="FssSearchGroupingService should create valid grouping levels for selected groupings" name="FssSearchGroupingService should create valid grouping levels for selected groupings" time="0.029">
    </testcase>
    <testcase classname="FssSearchGroupingService should create valid ui groupings for selected groupings &amp; grouping levels" name="FssSearchGroupingService should create valid ui groupings for selected groupings &amp; grouping levels" time="0.033">
    </testcase>
    <testcase classname="FssSearchGroupingService should reset groupings on selected row deletion" name="FssSearchGroupingService should reset groupings on selected row deletion" time="0.023">
    </testcase>
  </testsuite>
  <testsuite name="FssSearchService" errors="0" failures="0" skipped="0" timestamp="2022-07-18T11:28:43" time="1.898" tests="8">
    <testcase classname="FssSearchService should be created" name="FssSearchService should be created" time="0.103">
    </testcase>
    <testcase classname="FssSearchService should convert object of type any into Field[]" name="FssSearchService should convert object of type any into Field[]" time="0.016">
    </testcase>
    <testcase classname="FssSearchService should return the count of getJoinOperators list as 2" name="FssSearchService should return the count of getJoinOperators list as 2" time="0.014">
    </testcase>
    <testcase classname="FssSearchService should return the count of getOperators list as 14" name="FssSearchService should return the count of getOperators list as 14" time="0.017">
    </testcase>
    <testcase classname="FssSearchService should return the value of first JoinOperator as and" name="FssSearchService should return the value of first JoinOperator as and" time="0.018">
    </testcase>
    <testcase classname="FssSearchService should return the value of last JoinOperator as or" name="FssSearchService should return the value of last JoinOperator as or" time="0.031">
    </testcase>
    <testcase classname="FssSearchService should return the the value of first Operator list as eq" name="FssSearchService should return the the value of first Operator list as eq" time="0.013">
    </testcase>
    <testcase classname="FssSearchService should return the the value of last Operator list as not contains" name="FssSearchService should return the the value of last Operator list as not contains" time="0.01">
    </testcase>
  </testsuite>
</testsuites>