<?xml version="1.0" encoding="UTF-8"?>
<testsuites name="jest tests" tests="49" failures="0" errors="0" time="9.659">
  <testsuite name="FssAdvancedSearchComponent" errors="0" failures="0" skipped="0" timestamp="2023-08-18T16:50:30" time="8.372" tests="49">
    <testcase classname="FssAdvancedSearchComponent should create" name="FssAdvancedSearchComponent should create" time="0.22">
    </testcase>
    <testcase classname="FssAdvancedSearchComponent should return datatype as &quot;attribute&quot; when UserAttribute is passed" name="FssAdvancedSearchComponent should return datatype as &quot;attribute&quot; when UserAttribute is passed" time="0.305">
    </testcase>
    <testcase classname="FssAdvancedSearchComponent should return datatype as &quot;string&quot; when SystemAttribute FileName is passed" name="FssAdvancedSearchComponent should return datatype as &quot;string&quot; when SystemAttribute FileName is passed" time="0.082">
    </testcase>
    <testcase classname="FssAdvancedSearchComponent should return filtered operators based on number datatype" name="FssAdvancedSearchComponent should return filtered operators based on number datatype" time="0.077">
    </testcase>
    <testcase classname="FssAdvancedSearchComponent should return value type text based on datatype string" name="FssAdvancedSearchComponent should return value type text based on datatype string" time="0.079">
    </testcase>
    <testcase classname="FssAdvancedSearchComponent should return operator type nullOperator based on operator value ne null" name="FssAdvancedSearchComponent should return operator type nullOperator based on operator value ne null" time="0.079">
    </testcase>
    <testcase classname="FssAdvancedSearchComponent should return second row based on rowid passed" name="FssAdvancedSearchComponent should return second row based on rowid passed" time="0.083">
    </testcase>
    <testcase classname="FssAdvancedSearchComponent should return only SystemAttribute fields when type = SystemAttribute is passed through pipe" name="FssAdvancedSearchComponent should return only SystemAttribute fields when type = SystemAttribute is passed through pipe" time="0.063">
    </testcase>
    <testcase classname="FssAdvancedSearchComponent should return only UserAttribute fields when type = UserAttribute is passed through pipe" name="FssAdvancedSearchComponent should return only UserAttribute fields when type = UserAttribute is passed through pipe" time="0.069">
    </testcase>
    <testcase classname="FssAdvancedSearchComponent should return flag false when FileSize value is passed as number" name="FssAdvancedSearchComponent should return flag false when FileSize value is passed as number" time="0.086">
    </testcase>
    <testcase classname="FssAdvancedSearchComponent should return row count 2 when Add new line is called twice" name="FssAdvancedSearchComponent should return row count 2 when Add new line is called twice" time="0.068">
    </testcase>
    <testcase classname="FssAdvancedSearchComponent should return row count 2 when 3 rows exist and delete is called" name="FssAdvancedSearchComponent should return row count 2 when 3 rows exist and delete is called" time="0.066">
    </testcase>
    <testcase classname="FssAdvancedSearchComponent should hide Value input when nullOperator is selected in the row" name="FssAdvancedSearchComponent should hide Value input when nullOperator is selected in the row" time="0.061">
    </testcase>
    <testcase classname="FssAdvancedSearchComponent should return group already exists validation when duplicate group is added" name="FssAdvancedSearchComponent should return group already exists validation when duplicate group is added" time="0.063">
    </testcase>
    <testcase classname="FssAdvancedSearchComponent should return group cannot intersect validation when intersecting group is added" name="FssAdvancedSearchComponent should return group cannot intersect validation when intersecting group is added" time="0.061">
    </testcase>
    <testcase classname="FssAdvancedSearchComponent should return group count 2 when 1 groups exist and add group clicked is called" name="FssAdvancedSearchComponent should return group count 2 when 1 groups exist and add group clicked is called" time="0.08">
    </testcase>
    <testcase classname="FssAdvancedSearchComponent should return row count 2 &amp; modify grouping when 3 rows exist and delete is called" name="FssAdvancedSearchComponent should return row count 2 &amp; modify grouping when 3 rows exist and delete is called" time="0.089">
    </testcase>
    <testcase classname="FssAdvancedSearchComponent should return group count 1 when 2 groups exist and delete group is called" name="FssAdvancedSearchComponent should return group count 1 when 2 groups exist and delete group is called" time="0.089">
    </testcase>
    <testcase classname="FssAdvancedSearchComponent should return row count 2 when addSearchRow function is called twice" name="FssAdvancedSearchComponent should return row count 2 when addSearchRow function is called twice" time="0.074">
    </testcase>
    <testcase classname="FssAdvancedSearchComponent should emit when the advanced search button is clicked" name="FssAdvancedSearchComponent should emit when the advanced search button is clicked" time="0.052">
    </testcase>
    <testcase classname="FssAdvancedSearchComponent should show simplified search Link if displaySimplifiedSearchLink is true" name="FssAdvancedSearchComponent should show simplified search Link if displaySimplifiedSearchLink is true" time="0.317">
    </testcase>
    <testcase classname="EssListEncsComponent should create" name="EssListEncsComponent should create" time="0.103">
    </testcase>
    <testcase classname="EssListEncsComponent should set info message if displayErrorMessage is set to true on ngOnInit" name="EssListEncsComponent should set info message if displayErrorMessage is set to true on ngOnInit" time="0.09">
    </testcase>
    <testcase classname="EssListEncsComponent handleChange should call service.removeSelectedEncs if enc is already present" name="EssListEncsComponent handleChange should call service.removeSelectedEncs if enc is already present" time="0.074">
    </testcase>
    <testcase classname="EssListEncsComponent handleChange should call service.addSelectedEnc if enc is not present" name="EssListEncsComponent handleChange should call service.addSelectedEnc if enc is not present" time="0.104">
    </testcase>
    <testcase classname="EssListEncsComponent handleChange should not call service.addSelectedEnc if selected enc&quot;s are greater than MaxEncSelectionLimit" name="EssListEncsComponent handleChange should not call service.addSelectedEnc if selected enc&quot;s are greater than MaxEncSelectionLimit" time="0.095">
    </testcase>
    <testcase classname="EssListEncsComponent syncEncsBetweenTables should set encList and selectedEncList" name="EssListEncsComponent syncEncsBetweenTables should set encList and selectedEncList" time="0.081">
    </testcase>
    <testcase classname="EssListEncsComponent should show the error message when user select encs more than selection limit" name="EssListEncsComponent should show the error message when user select encs more than selection limit" time="0.084">
    </testcase>
    <testcase classname="EssListEncsComponent should create EssListEncsComponent" name="EssListEncsComponent should create EssListEncsComponent" time="0.09">
    </testcase>
    <testcase classname="EssListEncsComponent should render text inside an h1 tag" name="EssListEncsComponent should render text inside an h1 tag" time="0.092">
    </testcase>
    <testcase classname="EssListEncsComponent should render text inside an p tag" name="EssListEncsComponent should render text inside an p tag" time="0.093">
    </testcase>
    <testcase classname="EssListEncsComponent getValidEncs should return enc" name="EssListEncsComponent getValidEncs should return enc" time="0.079">
    </testcase>
    <testcase classname="EssListEncsComponent should display Select All text when enc list is less than or equal to configurable enc limit" name="EssListEncsComponent should display Select All text when enc list is less than or equal to configurable enc limit" time="0.081">
    </testcase>
    <testcase classname="EssListEncsComponent showListEncTOtal class applied to a selector" name="EssListEncsComponent showListEncTOtal class applied to a selector" time="0.084">
    </testcase>
    <testcase classname="EssListEncsComponent bottomText class applied to a tag" name="EssListEncsComponent bottomText class applied to a tag" time="0.082">
    </testcase>
    <testcase classname="EssListEncsComponent getEstimatedTotalSize called from syncEncsBetweenTables and should return string" name="EssListEncsComponent getEstimatedTotalSize called from syncEncsBetweenTables and should return string" time="0.073">
    </testcase>
    <testcase classname="EssListEncsComponent getEstimatedTotalSize called from syncEncsBetweenTables and should return string" name="EssListEncsComponent getEstimatedTotalSize called from syncEncsBetweenTables and should return string" time="0.07">
    </testcase>
    <testcase classname="EssListEncsComponent should return exchangeSet details data" name="EssListEncsComponent should return exchangeSet details data" time="0.077">
    </testcase>
    <testcase classname="EssListEncsComponent should display Deselect All button when select all button is clicked" name="EssListEncsComponent should display Deselect All button when select all button is clicked" time="0.071">
    </testcase>
    <testcase classname="EssListEncsComponent should display Select All button when Deselect all button is clicked" name="EssListEncsComponent should display Select All button when Deselect all button is clicked" time="0.068">
    </testcase>
    <testcase classname="EssListEncsComponent should hide select all button if enc list greater than max enc limit" name="EssListEncsComponent should hide select all button if enc list greater than max enc limit" time="0.067">
    </testcase>
    <testcase classname="EssListEncsComponent should show select all button if enc list less than or equal to max enc limit" name="EssListEncsComponent should show select all button if enc list less than or equal to max enc limit" time="0.065">
    </testcase>
    <testcase classname="EssListEncsComponent handleChange should set correct error message and call scrollTo is called when maxEncSelectionLimit limit is exceeded" name="EssListEncsComponent handleChange should set correct error message and call scrollTo is called when maxEncSelectionLimit limit is exceeded" time="0.063">
    </testcase>
    <testcase classname="EssListEncsComponent selectDeselectAll should call &quot;service.addAllSelectedEncs&quot; if selectDeselectText=Select all enc length is greater than maxEncSelectionLimit" name="EssListEncsComponent selectDeselectAll should call &quot;service.addAllSelectedEncs&quot; if selectDeselectText=Select all enc length is greater than maxEncSelectionLimit" time="0.07">
    </testcase>
    <testcase classname="EssListEncsComponent selectDeselectAll should call &quot;service.clearSelectedEncs&quot; if selectDeselectText=Deselect all" name="EssListEncsComponent selectDeselectAll should call &quot;service.clearSelectedEncs&quot; if selectDeselectText=Deselect all" time="0.075">
    </testcase>
    <testcase classname="EssListEncsComponent getSelectDeselectText should return correct texts(Select all / Deselect all)" name="EssListEncsComponent getSelectDeselectText should return correct texts(Select all / Deselect all)" time="0.072">
    </testcase>
    <testcase classname="EssListEncsComponent should return exchangeSetResponse on exchangeSetCreationResponse" name="EssListEncsComponent should return exchangeSetResponse on exchangeSetCreationResponse" time="0.096">
    </testcase>
    <testcase classname="EssListEncsComponent exchangeSetCreationResponse should set ExchangeSetDetails" name="EssListEncsComponent exchangeSetCreationResponse should set ExchangeSetDetails" time="0.08">
    </testcase>
    <testcase classname="EssListEncsComponent exchangeSetCreationResponse should set Error message on error" name="EssListEncsComponent exchangeSetCreationResponse should set Error message on error" time="0.076">
    </testcase>
  </testsuite>
</testsuites>